<?xml version="1.0" encoding="UTF-8"?>
  <testsuites tests="86" disabled="15" errors="1" failures="0" time="4181.581642845">
      <testsuite name="Operator Suite EE" package="/home/runner/work/hazelcast-platform-operator/hazelcast-platform-operator/test/e2e" tests="86" disabled="0" skipped="15" errors="1" failures="0" time="4181.581642845" timestamp="2023-02-24T09:44:29">
          <properties>
              <property name="SuiteSucceeded" value="false"></property>
              <property name="SuiteHasProgrammaticFocus" value="false"></property>
              <property name="SpecialSuiteFailureReason" value="Interrupted by Timeout"></property>
              <property name="SuiteLabels" value="[]"></property>
              <property name="RandomSeed" value="1677231795"></property>
              <property name="RandomizeAllSpecs" value="false"></property>
              <property name="LabelFilter" value="(slow || fast) &amp;&amp; hz || mc || hz_persistence || hz_expose_externally || map || map_persistence || cache_persistence || hz_wan || custom_class || multimap || topic || replicatedmap || queue || cache"></property>
              <property name="FocusStrings" value=""></property>
              <property name="SkipStrings" value=""></property>
              <property name="FocusFiles" value=""></property>
              <property name="SkipFiles" value=""></property>
              <property name="FailOnPending" value="false"></property>
              <property name="FailFast" value="false"></property>
              <property name="FlakeAttempts" value="2"></property>
              <property name="EmitSpecProgress" value="true"></property>
              <property name="DryRun" value="false"></property>
              <property name="ParallelTotal" value="4"></property>
              <property name="OutputInterceptorMode" value="none"></property>
          </properties>
          <testcase name="[SynchronizedBeforeSuite]" classname="Operator Suite EE" status="passed" time="3.761131138">
              <system-out>&#xA;Report Entries:&#xA;By Step&#xA;/home/runner/work/hazelcast-platform-operator/hazelcast-platform-operator/test/e2e/e2e_suite_test.go:65&#xA;2023-02-24T09:44:30.423626636Z&#xA;&amp;{Text:bootstrapping test environment Duration:0s}&#xA;--&#xA;By Step&#xA;/home/runner/work/hazelcast-platform-operator/hazelcast-platform-operator/test/e2e/e2e_suite_test.go:65&#xA;2023-02-24T09:44:32.395700963Z&#xA;&amp;{Text:bootstrapping test environment Duration:0s}&#xA;</system-out>
              <system-err>[SynchronizedBeforeSuite] TOP-LEVEL&#xA;  /home/runner/work/hazelcast-platform-operator/hazelcast-platform-operator/test/e2e/e2e_suite_test.go:40&#xA;�[1mSTEP:�[0m bootstrapping test environment �[38;5;243m02/24/23 09:44:30.423�[0m&#xA;[SynchronizedBeforeSuite] TOP-LEVEL&#xA;  /home/runner/work/hazelcast-platform-operator/hazelcast-platform-operator/test/e2e/e2e_suite_test.go:40&#xA;�[1mSTEP:�[0m bootstrapping test environment �[38;5;243m02/24/23 09:44:32.395�[0m&#xA;</system-err>
          </testcase>
          <testcase name="[It] Hazelcast CR with Persistence feature enabled should successfully trigger HotBackup [hz_persistence, slow]" classname="Operator Suite EE" status="passed" time="134.364269048">
              <system-out>&#xA;Report Entries:&#xA;By Step&#xA;/home/runner/work/hazelcast-platform-operator/hazelcast-platform-operator/test/e2e/hazelcast_persistence_test.go:29&#xA;2023-02-24T09:44:34.187497331Z&#xA;&amp;{Text:checking hazelcast-platform-controller-manager running Duration:69.234844ms}&#xA;--&#xA;By Step&#xA;/home/runner/work/hazelcast-platform-operator/hazelcast-platform-operator/test/e2e/custom_resource_test.go:55&#xA;2023-02-24T09:44:34.256758276Z&#xA;&amp;{Text:setting the label and CR with name &#39;hp-1-d2k3z1&#39; Duration:0s}&#xA;--&#xA;CR_ID:hp-1-d2k3z1&#xA;/home/runner/work/hazelcast-platform-operator/hazelcast-platform-operator/test/e2e/custom_resource_test.go:73&#xA;2023-02-24T09:44:34.256887078Z&#xA;--&#xA;By Step&#xA;/home/runner/work/hazelcast-platform-operator/hazelcast-platform-operator/test/e2e/helpers_test.go:106&#xA;2023-02-24T09:44:34.256892178Z&#xA;&amp;{Text:creating Hazelcast CR Duration:204.543866ms}&#xA;--&#xA;By Step&#xA;/home/runner/work/hazelcast-platform-operator/hazelcast-platform-operator/test/e2e/helpers_test.go:111&#xA;2023-02-24T09:44:34.461436944Z&#xA;&amp;{Text:checking Hazelcast CR running Duration:1m54.986858089s}&#xA;--&#xA;By Step&#xA;/home/runner/work/hazelcast-platform-operator/hazelcast-platform-operator/test/e2e/helpers_test.go:394&#xA;2023-02-24T09:46:29.448300334Z&#xA;&amp;{Text:evaluate number of ready members for lookup name &#39;hp-1-d2k3z1&#39; and &#39;test-operator-ee&#39; namespace Duration:10.093111337s}&#xA;--&#xA;By Step&#xA;/home/runner/work/hazelcast-platform-operator/hazelcast-platform-operator/test/e2e/hazelcast_persistence_test.go:64&#xA;2023-02-24T09:46:39.541413271Z&#xA;&amp;{Text:creating HotBackup CR Duration:0s}&#xA;--&#xA;By Step&#xA;/home/runner/work/hazelcast-platform-operator/hazelcast-platform-operator/test/e2e/hazelcast_persistence_test.go:69&#xA;2023-02-24T09:46:39.633461228Z&#xA;&amp;{Text:checking the HotBackup creation sequence Duration:0s}&#xA;--&#xA;By Step&#xA;/home/runner/work/hazelcast-platform-operator/hazelcast-platform-operator/test/e2e/helpers_test.go:77&#xA;2023-02-24T09:46:39.633567832Z&#xA;&amp;{Text:getting Hazelcast logs Duration:152.426922ms}&#xA;--&#xA;By Step&#xA;/home/runner/work/hazelcast-platform-operator/hazelcast-platform-operator/test/e2e/helpers_test.go:720&#xA;2023-02-24T09:46:40.204243125Z&#xA;&amp;{Text:waiting for HotBackup CR status to be Success Duration:1.433132495s}&#xA;</system-out>
              <system-err>[BeforeEach] Hazelcast CR with Persistence feature enabled&#xA;  /home/runner/work/hazelcast-platform-operator/hazelcast-platform-operator/test/e2e/hazelcast_persistence_test.go:22&#xA;�[1mSTEP:�[0m checking hazelcast-platform-controller-manager running �[38;5;243m02/24/23 09:44:34.187�[0m&#xA;[It] should successfully trigger HotBackup&#xA;  /home/runner/work/hazelcast-platform-operator/hazelcast-platform-operator/test/e2e/hazelcast_persistence_test.go:52&#xA;�[1mSTEP:�[0m setting the label and CR with name &#39;hp-1-d2k3z1&#39; �[38;5;243m02/24/23 09:44:34.256�[0m&#xA;�[1mSTEP:�[0m creating Hazelcast CR �[38;5;243m02/24/23 09:44:34.256�[0m&#xA;�[1mSTEP:�[0m checking Hazelcast CR running �[38;5;243m02/24/23 09:44:34.461�[0m&#xA;�[1mSTEP:�[0m evaluate number of ready members for lookup name &#39;hp-1-d2k3z1&#39; and &#39;test-operator-ee&#39; namespace �[38;5;243m02/24/23 09:46:29.448�[0m&#xA;�[1mSTEP:�[0m creating HotBackup CR �[38;5;243m02/24/23 09:46:39.541�[0m&#xA;�[1mSTEP:�[0m checking the HotBackup creation sequence �[38;5;243m02/24/23 09:46:39.633�[0m&#xA;�[1mSTEP:�[0m getting Hazelcast logs �[38;5;243m02/24/23 09:46:39.633�[0m&#xA;�[1mSTEP:�[0m waiting for HotBackup CR status to be Success �[38;5;243m02/24/23 09:46:40.204�[0m&#xA;[AfterEach] Hazelcast CR with Persistence feature enabled&#xA;  /home/runner/work/hazelcast-platform-operator/hazelcast-platform-operator/test/e2e/hazelcast_persistence_test.go:37&#xA;Aftereach start time is 2023-02-24 09:46:41.637445522 +0000 UTC m=+182.991262206&#xA;Aftereach end time is 2023-02-24 09:46:48.551695377 +0000 UTC m=+189.905512061&#xA;</system-err>
          </testcase>
          <testcase name="[It] Hazelcast CR with Persistence feature enabled Should successfully restore from ExternalBackup-PVC using AWS S3 bucket HotBackupResourceName [hz_persistence, slow]" classname="Operator Suite EE" status="passed" time="279.740515976">
              <system-out>&#xA;Report Entries:&#xA;By Step&#xA;/home/runner/work/hazelcast-platform-operator/hazelcast-platform-operator/test/e2e/hazelcast_persistence_test.go:29&#xA;2023-02-24T09:46:48.553301241Z&#xA;&amp;{Text:checking hazelcast-platform-controller-manager running Duration:71.254227ms}&#xA;--&#xA;By Step&#xA;/home/runner/work/hazelcast-platform-operator/hazelcast-platform-operator/test/e2e/custom_resource_test.go:55&#xA;2023-02-24T09:46:48.624633671Z&#xA;&amp;{Text:setting the label and CR with name &#39;hp-6-e0aicf&#39; Duration:0s}&#xA;--&#xA;CR_ID:hp-6-e0aicf&#xA;/home/runner/work/hazelcast-platform-operator/hazelcast-platform-operator/test/e2e/custom_resource_test.go:73&#xA;2023-02-24T09:46:48.624755276Z&#xA;--&#xA;By Step&#xA;/home/runner/work/hazelcast-platform-operator/hazelcast-platform-operator/test/e2e/hazelcast_persistence_test.go:208&#xA;2023-02-24T09:46:48.624756076Z&#xA;&amp;{Text:creating cluster with backup enabled Duration:0s}&#xA;--&#xA;By Step&#xA;/home/runner/work/hazelcast-platform-operator/hazelcast-platform-operator/test/e2e/hazelcast_persistence_test.go:155&#xA;2023-02-24T09:46:48.624830079Z&#xA;&amp;{Text:creating cluster with backup enabled Duration:0s}&#xA;--&#xA;By Step&#xA;/home/runner/work/hazelcast-platform-operator/hazelcast-platform-operator/test/e2e/helpers_test.go:106&#xA;2023-02-24T09:46:48.624875481Z&#xA;&amp;{Text:creating Hazelcast CR Duration:91.279522ms}&#xA;--&#xA;By Step&#xA;/home/runner/work/hazelcast-platform-operator/hazelcast-platform-operator/test/e2e/helpers_test.go:111&#xA;2023-02-24T09:46:48.716156403Z&#xA;&amp;{Text:checking Hazelcast CR running Duration:1m28.238816957s}&#xA;--&#xA;By Step&#xA;/home/runner/work/hazelcast-platform-operator/hazelcast-platform-operator/test/e2e/helpers_test.go:394&#xA;2023-02-24T09:48:16.95497956Z&#xA;&amp;{Text:evaluate number of ready members for lookup name &#39;hp-6-e0aicf&#39; and &#39;test-operator-ee&#39; namespace Duration:10.222850434s}&#xA;--&#xA;By Step&#xA;/home/runner/work/hazelcast-platform-operator/hazelcast-platform-operator/test/e2e/hazelcast_persistence_test.go:159&#xA;2023-02-24T09:48:27.177832194Z&#xA;&amp;{Text:creating the map config and adding entries Duration:0s}&#xA;--&#xA;By Step&#xA;/home/runner/work/hazelcast-platform-operator/hazelcast-platform-operator/test/e2e/helpers_test.go:424&#xA;2023-02-24T09:48:27.283935748Z&#xA;&amp;{Text:waiting for Map CR status Duration:580.749955ms}&#xA;--&#xA;By Step&#xA;/home/runner/work/hazelcast-platform-operator/hazelcast-platform-operator/test/e2e/client_port_forward_test.go:20&#xA;2023-02-24T09:48:27.864694403Z&#xA;&amp;{Text:filling the &#39;hp-6-e0aicf&#39; map with &#39;10&#39; entries using &#39;hp-6-e0aicf&#39; lookup name and &#39;test-operator-ee&#39; namespace Duration:1.825722555s}&#xA;--&#xA;By Step&#xA;/home/runner/work/hazelcast-platform-operator/hazelcast-platform-operator/test/e2e/helpers_test.go:525&#xA;2023-02-24T09:48:28.141997803Z&#xA;&amp;{Text:creating Hazelcast client using address &#39;localhost:8401&#39; Duration:277.564964ms}&#xA;--&#xA;By Step&#xA;/home/runner/work/hazelcast-platform-operator/hazelcast-platform-operator/test/e2e/hazelcast_persistence_test.go:165&#xA;2023-02-24T09:48:29.690419758Z&#xA;&amp;{Text:triggering backup Duration:0s}&#xA;--&#xA;By Step&#xA;/home/runner/work/hazelcast-platform-operator/hazelcast-platform-operator/test/e2e/helpers_test.go:720&#xA;2023-02-24T09:48:29.777207155Z&#xA;&amp;{Text:waiting for HotBackup CR status to be Success Duration:2.640479108s}&#xA;--&#xA;By Step&#xA;/home/runner/work/hazelcast-platform-operator/hazelcast-platform-operator/test/e2e/hazelcast_persistence_test.go:170&#xA;2023-02-24T09:48:32.417687864Z&#xA;&amp;{Text:checking if backup status is correct Duration:0s}&#xA;--&#xA;By Step&#xA;/home/runner/work/hazelcast-platform-operator/hazelcast-platform-operator/test/e2e/helpers_test.go:54&#xA;2023-02-24T09:48:32.417792266Z&#xA;&amp;{Text:finding Backup sequence Duration:201.007251ms}&#xA;--&#xA;By Step&#xA;/home/runner/work/hazelcast-platform-operator/hazelcast-platform-operator/test/e2e/helpers_test.go:77&#xA;2023-02-24T09:48:32.417833368Z&#xA;&amp;{Text:getting Hazelcast logs Duration:145.196309ms}&#xA;--&#xA;By Step&#xA;/home/runner/work/hazelcast-platform-operator/hazelcast-platform-operator/test/e2e/hazelcast_persistence_test.go:173&#xA;2023-02-24T09:48:32.618830117Z&#xA;&amp;{Text:adding new entries after backup Duration:0s}&#xA;--&#xA;By Step&#xA;/home/runner/work/hazelcast-platform-operator/hazelcast-platform-operator/test/e2e/client_port_forward_test.go:20&#xA;2023-02-24T09:48:32.61893792Z&#xA;&amp;{Text:filling the &#39;hp-6-e0aicf&#39; map with &#39;15&#39; entries using &#39;hp-6-e0aicf&#39; lookup name and &#39;test-operator-ee&#39; namespace Duration:1.844813873s}&#xA;--&#xA;By Step&#xA;/home/runner/work/hazelcast-platform-operator/hazelcast-platform-operator/test/e2e/helpers_test.go:525&#xA;2023-02-24T09:48:32.888646293Z&#xA;&amp;{Text:creating Hazelcast client using address &#39;localhost:8401&#39; Duration:283.657906ms}&#xA;--&#xA;By Step&#xA;/home/runner/work/hazelcast-platform-operator/hazelcast-platform-operator/test/e2e/hazelcast_persistence_test.go:176&#xA;2023-02-24T09:48:34.463754893Z&#xA;&amp;{Text:removing Hazelcast CR Duration:0s}&#xA;--&#xA;By Step&#xA;/home/runner/work/hazelcast-platform-operator/hazelcast-platform-operator/test/e2e/helpers_test.go:156&#xA;2023-02-24T09:48:34.463926599Z&#xA;&amp;{Text:removing hazelcast CR Duration:2.912706174s}&#xA;--&#xA;By Step&#xA;/home/runner/work/hazelcast-platform-operator/hazelcast-platform-operator/test/e2e/helpers_test.go:163&#xA;2023-02-24T09:48:37.376634773Z&#xA;&amp;{Text:waiting for Hazelcast CR to be removed Duration:2.47265237s}&#xA;--&#xA;By Step&#xA;/home/runner/work/hazelcast-platform-operator/hazelcast-platform-operator/test/e2e/hazelcast_persistence_test.go:179&#xA;2023-02-24T09:48:39.849289443Z&#xA;&amp;{Text:creating cluster from backup Duration:0s}&#xA;--&#xA;By Step&#xA;/home/runner/work/hazelcast-platform-operator/hazelcast-platform-operator/test/e2e/helpers_test.go:106&#xA;2023-02-24T09:48:39.849426747Z&#xA;&amp;{Text:creating Hazelcast CR Duration:94.351464ms}&#xA;--&#xA;By Step&#xA;/home/runner/work/hazelcast-platform-operator/hazelcast-platform-operator/test/e2e/helpers_test.go:111&#xA;2023-02-24T09:48:39.943779211Z&#xA;&amp;{Text:checking Hazelcast CR running Duration:2m30.730855465s}&#xA;--&#xA;By Step&#xA;/home/runner/work/hazelcast-platform-operator/hazelcast-platform-operator/test/e2e/helpers_test.go:394&#xA;2023-02-24T09:51:10.674639976Z&#xA;&amp;{Text:evaluate number of ready members for lookup name &#39;hp-6-e0aicf&#39; and &#39;test-operator-ee&#39; namespace Duration:10.191085811s}&#xA;--&#xA;By Step&#xA;/home/runner/work/hazelcast-platform-operator/hazelcast-platform-operator/test/e2e/hazelcast_persistence_test.go:184&#xA;2023-02-24T09:51:20.865727787Z&#xA;&amp;{Text:checking the cluster state and map size Duration:0s}&#xA;--&#xA;By Step&#xA;/home/runner/work/hazelcast-platform-operator/hazelcast-platform-operator/test/e2e/helpers_test.go:546&#xA;2023-02-24T09:51:20.865857789Z&#xA;&amp;{Text:waiting for Map CR status Duration:77.730725ms}&#xA;--&#xA;By Step&#xA;/home/runner/work/hazelcast-platform-operator/hazelcast-platform-operator/test/e2e/client_port_forward_test.go:106&#xA;2023-02-24T09:51:20.943590214Z&#xA;&amp;{Text:waiting for Cluster state Duration:634.120134ms}&#xA;--&#xA;By Step&#xA;/home/runner/work/hazelcast-platform-operator/hazelcast-platform-operator/test/e2e/client_port_forward_test.go:115&#xA;2023-02-24T09:51:20.943709416Z&#xA;&amp;{Text:Getting the cluster state with lookup name &#39;hp-6-e0aicf&#39; Duration:633.994532ms}&#xA;--&#xA;By Step&#xA;/home/runner/work/hazelcast-platform-operator/hazelcast-platform-operator/test/e2e/helpers_test.go:525&#xA;2023-02-24T09:51:21.219845631Z&#xA;&amp;{Text:creating Hazelcast client using address &#39;localhost:8401&#39; Duration:288.204251ms}&#xA;--&#xA;By Step&#xA;/home/runner/work/hazelcast-platform-operator/hazelcast-platform-operator/test/e2e/client_port_forward_test.go:47&#xA;2023-02-24T09:51:21.577716848Z&#xA;&amp;{Text:waiting the &#39;hp-6-e0aicf&#39; map to be of size &#39;10&#39; using lookup name &#39;hp-6-e0aicf&#39; Duration:799.070067ms}&#xA;--&#xA;By Step&#xA;/home/runner/work/hazelcast-platform-operator/hazelcast-platform-operator/test/e2e/helpers_test.go:525&#xA;2023-02-24T09:51:21.871851209Z&#xA;&amp;{Text:creating Hazelcast client using address &#39;localhost:8401&#39; Duration:288.255926ms}&#xA;</system-out>
              <system-err>[BeforeEach] Hazelcast CR with Persistence feature enabled&#xA;  /home/runner/work/hazelcast-platform-operator/hazelcast-platform-operator/test/e2e/hazelcast_persistence_test.go:22&#xA;�[1mSTEP:�[0m checking hazelcast-platform-controller-manager running �[38;5;243m02/24/23 09:46:48.553�[0m&#xA;[It] using AWS S3 bucket HotBackupResourceName&#xA;  /home/runner/work/hazelcast-platform-operator/hazelcast-platform-operator/test/e2e/hazelcast_persistence_test.go:215&#xA;�[1mSTEP:�[0m setting the label and CR with name &#39;hp-6-e0aicf&#39; �[38;5;243m02/24/23 09:46:48.624�[0m&#xA;�[1mSTEP:�[0m creating cluster with backup enabled �[38;5;243m02/24/23 09:46:48.624�[0m&#xA;�[1mSTEP:�[0m creating cluster with backup enabled �[38;5;243m02/24/23 09:46:48.624�[0m&#xA;�[1mSTEP:�[0m creating Hazelcast CR �[38;5;243m02/24/23 09:46:48.624�[0m&#xA;�[1mSTEP:�[0m checking Hazelcast CR running �[38;5;243m02/24/23 09:46:48.716�[0m&#xA;�[1mSTEP:�[0m evaluate number of ready members for lookup name &#39;hp-6-e0aicf&#39; and &#39;test-operator-ee&#39; namespace �[38;5;243m02/24/23 09:48:16.954�[0m&#xA;�[1mSTEP:�[0m creating the map config and adding entries �[38;5;243m02/24/23 09:48:27.177�[0m&#xA;�[1mSTEP:�[0m waiting for Map CR status �[38;5;243m02/24/23 09:48:27.283�[0m&#xA;�[1mSTEP:�[0m filling the &#39;hp-6-e0aicf&#39; map with &#39;10&#39; entries using &#39;hp-6-e0aicf&#39; lookup name and &#39;test-operator-ee&#39; namespace �[38;5;243m02/24/23 09:48:27.864�[0m&#xA;�[1mSTEP:�[0m creating Hazelcast client using address &#39;localhost:8401&#39; �[38;5;243m02/24/23 09:48:28.141�[0m&#xA;�[1mSTEP:�[0m triggering backup �[38;5;243m02/24/23 09:48:29.69�[0m&#xA;�[1mSTEP:�[0m waiting for HotBackup CR status to be Success �[38;5;243m02/24/23 09:48:29.777�[0m&#xA;�[1mSTEP:�[0m checking if backup status is correct �[38;5;243m02/24/23 09:48:32.417�[0m&#xA;�[1mSTEP:�[0m finding Backup sequence �[38;5;243m02/24/23 09:48:32.417�[0m&#xA;�[1mSTEP:�[0m getting Hazelcast logs �[38;5;243m02/24/23 09:48:32.417�[0m&#xA;�[1mSTEP:�[0m adding new entries after backup �[38;5;243m02/24/23 09:48:32.618�[0m&#xA;�[1mSTEP:�[0m filling the &#39;hp-6-e0aicf&#39; map with &#39;15&#39; entries using &#39;hp-6-e0aicf&#39; lookup name and &#39;test-operator-ee&#39; namespace �[38;5;243m02/24/23 09:48:32.618�[0m&#xA;�[1mSTEP:�[0m creating Hazelcast client using address &#39;localhost:8401&#39; �[38;5;243m02/24/23 09:48:32.888�[0m&#xA;�[1mSTEP:�[0m removing Hazelcast CR �[38;5;243m02/24/23 09:48:34.463�[0m&#xA;�[1mSTEP:�[0m removing hazelcast CR �[38;5;243m02/24/23 09:48:34.463�[0m&#xA;�[1mSTEP:�[0m waiting for Hazelcast CR to be removed �[38;5;243m02/24/23 09:48:37.376�[0m&#xA;�[1mSTEP:�[0m creating cluster from backup �[38;5;243m02/24/23 09:48:39.849�[0m&#xA;�[1mSTEP:�[0m creating Hazelcast CR �[38;5;243m02/24/23 09:48:39.849�[0m&#xA;�[1mSTEP:�[0m checking Hazelcast CR running �[38;5;243m02/24/23 09:48:39.943�[0m&#xA;�[1mSTEP:�[0m evaluate number of ready members for lookup name &#39;hp-6-e0aicf&#39; and &#39;test-operator-ee&#39; namespace �[38;5;243m02/24/23 09:51:10.674�[0m&#xA;�[1mSTEP:�[0m checking the cluster state and map size �[38;5;243m02/24/23 09:51:20.865�[0m&#xA;�[1mSTEP:�[0m waiting for Map CR status �[38;5;243m02/24/23 09:51:20.865�[0m&#xA;�[1mSTEP:�[0m waiting for Cluster state �[38;5;243m02/24/23 09:51:20.943�[0m&#xA;�[1mSTEP:�[0m Getting the cluster state with lookup name &#39;hp-6-e0aicf&#39; �[38;5;243m02/24/23 09:51:20.943�[0m&#xA;�[1mSTEP:�[0m creating Hazelcast client using address &#39;localhost:8401&#39; �[38;5;243m02/24/23 09:51:21.219�[0m&#xA;�[1mSTEP:�[0m waiting the &#39;hp-6-e0aicf&#39; map to be of size &#39;10&#39; using lookup name &#39;hp-6-e0aicf&#39; �[38;5;243m02/24/23 09:51:21.577�[0m&#xA;�[1mSTEP:�[0m creating Hazelcast client using address &#39;localhost:8401&#39; �[38;5;243m02/24/23 09:51:21.871�[0m&#xA;[AfterEach] Hazelcast CR with Persistence feature enabled&#xA;  /home/runner/work/hazelcast-platform-operator/hazelcast-platform-operator/test/e2e/hazelcast_persistence_test.go:37&#xA;Aftereach start time is 2023-02-24 09:51:22.376825216 +0000 UTC m=+463.730641900&#xA;Aftereach end time is 2023-02-24 09:51:28.293756516 +0000 UTC m=+469.647573300&#xA;</system-err>
          </testcase>
          <testcase name="[It] Hazelcast CR with Persistence feature enabled should start HotBackup after cluster is ready [hz_persistence, slow]" classname="Operator Suite EE" status="passed" time="94.036059033">
              <system-out>&#xA;Report Entries:&#xA;By Step&#xA;/home/runner/work/hazelcast-platform-operator/hazelcast-platform-operator/test/e2e/hazelcast_persistence_test.go:29&#xA;2023-02-24T09:51:28.298148902Z&#xA;&amp;{Text:checking hazelcast-platform-controller-manager running Duration:69.093064ms}&#xA;--&#xA;By Step&#xA;/home/runner/work/hazelcast-platform-operator/hazelcast-platform-operator/test/e2e/custom_resource_test.go:55&#xA;2023-02-24T09:51:28.367286167Z&#xA;&amp;{Text:setting the label and CR with name &#39;hp-8-76loeb&#39; Duration:0s}&#xA;--&#xA;CR_ID:hp-8-76loeb&#xA;/home/runner/work/hazelcast-platform-operator/hazelcast-platform-operator/test/e2e/custom_resource_test.go:73&#xA;2023-02-24T09:51:28.367379068Z&#xA;--&#xA;By Step&#xA;/home/runner/work/hazelcast-platform-operator/hazelcast-platform-operator/test/e2e/hazelcast_persistence_test.go:231&#xA;2023-02-24T09:51:28.367388869Z&#xA;&amp;{Text:creating HotBackup CR Duration:0s}&#xA;--&#xA;By Step&#xA;/home/runner/work/hazelcast-platform-operator/hazelcast-platform-operator/test/e2e/helpers_test.go:720&#xA;2023-02-24T09:51:28.443123463Z&#xA;&amp;{Text:waiting for HotBackup CR status to be Pending Duration:69.90798ms}&#xA;--&#xA;By Step&#xA;/home/runner/work/hazelcast-platform-operator/hazelcast-platform-operator/test/e2e/hazelcast_persistence_test.go:237&#xA;2023-02-24T09:51:28.513033143Z&#xA;&amp;{Text:creating cluster with backup enabled Duration:0s}&#xA;--&#xA;By Step&#xA;/home/runner/work/hazelcast-platform-operator/hazelcast-platform-operator/test/e2e/helpers_test.go:106&#xA;2023-02-24T09:51:28.513165945Z&#xA;&amp;{Text:creating Hazelcast CR Duration:78.817856ms}&#xA;--&#xA;By Step&#xA;/home/runner/work/hazelcast-platform-operator/hazelcast-platform-operator/test/e2e/helpers_test.go:111&#xA;2023-02-24T09:51:28.591984901Z&#xA;&amp;{Text:checking Hazelcast CR running Duration:1m28.538452071s}&#xA;--&#xA;By Step&#xA;/home/runner/work/hazelcast-platform-operator/hazelcast-platform-operator/test/e2e/helpers_test.go:394&#xA;2023-02-24T09:52:57.130443372Z&#xA;&amp;{Text:evaluate number of ready members for lookup name &#39;hp-8-76loeb&#39; and &#39;test-operator-ee&#39; namespace Duration:2.017364785s}&#xA;--&#xA;By Step&#xA;/home/runner/work/hazelcast-platform-operator/hazelcast-platform-operator/test/e2e/helpers_test.go:720&#xA;2023-02-24T09:52:59.147816857Z&#xA;&amp;{Text:waiting for HotBackup CR status to be Success Duration:237.807867ms}&#xA;</system-out>
              <system-err>[BeforeEach] Hazelcast CR with Persistence feature enabled&#xA;  /home/runner/work/hazelcast-platform-operator/hazelcast-platform-operator/test/e2e/hazelcast_persistence_test.go:22&#xA;�[1mSTEP:�[0m checking hazelcast-platform-controller-manager running �[38;5;243m02/24/23 09:51:28.298�[0m&#xA;[It] should start HotBackup after cluster is ready&#xA;  /home/runner/work/hazelcast-platform-operator/hazelcast-platform-operator/test/e2e/hazelcast_persistence_test.go:221&#xA;�[1mSTEP:�[0m setting the label and CR with name &#39;hp-8-76loeb&#39; �[38;5;243m02/24/23 09:51:28.367�[0m&#xA;�[1mSTEP:�[0m creating HotBackup CR �[38;5;243m02/24/23 09:51:28.367�[0m&#xA;�[1mSTEP:�[0m waiting for HotBackup CR status to be Pending �[38;5;243m02/24/23 09:51:28.443�[0m&#xA;�[1mSTEP:�[0m creating cluster with backup enabled �[38;5;243m02/24/23 09:51:28.513�[0m&#xA;�[1mSTEP:�[0m creating Hazelcast CR �[38;5;243m02/24/23 09:51:28.513�[0m&#xA;�[1mSTEP:�[0m checking Hazelcast CR running �[38;5;243m02/24/23 09:51:28.591�[0m&#xA;�[1mSTEP:�[0m evaluate number of ready members for lookup name &#39;hp-8-76loeb&#39; and &#39;test-operator-ee&#39; namespace �[38;5;243m02/24/23 09:52:57.13�[0m&#xA;�[1mSTEP:�[0m waiting for HotBackup CR status to be Success �[38;5;243m02/24/23 09:52:59.147�[0m&#xA;[AfterEach] Hazelcast CR with Persistence feature enabled&#xA;  /home/runner/work/hazelcast-platform-operator/hazelcast-platform-operator/test/e2e/hazelcast_persistence_test.go:37&#xA;Aftereach start time is 2023-02-24 09:52:59.385669224 +0000 UTC m=+560.739485908&#xA;Aftereach end time is 2023-02-24 09:53:02.334132934 +0000 UTC m=+563.687949718&#xA;</system-err>
          </testcase>
          <testcase name="[It] Hazelcast High Availability should have no data lose after node outage [high_availability, slow]" classname="Operator Suite EE" status="skipped" time="0">
              <skipped message="skipped"></skipped>
          </testcase>
          <testcase name="[It] Hazelcast High Availability should have no data lose after zone outage [high_availability, slow]" classname="Operator Suite EE" status="skipped" time="0">
              <skipped message="skipped"></skipped>
          </testcase>
          <testcase name="[It] Hazelcast User Code Deployment should use the MapStore implementation correctly [custom_class, fast]" classname="Operator Suite EE" status="passed" time="25.343312753">
              <system-out>&#xA;Report Entries:&#xA;By Step&#xA;/home/runner/work/hazelcast-platform-operator/hazelcast-platform-operator/test/e2e/hazelcast_user_code_test.go:32&#xA;2023-02-24T09:53:02.336802582Z&#xA;&amp;{Text:checking hazelcast-platform-controller-manager running Duration:69.404252ms}&#xA;--&#xA;By Step&#xA;/home/runner/work/hazelcast-platform-operator/hazelcast-platform-operator/test/e2e/custom_resource_test.go:55&#xA;2023-02-24T09:53:02.406249034Z&#xA;&amp;{Text:setting the label and CR with name &#39;hmcc-1-y75cm6&#39; Duration:0s}&#xA;--&#xA;CR_ID:hmcc-1-y75cm6&#xA;/home/runner/work/hazelcast-platform-operator/hazelcast-platform-operator/test/e2e/custom_resource_test.go:73&#xA;2023-02-24T09:53:02.406385937Z&#xA;--&#xA;By Step&#xA;/home/runner/work/hazelcast-platform-operator/hazelcast-platform-operator/test/e2e/hazelcast_user_code_test.go:58&#xA;2023-02-24T09:53:02.406386937Z&#xA;&amp;{Text:creating the Hazelcast CR Duration:0s}&#xA;--&#xA;By Step&#xA;/home/runner/work/hazelcast-platform-operator/hazelcast-platform-operator/test/e2e/helpers_test.go:106&#xA;2023-02-24T09:53:02.406442438Z&#xA;&amp;{Text:creating Hazelcast CR Duration:93.854193ms}&#xA;--&#xA;By Step&#xA;/home/runner/work/hazelcast-platform-operator/hazelcast-platform-operator/test/e2e/helpers_test.go:111&#xA;2023-02-24T09:53:02.500297931Z&#xA;&amp;{Text:checking Hazelcast CR running Duration:20.909627434s}&#xA;--&#xA;By Step&#xA;/home/runner/work/hazelcast-platform-operator/hazelcast-platform-operator/test/e2e/hazelcast_user_code_test.go:62&#xA;2023-02-24T09:53:23.409927465Z&#xA;&amp;{Text:port-forwarding to Hazelcast master pod Duration:0s}&#xA;--&#xA;By Step&#xA;/home/runner/work/hazelcast-platform-operator/hazelcast-platform-operator/test/e2e/hazelcast_user_code_test.go:66&#xA;2023-02-24T09:53:23.686088253Z&#xA;&amp;{Text:creating mapStore properties secret Duration:0s}&#xA;--&#xA;By Step&#xA;/home/runner/work/hazelcast-platform-operator/hazelcast-platform-operator/test/e2e/hazelcast_user_code_test.go:71&#xA;2023-02-24T09:53:23.762731876Z&#xA;&amp;{Text:creating map with MapStore Duration:0s}&#xA;--&#xA;By Step&#xA;/home/runner/work/hazelcast-platform-operator/hazelcast-platform-operator/test/e2e/helpers_test.go:424&#xA;2023-02-24T09:53:23.847487861Z&#xA;&amp;{Text:waiting for Map CR status Duration:245.372976ms}&#xA;--&#xA;By Step&#xA;/home/runner/work/hazelcast-platform-operator/hazelcast-platform-operator/test/e2e/hazelcast_user_code_test.go:86&#xA;2023-02-24T09:53:24.092862437Z&#xA;&amp;{Text:filling the map with entries Duration:0s}&#xA;--&#xA;By Step&#xA;/home/runner/work/hazelcast-platform-operator/hazelcast-platform-operator/test/e2e/helpers_test.go:525&#xA;2023-02-24T09:53:24.092953039Z&#xA;&amp;{Text:creating Hazelcast client using address &#39;localhost:8801&#39; Duration:278.178531ms}&#xA;--&#xA;By Step&#xA;/home/runner/work/hazelcast-platform-operator/hazelcast-platform-operator/test/e2e/hazelcast_user_code_test.go:103&#xA;2023-02-24T09:53:25.220991465Z&#xA;&amp;{Text:checking the logs Duration:0s}&#xA;--&#xA;By Step&#xA;/home/runner/work/hazelcast-platform-operator/hazelcast-platform-operator/test/e2e/helpers_test.go:77&#xA;2023-02-24T09:53:25.221091366Z&#xA;&amp;{Text:getting Hazelcast logs Duration:149.843444ms}&#xA;</system-out>
              <system-err>[BeforeEach] Hazelcast User Code Deployment&#xA;  /home/runner/work/hazelcast-platform-operator/hazelcast-platform-operator/test/e2e/hazelcast_user_code_test.go:25&#xA;�[1mSTEP:�[0m checking hazelcast-platform-controller-manager running �[38;5;243m02/24/23 09:53:02.336�[0m&#xA;[It] should use the MapStore implementation correctly&#xA;  /home/runner/work/hazelcast-platform-operator/hazelcast-platform-operator/test/e2e/hazelcast_user_code_test.go:53&#xA;�[1mSTEP:�[0m setting the label and CR with name &#39;hmcc-1-y75cm6&#39; �[38;5;243m02/24/23 09:53:02.406�[0m&#xA;�[1mSTEP:�[0m creating the Hazelcast CR �[38;5;243m02/24/23 09:53:02.406�[0m&#xA;�[1mSTEP:�[0m creating Hazelcast CR �[38;5;243m02/24/23 09:53:02.406�[0m&#xA;�[1mSTEP:�[0m checking Hazelcast CR running �[38;5;243m02/24/23 09:53:02.5�[0m&#xA;�[1mSTEP:�[0m port-forwarding to Hazelcast master pod �[38;5;243m02/24/23 09:53:23.409�[0m&#xA;�[1mSTEP:�[0m creating mapStore properties secret �[38;5;243m02/24/23 09:53:23.686�[0m&#xA;�[1mSTEP:�[0m creating map with MapStore �[38;5;243m02/24/23 09:53:23.762�[0m&#xA;�[1mSTEP:�[0m waiting for Map CR status �[38;5;243m02/24/23 09:53:23.847�[0m&#xA;�[1mSTEP:�[0m filling the map with entries �[38;5;243m02/24/23 09:53:24.092�[0m&#xA;�[1mSTEP:�[0m creating Hazelcast client using address &#39;localhost:8801&#39; �[38;5;243m02/24/23 09:53:24.092�[0m&#xA;�[1mSTEP:�[0m checking the logs �[38;5;243m02/24/23 09:53:25.22�[0m&#xA;�[1mSTEP:�[0m getting Hazelcast logs �[38;5;243m02/24/23 09:53:25.221�[0m&#xA;[AfterEach] Hazelcast User Code Deployment&#xA;  /home/runner/work/hazelcast-platform-operator/hazelcast-platform-operator/test/e2e/hazelcast_user_code_test.go:40&#xA;Aftereach start time is 2023-02-24 09:53:25.423650135 +0000 UTC m=+586.777466919&#xA;Aftereach end time is 2023-02-24 09:53:27.680044434 +0000 UTC m=+589.033861218&#xA;</system-err>
          </testcase>
          <testcase name="[It] Hazelcast User Code Deployment should add executor services both initially and dynamically [custom_class, fast]" classname="Operator Suite EE" status="passed" time="25.386803311">
              <system-out>&#xA;Report Entries:&#xA;By Step&#xA;/home/runner/work/hazelcast-platform-operator/hazelcast-platform-operator/test/e2e/hazelcast_user_code_test.go:32&#xA;2023-02-24T09:53:27.681449256Z&#xA;&amp;{Text:checking hazelcast-platform-controller-manager running Duration:69.849192ms}&#xA;--&#xA;By Step&#xA;/home/runner/work/hazelcast-platform-operator/hazelcast-platform-operator/test/e2e/custom_resource_test.go:55&#xA;2023-02-24T09:53:27.75136585Z&#xA;&amp;{Text:setting the label and CR with name &#39;hcc-1-zwi5jr&#39; Duration:0s}&#xA;--&#xA;CR_ID:hcc-1-zwi5jr&#xA;/home/runner/work/hazelcast-platform-operator/hazelcast-platform-operator/test/e2e/custom_resource_test.go:73&#xA;2023-02-24T09:53:27.751495552Z&#xA;--&#xA;By Step&#xA;/home/runner/work/hazelcast-platform-operator/hazelcast-platform-operator/test/e2e/hazelcast_user_code_test.go:147&#xA;2023-02-24T09:53:27.751499152Z&#xA;&amp;{Text:creating the Hazelcast CR Duration:0s}&#xA;--&#xA;By Step&#xA;/home/runner/work/hazelcast-platform-operator/hazelcast-platform-operator/test/e2e/helpers_test.go:106&#xA;2023-02-24T09:53:27.751566453Z&#xA;&amp;{Text:creating Hazelcast CR Duration:78.372626ms}&#xA;--&#xA;By Step&#xA;/home/runner/work/hazelcast-platform-operator/hazelcast-platform-operator/test/e2e/helpers_test.go:111&#xA;2023-02-24T09:53:27.829940179Z&#xA;&amp;{Text:checking Hazelcast CR running Duration:20.822769844s}&#xA;--&#xA;By Step&#xA;/home/runner/work/hazelcast-platform-operator/hazelcast-platform-operator/test/e2e/hazelcast_user_code_test.go:151&#xA;2023-02-24T09:53:48.652711923Z&#xA;&amp;{Text:port-forwarding to Hazelcast master pod Duration:0s}&#xA;--&#xA;By Step&#xA;/home/runner/work/hazelcast-platform-operator/hazelcast-platform-operator/test/e2e/hazelcast_user_code_test.go:155&#xA;2023-02-24T09:53:48.930339161Z&#xA;&amp;{Text:checking if the initially added executor service configs are created correctly Duration:0s}&#xA;--&#xA;By Step&#xA;/home/runner/work/hazelcast-platform-operator/hazelcast-platform-operator/test/e2e/helpers_test.go:525&#xA;2023-02-24T09:53:48.930450963Z&#xA;&amp;{Text:creating Hazelcast client using address &#39;localhost:8801&#39; Duration:275.264897ms}&#xA;--&#xA;By Step&#xA;/home/runner/work/hazelcast-platform-operator/hazelcast-platform-operator/test/e2e/hazelcast_user_code_test.go:165&#xA;2023-02-24T09:53:49.591333419Z&#xA;&amp;{Text:adding new executor services dynamically Duration:0s}&#xA;--&#xA;By Step&#xA;/home/runner/work/hazelcast-platform-operator/hazelcast-platform-operator/test/e2e/helpers_test.go:125&#xA;2023-02-24T09:53:49.591434021Z&#xA;&amp;{Text:updating the CR Duration:150.597779ms}&#xA;--&#xA;By Step&#xA;/home/runner/work/hazelcast-platform-operator/hazelcast-platform-operator/test/e2e/hazelcast_user_code_test.go:177&#xA;2023-02-24T09:53:49.7420335Z&#xA;&amp;{Text:checking if all the executor service configs are created correctly Duration:84.143497ms}&#xA;</system-out>
              <system-err>[BeforeEach] Hazelcast User Code Deployment&#xA;  /home/runner/work/hazelcast-platform-operator/hazelcast-platform-operator/test/e2e/hazelcast_user_code_test.go:25&#xA;�[1mSTEP:�[0m checking hazelcast-platform-controller-manager running �[38;5;243m02/24/23 09:53:27.681�[0m&#xA;[It] should add executor services both initially and dynamically&#xA;  /home/runner/work/hazelcast-platform-operator/hazelcast-platform-operator/test/e2e/hazelcast_user_code_test.go:118&#xA;�[1mSTEP:�[0m setting the label and CR with name &#39;hcc-1-zwi5jr&#39; �[38;5;243m02/24/23 09:53:27.751�[0m&#xA;�[1mSTEP:�[0m creating the Hazelcast CR �[38;5;243m02/24/23 09:53:27.751�[0m&#xA;�[1mSTEP:�[0m creating Hazelcast CR �[38;5;243m02/24/23 09:53:27.751�[0m&#xA;�[1mSTEP:�[0m checking Hazelcast CR running �[38;5;243m02/24/23 09:53:27.829�[0m&#xA;�[1mSTEP:�[0m port-forwarding to Hazelcast master pod �[38;5;243m02/24/23 09:53:48.652�[0m&#xA;�[1mSTEP:�[0m checking if the initially added executor service configs are created correctly �[38;5;243m02/24/23 09:53:48.93�[0m&#xA;�[1mSTEP:�[0m creating Hazelcast client using address &#39;localhost:8801&#39; �[38;5;243m02/24/23 09:53:48.93�[0m&#xA;�[1mSTEP:�[0m adding new executor services dynamically �[38;5;243m02/24/23 09:53:49.591�[0m&#xA;�[1mSTEP:�[0m updating the CR �[38;5;243m02/24/23 09:53:49.591�[0m&#xA;�[1mSTEP:�[0m checking if all the executor service configs are created correctly �[38;5;243m02/24/23 09:53:49.742�[0m&#xA;[AfterEach] Hazelcast User Code Deployment&#xA;  /home/runner/work/hazelcast-platform-operator/hazelcast-platform-operator/test/e2e/hazelcast_user_code_test.go:40&#xA;Aftereach start time is 2023-02-24 09:53:49.826331699 +0000 UTC m=+611.180148483&#xA;Aftereach end time is 2023-02-24 09:53:53.068177865 +0000 UTC m=+614.421994649&#xA;</system-err>
          </testcase>
          <testcase name="[It] Hazelcast Topic Config should create Topic Config [topic, fast]" classname="Operator Suite EE" status="passed" time="33.143216703">
              <system-out>&#xA;Report Entries:&#xA;By Step&#xA;/home/runner/work/hazelcast-platform-operator/hazelcast-platform-operator/test/e2e/hazelcast_topic_test.go:27&#xA;2023-02-24T09:53:53.069516389Z&#xA;&amp;{Text:checking hazelcast-platform-controller-manager running Duration:70.014746ms}&#xA;--&#xA;By Step&#xA;/home/runner/work/hazelcast-platform-operator/hazelcast-platform-operator/test/e2e/custom_resource_test.go:55&#xA;2023-02-24T09:53:53.139578235Z&#xA;&amp;{Text:setting the label and CR with name &#39;ht-1-2vfadh&#39; Duration:0s}&#xA;--&#xA;CR_ID:ht-1-2vfadh&#xA;/home/runner/work/hazelcast-platform-operator/hazelcast-platform-operator/test/e2e/custom_resource_test.go:73&#xA;2023-02-24T09:53:53.139710938Z&#xA;--&#xA;By Step&#xA;/home/runner/work/hazelcast-platform-operator/hazelcast-platform-operator/test/e2e/helpers_test.go:106&#xA;2023-02-24T09:53:53.139715338Z&#xA;&amp;{Text:creating Hazelcast CR Duration:75.663046ms}&#xA;--&#xA;By Step&#xA;/home/runner/work/hazelcast-platform-operator/hazelcast-platform-operator/test/e2e/helpers_test.go:111&#xA;2023-02-24T09:53:53.215379184Z&#xA;&amp;{Text:checking Hazelcast CR running Duration:22.002978013s}&#xA;--&#xA;By Step&#xA;/home/runner/work/hazelcast-platform-operator/hazelcast-platform-operator/test/e2e/helpers_test.go:738&#xA;2023-02-24T09:54:15.306221026Z&#xA;&amp;{Text:waiting for  CR status Duration:8.466888721s}&#xA;</system-out>
              <system-err>[BeforeEach] Hazelcast Topic Config&#xA;  /home/runner/work/hazelcast-platform-operator/hazelcast-platform-operator/test/e2e/hazelcast_topic_test.go:20&#xA;�[1mSTEP:�[0m checking hazelcast-platform-controller-manager running �[38;5;243m02/24/23 09:53:53.069�[0m&#xA;[It] should create Topic Config&#xA;  /home/runner/work/hazelcast-platform-operator/hazelcast-platform-operator/test/e2e/hazelcast_topic_test.go:47&#xA;�[1mSTEP:�[0m setting the label and CR with name &#39;ht-1-2vfadh&#39; �[38;5;243m02/24/23 09:53:53.139�[0m&#xA;�[1mSTEP:�[0m creating Hazelcast CR �[38;5;243m02/24/23 09:53:53.139�[0m&#xA;�[1mSTEP:�[0m checking Hazelcast CR running �[38;5;243m02/24/23 09:53:53.215�[0m&#xA;�[1mSTEP:�[0m waiting for  CR status �[38;5;243m02/24/23 09:54:15.306�[0m&#xA;[AfterEach] Hazelcast Topic Config&#xA;  /home/runner/work/hazelcast-platform-operator/hazelcast-platform-operator/test/e2e/hazelcast_topic_test.go:35&#xA;Aftereach start time is 2023-02-24 09:54:23.773165652 +0000 UTC m=+645.126982436&#xA;Aftereach end time is 2023-02-24 09:54:26.212645091 +0000 UTC m=+647.566461775&#xA;</system-err>
          </testcase>
          <testcase name="[It] Hazelcast Topic Config should fail to update Topic Config [topic, fast]" classname="Operator Suite EE" status="passed" time="33.924058069">
              <system-out>&#xA;Report Entries:&#xA;By Step&#xA;/home/runner/work/hazelcast-platform-operator/hazelcast-platform-operator/test/e2e/hazelcast_topic_test.go:27&#xA;2023-02-24T09:54:26.213568608Z&#xA;&amp;{Text:checking hazelcast-platform-controller-manager running Duration:69.370196ms}&#xA;--&#xA;By Step&#xA;/home/runner/work/hazelcast-platform-operator/hazelcast-platform-operator/test/e2e/custom_resource_test.go:55&#xA;2023-02-24T09:54:26.282980205Z&#xA;&amp;{Text:setting the label and CR with name &#39;ht-3-k3clsg&#39; Duration:0s}&#xA;--&#xA;CR_ID:ht-3-k3clsg&#xA;/home/runner/work/hazelcast-platform-operator/hazelcast-platform-operator/test/e2e/custom_resource_test.go:73&#xA;2023-02-24T09:54:26.283651517Z&#xA;--&#xA;By Step&#xA;/home/runner/work/hazelcast-platform-operator/hazelcast-platform-operator/test/e2e/helpers_test.go:106&#xA;2023-02-24T09:54:26.283658918Z&#xA;&amp;{Text:creating Hazelcast CR Duration:83.842966ms}&#xA;--&#xA;By Step&#xA;/home/runner/work/hazelcast-platform-operator/hazelcast-platform-operator/test/e2e/helpers_test.go:111&#xA;2023-02-24T09:54:26.367503084Z&#xA;&amp;{Text:checking Hazelcast CR running Duration:20.948790087s}&#xA;--&#xA;By Step&#xA;/home/runner/work/hazelcast-platform-operator/hazelcast-platform-operator/test/e2e/hazelcast_topic_test.go:81&#xA;2023-02-24T09:54:47.316295271Z&#xA;&amp;{Text:creating the topic config Duration:0s}&#xA;--&#xA;By Step&#xA;/home/runner/work/hazelcast-platform-operator/hazelcast-platform-operator/test/e2e/helpers_test.go:738&#xA;2023-02-24T09:54:47.393608185Z&#xA;&amp;{Text:waiting for  CR status Duration:9.478656384s}&#xA;--&#xA;By Step&#xA;/home/runner/work/hazelcast-platform-operator/hazelcast-platform-operator/test/e2e/hazelcast_topic_test.go:91&#xA;2023-02-24T09:54:56.872266669Z&#xA;&amp;{Text:failing to update topic config Duration:0s}&#xA;--&#xA;By Step&#xA;/home/runner/work/hazelcast-platform-operator/hazelcast-platform-operator/test/e2e/helpers_test.go:738&#xA;2023-02-24T09:54:56.952530053Z&#xA;&amp;{Text:waiting for  CR status Duration:77.670278ms}&#xA;</system-out>
              <system-err>[BeforeEach] Hazelcast Topic Config&#xA;  /home/runner/work/hazelcast-platform-operator/hazelcast-platform-operator/test/e2e/hazelcast_topic_test.go:20&#xA;�[1mSTEP:�[0m checking hazelcast-platform-controller-manager running �[38;5;243m02/24/23 09:54:26.213�[0m&#xA;[It] should fail to update Topic Config&#xA;  /home/runner/work/hazelcast-platform-operator/hazelcast-platform-operator/test/e2e/hazelcast_topic_test.go:76&#xA;�[1mSTEP:�[0m setting the label and CR with name &#39;ht-3-k3clsg&#39; �[38;5;243m02/24/23 09:54:26.282�[0m&#xA;�[1mSTEP:�[0m creating Hazelcast CR �[38;5;243m02/24/23 09:54:26.283�[0m&#xA;�[1mSTEP:�[0m checking Hazelcast CR running �[38;5;243m02/24/23 09:54:26.367�[0m&#xA;�[1mSTEP:�[0m creating the topic config �[38;5;243m02/24/23 09:54:47.316�[0m&#xA;�[1mSTEP:�[0m waiting for  CR status �[38;5;243m02/24/23 09:54:47.393�[0m&#xA;�[1mSTEP:�[0m failing to update topic config �[38;5;243m02/24/23 09:54:56.872�[0m&#xA;�[1mSTEP:�[0m waiting for  CR status �[38;5;243m02/24/23 09:54:56.952�[0m&#xA;[AfterEach] Hazelcast Topic Config&#xA;  /home/runner/work/hazelcast-platform-operator/hazelcast-platform-operator/test/e2e/hazelcast_topic_test.go:35&#xA;Aftereach start time is 2023-02-24 09:54:57.030239333 +0000 UTC m=+678.384056017&#xA;Aftereach end time is 2023-02-24 09:55:00.137562275 +0000 UTC m=+681.491378959&#xA;</system-err>
          </testcase>
          <testcase name="[It] Hazelcast Map Config should update the map correctly [map, fast]" classname="Operator Suite EE" status="passed" time="36.585822292">
              <system-out>&#xA;Report Entries:&#xA;By Step&#xA;/home/runner/work/hazelcast-platform-operator/hazelcast-platform-operator/test/e2e/hazelcast_map_test.go:39&#xA;2023-02-24T09:55:00.138492313Z&#xA;&amp;{Text:checking hazelcast-platform-controller-manager running Duration:69.16493ms}&#xA;--&#xA;By Step&#xA;/home/runner/work/hazelcast-platform-operator/hazelcast-platform-operator/test/e2e/custom_resource_test.go:55&#xA;2023-02-24T09:55:00.207689744Z&#xA;&amp;{Text:setting the label and CR with name &#39;hm-4-9jmnxz&#39; Duration:0s}&#xA;--&#xA;CR_ID:hm-4-9jmnxz&#xA;/home/runner/work/hazelcast-platform-operator/hazelcast-platform-operator/test/e2e/custom_resource_test.go:73&#xA;2023-02-24T09:55:00.207792449Z&#xA;--&#xA;By Step&#xA;/home/runner/work/hazelcast-platform-operator/hazelcast-platform-operator/test/e2e/helpers_test.go:106&#xA;2023-02-24T09:55:00.207795349Z&#xA;&amp;{Text:creating Hazelcast CR Duration:80.302385ms}&#xA;--&#xA;By Step&#xA;/home/runner/work/hazelcast-platform-operator/hazelcast-platform-operator/test/e2e/helpers_test.go:111&#xA;2023-02-24T09:55:00.288098635Z&#xA;&amp;{Text:checking Hazelcast CR running Duration:31.00864236s}&#xA;--&#xA;By Step&#xA;/home/runner/work/hazelcast-platform-operator/hazelcast-platform-operator/test/e2e/hazelcast_map_test.go:153&#xA;2023-02-24T09:55:31.296743095Z&#xA;&amp;{Text:port-forwarding to Hazelcast master pod Duration:0s}&#xA;--&#xA;By Step&#xA;/home/runner/work/hazelcast-platform-operator/hazelcast-platform-operator/test/e2e/hazelcast_map_test.go:157&#xA;2023-02-24T09:55:31.56981177Z&#xA;&amp;{Text:creating the map config Duration:0s}&#xA;--&#xA;By Step&#xA;/home/runner/work/hazelcast-platform-operator/hazelcast-platform-operator/test/e2e/helpers_test.go:424&#xA;2023-02-24T09:55:31.652746294Z&#xA;&amp;{Text:waiting for Map CR status Duration:579.727436ms}&#xA;--&#xA;By Step&#xA;/home/runner/work/hazelcast-platform-operator/hazelcast-platform-operator/test/e2e/hazelcast_map_test.go:162&#xA;2023-02-24T09:55:32.23247503Z&#xA;&amp;{Text:updating the map config Duration:0s}&#xA;--&#xA;By Step&#xA;/home/runner/work/hazelcast-platform-operator/hazelcast-platform-operator/test/e2e/helpers_test.go:424&#xA;2023-02-24T09:55:32.313953095Z&#xA;&amp;{Text:waiting for Map CR status Duration:70.531312ms}&#xA;--&#xA;By Step&#xA;/home/runner/work/hazelcast-platform-operator/hazelcast-platform-operator/test/e2e/hazelcast_map_test.go:173&#xA;2023-02-24T09:55:32.384485907Z&#xA;&amp;{Text:checking if the map config is updated correctly Duration:0s}&#xA;--&#xA;By Step&#xA;/home/runner/work/hazelcast-platform-operator/hazelcast-platform-operator/test/e2e/helpers_test.go:525&#xA;2023-02-24T09:55:32.384580511Z&#xA;&amp;{Text:creating Hazelcast client using address &#39;localhost:8201&#39; Duration:292.356523ms}&#xA;</system-out>
              <system-err>[BeforeEach] Hazelcast Map Config&#xA;  /home/runner/work/hazelcast-platform-operator/hazelcast-platform-operator/test/e2e/hazelcast_map_test.go:32&#xA;�[1mSTEP:�[0m checking hazelcast-platform-controller-manager running �[38;5;243m02/24/23 09:55:00.138�[0m&#xA;[It] should update the map correctly&#xA;  /home/runner/work/hazelcast-platform-operator/hazelcast-platform-operator/test/e2e/hazelcast_map_test.go:148&#xA;�[1mSTEP:�[0m setting the label and CR with name &#39;hm-4-9jmnxz&#39; �[38;5;243m02/24/23 09:55:00.207�[0m&#xA;�[1mSTEP:�[0m creating Hazelcast CR �[38;5;243m02/24/23 09:55:00.207�[0m&#xA;�[1mSTEP:�[0m checking Hazelcast CR running �[38;5;243m02/24/23 09:55:00.288�[0m&#xA;�[1mSTEP:�[0m port-forwarding to Hazelcast master pod �[38;5;243m02/24/23 09:55:31.296�[0m&#xA;�[1mSTEP:�[0m creating the map config �[38;5;243m02/24/23 09:55:31.569�[0m&#xA;�[1mSTEP:�[0m waiting for Map CR status �[38;5;243m02/24/23 09:55:31.652�[0m&#xA;�[1mSTEP:�[0m updating the map config �[38;5;243m02/24/23 09:55:32.232�[0m&#xA;�[1mSTEP:�[0m waiting for Map CR status �[38;5;243m02/24/23 09:55:32.313�[0m&#xA;�[1mSTEP:�[0m checking if the map config is updated correctly �[38;5;243m02/24/23 09:55:32.384�[0m&#xA;�[1mSTEP:�[0m creating Hazelcast client using address &#39;localhost:8201&#39; �[38;5;243m02/24/23 09:55:32.384�[0m&#xA;[AfterEach] Hazelcast Map Config&#xA;  /home/runner/work/hazelcast-platform-operator/hazelcast-platform-operator/test/e2e/hazelcast_map_test.go:47&#xA;Aftereach start time is 2023-02-24 09:55:32.747733403 +0000 UTC m=+714.101550087&#xA;Aftereach end time is 2023-02-24 09:55:36.724255001 +0000 UTC m=+718.078071685&#xA;</system-err>
          </testcase>
          <testcase name="[It] Hazelcast WAN should delete the map from status and Wan status should be failed [hz_wan, slow]" classname="Operator Suite EE" status="passed" time="34.449952668">
              <system-out>&#xA;Report Entries:&#xA;By Step&#xA;/home/runner/work/hazelcast-platform-operator/hazelcast-platform-operator/test/e2e/hazelcast_wan_test.go:26&#xA;2023-02-24T09:55:36.725286165Z&#xA;&amp;{Text:checking hazelcast-platform-controller-manager running Duration:69.113665ms}&#xA;--&#xA;By Step&#xA;/home/runner/work/hazelcast-platform-operator/hazelcast-platform-operator/test/e2e/custom_resource_test.go:55&#xA;2023-02-24T09:55:36.794449233Z&#xA;&amp;{Text:setting the label and CR with name &#39;hw-4-b09m22&#39; Duration:0s}&#xA;--&#xA;CR_ID:hw-4-b09m22&#xA;/home/runner/work/hazelcast-platform-operator/hazelcast-platform-operator/test/e2e/custom_resource_test.go:73&#xA;2023-02-24T09:55:36.79456414Z&#xA;--&#xA;By Step&#xA;/home/runner/work/hazelcast-platform-operator/hazelcast-platform-operator/test/e2e/helpers_test.go:150&#xA;2023-02-24T09:55:36.794572041Z&#xA;&amp;{Text:creating Hazelcast CR Duration:77.290869ms}&#xA;--&#xA;By Step&#xA;/home/runner/work/hazelcast-platform-operator/hazelcast-platform-operator/test/e2e/helpers_test.go:150&#xA;2023-02-24T09:55:36.871866711Z&#xA;&amp;{Text:creating Hazelcast CR Duration:74.601303ms}&#xA;--&#xA;By Step&#xA;/home/runner/work/hazelcast-platform-operator/hazelcast-platform-operator/test/e2e/helpers_test.go:394&#xA;2023-02-24T09:55:36.946474415Z&#xA;&amp;{Text:evaluate number of ready members for lookup name &#39;hz1-sourcehw-4-b09m22&#39; and &#39;test-operator-ee&#39; namespace Duration:30.73775019s}&#xA;--&#xA;By Step&#xA;/home/runner/work/hazelcast-platform-operator/hazelcast-platform-operator/test/e2e/helpers_test.go:394&#xA;2023-02-24T09:56:07.684229405Z&#xA;&amp;{Text:evaluate number of ready members for lookup name &#39;hz1-targethw-4-b09m22&#39; and &#39;test-operator-ee&#39; namespace Duration:648.332285ms}&#xA;--&#xA;By Step&#xA;/home/runner/work/hazelcast-platform-operator/hazelcast-platform-operator/test/e2e/helpers_test.go:424&#xA;2023-02-24T09:56:08.462126843Z&#xA;&amp;{Text:waiting for Map CR status Duration:408.773988ms}&#xA;--&#xA;By Step&#xA;/home/runner/work/hazelcast-platform-operator/hazelcast-platform-operator/test/e2e/hazelcast_wan_test.go:166&#xA;2023-02-24T09:56:08.870902831Z&#xA;&amp;{Text:creating first WAN configuration Duration:0s}&#xA;--&#xA;By Step&#xA;/home/runner/work/hazelcast-platform-operator/hazelcast-platform-operator/test/e2e/helpers_test.go:441&#xA;2023-02-24T09:56:08.967621527Z&#xA;&amp;{Text:waiting for Wan CR status Duration:1.090182339s}&#xA;--&#xA;By Step&#xA;/home/runner/work/hazelcast-platform-operator/hazelcast-platform-operator/test/e2e/helpers_test.go:458&#xA;2023-02-24T09:56:10.057808467Z&#xA;&amp;{Text:waiting for Wan CR status map length Duration:69.552873ms}&#xA;--&#xA;By Step&#xA;/home/runner/work/hazelcast-platform-operator/hazelcast-platform-operator/test/e2e/helpers_test.go:458&#xA;2023-02-24T09:56:10.450603894Z&#xA;&amp;{Text:waiting for Wan CR status map length Duration:73.911054ms}&#xA;--&#xA;By Step&#xA;/home/runner/work/hazelcast-platform-operator/hazelcast-platform-operator/test/e2e/helpers_test.go:441&#xA;2023-02-24T09:56:10.524519248Z&#xA;&amp;{Text:waiting for Wan CR status Duration:81.81928ms}&#xA;</system-out>
              <system-err>[BeforeEach] Hazelcast WAN&#xA;  /home/runner/work/hazelcast-platform-operator/hazelcast-platform-operator/test/e2e/hazelcast_wan_test.go:19&#xA;�[1mSTEP:�[0m checking hazelcast-platform-controller-manager running �[38;5;243m02/24/23 09:55:36.725�[0m&#xA;[It] should delete the map from status and Wan status should be failed&#xA;  /home/runner/work/hazelcast-platform-operator/hazelcast-platform-operator/test/e2e/hazelcast_wan_test.go:149&#xA;�[1mSTEP:�[0m setting the label and CR with name &#39;hw-4-b09m22&#39; �[38;5;243m02/24/23 09:55:36.794�[0m&#xA;�[1mSTEP:�[0m creating Hazelcast CR �[38;5;243m02/24/23 09:55:36.794�[0m&#xA;�[1mSTEP:�[0m creating Hazelcast CR �[38;5;243m02/24/23 09:55:36.871�[0m&#xA;�[1mSTEP:�[0m evaluate number of ready members for lookup name &#39;hz1-sourcehw-4-b09m22&#39; and &#39;test-operator-ee&#39; namespace �[38;5;243m02/24/23 09:55:36.946�[0m&#xA;�[1mSTEP:�[0m evaluate number of ready members for lookup name &#39;hz1-targethw-4-b09m22&#39; and &#39;test-operator-ee&#39; namespace �[38;5;243m02/24/23 09:56:07.684�[0m&#xA;�[1mSTEP:�[0m waiting for Map CR status �[38;5;243m02/24/23 09:56:08.462�[0m&#xA;�[1mSTEP:�[0m creating first WAN configuration �[38;5;243m02/24/23 09:56:08.87�[0m&#xA;�[1mSTEP:�[0m waiting for Wan CR status �[38;5;243m02/24/23 09:56:08.967�[0m&#xA;�[1mSTEP:�[0m waiting for Wan CR status map length �[38;5;243m02/24/23 09:56:10.057�[0m&#xA;�[1mSTEP:�[0m waiting for Wan CR status map length �[38;5;243m02/24/23 09:56:10.45�[0m&#xA;�[1mSTEP:�[0m waiting for Wan CR status �[38;5;243m02/24/23 09:56:10.524�[0m&#xA;[AfterEach] Hazelcast WAN&#xA;  /home/runner/work/hazelcast-platform-operator/hazelcast-platform-operator/test/e2e/hazelcast_wan_test.go:34&#xA;Aftereach start time is 2023-02-24 09:56:10.761564841 +0000 UTC m=+752.115381525&#xA;Aftereach end time is 2023-02-24 09:56:11.175140328 +0000 UTC m=+752.528957112&#xA;</system-err>
          </testcase>
          <testcase name="[It] Hazelcast WAN should delete the map from status and Wan status should be Pending [hz_wan, slow]" classname="Operator Suite EE" status="passed" time="37.77537221">
              <system-out>&#xA;Report Entries:&#xA;By Step&#xA;/home/runner/work/hazelcast-platform-operator/hazelcast-platform-operator/test/e2e/hazelcast_wan_test.go:26&#xA;2023-02-24T09:56:11.176455582Z&#xA;&amp;{Text:checking hazelcast-platform-controller-manager running Duration:68.609035ms}&#xA;--&#xA;By Step&#xA;/home/runner/work/hazelcast-platform-operator/hazelcast-platform-operator/test/e2e/custom_resource_test.go:55&#xA;2023-02-24T09:56:11.245106418Z&#xA;&amp;{Text:setting the label and CR with name &#39;hw-5-pdx3qq&#39; Duration:0s}&#xA;--&#xA;CR_ID:hw-5-pdx3qq&#xA;/home/runner/work/hazelcast-platform-operator/hazelcast-platform-operator/test/e2e/custom_resource_test.go:73&#xA;2023-02-24T09:56:11.245249024Z&#xA;--&#xA;By Step&#xA;/home/runner/work/hazelcast-platform-operator/hazelcast-platform-operator/test/e2e/helpers_test.go:150&#xA;2023-02-24T09:56:11.245257625Z&#xA;&amp;{Text:creating Hazelcast CR Duration:88.315948ms}&#xA;--&#xA;By Step&#xA;/home/runner/work/hazelcast-platform-operator/hazelcast-platform-operator/test/e2e/helpers_test.go:150&#xA;2023-02-24T09:56:11.333578374Z&#xA;&amp;{Text:creating Hazelcast CR Duration:83.698557ms}&#xA;--&#xA;By Step&#xA;/home/runner/work/hazelcast-platform-operator/hazelcast-platform-operator/test/e2e/helpers_test.go:394&#xA;2023-02-24T09:56:11.417286132Z&#xA;&amp;{Text:evaluate number of ready members for lookup name &#39;hz1-sourcehw-5-pdx3qq&#39; and &#39;test-operator-ee&#39; namespace Duration:30.705235215s}&#xA;--&#xA;By Step&#xA;/home/runner/work/hazelcast-platform-operator/hazelcast-platform-operator/test/e2e/helpers_test.go:394&#xA;2023-02-24T09:56:42.122527147Z&#xA;&amp;{Text:evaluate number of ready members for lookup name &#39;hz1-targethw-5-pdx3qq&#39; and &#39;test-operator-ee&#39; namespace Duration:308.89873ms}&#xA;--&#xA;By Step&#xA;/home/runner/work/hazelcast-platform-operator/hazelcast-platform-operator/test/e2e/helpers_test.go:424&#xA;2023-02-24T09:56:42.526905488Z&#xA;&amp;{Text:waiting for Map CR status Duration:246.995058ms}&#xA;--&#xA;By Step&#xA;/home/runner/work/hazelcast-platform-operator/hazelcast-platform-operator/test/e2e/hazelcast_wan_test.go:199&#xA;2023-02-24T09:56:42.773902946Z&#xA;&amp;{Text:creating first WAN configuration Duration:0s}&#xA;--&#xA;By Step&#xA;/home/runner/work/hazelcast-platform-operator/hazelcast-platform-operator/test/e2e/helpers_test.go:441&#xA;2023-02-24T09:56:42.860071286Z&#xA;&amp;{Text:waiting for Wan CR status Duration:5.029268969s}&#xA;--&#xA;By Step&#xA;/home/runner/work/hazelcast-platform-operator/hazelcast-platform-operator/test/e2e/helpers_test.go:458&#xA;2023-02-24T09:56:47.889342755Z&#xA;&amp;{Text:waiting for Wan CR status map length Duration:69.18702ms}&#xA;--&#xA;By Step&#xA;/home/runner/work/hazelcast-platform-operator/hazelcast-platform-operator/test/e2e/helpers_test.go:458&#xA;2023-02-24T09:56:48.27367941Z&#xA;&amp;{Text:waiting for Wan CR status map length Duration:70.388366ms}&#xA;--&#xA;By Step&#xA;/home/runner/work/hazelcast-platform-operator/hazelcast-platform-operator/test/e2e/helpers_test.go:441&#xA;2023-02-24T09:56:48.344071376Z&#xA;&amp;{Text:waiting for Wan CR status Duration:70.395666ms}&#xA;</system-out>
              <system-err>[BeforeEach] Hazelcast WAN&#xA;  /home/runner/work/hazelcast-platform-operator/hazelcast-platform-operator/test/e2e/hazelcast_wan_test.go:19&#xA;�[1mSTEP:�[0m checking hazelcast-platform-controller-manager running �[38;5;243m02/24/23 09:56:11.176�[0m&#xA;[It] should delete the map from status and Wan status should be Pending&#xA;  /home/runner/work/hazelcast-platform-operator/hazelcast-platform-operator/test/e2e/hazelcast_wan_test.go:182&#xA;�[1mSTEP:�[0m setting the label and CR with name &#39;hw-5-pdx3qq&#39; �[38;5;243m02/24/23 09:56:11.245�[0m&#xA;�[1mSTEP:�[0m creating Hazelcast CR �[38;5;243m02/24/23 09:56:11.245�[0m&#xA;�[1mSTEP:�[0m creating Hazelcast CR �[38;5;243m02/24/23 09:56:11.333�[0m&#xA;�[1mSTEP:�[0m evaluate number of ready members for lookup name &#39;hz1-sourcehw-5-pdx3qq&#39; and &#39;test-operator-ee&#39; namespace �[38;5;243m02/24/23 09:56:11.417�[0m&#xA;�[1mSTEP:�[0m evaluate number of ready members for lookup name &#39;hz1-targethw-5-pdx3qq&#39; and &#39;test-operator-ee&#39; namespace �[38;5;243m02/24/23 09:56:42.122�[0m&#xA;�[1mSTEP:�[0m waiting for Map CR status �[38;5;243m02/24/23 09:56:42.526�[0m&#xA;�[1mSTEP:�[0m creating first WAN configuration �[38;5;243m02/24/23 09:56:42.773�[0m&#xA;�[1mSTEP:�[0m waiting for Wan CR status �[38;5;243m02/24/23 09:56:42.86�[0m&#xA;�[1mSTEP:�[0m waiting for Wan CR status map length �[38;5;243m02/24/23 09:56:47.889�[0m&#xA;�[1mSTEP:�[0m waiting for Wan CR status map length �[38;5;243m02/24/23 09:56:48.273�[0m&#xA;�[1mSTEP:�[0m waiting for Wan CR status �[38;5;243m02/24/23 09:56:48.344�[0m&#xA;[AfterEach] Hazelcast WAN&#xA;  /home/runner/work/hazelcast-platform-operator/hazelcast-platform-operator/test/e2e/hazelcast_wan_test.go:34&#xA;Aftereach start time is 2023-02-24 09:56:48.56809836 +0000 UTC m=+789.921915044&#xA;Aftereach end time is 2023-02-24 09:56:48.951754589 +0000 UTC m=+790.305571373&#xA;</system-err>
          </testcase>
          <testcase name="[It] Hazelcast WAN should stop replicating to target cluster [hz_wan, slow]" classname="Operator Suite EE" status="passed" time="63.618150809">
              <system-out>&#xA;Report Entries:&#xA;By Step&#xA;/home/runner/work/hazelcast-platform-operator/hazelcast-platform-operator/test/e2e/hazelcast_wan_test.go:26&#xA;2023-02-24T09:56:48.953080139Z&#xA;&amp;{Text:checking hazelcast-platform-controller-manager running Duration:70.024152ms}&#xA;--&#xA;By Step&#xA;/home/runner/work/hazelcast-platform-operator/hazelcast-platform-operator/test/e2e/custom_resource_test.go:55&#xA;2023-02-24T09:56:49.023141493Z&#xA;&amp;{Text:setting the label and CR with name &#39;hw-7-mywpbh&#39; Duration:0s}&#xA;--&#xA;CR_ID:hw-7-mywpbh&#xA;/home/runner/work/hazelcast-platform-operator/hazelcast-platform-operator/test/e2e/custom_resource_test.go:73&#xA;2023-02-24T09:56:49.023283298Z&#xA;--&#xA;By Step&#xA;/home/runner/work/hazelcast-platform-operator/hazelcast-platform-operator/test/e2e/helpers_test.go:150&#xA;2023-02-24T09:56:49.023293998Z&#xA;&amp;{Text:creating Hazelcast CR Duration:76.462196ms}&#xA;--&#xA;By Step&#xA;/home/runner/work/hazelcast-platform-operator/hazelcast-platform-operator/test/e2e/helpers_test.go:150&#xA;2023-02-24T09:56:49.099761994Z&#xA;&amp;{Text:creating Hazelcast CR Duration:75.998278ms}&#xA;--&#xA;By Step&#xA;/home/runner/work/hazelcast-platform-operator/hazelcast-platform-operator/test/e2e/helpers_test.go:150&#xA;2023-02-24T09:56:49.175766473Z&#xA;&amp;{Text:creating Hazelcast CR Duration:77.519635ms}&#xA;--&#xA;By Step&#xA;/home/runner/work/hazelcast-platform-operator/hazelcast-platform-operator/test/e2e/helpers_test.go:394&#xA;2023-02-24T09:56:49.253291009Z&#xA;&amp;{Text:evaluate number of ready members for lookup name &#39;hz2-sourcehw-7-mywpbh&#39; and &#39;test-operator-ee&#39; namespace Duration:31.218931658s}&#xA;--&#xA;By Step&#xA;/home/runner/work/hazelcast-platform-operator/hazelcast-platform-operator/test/e2e/helpers_test.go:394&#xA;2023-02-24T09:57:20.472228868Z&#xA;&amp;{Text:evaluate number of ready members for lookup name &#39;hz1-targethw-7-mywpbh&#39; and &#39;test-operator-ee&#39; namespace Duration:137.956879ms}&#xA;--&#xA;By Step&#xA;/home/runner/work/hazelcast-platform-operator/hazelcast-platform-operator/test/e2e/helpers_test.go:394&#xA;2023-02-24T09:57:20.610205348Z&#xA;&amp;{Text:evaluate number of ready members for lookup name &#39;hz1-sourcehw-7-mywpbh&#39; and &#39;test-operator-ee&#39; namespace Duration:139.923849ms}&#xA;--&#xA;By Step&#xA;/home/runner/work/hazelcast-platform-operator/hazelcast-platform-operator/test/e2e/helpers_test.go:424&#xA;2023-02-24T09:57:21.088463364Z&#xA;&amp;{Text:waiting for Map CR status Duration:423.562881ms}&#xA;--&#xA;By Step&#xA;/home/runner/work/hazelcast-platform-operator/hazelcast-platform-operator/test/e2e/helpers_test.go:424&#xA;2023-02-24T09:57:21.512028845Z&#xA;&amp;{Text:waiting for Map CR status Duration:580.238223ms}&#xA;--&#xA;By Step&#xA;/home/runner/work/hazelcast-platform-operator/hazelcast-platform-operator/test/e2e/helpers_test.go:424&#xA;2023-02-24T09:57:22.092271168Z&#xA;&amp;{Text:waiting for Map CR status Duration:243.105898ms}&#xA;--&#xA;By Step&#xA;/home/runner/work/hazelcast-platform-operator/hazelcast-platform-operator/test/e2e/helpers_test.go:424&#xA;2023-02-24T09:57:22.335381267Z&#xA;&amp;{Text:waiting for Map CR status Duration:69.513058ms}&#xA;--&#xA;By Step&#xA;/home/runner/work/hazelcast-platform-operator/hazelcast-platform-operator/test/e2e/hazelcast_wan_test.go:283&#xA;2023-02-24T09:57:22.404896725Z&#xA;&amp;{Text:creating first WAN configuration Duration:0s}&#xA;--&#xA;By Step&#xA;/home/runner/work/hazelcast-platform-operator/hazelcast-platform-operator/test/e2e/helpers_test.go:441&#xA;2023-02-24T09:57:22.482529871Z&#xA;&amp;{Text:waiting for Wan CR status Duration:1.100916239s}&#xA;--&#xA;By Step&#xA;/home/runner/work/hazelcast-platform-operator/hazelcast-platform-operator/test/e2e/helpers_test.go:458&#xA;2023-02-24T09:57:23.58345051Z&#xA;&amp;{Text:waiting for Wan CR status map length Duration:81.030366ms}&#xA;--&#xA;By Step&#xA;/home/runner/work/hazelcast-platform-operator/hazelcast-platform-operator/test/e2e/hazelcast_wan_test.go:291&#xA;2023-02-24T09:57:23.664482477Z&#xA;&amp;{Text:filling the maps in the source clusters Duration:0s}&#xA;--&#xA;By Step&#xA;/home/runner/work/hazelcast-platform-operator/hazelcast-platform-operator/test/e2e/client_port_forward_test.go:20&#xA;2023-02-24T09:57:23.664618081Z&#xA;&amp;{Text:filling the &#39;map11hw-7-mywpbh&#39; map with &#39;10&#39; entries using &#39;hz1-sourcehw-7-mywpbh&#39; lookup name and &#39;test-operator-ee&#39; namespace Duration:1.547647756s}&#xA;--&#xA;By Step&#xA;/home/runner/work/hazelcast-platform-operator/hazelcast-platform-operator/test/e2e/helpers_test.go:525&#xA;2023-02-24T09:57:23.944684587Z&#xA;&amp;{Text:creating Hazelcast client using address &#39;localhost:8901&#39; Duration:269.449431ms}&#xA;--&#xA;By Step&#xA;/home/runner/work/hazelcast-platform-operator/hazelcast-platform-operator/test/e2e/client_port_forward_test.go:20&#xA;2023-02-24T09:57:25.212276738Z&#xA;&amp;{Text:filling the &#39;map12hw-7-mywpbh&#39; map with &#39;10&#39; entries using &#39;hz1-sourcehw-7-mywpbh&#39; lookup name and &#39;test-operator-ee&#39; namespace Duration:1.503663303s}&#xA;--&#xA;By Step&#xA;/home/runner/work/hazelcast-platform-operator/hazelcast-platform-operator/test/e2e/helpers_test.go:525&#xA;2023-02-24T09:57:25.478429507Z&#xA;&amp;{Text:creating Hazelcast client using address &#39;localhost:8901&#39; Duration:274.351352ms}&#xA;--&#xA;By Step&#xA;/home/runner/work/hazelcast-platform-operator/hazelcast-platform-operator/test/e2e/client_port_forward_test.go:20&#xA;2023-02-24T09:57:26.715953941Z&#xA;&amp;{Text:filling the &#39;map21hw-7-mywpbh&#39; map with &#39;10&#39; entries using &#39;hz2-sourcehw-7-mywpbh&#39; lookup name and &#39;test-operator-ee&#39; namespace Duration:1.756820325s}&#xA;--&#xA;By Step&#xA;/home/runner/work/hazelcast-platform-operator/hazelcast-platform-operator/test/e2e/helpers_test.go:525&#xA;2023-02-24T09:57:26.999182899Z&#xA;&amp;{Text:creating Hazelcast client using address &#39;localhost:8901&#39; Duration:288.82805ms}&#xA;--&#xA;By Step&#xA;/home/runner/work/hazelcast-platform-operator/hazelcast-platform-operator/test/e2e/client_port_forward_test.go:20&#xA;2023-02-24T09:57:28.472786366Z&#xA;&amp;{Text:filling the &#39;map22hw-7-mywpbh&#39; map with &#39;10&#39; entries using &#39;hz2-sourcehw-7-mywpbh&#39; lookup name and &#39;test-operator-ee&#39; namespace Duration:1.550561819s}&#xA;--&#xA;By Step&#xA;/home/runner/work/hazelcast-platform-operator/hazelcast-platform-operator/test/e2e/helpers_test.go:525&#xA;2023-02-24T09:57:28.73471129Z&#xA;&amp;{Text:creating Hazelcast client using address &#39;localhost:8901&#39; Duration:277.529961ms}&#xA;--&#xA;By Step&#xA;/home/runner/work/hazelcast-platform-operator/hazelcast-platform-operator/test/e2e/hazelcast_wan_test.go:298&#xA;2023-02-24T09:57:30.023350985Z&#xA;&amp;{Text:checking the size of the maps in the target cluster Duration:0s}&#xA;--&#xA;By Step&#xA;/home/runner/work/hazelcast-platform-operator/hazelcast-platform-operator/test/e2e/client_port_forward_test.go:47&#xA;2023-02-24T09:57:30.023527391Z&#xA;&amp;{Text:waiting the &#39;map11hw-7-mywpbh&#39; map to be of size &#39;10&#39; using lookup name &#39;hz1-targethw-7-mywpbh&#39; Duration:866.841664ms}&#xA;--&#xA;By Step&#xA;/home/runner/work/hazelcast-platform-operator/hazelcast-platform-operator/test/e2e/helpers_test.go:525&#xA;2023-02-24T09:57:30.407846431Z&#xA;&amp;{Text:creating Hazelcast client using address &#39;localhost:8901&#39; Duration:289.632878ms}&#xA;--&#xA;By Step&#xA;/home/runner/work/hazelcast-platform-operator/hazelcast-platform-operator/test/e2e/client_port_forward_test.go:47&#xA;2023-02-24T09:57:30.890377355Z&#xA;&amp;{Text:waiting the &#39;map12hw-7-mywpbh&#39; map to be of size &#39;10&#39; using lookup name &#39;hz1-targethw-7-mywpbh&#39; Duration:725.594897ms}&#xA;--&#xA;By Step&#xA;/home/runner/work/hazelcast-platform-operator/hazelcast-platform-operator/test/e2e/helpers_test.go:525&#xA;2023-02-24T09:57:31.161287288Z&#xA;&amp;{Text:creating Hazelcast client using address &#39;localhost:8901&#39; Duration:275.824002ms}&#xA;--&#xA;By Step&#xA;/home/runner/work/hazelcast-platform-operator/hazelcast-platform-operator/test/e2e/client_port_forward_test.go:47&#xA;2023-02-24T09:57:31.615985753Z&#xA;&amp;{Text:waiting the &#39;map21hw-7-mywpbh&#39; map to be of size &#39;10&#39; using lookup name &#39;hz1-targethw-7-mywpbh&#39; Duration:697.438327ms}&#xA;--&#xA;By Step&#xA;/home/runner/work/hazelcast-platform-operator/hazelcast-platform-operator/test/e2e/helpers_test.go:525&#xA;2023-02-24T09:57:31.88903086Z&#xA;&amp;{Text:creating Hazelcast client using address &#39;localhost:8901&#39; Duration:271.103539ms}&#xA;--&#xA;By Step&#xA;/home/runner/work/hazelcast-platform-operator/hazelcast-platform-operator/test/e2e/client_port_forward_test.go:47&#xA;2023-02-24T09:57:32.313430881Z&#xA;&amp;{Text:waiting the &#39;map22hw-7-mywpbh&#39; map to be of size &#39;10&#39; using lookup name &#39;hz1-targethw-7-mywpbh&#39; Duration:757.320109ms}&#xA;--&#xA;By Step&#xA;/home/runner/work/hazelcast-platform-operator/hazelcast-platform-operator/test/e2e/helpers_test.go:525&#xA;2023-02-24T09:57:32.592403104Z&#xA;&amp;{Text:creating Hazelcast client using address &#39;localhost:8901&#39; Duration:283.192911ms}&#xA;--&#xA;By Step&#xA;/home/runner/work/hazelcast-platform-operator/hazelcast-platform-operator/test/e2e/hazelcast_wan_test.go:304&#xA;2023-02-24T09:57:33.07075989Z&#xA;&amp;{Text:stopping replicating all maps but map22 Duration:0s}&#xA;--&#xA;By Step&#xA;/home/runner/work/hazelcast-platform-operator/hazelcast-platform-operator/test/e2e/helpers_test.go:441&#xA;2023-02-24T09:57:33.070894395Z&#xA;&amp;{Text:waiting for Wan CR status Duration:71.61237ms}&#xA;--&#xA;By Step&#xA;/home/runner/work/hazelcast-platform-operator/hazelcast-platform-operator/test/e2e/helpers_test.go:458&#xA;2023-02-24T09:57:33.225185146Z&#xA;&amp;{Text:waiting for Wan CR status map length Duration:411.958057ms}&#xA;--&#xA;By Step&#xA;/home/runner/work/hazelcast-platform-operator/hazelcast-platform-operator/test/e2e/helpers_test.go:441&#xA;2023-02-24T09:57:33.637146703Z&#xA;&amp;{Text:waiting for Wan CR status Duration:69.870304ms}&#xA;--&#xA;By Step&#xA;/home/runner/work/hazelcast-platform-operator/hazelcast-platform-operator/test/e2e/client_port_forward_test.go:20&#xA;2023-02-24T09:57:33.707025808Z&#xA;&amp;{Text:filling the &#39;map22hw-7-mywpbh&#39; map with &#39;50&#39; entries using &#39;hz2-sourcehw-7-mywpbh&#39; lookup name and &#39;test-operator-ee&#39; namespace Duration:3.832167049s}&#xA;--&#xA;By Step&#xA;/home/runner/work/hazelcast-platform-operator/hazelcast-platform-operator/test/e2e/helpers_test.go:525&#xA;2023-02-24T09:57:33.980096887Z&#xA;&amp;{Text:creating Hazelcast client using address &#39;localhost:8901&#39; Duration:284.09159ms}&#xA;--&#xA;By Step&#xA;/home/runner/work/hazelcast-platform-operator/hazelcast-platform-operator/test/e2e/client_port_forward_test.go:20&#xA;2023-02-24T09:57:37.539203457Z&#xA;&amp;{Text:filling the &#39;map11hw-7-mywpbh&#39; map with &#39;50&#39; entries using &#39;hz1-sourcehw-7-mywpbh&#39; lookup name and &#39;test-operator-ee&#39; namespace Duration:3.854620471s}&#xA;--&#xA;By Step&#xA;/home/runner/work/hazelcast-platform-operator/hazelcast-platform-operator/test/e2e/helpers_test.go:525&#xA;2023-02-24T09:57:37.833671334Z&#xA;&amp;{Text:creating Hazelcast client using address &#39;localhost:8901&#39; Duration:276.87142ms}&#xA;--&#xA;By Step&#xA;/home/runner/work/hazelcast-platform-operator/hazelcast-platform-operator/test/e2e/client_port_forward_test.go:20&#xA;2023-02-24T09:57:41.393833429Z&#xA;&amp;{Text:filling the &#39;map12hw-7-mywpbh&#39; map with &#39;50&#39; entries using &#39;hz1-sourcehw-7-mywpbh&#39; lookup name and &#39;test-operator-ee&#39; namespace Duration:3.676055457s}&#xA;--&#xA;By Step&#xA;/home/runner/work/hazelcast-platform-operator/hazelcast-platform-operator/test/e2e/helpers_test.go:525&#xA;2023-02-24T09:57:41.651978437Z&#xA;&amp;{Text:creating Hazelcast client using address &#39;localhost:8901&#39; Duration:270.91897ms}&#xA;--&#xA;By Step&#xA;/home/runner/work/hazelcast-platform-operator/hazelcast-platform-operator/test/e2e/client_port_forward_test.go:20&#xA;2023-02-24T09:57:45.069918787Z&#xA;&amp;{Text:filling the &#39;map21hw-7-mywpbh&#39; map with &#39;50&#39; entries using &#39;hz2-sourcehw-7-mywpbh&#39; lookup name and &#39;test-operator-ee&#39; namespace Duration:3.801529287s}&#xA;--&#xA;By Step&#xA;/home/runner/work/hazelcast-platform-operator/hazelcast-platform-operator/test/e2e/helpers_test.go:525&#xA;2023-02-24T09:57:45.35007889Z&#xA;&amp;{Text:creating Hazelcast client using address &#39;localhost:8901&#39; Duration:267.651951ms}&#xA;--&#xA;By Step&#xA;/home/runner/work/hazelcast-platform-operator/hazelcast-platform-operator/test/e2e/hazelcast_wan_test.go:321&#xA;2023-02-24T09:57:48.871450374Z&#xA;&amp;{Text:checking the size of the maps in the target cluster Duration:0s}&#xA;--&#xA;By Step&#xA;/home/runner/work/hazelcast-platform-operator/hazelcast-platform-operator/test/e2e/client_port_forward_test.go:47&#xA;2023-02-24T09:57:48.871575779Z&#xA;&amp;{Text:waiting the &#39;map22hw-7-mywpbh&#39; map to be of size &#39;60&#39; using lookup name &#39;hz1-targethw-7-mywpbh&#39; Duration:684.494787ms}&#xA;--&#xA;By Step&#xA;/home/runner/work/hazelcast-platform-operator/hazelcast-platform-operator/test/e2e/helpers_test.go:525&#xA;2023-02-24T09:57:49.147884181Z&#xA;&amp;{Text:creating Hazelcast client using address &#39;localhost:8901&#39; Duration:270.341895ms}&#xA;--&#xA;By Step&#xA;/home/runner/work/hazelcast-platform-operator/hazelcast-platform-operator/test/e2e/client_port_forward_test.go:47&#xA;2023-02-24T09:57:49.556078466Z&#xA;&amp;{Text:waiting the &#39;map11hw-7-mywpbh&#39; map to be of size &#39;10&#39; using lookup name &#39;hz1-targethw-7-mywpbh&#39; Duration:686.469256ms}&#xA;--&#xA;By Step&#xA;/home/runner/work/hazelcast-platform-operator/hazelcast-platform-operator/test/e2e/helpers_test.go:525&#xA;2023-02-24T09:57:49.830371498Z&#xA;&amp;{Text:creating Hazelcast client using address &#39;localhost:8901&#39; Duration:269.238957ms}&#xA;--&#xA;By Step&#xA;/home/runner/work/hazelcast-platform-operator/hazelcast-platform-operator/test/e2e/client_port_forward_test.go:47&#xA;2023-02-24T09:57:50.242556323Z&#xA;&amp;{Text:waiting the &#39;map12hw-7-mywpbh&#39; map to be of size &#39;10&#39; using lookup name &#39;hz1-targethw-7-mywpbh&#39; Duration:678.157667ms}&#xA;--&#xA;By Step&#xA;/home/runner/work/hazelcast-platform-operator/hazelcast-platform-operator/test/e2e/helpers_test.go:525&#xA;2023-02-24T09:57:50.510169823Z&#xA;&amp;{Text:creating Hazelcast client using address &#39;localhost:8901&#39; Duration:268.901844ms}&#xA;--&#xA;By Step&#xA;/home/runner/work/hazelcast-platform-operator/hazelcast-platform-operator/test/e2e/client_port_forward_test.go:47&#xA;2023-02-24T09:57:50.92072199Z&#xA;&amp;{Text:waiting the &#39;map21hw-7-mywpbh&#39; map to be of size &#39;10&#39; using lookup name &#39;hz1-targethw-7-mywpbh&#39; Duration:680.445447ms}&#xA;--&#xA;By Step&#xA;/home/runner/work/hazelcast-platform-operator/hazelcast-platform-operator/test/e2e/helpers_test.go:525&#xA;2023-02-24T09:57:51.199080463Z&#xA;&amp;{Text:creating Hazelcast client using address &#39;localhost:8901&#39; Duration:261.666594ms}&#xA;</system-out>
              <system-err>[BeforeEach] Hazelcast WAN&#xA;  /home/runner/work/hazelcast-platform-operator/hazelcast-platform-operator/test/e2e/hazelcast_wan_test.go:19&#xA;�[1mSTEP:�[0m checking hazelcast-platform-controller-manager running �[38;5;243m02/24/23 09:56:48.953�[0m&#xA;[It] should stop replicating to target cluster&#xA;  /home/runner/work/hazelcast-platform-operator/hazelcast-platform-operator/test/e2e/hazelcast_wan_test.go:260&#xA;�[1mSTEP:�[0m setting the label and CR with name &#39;hw-7-mywpbh&#39; �[38;5;243m02/24/23 09:56:49.023�[0m&#xA;�[1mSTEP:�[0m creating Hazelcast CR �[38;5;243m02/24/23 09:56:49.023�[0m&#xA;�[1mSTEP:�[0m creating Hazelcast CR �[38;5;243m02/24/23 09:56:49.099�[0m&#xA;�[1mSTEP:�[0m creating Hazelcast CR �[38;5;243m02/24/23 09:56:49.175�[0m&#xA;�[1mSTEP:�[0m evaluate number of ready members for lookup name &#39;hz2-sourcehw-7-mywpbh&#39; and &#39;test-operator-ee&#39; namespace �[38;5;243m02/24/23 09:56:49.253�[0m&#xA;�[1mSTEP:�[0m evaluate number of ready members for lookup name &#39;hz1-targethw-7-mywpbh&#39; and &#39;test-operator-ee&#39; namespace �[38;5;243m02/24/23 09:57:20.472�[0m&#xA;�[1mSTEP:�[0m evaluate number of ready members for lookup name &#39;hz1-sourcehw-7-mywpbh&#39; and &#39;test-operator-ee&#39; namespace �[38;5;243m02/24/23 09:57:20.61�[0m&#xA;�[1mSTEP:�[0m waiting for Map CR status �[38;5;243m02/24/23 09:57:21.088�[0m&#xA;�[1mSTEP:�[0m waiting for Map CR status �[38;5;243m02/24/23 09:57:21.512�[0m&#xA;�[1mSTEP:�[0m waiting for Map CR status �[38;5;243m02/24/23 09:57:22.092�[0m&#xA;�[1mSTEP:�[0m waiting for Map CR status �[38;5;243m02/24/23 09:57:22.335�[0m&#xA;�[1mSTEP:�[0m creating first WAN configuration �[38;5;243m02/24/23 09:57:22.404�[0m&#xA;�[1mSTEP:�[0m waiting for Wan CR status �[38;5;243m02/24/23 09:57:22.482�[0m&#xA;�[1mSTEP:�[0m waiting for Wan CR status map length �[38;5;243m02/24/23 09:57:23.583�[0m&#xA;�[1mSTEP:�[0m filling the maps in the source clusters �[38;5;243m02/24/23 09:57:23.664�[0m&#xA;�[1mSTEP:�[0m filling the &#39;map11hw-7-mywpbh&#39; map with &#39;10&#39; entries using &#39;hz1-sourcehw-7-mywpbh&#39; lookup name and &#39;test-operator-ee&#39; namespace �[38;5;243m02/24/23 09:57:23.664�[0m&#xA;�[1mSTEP:�[0m creating Hazelcast client using address &#39;localhost:8901&#39; �[38;5;243m02/24/23 09:57:23.944�[0m&#xA;�[1mSTEP:�[0m filling the &#39;map12hw-7-mywpbh&#39; map with &#39;10&#39; entries using &#39;hz1-sourcehw-7-mywpbh&#39; lookup name and &#39;test-operator-ee&#39; namespace �[38;5;243m02/24/23 09:57:25.212�[0m&#xA;�[1mSTEP:�[0m creating Hazelcast client using address &#39;localhost:8901&#39; �[38;5;243m02/24/23 09:57:25.478�[0m&#xA;�[1mSTEP:�[0m filling the &#39;map21hw-7-mywpbh&#39; map with &#39;10&#39; entries using &#39;hz2-sourcehw-7-mywpbh&#39; lookup name and &#39;test-operator-ee&#39; namespace �[38;5;243m02/24/23 09:57:26.715�[0m&#xA;�[1mSTEP:�[0m creating Hazelcast client using address &#39;localhost:8901&#39; �[38;5;243m02/24/23 09:57:26.999�[0m&#xA;�[1mSTEP:�[0m filling the &#39;map22hw-7-mywpbh&#39; map with &#39;10&#39; entries using &#39;hz2-sourcehw-7-mywpbh&#39; lookup name and &#39;test-operator-ee&#39; namespace �[38;5;243m02/24/23 09:57:28.472�[0m&#xA;�[1mSTEP:�[0m creating Hazelcast client using address &#39;localhost:8901&#39; �[38;5;243m02/24/23 09:57:28.734�[0m&#xA;�[1mSTEP:�[0m checking the size of the maps in the target cluster �[38;5;243m02/24/23 09:57:30.023�[0m&#xA;�[1mSTEP:�[0m waiting the &#39;map11hw-7-mywpbh&#39; map to be of size &#39;10&#39; using lookup name &#39;hz1-targethw-7-mywpbh&#39; �[38;5;243m02/24/23 09:57:30.023�[0m&#xA;�[1mSTEP:�[0m creating Hazelcast client using address &#39;localhost:8901&#39; �[38;5;243m02/24/23 09:57:30.407�[0m&#xA;�[1mSTEP:�[0m waiting the &#39;map12hw-7-mywpbh&#39; map to be of size &#39;10&#39; using lookup name &#39;hz1-targethw-7-mywpbh&#39; �[38;5;243m02/24/23 09:57:30.89�[0m&#xA;�[1mSTEP:�[0m creating Hazelcast client using address &#39;localhost:8901&#39; �[38;5;243m02/24/23 09:57:31.161�[0m&#xA;�[1mSTEP:�[0m waiting the &#39;map21hw-7-mywpbh&#39; map to be of size &#39;10&#39; using lookup name &#39;hz1-targethw-7-mywpbh&#39; �[38;5;243m02/24/23 09:57:31.615�[0m&#xA;�[1mSTEP:�[0m creating Hazelcast client using address &#39;localhost:8901&#39; �[38;5;243m02/24/23 09:57:31.889�[0m&#xA;�[1mSTEP:�[0m waiting the &#39;map22hw-7-mywpbh&#39; map to be of size &#39;10&#39; using lookup name &#39;hz1-targethw-7-mywpbh&#39; �[38;5;243m02/24/23 09:57:32.313�[0m&#xA;�[1mSTEP:�[0m creating Hazelcast client using address &#39;localhost:8901&#39; �[38;5;243m02/24/23 09:57:32.592�[0m&#xA;�[1mSTEP:�[0m stopping replicating all maps but map22 �[38;5;243m02/24/23 09:57:33.07�[0m&#xA;�[1mSTEP:�[0m waiting for Wan CR status �[38;5;243m02/24/23 09:57:33.07�[0m&#xA;�[1mSTEP:�[0m waiting for Wan CR status map length �[38;5;243m02/24/23 09:57:33.225�[0m&#xA;�[1mSTEP:�[0m waiting for Wan CR status �[38;5;243m02/24/23 09:57:33.637�[0m&#xA;�[1mSTEP:�[0m filling the &#39;map22hw-7-mywpbh&#39; map with &#39;50&#39; entries using &#39;hz2-sourcehw-7-mywpbh&#39; lookup name and &#39;test-operator-ee&#39; namespace �[38;5;243m02/24/23 09:57:33.707�[0m&#xA;�[1mSTEP:�[0m creating Hazelcast client using address &#39;localhost:8901&#39; �[38;5;243m02/24/23 09:57:33.98�[0m&#xA;�[1mSTEP:�[0m filling the &#39;map11hw-7-mywpbh&#39; map with &#39;50&#39; entries using &#39;hz1-sourcehw-7-mywpbh&#39; lookup name and &#39;test-operator-ee&#39; namespace �[38;5;243m02/24/23 09:57:37.539�[0m&#xA;�[1mSTEP:�[0m creating Hazelcast client using address &#39;localhost:8901&#39; �[38;5;243m02/24/23 09:57:37.833�[0m&#xA;�[1mSTEP:�[0m filling the &#39;map12hw-7-mywpbh&#39; map with &#39;50&#39; entries using &#39;hz1-sourcehw-7-mywpbh&#39; lookup name and &#39;test-operator-ee&#39; namespace �[38;5;243m02/24/23 09:57:41.393�[0m&#xA;�[1mSTEP:�[0m creating Hazelcast client using address &#39;localhost:8901&#39; �[38;5;243m02/24/23 09:57:41.651�[0m&#xA;�[1mSTEP:�[0m filling the &#39;map21hw-7-mywpbh&#39; map with &#39;50&#39; entries using &#39;hz2-sourcehw-7-mywpbh&#39; lookup name and &#39;test-operator-ee&#39; namespace �[38;5;243m02/24/23 09:57:45.069�[0m&#xA;�[1mSTEP:�[0m creating Hazelcast client using address &#39;localhost:8901&#39; �[38;5;243m02/24/23 09:57:45.35�[0m&#xA;�[1mSTEP:�[0m checking the size of the maps in the target cluster �[38;5;243m02/24/23 09:57:48.871�[0m&#xA;�[1mSTEP:�[0m waiting the &#39;map22hw-7-mywpbh&#39; map to be of size &#39;60&#39; using lookup name &#39;hz1-targethw-7-mywpbh&#39; �[38;5;243m02/24/23 09:57:48.871�[0m&#xA;�[1mSTEP:�[0m creating Hazelcast client using address &#39;localhost:8901&#39; �[38;5;243m02/24/23 09:57:49.147�[0m&#xA;�[1mSTEP:�[0m waiting the &#39;map11hw-7-mywpbh&#39; map to be of size &#39;10&#39; using lookup name &#39;hz1-targethw-7-mywpbh&#39; �[38;5;243m02/24/23 09:57:49.556�[0m&#xA;�[1mSTEP:�[0m creating Hazelcast client using address &#39;localhost:8901&#39; �[38;5;243m02/24/23 09:57:49.83�[0m&#xA;�[1mSTEP:�[0m waiting the &#39;map12hw-7-mywpbh&#39; map to be of size &#39;10&#39; using lookup name &#39;hz1-targethw-7-mywpbh&#39; �[38;5;243m02/24/23 09:57:50.242�[0m&#xA;�[1mSTEP:�[0m creating Hazelcast client using address &#39;localhost:8901&#39; �[38;5;243m02/24/23 09:57:50.51�[0m&#xA;�[1mSTEP:�[0m waiting the &#39;map21hw-7-mywpbh&#39; map to be of size &#39;10&#39; using lookup name &#39;hz1-targethw-7-mywpbh&#39; �[38;5;243m02/24/23 09:57:50.92�[0m&#xA;�[1mSTEP:�[0m creating Hazelcast client using address &#39;localhost:8901&#39; �[38;5;243m02/24/23 09:57:51.199�[0m&#xA;[AfterEach] Hazelcast WAN&#xA;  /home/runner/work/hazelcast-platform-operator/hazelcast-platform-operator/test/e2e/hazelcast_wan_test.go:34&#xA;Aftereach start time is 2023-02-24 09:57:51.601191638 +0000 UTC m=+852.955008322&#xA;Aftereach end time is 2023-02-24 09:57:52.571156546 +0000 UTC m=+853.924973330&#xA;</system-err>
          </testcase>
          <testcase name="[It] Hazelcast Queue Config should fail to update Queue Config [queue, fast]" classname="Operator Suite EE" status="passed" time="33.458996634">
              <system-out>&#xA;Report Entries:&#xA;By Step&#xA;/home/runner/work/hazelcast-platform-operator/hazelcast-platform-operator/test/e2e/hazelcast_queue_test.go:28&#xA;2023-02-24T09:57:52.572819203Z&#xA;&amp;{Text:checking hazelcast-platform-controller-manager running Duration:87.149729ms}&#xA;--&#xA;By Step&#xA;/home/runner/work/hazelcast-platform-operator/hazelcast-platform-operator/test/e2e/custom_resource_test.go:55&#xA;2023-02-24T09:57:52.660000933Z&#xA;&amp;{Text:setting the label and CR with name &#39;hq-3-gyfp8f&#39; Duration:0s}&#xA;--&#xA;CR_ID:hq-3-gyfp8f&#xA;/home/runner/work/hazelcast-platform-operator/hazelcast-platform-operator/test/e2e/custom_resource_test.go:73&#xA;2023-02-24T09:57:52.660138938Z&#xA;--&#xA;By Step&#xA;/home/runner/work/hazelcast-platform-operator/hazelcast-platform-operator/test/e2e/helpers_test.go:106&#xA;2023-02-24T09:57:52.660142838Z&#xA;&amp;{Text:creating Hazelcast CR Duration:107.166824ms}&#xA;--&#xA;By Step&#xA;/home/runner/work/hazelcast-platform-operator/hazelcast-platform-operator/test/e2e/helpers_test.go:111&#xA;2023-02-24T09:57:52.767310762Z&#xA;&amp;{Text:checking Hazelcast CR running Duration:21.084644108s}&#xA;--&#xA;By Step&#xA;/home/runner/work/hazelcast-platform-operator/hazelcast-platform-operator/test/e2e/hazelcast_queue_test.go:82&#xA;2023-02-24T09:58:13.851957071Z&#xA;&amp;{Text:creating the queue config Duration:0s}&#xA;--&#xA;By Step&#xA;/home/runner/work/hazelcast-platform-operator/hazelcast-platform-operator/test/e2e/helpers_test.go:738&#xA;2023-02-24T09:58:13.929118579Z&#xA;&amp;{Text:waiting for  CR status Duration:9.346437258s}&#xA;--&#xA;By Step&#xA;/home/runner/work/hazelcast-platform-operator/hazelcast-platform-operator/test/e2e/hazelcast_queue_test.go:95&#xA;2023-02-24T09:58:23.275558037Z&#xA;&amp;{Text:failing to update queue config Duration:0s}&#xA;--&#xA;By Step&#xA;/home/runner/work/hazelcast-platform-operator/hazelcast-platform-operator/test/e2e/helpers_test.go:738&#xA;2023-02-24T09:58:23.360250326Z&#xA;&amp;{Text:waiting for  CR status Duration:69.657147ms}&#xA;</system-out>
              <system-err>[BeforeEach] Hazelcast Queue Config&#xA;  /home/runner/work/hazelcast-platform-operator/hazelcast-platform-operator/test/e2e/hazelcast_queue_test.go:21&#xA;�[1mSTEP:�[0m checking hazelcast-platform-controller-manager running �[38;5;243m02/24/23 09:57:52.572�[0m&#xA;[It] should fail to update Queue Config&#xA;  /home/runner/work/hazelcast-platform-operator/hazelcast-platform-operator/test/e2e/hazelcast_queue_test.go:77&#xA;�[1mSTEP:�[0m setting the label and CR with name &#39;hq-3-gyfp8f&#39; �[38;5;243m02/24/23 09:57:52.66�[0m&#xA;�[1mSTEP:�[0m creating Hazelcast CR �[38;5;243m02/24/23 09:57:52.66�[0m&#xA;�[1mSTEP:�[0m checking Hazelcast CR running �[38;5;243m02/24/23 09:57:52.767�[0m&#xA;�[1mSTEP:�[0m creating the queue config �[38;5;243m02/24/23 09:58:13.851�[0m&#xA;�[1mSTEP:�[0m waiting for  CR status �[38;5;243m02/24/23 09:58:13.929�[0m&#xA;�[1mSTEP:�[0m failing to update queue config �[38;5;243m02/24/23 09:58:23.275�[0m&#xA;�[1mSTEP:�[0m waiting for  CR status �[38;5;243m02/24/23 09:58:23.36�[0m&#xA;[AfterEach] Hazelcast Queue Config&#xA;  /home/runner/work/hazelcast-platform-operator/hazelcast-platform-operator/test/e2e/hazelcast_queue_test.go:36&#xA;Aftereach start time is 2023-02-24 09:58:23.429951875 +0000 UTC m=+884.783768659&#xA;Aftereach end time is 2023-02-24 09:58:26.031748435 +0000 UTC m=+887.385565219&#xA;</system-err>
          </testcase>
          <testcase name="[It] Hazelcast Cache Config with Persistence should continue persisting last applied Cache Config in case of failure [cache_persistence, fast]" classname="Operator Suite EE" status="passed" time="48.574506765">
              <system-out>&#xA;Report Entries:&#xA;By Step&#xA;/home/runner/work/hazelcast-platform-operator/hazelcast-platform-operator/test/e2e/hazelcast_cache_persistence_test.go:33&#xA;2023-02-24T09:58:26.033457594Z&#xA;&amp;{Text:checking hazelcast-platform-controller-manager running Duration:68.901391ms}&#xA;--&#xA;By Step&#xA;/home/runner/work/hazelcast-platform-operator/hazelcast-platform-operator/test/e2e/custom_resource_test.go:55&#xA;2023-02-24T09:58:26.102399287Z&#xA;&amp;{Text:setting the label and CR with name &#39;hchp-4-lbva53&#39; Duration:0s}&#xA;--&#xA;CR_ID:hchp-4-lbva53&#xA;/home/runner/work/hazelcast-platform-operator/hazelcast-platform-operator/test/e2e/custom_resource_test.go:73&#xA;2023-02-24T09:58:26.102510791Z&#xA;--&#xA;By Step&#xA;/home/runner/work/hazelcast-platform-operator/hazelcast-platform-operator/test/e2e/helpers_test.go:106&#xA;2023-02-24T09:58:26.102515191Z&#xA;&amp;{Text:creating Hazelcast CR Duration:86.077587ms}&#xA;--&#xA;By Step&#xA;/home/runner/work/hazelcast-platform-operator/hazelcast-platform-operator/test/e2e/helpers_test.go:111&#xA;2023-02-24T09:58:26.188593978Z&#xA;&amp;{Text:checking Hazelcast CR running Duration:30.831088246s}&#xA;--&#xA;By Step&#xA;/home/runner/work/hazelcast-platform-operator/hazelcast-platform-operator/test/e2e/helpers_test.go:738&#xA;2023-02-24T09:58:57.11914033Z&#xA;&amp;{Text:waiting for  CR status Duration:9.951735874s}&#xA;--&#xA;By Step&#xA;/home/runner/work/hazelcast-platform-operator/hazelcast-platform-operator/test/e2e/hazelcast_cache_persistence_test.go:162&#xA;2023-02-24T09:59:07.070878404Z&#xA;&amp;{Text:checking if the cache config is persisted Duration:0s}&#xA;--&#xA;By Step&#xA;/home/runner/work/hazelcast-platform-operator/hazelcast-platform-operator/test/e2e/hazelcast_cache_persistence_test.go:166&#xA;2023-02-24T09:59:07.146176889Z&#xA;&amp;{Text:failing to update the cache config Duration:0s}&#xA;--&#xA;By Step&#xA;/home/runner/work/hazelcast-platform-operator/hazelcast-platform-operator/test/e2e/helpers_test.go:738&#xA;2023-02-24T09:59:07.22499308Z&#xA;&amp;{Text:waiting for  CR status Duration:239.896979ms}&#xA;--&#xA;By Step&#xA;/home/runner/work/hazelcast-platform-operator/hazelcast-platform-operator/test/e2e/hazelcast_cache_persistence_test.go:171&#xA;2023-02-24T09:59:07.464891459Z&#xA;&amp;{Text:checking if the same cache config is still there Duration:0s}&#xA;</system-out>
              <system-err>[BeforeEach] Hazelcast Cache Config with Persistence&#xA;  /home/runner/work/hazelcast-platform-operator/hazelcast-platform-operator/test/e2e/hazelcast_cache_persistence_test.go:26&#xA;�[1mSTEP:�[0m checking hazelcast-platform-controller-manager running �[38;5;243m02/24/23 09:58:26.033�[0m&#xA;test-operator-ee/hp-ee-4261116783-hazelcast-platform-operator&#xA;[It] should continue persisting last applied Cache Config in case of failure&#xA;  /home/runner/work/hazelcast-platform-operator/hazelcast-platform-operator/test/e2e/hazelcast_cache_persistence_test.go:153&#xA;�[1mSTEP:�[0m setting the label and CR with name &#39;hchp-4-lbva53&#39; �[38;5;243m02/24/23 09:58:26.102�[0m&#xA;�[1mSTEP:�[0m creating Hazelcast CR �[38;5;243m02/24/23 09:58:26.102�[0m&#xA;�[1mSTEP:�[0m checking Hazelcast CR running �[38;5;243m02/24/23 09:58:26.188�[0m&#xA;�[1mSTEP:�[0m waiting for  CR status �[38;5;243m02/24/23 09:58:57.119�[0m&#xA;�[1mSTEP:�[0m checking if the cache config is persisted �[38;5;243m02/24/23 09:59:07.07�[0m&#xA;�[1mSTEP:�[0m failing to update the cache config �[38;5;243m02/24/23 09:59:07.146�[0m&#xA;�[1mSTEP:�[0m waiting for  CR status �[38;5;243m02/24/23 09:59:07.224�[0m&#xA;�[1mSTEP:�[0m checking if the same cache config is still there �[38;5;243m02/24/23 09:59:07.464�[0m&#xA;[AfterEach] Hazelcast Cache Config with Persistence&#xA;  /home/runner/work/hazelcast-platform-operator/hazelcast-platform-operator/test/e2e/hazelcast_cache_persistence_test.go:42&#xA;Aftereach start time is 2023-02-24 09:59:12.535151202 +0000 UTC m=+933.888967886&#xA;Aftereach end time is 2023-02-24 09:59:14.607890857 +0000 UTC m=+935.961707641&#xA;</system-err>
          </testcase>
          <testcase name="[It] Hazelcast Cache Config should create Cache Config [cache, fast]" classname="Operator Suite EE" status="passed" time="33.844838878">
              <system-out>&#xA;Report Entries:&#xA;By Step&#xA;/home/runner/work/hazelcast-platform-operator/hazelcast-platform-operator/test/e2e/hazelcast_cache_test.go:28&#xA;2023-02-24T09:59:14.609423403Z&#xA;&amp;{Text:checking hazelcast-platform-controller-manager running Duration:70.13021ms}&#xA;--&#xA;By Step&#xA;/home/runner/work/hazelcast-platform-operator/hazelcast-platform-operator/test/e2e/custom_resource_test.go:55&#xA;2023-02-24T09:59:14.679592714Z&#xA;&amp;{Text:setting the label and CR with name &#39;hch-1-6c8x7e&#39; Duration:0s}&#xA;--&#xA;CR_ID:hch-1-6c8x7e&#xA;/home/runner/work/hazelcast-platform-operator/hazelcast-platform-operator/test/e2e/custom_resource_test.go:73&#xA;2023-02-24T09:59:14.679716118Z&#xA;--&#xA;By Step&#xA;/home/runner/work/hazelcast-platform-operator/hazelcast-platform-operator/test/e2e/helpers_test.go:106&#xA;2023-02-24T09:59:14.679721618Z&#xA;&amp;{Text:creating Hazelcast CR Duration:76.097189ms}&#xA;--&#xA;By Step&#xA;/home/runner/work/hazelcast-platform-operator/hazelcast-platform-operator/test/e2e/helpers_test.go:111&#xA;2023-02-24T09:59:14.755819907Z&#xA;&amp;{Text:checking Hazelcast CR running Duration:20.983391419s}&#xA;--&#xA;By Step&#xA;/home/runner/work/hazelcast-platform-operator/hazelcast-platform-operator/test/e2e/helpers_test.go:738&#xA;2023-02-24T09:59:35.830856915Z&#xA;&amp;{Text:waiting for  CR status Duration:9.485383617s}&#xA;</system-out>
              <system-err>[BeforeEach] Hazelcast Cache Config&#xA;  /home/runner/work/hazelcast-platform-operator/hazelcast-platform-operator/test/e2e/hazelcast_cache_test.go:21&#xA;�[1mSTEP:�[0m checking hazelcast-platform-controller-manager running �[38;5;243m02/24/23 09:59:14.609�[0m&#xA;[It] should create Cache Config&#xA;  /home/runner/work/hazelcast-platform-operator/hazelcast-platform-operator/test/e2e/hazelcast_cache_test.go:48&#xA;�[1mSTEP:�[0m setting the label and CR with name &#39;hch-1-6c8x7e&#39; �[38;5;243m02/24/23 09:59:14.679�[0m&#xA;�[1mSTEP:�[0m creating Hazelcast CR �[38;5;243m02/24/23 09:59:14.679�[0m&#xA;�[1mSTEP:�[0m checking Hazelcast CR running �[38;5;243m02/24/23 09:59:14.755�[0m&#xA;�[1mSTEP:�[0m waiting for  CR status �[38;5;243m02/24/23 09:59:35.83�[0m&#xA;[AfterEach] Hazelcast Cache Config&#xA;  /home/runner/work/hazelcast-platform-operator/hazelcast-platform-operator/test/e2e/hazelcast_cache_test.go:36&#xA;Aftereach start time is 2023-02-24 09:59:45.316288433 +0000 UTC m=+966.670105117&#xA;Aftereach end time is 2023-02-24 09:59:48.454179579 +0000 UTC m=+969.807996364&#xA;</system-err>
          </testcase>
          <testcase name="[It] Hazelcast Cache Config should fail to update Cache Config [cache, fast]" classname="Operator Suite EE" status="passed" time="36.0529645">
              <system-out>&#xA;Report Entries:&#xA;By Step&#xA;/home/runner/work/hazelcast-platform-operator/hazelcast-platform-operator/test/e2e/hazelcast_cache_test.go:28&#xA;2023-02-24T09:59:48.455012002Z&#xA;&amp;{Text:checking hazelcast-platform-controller-manager running Duration:69.484219ms}&#xA;--&#xA;By Step&#xA;/home/runner/work/hazelcast-platform-operator/hazelcast-platform-operator/test/e2e/custom_resource_test.go:55&#xA;2023-02-24T09:59:48.524522122Z&#xA;&amp;{Text:setting the label and CR with name &#39;hch-3-l17eld&#39; Duration:0s}&#xA;--&#xA;CR_ID:hch-3-l17eld&#xA;/home/runner/work/hazelcast-platform-operator/hazelcast-platform-operator/test/e2e/custom_resource_test.go:73&#xA;2023-02-24T09:59:48.524619725Z&#xA;--&#xA;By Step&#xA;/home/runner/work/hazelcast-platform-operator/hazelcast-platform-operator/test/e2e/helpers_test.go:106&#xA;2023-02-24T09:59:48.524623925Z&#xA;&amp;{Text:creating Hazelcast CR Duration:76.189703ms}&#xA;--&#xA;By Step&#xA;/home/runner/work/hazelcast-platform-operator/hazelcast-platform-operator/test/e2e/helpers_test.go:111&#xA;2023-02-24T09:59:48.600814329Z&#xA;&amp;{Text:checking Hazelcast CR running Duration:20.96591785s}&#xA;--&#xA;By Step&#xA;/home/runner/work/hazelcast-platform-operator/hazelcast-platform-operator/test/e2e/hazelcast_cache_test.go:83&#xA;2023-02-24T10:00:09.566733779Z&#xA;&amp;{Text:creating the cache config Duration:0s}&#xA;--&#xA;By Step&#xA;/home/runner/work/hazelcast-platform-operator/hazelcast-platform-operator/test/e2e/helpers_test.go:738&#xA;2023-02-24T10:00:09.645308085Z&#xA;&amp;{Text:waiting for  CR status Duration:9.472610202s}&#xA;--&#xA;By Step&#xA;/home/runner/work/hazelcast-platform-operator/hazelcast-platform-operator/test/e2e/hazelcast_cache_test.go:94&#xA;2023-02-24T10:00:19.117920487Z&#xA;&amp;{Text:failing to update cache config Duration:0s}&#xA;--&#xA;By Step&#xA;/home/runner/work/hazelcast-platform-operator/hazelcast-platform-operator/test/e2e/helpers_test.go:738&#xA;2023-02-24T10:00:19.197506323Z&#xA;&amp;{Text:waiting for  CR status Duration:69.970866ms}&#xA;</system-out>
              <system-err>[BeforeEach] Hazelcast Cache Config&#xA;  /home/runner/work/hazelcast-platform-operator/hazelcast-platform-operator/test/e2e/hazelcast_cache_test.go:21&#xA;�[1mSTEP:�[0m checking hazelcast-platform-controller-manager running �[38;5;243m02/24/23 09:59:48.455�[0m&#xA;[It] should fail to update Cache Config&#xA;  /home/runner/work/hazelcast-platform-operator/hazelcast-platform-operator/test/e2e/hazelcast_cache_test.go:78&#xA;�[1mSTEP:�[0m setting the label and CR with name &#39;hch-3-l17eld&#39; �[38;5;243m02/24/23 09:59:48.524�[0m&#xA;�[1mSTEP:�[0m creating Hazelcast CR �[38;5;243m02/24/23 09:59:48.524�[0m&#xA;�[1mSTEP:�[0m checking Hazelcast CR running �[38;5;243m02/24/23 09:59:48.6�[0m&#xA;�[1mSTEP:�[0m creating the cache config �[38;5;243m02/24/23 10:00:09.566�[0m&#xA;�[1mSTEP:�[0m waiting for  CR status �[38;5;243m02/24/23 10:00:09.645�[0m&#xA;�[1mSTEP:�[0m failing to update cache config �[38;5;243m02/24/23 10:00:19.117�[0m&#xA;�[1mSTEP:�[0m waiting for  CR status �[38;5;243m02/24/23 10:00:19.197�[0m&#xA;[AfterEach] Hazelcast Cache Config&#xA;  /home/runner/work/hazelcast-platform-operator/hazelcast-platform-operator/test/e2e/hazelcast_cache_test.go:36&#xA;Aftereach start time is 2023-02-24 10:00:19.267590992 +0000 UTC m=+1000.621407676&#xA;Aftereach end time is 2023-02-24 10:00:24.507922802 +0000 UTC m=+1005.861739586&#xA;</system-err>
          </testcase>
          <testcase name="[It] Management-Center External API errors should be reflected to Management CR status [mc, fast]" classname="Operator Suite EE" status="passed" time="70.639370285">
              <system-out>&#xA;Report Entries:&#xA;By Step&#xA;/home/runner/work/hazelcast-platform-operator/hazelcast-platform-operator/test/e2e/management_center_test.go:31&#xA;2023-02-24T10:00:24.508773224Z&#xA;&amp;{Text:checking hazelcast-platform-controller-manager running Duration:69.823373ms}&#xA;--&#xA;By Step&#xA;/home/runner/work/hazelcast-platform-operator/hazelcast-platform-operator/test/e2e/custom_resource_test.go:55&#xA;2023-02-24T10:00:24.578625598Z&#xA;&amp;{Text:setting the label and CR with name &#39;mc-3-heah5u&#39; Duration:0s}&#xA;--&#xA;CR_ID:mc-3-heah5u&#xA;/home/runner/work/hazelcast-platform-operator/hazelcast-platform-operator/test/e2e/custom_resource_test.go:73&#xA;2023-02-24T10:00:24.578712001Z&#xA;--&#xA;By Step&#xA;/home/runner/work/hazelcast-platform-operator/hazelcast-platform-operator/test/e2e/management_center_test.go:65&#xA;2023-02-24T10:00:24.578714201Z&#xA;&amp;{Text:creating ManagementCenter CR Duration:78.537306ms}&#xA;</system-out>
              <system-err>[BeforeEach] Management-Center&#xA;  /home/runner/work/hazelcast-platform-operator/hazelcast-platform-operator/test/e2e/management_center_test.go:23&#xA;�[1mSTEP:�[0m checking hazelcast-platform-controller-manager running �[38;5;243m02/24/23 10:00:24.508�[0m&#xA;[It] should be reflected to Management CR status&#xA;  /home/runner/work/hazelcast-platform-operator/hazelcast-platform-operator/test/e2e/management_center_test.go:129&#xA;�[1mSTEP:�[0m setting the label and CR with name &#39;mc-3-heah5u&#39; �[38;5;243m02/24/23 10:00:24.578�[0m&#xA;�[1mSTEP:�[0m creating ManagementCenter CR �[38;5;243m02/24/23 10:00:24.578�[0m&#xA;[AfterEach] Management-Center&#xA;  /home/runner/work/hazelcast-platform-operator/hazelcast-platform-operator/test/e2e/management_center_test.go:39&#xA;Aftereach start time is 2023-02-24 10:01:34.923719514 +0000 UTC m=+1076.277536298&#xA;Aftereach end time is 2023-02-24 10:01:35.148092708 +0000 UTC m=+1076.501909392&#xA;</system-err>
          </testcase>
          <testcase name="[It] Hazelcast Default Hazelcast CR should create Hazelcast cluster [hz, fast]" classname="Operator Suite EE" status="passed" time="23.643592598">
              <system-out>&#xA;Report Entries:&#xA;By Step&#xA;/home/runner/work/hazelcast-platform-operator/hazelcast-platform-operator/test/e2e/hazelcast_test.go:31&#xA;2023-02-24T10:01:35.150099057Z&#xA;&amp;{Text:checking hazelcast-platform-controller-manager running Duration:70.086617ms}&#xA;--&#xA;By Step&#xA;/home/runner/work/hazelcast-platform-operator/hazelcast-platform-operator/test/e2e/custom_resource_test.go:55&#xA;2023-02-24T10:01:35.220214674Z&#xA;&amp;{Text:setting the label and CR with name &#39;h-1-7qqvb0&#39; Duration:0s}&#xA;--&#xA;CR_ID:h-1-7qqvb0&#xA;/home/runner/work/hazelcast-platform-operator/hazelcast-platform-operator/test/e2e/custom_resource_test.go:73&#xA;2023-02-24T10:01:35.220307077Z&#xA;--&#xA;By Step&#xA;/home/runner/work/hazelcast-platform-operator/hazelcast-platform-operator/test/e2e/helpers_test.go:106&#xA;2023-02-24T10:01:35.220311277Z&#xA;&amp;{Text:creating Hazelcast CR Duration:77.835306ms}&#xA;--&#xA;By Step&#xA;/home/runner/work/hazelcast-platform-operator/hazelcast-platform-operator/test/e2e/helpers_test.go:111&#xA;2023-02-24T10:01:35.298147683Z&#xA;&amp;{Text:checking Hazelcast CR running Duration:21.046053855s}&#xA;</system-out>
              <system-err>[BeforeEach] Hazelcast&#xA;  /home/runner/work/hazelcast-platform-operator/hazelcast-platform-operator/test/e2e/hazelcast_test.go:24&#xA;�[1mSTEP:�[0m checking hazelcast-platform-controller-manager running �[38;5;243m02/24/23 10:01:35.15�[0m&#xA;[It] should create Hazelcast cluster&#xA;  /home/runner/work/hazelcast-platform-operator/hazelcast-platform-operator/test/e2e/hazelcast_test.go:51&#xA;�[1mSTEP:�[0m setting the label and CR with name &#39;h-1-7qqvb0&#39; �[38;5;243m02/24/23 10:01:35.22�[0m&#xA;�[1mSTEP:�[0m creating Hazelcast CR �[38;5;243m02/24/23 10:01:35.22�[0m&#xA;�[1mSTEP:�[0m checking Hazelcast CR running �[38;5;243m02/24/23 10:01:35.298�[0m&#xA;[AfterEach] Hazelcast&#xA;  /home/runner/work/hazelcast-platform-operator/hazelcast-platform-operator/test/e2e/hazelcast_test.go:39&#xA;Aftereach start time is 2023-02-24 10:01:56.344249639 +0000 UTC m=+1097.698066323&#xA;Aftereach end time is 2023-02-24 10:01:58.793634954 +0000 UTC m=+1100.147451738&#xA;</system-err>
          </testcase>
          <testcase name="[It] Hazelcast Hazelcast member status should update HZ detailed member status [hz, fast]" classname="Operator Suite EE" status="passed" time="33.339264931">
              <system-out>&#xA;Report Entries:&#xA;By Step&#xA;/home/runner/work/hazelcast-platform-operator/hazelcast-platform-operator/test/e2e/hazelcast_test.go:31&#xA;2023-02-24T10:01:58.797461492Z&#xA;&amp;{Text:checking hazelcast-platform-controller-manager running Duration:69.575104ms}&#xA;--&#xA;By Step&#xA;/home/runner/work/hazelcast-platform-operator/hazelcast-platform-operator/test/e2e/custom_resource_test.go:55&#xA;2023-02-24T10:01:58.867073397Z&#xA;&amp;{Text:setting the label and CR with name &#39;h-4-a3dhwx&#39; Duration:0s}&#xA;--&#xA;CR_ID:h-4-a3dhwx&#xA;/home/runner/work/hazelcast-platform-operator/hazelcast-platform-operator/test/e2e/custom_resource_test.go:73&#xA;2023-02-24T10:01:58.867185401Z&#xA;--&#xA;By Step&#xA;/home/runner/work/hazelcast-platform-operator/hazelcast-platform-operator/test/e2e/helpers_test.go:106&#xA;2023-02-24T10:01:58.867188301Z&#xA;&amp;{Text:creating Hazelcast CR Duration:75.56562ms}&#xA;--&#xA;By Step&#xA;/home/runner/work/hazelcast-platform-operator/hazelcast-platform-operator/test/e2e/helpers_test.go:111&#xA;2023-02-24T10:01:58.942755121Z&#xA;&amp;{Text:checking Hazelcast CR running Duration:21.039155332s}&#xA;--&#xA;By Step&#xA;/home/runner/work/hazelcast-platform-operator/hazelcast-platform-operator/test/e2e/helpers_test.go:394&#xA;2023-02-24T10:02:19.981916853Z&#xA;&amp;{Text:evaluate number of ready members for lookup name &#39;h-4-a3dhwx&#39; and &#39;test-operator-ee&#39; namespace Duration:9.95083742s}&#xA;</system-out>
              <system-err>[BeforeEach] Hazelcast&#xA;  /home/runner/work/hazelcast-platform-operator/hazelcast-platform-operator/test/e2e/hazelcast_test.go:24&#xA;�[1mSTEP:�[0m checking hazelcast-platform-controller-manager running �[38;5;243m02/24/23 10:01:58.797�[0m&#xA;[It] should update HZ detailed member status&#xA;  /home/runner/work/hazelcast-platform-operator/hazelcast-platform-operator/test/e2e/hazelcast_test.go:81&#xA;�[1mSTEP:�[0m setting the label and CR with name &#39;h-4-a3dhwx&#39; �[38;5;243m02/24/23 10:01:58.867�[0m&#xA;�[1mSTEP:�[0m creating Hazelcast CR �[38;5;243m02/24/23 10:01:58.867�[0m&#xA;�[1mSTEP:�[0m checking Hazelcast CR running �[38;5;243m02/24/23 10:01:58.942�[0m&#xA;�[1mSTEP:�[0m evaluate number of ready members for lookup name &#39;h-4-a3dhwx&#39; and &#39;test-operator-ee&#39; namespace �[38;5;243m02/24/23 10:02:19.981�[0m&#xA;[AfterEach] Hazelcast&#xA;  /home/runner/work/hazelcast-platform-operator/hazelcast-platform-operator/test/e2e/hazelcast_test.go:39&#xA;Aftereach start time is 2023-02-24 10:02:30.007942145 +0000 UTC m=+1131.361758929&#xA;Aftereach end time is 2023-02-24 10:02:32.136674321 +0000 UTC m=+1133.490491105&#xA;</system-err>
          </testcase>
          <testcase name="[It] Hazelcast External API errors should be reflected to Hazelcast CR status [hz, fast]" classname="Operator Suite EE" status="passed" time="5.412794317">
              <system-out>&#xA;Report Entries:&#xA;By Step&#xA;/home/runner/work/hazelcast-platform-operator/hazelcast-platform-operator/test/e2e/hazelcast_test.go:31&#xA;2023-02-24T10:02:32.13789126Z&#xA;&amp;{Text:checking hazelcast-platform-controller-manager running Duration:74.427448ms}&#xA;--&#xA;By Step&#xA;/home/runner/work/hazelcast-platform-operator/hazelcast-platform-operator/test/e2e/custom_resource_test.go:55&#xA;2023-02-24T10:02:32.212348609Z&#xA;&amp;{Text:setting the label and CR with name &#39;h-6-pkqlsy&#39; Duration:0s}&#xA;--&#xA;CR_ID:h-6-pkqlsy&#xA;/home/runner/work/hazelcast-platform-operator/hazelcast-platform-operator/test/e2e/custom_resource_test.go:73&#xA;2023-02-24T10:02:32.212452913Z&#xA;--&#xA;By Step&#xA;/home/runner/work/hazelcast-platform-operator/hazelcast-platform-operator/test/e2e/helpers_test.go:150&#xA;2023-02-24T10:02:32.212456813Z&#xA;&amp;{Text:creating Hazelcast CR Duration:85.531299ms}&#xA;</system-out>
              <system-err>[BeforeEach] Hazelcast&#xA;  /home/runner/work/hazelcast-platform-operator/hazelcast-platform-operator/test/e2e/hazelcast_test.go:24&#xA;�[1mSTEP:�[0m checking hazelcast-platform-controller-manager running �[38;5;243m02/24/23 10:02:32.137�[0m&#xA;[It] should be reflected to Hazelcast CR status&#xA;  /home/runner/work/hazelcast-platform-operator/hazelcast-platform-operator/test/e2e/hazelcast_test.go:135&#xA;�[1mSTEP:�[0m setting the label and CR with name &#39;h-6-pkqlsy&#39; �[38;5;243m02/24/23 10:02:32.212�[0m&#xA;�[1mSTEP:�[0m creating Hazelcast CR �[38;5;243m02/24/23 10:02:32.212�[0m&#xA;[AfterEach] Hazelcast&#xA;  /home/runner/work/hazelcast-platform-operator/hazelcast-platform-operator/test/e2e/hazelcast_test.go:39&#xA;Aftereach start time is 2023-02-24 10:02:33.91247186 +0000 UTC m=+1135.266288644&#xA;Aftereach end time is 2023-02-24 10:02:37.550610075 +0000 UTC m=+1138.904426859&#xA;</system-err>
          </testcase>
          <testcase name="[It] Hazelcast Hazelcast CR dependent CRs when Hazelcast CR is deleted dependent Data Structures and HotBackup CRs should be deleted [hz, fast]" classname="Operator Suite EE" status="passed" time="89.785954527">
              <system-out>&#xA;Report Entries:&#xA;By Step&#xA;/home/runner/work/hazelcast-platform-operator/hazelcast-platform-operator/test/e2e/hazelcast_test.go:31&#xA;2023-02-24T10:02:37.55356843Z&#xA;&amp;{Text:checking hazelcast-platform-controller-manager running Duration:69.768712ms}&#xA;--&#xA;By Step&#xA;/home/runner/work/hazelcast-platform-operator/hazelcast-platform-operator/test/e2e/custom_resource_test.go:55&#xA;2023-02-24T10:02:37.623374843Z&#xA;&amp;{Text:setting the label and CR with name &#39;h-7-4hlra7&#39; Duration:0s}&#xA;--&#xA;CR_ID:h-7-4hlra7&#xA;/home/runner/work/hazelcast-platform-operator/hazelcast-platform-operator/test/e2e/custom_resource_test.go:73&#xA;2023-02-24T10:02:37.623479445Z&#xA;--&#xA;By Step&#xA;/home/runner/work/hazelcast-platform-operator/hazelcast-platform-operator/test/e2e/helpers_test.go:106&#xA;2023-02-24T10:02:37.623489945Z&#xA;&amp;{Text:creating Hazelcast CR Duration:79.26109ms}&#xA;--&#xA;By Step&#xA;/home/runner/work/hazelcast-platform-operator/hazelcast-platform-operator/test/e2e/helpers_test.go:111&#xA;2023-02-24T10:02:37.702752235Z&#xA;&amp;{Text:checking Hazelcast CR running Duration:44.371171703s}&#xA;--&#xA;By Step&#xA;/home/runner/work/hazelcast-platform-operator/hazelcast-platform-operator/test/e2e/helpers_test.go:394&#xA;2023-02-24T10:03:22.073928338Z&#xA;&amp;{Text:evaluate number of ready members for lookup name &#39;h-7-4hlra7&#39; and &#39;test-operator-ee&#39; namespace Duration:10.065351741s}&#xA;--&#xA;By Step&#xA;/home/runner/work/hazelcast-platform-operator/hazelcast-platform-operator/test/e2e/helpers_test.go:424&#xA;2023-02-24T10:03:32.225957538Z&#xA;&amp;{Text:waiting for Map CR status Duration:413.080874ms}&#xA;--&#xA;By Step&#xA;/home/runner/work/hazelcast-platform-operator/hazelcast-platform-operator/test/e2e/helpers_test.go:738&#xA;2023-02-24T10:03:32.717552282Z&#xA;&amp;{Text:waiting for  CR status Duration:9.478714356s}&#xA;--&#xA;By Step&#xA;/home/runner/work/hazelcast-platform-operator/hazelcast-platform-operator/test/e2e/helpers_test.go:738&#xA;2023-02-24T10:03:42.287355915Z&#xA;&amp;{Text:waiting for  CR status Duration:9.898840208s}&#xA;--&#xA;By Step&#xA;/home/runner/work/hazelcast-platform-operator/hazelcast-platform-operator/test/e2e/helpers_test.go:738&#xA;2023-02-24T10:03:52.271985545Z&#xA;&amp;{Text:waiting for  CR status Duration:9.795631793s}&#xA;</system-out>
              <system-err>[BeforeEach] Hazelcast&#xA;  /home/runner/work/hazelcast-platform-operator/hazelcast-platform-operator/test/e2e/hazelcast_test.go:24&#xA;�[1mSTEP:�[0m checking hazelcast-platform-controller-manager running �[38;5;243m02/24/23 10:02:37.553�[0m&#xA;[It] dependent Data Structures and HotBackup CRs should be deleted&#xA;  /home/runner/work/hazelcast-platform-operator/hazelcast-platform-operator/test/e2e/hazelcast_test.go:144&#xA;�[1mSTEP:�[0m setting the label and CR with name &#39;h-7-4hlra7&#39; �[38;5;243m02/24/23 10:02:37.623�[0m&#xA;�[1mSTEP:�[0m creating Hazelcast CR �[38;5;243m02/24/23 10:02:37.623�[0m&#xA;�[1mSTEP:�[0m checking Hazelcast CR running �[38;5;243m02/24/23 10:02:37.702�[0m&#xA;�[1mSTEP:�[0m evaluate number of ready members for lookup name &#39;h-7-4hlra7&#39; and &#39;test-operator-ee&#39; namespace �[38;5;243m02/24/23 10:03:22.073�[0m&#xA;�[1mSTEP:�[0m waiting for Map CR status �[38;5;243m02/24/23 10:03:32.225�[0m&#xA;�[1mSTEP:�[0m waiting for  CR status �[38;5;243m02/24/23 10:03:32.717�[0m&#xA;�[1mSTEP:�[0m waiting for  CR status �[38;5;243m02/24/23 10:03:42.287�[0m&#xA;�[1mSTEP:�[0m waiting for  CR status �[38;5;243m02/24/23 10:03:52.271�[0m&#xA;[AfterEach] Hazelcast&#xA;  /home/runner/work/hazelcast-platform-operator/hazelcast-platform-operator/test/e2e/hazelcast_test.go:39&#xA;Aftereach start time is 2023-02-24 10:04:06.916414166 +0000 UTC m=+1228.270230850&#xA;Aftereach end time is 2023-02-24 10:04:07.339469056 +0000 UTC m=+1228.693285840&#xA;</system-err>
          </testcase>
          <testcase name="[It] Hazelcast CR with expose externally feature should create Hazelcast cluster exposed with LoadBalancer services and allow connecting with Hazelcast smart client [hz_expose_externally, slow]" classname="Operator Suite EE" status="passed" time="78.620713303">
              <system-out>&#xA;Report Entries:&#xA;By Step&#xA;/home/runner/work/hazelcast-platform-operator/hazelcast-platform-operator/test/e2e/hazelcast_expose_externally_test.go:30&#xA;2023-02-24T10:04:07.341458916Z&#xA;&amp;{Text:checking hazelcast-platform-controller-manager running Duration:71.999494ms}&#xA;--&#xA;By Step&#xA;/home/runner/work/hazelcast-platform-operator/hazelcast-platform-operator/test/e2e/custom_resource_test.go:55&#xA;2023-02-24T10:04:07.413489111Z&#xA;&amp;{Text:setting the label and CR with name &#39;hee-3-1woxae&#39; Duration:0s}&#xA;--&#xA;CR_ID:hee-3-1woxae&#xA;/home/runner/work/hazelcast-platform-operator/hazelcast-platform-operator/test/e2e/custom_resource_test.go:73&#xA;2023-02-24T10:04:07.413596014Z&#xA;--&#xA;By Step&#xA;/home/runner/work/hazelcast-platform-operator/hazelcast-platform-operator/test/e2e/helpers_test.go:106&#xA;2023-02-24T10:04:07.413599014Z&#xA;&amp;{Text:creating Hazelcast CR Duration:75.858612ms}&#xA;--&#xA;By Step&#xA;/home/runner/work/hazelcast-platform-operator/hazelcast-platform-operator/test/e2e/helpers_test.go:111&#xA;2023-02-24T10:04:07.489458726Z&#xA;&amp;{Text:checking Hazelcast CR running Duration:59.992746553s}&#xA;--&#xA;By Step&#xA;/home/runner/work/hazelcast-platform-operator/hazelcast-platform-operator/test/e2e/helpers_test.go:394&#xA;2023-02-24T10:05:07.482211179Z&#xA;&amp;{Text:evaluate number of ready members for lookup name &#39;hee-3-1woxae&#39; and &#39;test-operator-ee&#39; namespace Duration:10.036557886s}&#xA;--&#xA;By Step&#xA;/home/runner/work/hazelcast-platform-operator/hazelcast-platform-operator/test/e2e/helpers_test.go:187&#xA;2023-02-24T10:05:17.590462568Z&#xA;&amp;{Text:starting new Hazelcast client Duration:785.338045ms}&#xA;--&#xA;By Step&#xA;/home/runner/work/hazelcast-platform-operator/hazelcast-platform-operator/test/e2e/hazelcast_expose_externally_test.go:127&#xA;2023-02-24T10:05:18.375996119Z&#xA;&amp;{Text:matching HZ members with client members and comparing their public IPs Duration:0s}&#xA;--&#xA;By Step&#xA;/home/runner/work/hazelcast-platform-operator/hazelcast-platform-operator/test/e2e/helpers_test.go:250&#xA;2023-02-24T10:05:18.591038128Z&#xA;&amp;{Text:filling the &#39;map&#39; map with &#39;100&#39; entries using &#39;hee-3-1woxae&#39; lookup name and &#39;test-operator-ee&#39; namespace Duration:6.667627216s}&#xA;--&#xA;By Step&#xA;/home/runner/work/hazelcast-platform-operator/hazelcast-platform-operator/test/e2e/helpers_test.go:187&#xA;2023-02-24T10:05:18.591147931Z&#xA;&amp;{Text:starting new Hazelcast client Duration:812.755211ms}&#xA;--&#xA;By Step&#xA;/home/runner/work/hazelcast-platform-operator/hazelcast-platform-operator/test/e2e/helpers_test.go:272&#xA;2023-02-24T10:05:25.258673445Z&#xA;&amp;{Text:waiting the &#39;map&#39; map to be of size &#39;100&#39; using lookup name &#39;hee-3-1woxae&#39; Duration:545.94159ms}&#xA;--&#xA;By Step&#xA;/home/runner/work/hazelcast-platform-operator/hazelcast-platform-operator/test/e2e/helpers_test.go:187&#xA;2023-02-24T10:05:25.258785848Z&#xA;&amp;{Text:starting new Hazelcast client Duration:400.822913ms}&#xA;--&#xA;By Step&#xA;/home/runner/work/hazelcast-platform-operator/hazelcast-platform-operator/test/e2e/hazelcast_expose_externally_test.go:49&#xA;2023-02-24T10:05:25.804618535Z&#xA;&amp;{Text:status external addresses should not be empty Duration:0s}&#xA;</system-out>
              <system-err>[BeforeEach] Hazelcast CR with expose externally feature&#xA;  /home/runner/work/hazelcast-platform-operator/hazelcast-platform-operator/test/e2e/hazelcast_expose_externally_test.go:23&#xA;�[1mSTEP:�[0m checking hazelcast-platform-controller-manager running �[38;5;243m02/24/23 10:04:07.341�[0m&#xA;[It] should create Hazelcast cluster exposed with LoadBalancer services and allow connecting with Hazelcast smart client&#xA;  /home/runner/work/hazelcast-platform-operator/hazelcast-platform-operator/test/e2e/hazelcast_expose_externally_test.go:116&#xA;�[1mSTEP:�[0m setting the label and CR with name &#39;hee-3-1woxae&#39; �[38;5;243m02/24/23 10:04:07.413�[0m&#xA;�[1mSTEP:�[0m creating Hazelcast CR �[38;5;243m02/24/23 10:04:07.413�[0m&#xA;�[1mSTEP:�[0m checking Hazelcast CR running �[38;5;243m02/24/23 10:04:07.489�[0m&#xA;�[1mSTEP:�[0m evaluate number of ready members for lookup name &#39;hee-3-1woxae&#39; and &#39;test-operator-ee&#39; namespace �[38;5;243m02/24/23 10:05:07.482�[0m&#xA;�[1mSTEP:�[0m starting new Hazelcast client �[38;5;243m02/24/23 10:05:17.59�[0m&#xA;�[1mSTEP:�[0m matching HZ members with client members and comparing their public IPs �[38;5;243m02/24/23 10:05:18.375�[0m&#xA;�[1mSTEP:�[0m filling the &#39;map&#39; map with &#39;100&#39; entries using &#39;hee-3-1woxae&#39; lookup name and &#39;test-operator-ee&#39; namespace �[38;5;243m02/24/23 10:05:18.591�[0m&#xA;�[1mSTEP:�[0m starting new Hazelcast client �[38;5;243m02/24/23 10:05:18.591�[0m&#xA;�[1mSTEP:�[0m waiting the &#39;map&#39; map to be of size &#39;100&#39; using lookup name &#39;hee-3-1woxae&#39; �[38;5;243m02/24/23 10:05:25.258�[0m&#xA;�[1mSTEP:�[0m starting new Hazelcast client �[38;5;243m02/24/23 10:05:25.258�[0m&#xA;�[1mSTEP:�[0m status external addresses should not be empty �[38;5;243m02/24/23 10:05:25.804�[0m&#xA;[AfterEach] Hazelcast CR with expose externally feature&#xA;  /home/runner/work/hazelcast-platform-operator/hazelcast-platform-operator/test/e2e/hazelcast_expose_externally_test.go:38&#xA;Aftereach start time is 2023-02-24 10:05:25.875704388 +0000 UTC m=+1307.229521072&#xA;Aftereach end time is 2023-02-24 10:05:25.962111518 +0000 UTC m=+1307.315928202&#xA;</system-err>
          </testcase>
          <testcase name="[It] Hazelcast Map Config with Persistence should persist Map Config with Indexes [map_persistence, fast]" classname="Operator Suite EE" status="passed" time="25.286005562">
              <system-out>&#xA;Report Entries:&#xA;By Step&#xA;/home/runner/work/hazelcast-platform-operator/hazelcast-platform-operator/test/e2e/hazelcast_map_persistence_test.go:30&#xA;2023-02-24T10:05:25.963187744Z&#xA;&amp;{Text:checking hazelcast-platform-controller-manager running Duration:70.260332ms}&#xA;--&#xA;By Step&#xA;/home/runner/work/hazelcast-platform-operator/hazelcast-platform-operator/test/e2e/custom_resource_test.go:55&#xA;2023-02-24T10:05:26.033479877Z&#xA;&amp;{Text:setting the label and CR with name &#39;hmp-4-c5n4ic&#39; Duration:0s}&#xA;--&#xA;CR_ID:hmp-4-c5n4ic&#xA;/home/runner/work/hazelcast-platform-operator/hazelcast-platform-operator/test/e2e/custom_resource_test.go:73&#xA;2023-02-24T10:05:26.03359898Z&#xA;--&#xA;By Step&#xA;/home/runner/work/hazelcast-platform-operator/hazelcast-platform-operator/test/e2e/helpers_test.go:106&#xA;2023-02-24T10:05:26.03360248Z&#xA;&amp;{Text:creating Hazelcast CR Duration:82.095824ms}&#xA;--&#xA;By Step&#xA;/home/runner/work/hazelcast-platform-operator/hazelcast-platform-operator/test/e2e/helpers_test.go:111&#xA;2023-02-24T10:05:26.115700004Z&#xA;&amp;{Text:checking Hazelcast CR running Duration:20.922711011s}&#xA;--&#xA;By Step&#xA;/home/runner/work/hazelcast-platform-operator/hazelcast-platform-operator/test/e2e/helpers_test.go:424&#xA;2023-02-24T10:05:47.116474746Z&#xA;&amp;{Text:waiting for Map CR status Duration:1.273504864s}&#xA;--&#xA;By Step&#xA;/home/runner/work/hazelcast-platform-operator/hazelcast-platform-operator/test/e2e/hazelcast_map_persistence_test.go:173&#xA;2023-02-24T10:05:48.38998131Z&#xA;&amp;{Text:checking if the map is in the configmap Duration:0s}&#xA;--&#xA;By Step&#xA;/home/runner/work/hazelcast-platform-operator/hazelcast-platform-operator/test/e2e/hazelcast_map_persistence_test.go:176&#xA;2023-02-24T10:05:48.813370368Z&#xA;&amp;{Text:checking if the indexes are persisted Duration:0s}&#xA;</system-out>
              <system-err>[BeforeEach] Hazelcast Map Config with Persistence&#xA;  /home/runner/work/hazelcast-platform-operator/hazelcast-platform-operator/test/e2e/hazelcast_map_persistence_test.go:23&#xA;�[1mSTEP:�[0m checking hazelcast-platform-controller-manager running �[38;5;243m02/24/23 10:05:25.963�[0m&#xA;test-operator-ee/hp-ee-4261116783-hazelcast-platform-operator&#xA;[It] should persist Map Config with Indexes&#xA;  /home/runner/work/hazelcast-platform-operator/hazelcast-platform-operator/test/e2e/hazelcast_map_persistence_test.go:153&#xA;�[1mSTEP:�[0m setting the label and CR with name &#39;hmp-4-c5n4ic&#39; �[38;5;243m02/24/23 10:05:26.033�[0m&#xA;�[1mSTEP:�[0m creating Hazelcast CR �[38;5;243m02/24/23 10:05:26.033�[0m&#xA;�[1mSTEP:�[0m checking Hazelcast CR running �[38;5;243m02/24/23 10:05:26.115�[0m&#xA;�[1mSTEP:�[0m waiting for Map CR status �[38;5;243m02/24/23 10:05:47.116�[0m&#xA;�[1mSTEP:�[0m checking if the map is in the configmap �[38;5;243m02/24/23 10:05:48.389�[0m&#xA;�[1mSTEP:�[0m checking if the indexes are persisted �[38;5;243m02/24/23 10:05:48.813�[0m&#xA;[AfterEach] Hazelcast Map Config with Persistence&#xA;  /home/runner/work/hazelcast-platform-operator/hazelcast-platform-operator/test/e2e/hazelcast_map_persistence_test.go:39&#xA;Aftereach start time is 2023-02-24 10:05:48.813522972 +0000 UTC m=+1330.167339656&#xA;Aftereach end time is 2023-02-24 10:05:51.249138905 +0000 UTC m=+1332.602955689&#xA;</system-err>
          </testcase>
          <testcase name="[It] Resilience should be able to reconnect to Hazelcast cluster upon restart even when Hazelcast cluster is marked to be deleted [slow]" classname="Operator Suite EE" status="skipped" time="0">
              <skipped message="skipped"></skipped>
          </testcase>
          <testcase name="[It] Hazelcast WAN should send 3 GB data by each cluster in active-passive mode in the different GKE clusters [hz_wan_slow, slow]" classname="Operator Suite EE" status="skipped" time="0">
              <skipped message="skipped"></skipped>
          </testcase>
          <testcase name="[It] Hazelcast WAN should send 6 GB data by each cluster in active-active mode in the different GKE clusters [hz_wan_slow, slow]" classname="Operator Suite EE" status="skipped" time="0">
              <skipped message="skipped"></skipped>
          </testcase>
          <testcase name="[AfterSuite]" classname="Operator Suite EE" status="passed" time="0.000354715">
              <system-out>&#xA;Report Entries:&#xA;By Step&#xA;/home/runner/work/hazelcast-platform-operator/hazelcast-platform-operator/test/e2e/e2e_suite_test.go:57&#xA;2023-02-24T10:54:11.228611066Z&#xA;&amp;{Text:tearing down the test environment Duration:0s}&#xA;</system-out>
              <system-err>[AfterSuite] TOP-LEVEL&#xA;  /home/runner/work/hazelcast-platform-operator/hazelcast-platform-operator/test/e2e/e2e_suite_test.go:56&#xA;�[1mSTEP:�[0m tearing down the test environment �[38;5;243m02/24/23 10:54:11.228�[0m&#xA;</system-err>
          </testcase>
          <testcase name="[SynchronizedBeforeSuite]" classname="Operator Suite EE" status="passed" time="3.846664722">
              <system-out>&#xA;Report Entries:&#xA;By Step&#xA;/home/runner/work/hazelcast-platform-operator/hazelcast-platform-operator/test/e2e/e2e_suite_test.go:65&#xA;2023-02-24T09:44:32.440556199Z&#xA;&amp;{Text:bootstrapping test environment Duration:0s}&#xA;</system-out>
              <system-err>[SynchronizedBeforeSuite] TOP-LEVEL&#xA;  /home/runner/work/hazelcast-platform-operator/hazelcast-platform-operator/test/e2e/e2e_suite_test.go:40&#xA;�[1mSTEP:�[0m bootstrapping test environment �[38;5;243m02/24/23 09:44:32.44�[0m&#xA;</system-err>
          </testcase>
          <testcase name="[It] Hazelcast CR with Persistence feature enabled should trigger corresponding action when startupActionSpecified PartialStart [hz_persistence, slow]" classname="Operator Suite EE" status="passed" time="323.194023647">
              <system-out>&#xA;Report Entries:&#xA;By Step&#xA;/home/runner/work/hazelcast-platform-operator/hazelcast-platform-operator/test/e2e/hazelcast_persistence_test.go:29&#xA;2023-02-24T09:44:34.419236664Z&#xA;&amp;{Text:checking hazelcast-platform-controller-manager running Duration:70.778776ms}&#xA;--&#xA;By Step&#xA;/home/runner/work/hazelcast-platform-operator/hazelcast-platform-operator/test/e2e/custom_resource_test.go:55&#xA;2023-02-24T09:44:34.490095842Z&#xA;&amp;{Text:setting the label and CR with name &#39;hp-2-5e9ikb&#39; Duration:0s}&#xA;--&#xA;CR_ID:hp-2-5e9ikb&#xA;/home/runner/work/hazelcast-platform-operator/hazelcast-platform-operator/test/e2e/custom_resource_test.go:73&#xA;2023-02-24T09:44:34.490165043Z&#xA;--&#xA;By Step&#xA;/home/runner/work/hazelcast-platform-operator/hazelcast-platform-operator/test/e2e/helpers_test.go:106&#xA;2023-02-24T09:44:34.490169643Z&#xA;&amp;{Text:creating Hazelcast CR Duration:89.730872ms}&#xA;--&#xA;By Step&#xA;/home/runner/work/hazelcast-platform-operator/hazelcast-platform-operator/test/e2e/helpers_test.go:111&#xA;2023-02-24T09:44:34.579901915Z&#xA;&amp;{Text:checking Hazelcast CR running Duration:2m0.660399308s}&#xA;--&#xA;By Step&#xA;/home/runner/work/hazelcast-platform-operator/hazelcast-platform-operator/test/e2e/helpers_test.go:394&#xA;2023-02-24T09:46:35.240306023Z&#xA;&amp;{Text:evaluate number of ready members for lookup name &#39;hp-2-5e9ikb&#39; and &#39;test-operator-ee&#39; namespace Duration:10.355817321s}&#xA;--&#xA;By Step&#xA;/home/runner/work/hazelcast-platform-operator/hazelcast-platform-operator/test/e2e/hazelcast_persistence_test.go:98&#xA;2023-02-24T09:46:45.596125144Z&#xA;&amp;{Text:creating HotBackup CR Duration:0s}&#xA;--&#xA;By Step&#xA;/home/runner/work/hazelcast-platform-operator/hazelcast-platform-operator/test/e2e/helpers_test.go:720&#xA;2023-02-24T09:46:45.678664023Z&#xA;&amp;{Text:waiting for HotBackup CR status to be Success Duration:1.493736924s}&#xA;--&#xA;By Step&#xA;/home/runner/work/hazelcast-platform-operator/hazelcast-platform-operator/test/e2e/helpers_test.go:54&#xA;2023-02-24T09:46:47.172403947Z&#xA;&amp;{Text:finding Backup sequence Duration:239.779914ms}&#xA;--&#xA;By Step&#xA;/home/runner/work/hazelcast-platform-operator/hazelcast-platform-operator/test/e2e/helpers_test.go:77&#xA;2023-02-24T09:46:47.172551553Z&#xA;&amp;{Text:getting Hazelcast logs Duration:165.357261ms}&#xA;--&#xA;By Step&#xA;/home/runner/work/hazelcast-platform-operator/hazelcast-platform-operator/test/e2e/helpers_test.go:156&#xA;2023-02-24T09:46:47.412185961Z&#xA;&amp;{Text:removing hazelcast CR Duration:4.759397476s}&#xA;--&#xA;By Step&#xA;/home/runner/work/hazelcast-platform-operator/hazelcast-platform-operator/test/e2e/helpers_test.go:163&#xA;2023-02-24T09:46:52.171584637Z&#xA;&amp;{Text:waiting for Hazelcast CR to be removed Duration:2.358260751s}&#xA;--&#xA;By Step&#xA;/home/runner/work/hazelcast-platform-operator/hazelcast-platform-operator/test/e2e/hazelcast_persistence_test.go:107&#xA;2023-02-24T09:46:54.529847288Z&#xA;&amp;{Text:creating new Hazelcast cluster from existing backup with 2 members Duration:0s}&#xA;--&#xA;By Step&#xA;/home/runner/work/hazelcast-platform-operator/hazelcast-platform-operator/test/e2e/helpers_test.go:106&#xA;2023-02-24T09:46:54.529962592Z&#xA;&amp;{Text:creating Hazelcast CR Duration:82.084764ms}&#xA;--&#xA;By Step&#xA;/home/runner/work/hazelcast-platform-operator/hazelcast-platform-operator/test/e2e/helpers_test.go:111&#xA;2023-02-24T09:46:54.612048256Z&#xA;&amp;{Text:checking Hazelcast CR running Duration:2m46.742303648s}&#xA;--&#xA;By Step&#xA;/home/runner/work/hazelcast-platform-operator/hazelcast-platform-operator/test/e2e/helpers_test.go:394&#xA;2023-02-24T09:49:41.354356304Z&#xA;&amp;{Text:evaluate number of ready members for lookup name &#39;hp-2-5e9ikb&#39; and &#39;test-operator-ee&#39; namespace Duration:10.119660785s}&#xA;--&#xA;By Step&#xA;/home/runner/work/hazelcast-platform-operator/hazelcast-platform-operator/test/e2e/client_port_forward_test.go:106&#xA;2023-02-24T09:49:51.474019489Z&#xA;&amp;{Text:waiting for Cluster state Duration:717.585347ms}&#xA;--&#xA;By Step&#xA;/home/runner/work/hazelcast-platform-operator/hazelcast-platform-operator/test/e2e/client_port_forward_test.go:115&#xA;2023-02-24T09:49:51.474190594Z&#xA;&amp;{Text:Getting the cluster state with lookup name &#39;hp-2-5e9ikb&#39; Duration:717.408642ms}&#xA;--&#xA;By Step&#xA;/home/runner/work/hazelcast-platform-operator/hazelcast-platform-operator/test/e2e/helpers_test.go:525&#xA;2023-02-24T09:49:51.806351916Z&#xA;&amp;{Text:creating Hazelcast client using address &#39;localhost:8404&#39; Duration:288.628158ms}&#xA;</system-out>
              <system-err>[BeforeEach] Hazelcast CR with Persistence feature enabled&#xA;  /home/runner/work/hazelcast-platform-operator/hazelcast-platform-operator/test/e2e/hazelcast_persistence_test.go:22&#xA;�[1mSTEP:�[0m checking hazelcast-platform-controller-manager running �[38;5;243m02/24/23 09:44:34.419�[0m&#xA;[It] PartialStart&#xA;  /home/runner/work/hazelcast-platform-operator/hazelcast-platform-operator/test/e2e/hazelcast_persistence_test.go:121&#xA;�[1mSTEP:�[0m setting the label and CR with name &#39;hp-2-5e9ikb&#39; �[38;5;243m02/24/23 09:44:34.49�[0m&#xA;�[1mSTEP:�[0m creating Hazelcast CR �[38;5;243m02/24/23 09:44:34.49�[0m&#xA;�[1mSTEP:�[0m checking Hazelcast CR running �[38;5;243m02/24/23 09:44:34.579�[0m&#xA;�[1mSTEP:�[0m evaluate number of ready members for lookup name &#39;hp-2-5e9ikb&#39; and &#39;test-operator-ee&#39; namespace �[38;5;243m02/24/23 09:46:35.24�[0m&#xA;�[1mSTEP:�[0m creating HotBackup CR �[38;5;243m02/24/23 09:46:45.596�[0m&#xA;�[1mSTEP:�[0m waiting for HotBackup CR status to be Success �[38;5;243m02/24/23 09:46:45.678�[0m&#xA;�[1mSTEP:�[0m finding Backup sequence �[38;5;243m02/24/23 09:46:47.172�[0m&#xA;�[1mSTEP:�[0m getting Hazelcast logs �[38;5;243m02/24/23 09:46:47.172�[0m&#xA;�[1mSTEP:�[0m removing hazelcast CR �[38;5;243m02/24/23 09:46:47.412�[0m&#xA;�[1mSTEP:�[0m waiting for Hazelcast CR to be removed �[38;5;243m02/24/23 09:46:52.171�[0m&#xA;�[1mSTEP:�[0m creating new Hazelcast cluster from existing backup with 2 members �[38;5;243m02/24/23 09:46:54.529�[0m&#xA;�[1mSTEP:�[0m creating Hazelcast CR �[38;5;243m02/24/23 09:46:54.529�[0m&#xA;�[1mSTEP:�[0m checking Hazelcast CR running �[38;5;243m02/24/23 09:46:54.612�[0m&#xA;�[1mSTEP:�[0m evaluate number of ready members for lookup name &#39;hp-2-5e9ikb&#39; and &#39;test-operator-ee&#39; namespace �[38;5;243m02/24/23 09:49:41.354�[0m&#xA;�[1mSTEP:�[0m waiting for Cluster state �[38;5;243m02/24/23 09:49:51.474�[0m&#xA;�[1mSTEP:�[0m Getting the cluster state with lookup name &#39;hp-2-5e9ikb&#39; �[38;5;243m02/24/23 09:49:51.474�[0m&#xA;�[1mSTEP:�[0m creating Hazelcast client using address &#39;localhost:8404&#39; �[38;5;243m02/24/23 09:49:51.806�[0m&#xA;[AfterEach] Hazelcast CR with Persistence feature enabled&#xA;  /home/runner/work/hazelcast-platform-operator/hazelcast-platform-operator/test/e2e/hazelcast_persistence_test.go:37&#xA;Aftereach start time is 2023-02-24 09:49:52.191639337 +0000 UTC m=+373.535213504&#xA;Aftereach end time is 2023-02-24 09:49:57.61319151 +0000 UTC m=+378.956765677&#xA;</system-err>
          </testcase>
          <testcase name="[It] Hazelcast CR with Persistence feature enabled Should successfully restore from ExternalBackup-PVC using GCP bucket HotBackupResourceName [hz_persistence, slow]" classname="Operator Suite EE" status="passed" time="228.447632437">
              <system-out>&#xA;Report Entries:&#xA;By Step&#xA;/home/runner/work/hazelcast-platform-operator/hazelcast-platform-operator/test/e2e/hazelcast_persistence_test.go:29&#xA;2023-02-24T09:49:57.614577643Z&#xA;&amp;{Text:checking hazelcast-platform-controller-manager running Duration:72.611814ms}&#xA;--&#xA;By Step&#xA;/home/runner/work/hazelcast-platform-operator/hazelcast-platform-operator/test/e2e/custom_resource_test.go:55&#xA;2023-02-24T09:49:57.687275059Z&#xA;&amp;{Text:setting the label and CR with name &#39;hp-6-zpuy8j&#39; Duration:0s}&#xA;--&#xA;CR_ID:hp-6-zpuy8j&#xA;/home/runner/work/hazelcast-platform-operator/hazelcast-platform-operator/test/e2e/custom_resource_test.go:73&#xA;2023-02-24T09:49:57.687436763Z&#xA;--&#xA;By Step&#xA;/home/runner/work/hazelcast-platform-operator/hazelcast-platform-operator/test/e2e/hazelcast_persistence_test.go:208&#xA;2023-02-24T09:49:57.687441363Z&#xA;&amp;{Text:creating cluster with backup enabled Duration:0s}&#xA;--&#xA;By Step&#xA;/home/runner/work/hazelcast-platform-operator/hazelcast-platform-operator/test/e2e/hazelcast_persistence_test.go:155&#xA;2023-02-24T09:49:57.687524965Z&#xA;&amp;{Text:creating cluster with backup enabled Duration:0s}&#xA;--&#xA;By Step&#xA;/home/runner/work/hazelcast-platform-operator/hazelcast-platform-operator/test/e2e/helpers_test.go:106&#xA;2023-02-24T09:49:57.687566866Z&#xA;&amp;{Text:creating Hazelcast CR Duration:85.880828ms}&#xA;--&#xA;By Step&#xA;/home/runner/work/hazelcast-platform-operator/hazelcast-platform-operator/test/e2e/helpers_test.go:111&#xA;2023-02-24T09:49:57.773448695Z&#xA;&amp;{Text:checking Hazelcast CR running Duration:50.800462807s}&#xA;--&#xA;By Step&#xA;/home/runner/work/hazelcast-platform-operator/hazelcast-platform-operator/test/e2e/helpers_test.go:394&#xA;2023-02-24T09:50:48.573917602Z&#xA;&amp;{Text:evaluate number of ready members for lookup name &#39;hp-6-zpuy8j&#39; and &#39;test-operator-ee&#39; namespace Duration:10.039711338s}&#xA;--&#xA;By Step&#xA;/home/runner/work/hazelcast-platform-operator/hazelcast-platform-operator/test/e2e/hazelcast_persistence_test.go:159&#xA;2023-02-24T09:50:58.61363114Z&#xA;&amp;{Text:creating the map config and adding entries Duration:0s}&#xA;--&#xA;By Step&#xA;/home/runner/work/hazelcast-platform-operator/hazelcast-platform-operator/test/e2e/helpers_test.go:424&#xA;2023-02-24T09:50:58.706446093Z&#xA;&amp;{Text:waiting for Map CR status Duration:587.038486ms}&#xA;--&#xA;By Step&#xA;/home/runner/work/hazelcast-platform-operator/hazelcast-platform-operator/test/e2e/client_port_forward_test.go:20&#xA;2023-02-24T09:50:59.293491379Z&#xA;&amp;{Text:filling the &#39;hp-6-zpuy8j&#39; map with &#39;10&#39; entries using &#39;hp-6-zpuy8j&#39; lookup name and &#39;test-operator-ee&#39; namespace Duration:2.052785244s}&#xA;--&#xA;By Step&#xA;/home/runner/work/hazelcast-platform-operator/hazelcast-platform-operator/test/e2e/helpers_test.go:525&#xA;2023-02-24T09:50:59.562882638Z&#xA;&amp;{Text:creating Hazelcast client using address &#39;localhost:8404&#39; Duration:294.849623ms}&#xA;--&#xA;By Step&#xA;/home/runner/work/hazelcast-platform-operator/hazelcast-platform-operator/test/e2e/hazelcast_persistence_test.go:165&#xA;2023-02-24T09:51:01.346278623Z&#xA;&amp;{Text:triggering backup Duration:0s}&#xA;--&#xA;By Step&#xA;/home/runner/work/hazelcast-platform-operator/hazelcast-platform-operator/test/e2e/helpers_test.go:720&#xA;2023-02-24T09:51:01.434558271Z&#xA;&amp;{Text:waiting for HotBackup CR status to be Success Duration:2.651666113s}&#xA;--&#xA;By Step&#xA;/home/runner/work/hazelcast-platform-operator/hazelcast-platform-operator/test/e2e/hazelcast_persistence_test.go:170&#xA;2023-02-24T09:51:04.086225684Z&#xA;&amp;{Text:checking if backup status is correct Duration:0s}&#xA;--&#xA;By Step&#xA;/home/runner/work/hazelcast-platform-operator/hazelcast-platform-operator/test/e2e/helpers_test.go:54&#xA;2023-02-24T09:51:04.086319686Z&#xA;&amp;{Text:finding Backup sequence Duration:273.387142ms}&#xA;--&#xA;By Step&#xA;/home/runner/work/hazelcast-platform-operator/hazelcast-platform-operator/test/e2e/helpers_test.go:77&#xA;2023-02-24T09:51:04.086360587Z&#xA;&amp;{Text:getting Hazelcast logs Duration:210.010572ms}&#xA;--&#xA;By Step&#xA;/home/runner/work/hazelcast-platform-operator/hazelcast-platform-operator/test/e2e/hazelcast_persistence_test.go:173&#xA;2023-02-24T09:51:04.359731029Z&#xA;&amp;{Text:adding new entries after backup Duration:0s}&#xA;--&#xA;By Step&#xA;/home/runner/work/hazelcast-platform-operator/hazelcast-platform-operator/test/e2e/client_port_forward_test.go:20&#xA;2023-02-24T09:51:04.359840931Z&#xA;&amp;{Text:filling the &#39;hp-6-zpuy8j&#39; map with &#39;15&#39; entries using &#39;hp-6-zpuy8j&#39; lookup name and &#39;test-operator-ee&#39; namespace Duration:1.758619297s}&#xA;--&#xA;By Step&#xA;/home/runner/work/hazelcast-platform-operator/hazelcast-platform-operator/test/e2e/helpers_test.go:525&#xA;2023-02-24T09:51:04.635908236Z&#xA;&amp;{Text:creating Hazelcast client using address &#39;localhost:8404&#39; Duration:278.415758ms}&#xA;--&#xA;By Step&#xA;/home/runner/work/hazelcast-platform-operator/hazelcast-platform-operator/test/e2e/hazelcast_persistence_test.go:176&#xA;2023-02-24T09:51:06.118462328Z&#xA;&amp;{Text:removing Hazelcast CR Duration:0s}&#xA;--&#xA;By Step&#xA;/home/runner/work/hazelcast-platform-operator/hazelcast-platform-operator/test/e2e/helpers_test.go:156&#xA;2023-02-24T09:51:06.118707533Z&#xA;&amp;{Text:removing hazelcast CR Duration:3.799659613s}&#xA;--&#xA;By Step&#xA;/home/runner/work/hazelcast-platform-operator/hazelcast-platform-operator/test/e2e/helpers_test.go:163&#xA;2023-02-24T09:51:09.918368846Z&#xA;&amp;{Text:waiting for Hazelcast CR to be removed Duration:445.816034ms}&#xA;--&#xA;By Step&#xA;/home/runner/work/hazelcast-platform-operator/hazelcast-platform-operator/test/e2e/hazelcast_persistence_test.go:179&#xA;2023-02-24T09:51:10.36418658Z&#xA;&amp;{Text:creating cluster from backup Duration:0s}&#xA;--&#xA;By Step&#xA;/home/runner/work/hazelcast-platform-operator/hazelcast-platform-operator/test/e2e/helpers_test.go:106&#xA;2023-02-24T09:51:10.364331283Z&#xA;&amp;{Text:creating Hazelcast CR Duration:81.562391ms}&#xA;--&#xA;By Step&#xA;/home/runner/work/hazelcast-platform-operator/hazelcast-platform-operator/test/e2e/helpers_test.go:111&#xA;2023-02-24T09:51:10.445894574Z&#xA;&amp;{Text:checking Hazelcast CR running Duration:2m19.156549478s}&#xA;--&#xA;By Step&#xA;/home/runner/work/hazelcast-platform-operator/hazelcast-platform-operator/test/e2e/helpers_test.go:394&#xA;2023-02-24T09:53:29.602449952Z&#xA;&amp;{Text:evaluate number of ready members for lookup name &#39;hp-6-zpuy8j&#39; and &#39;test-operator-ee&#39; namespace Duration:10.133422449s}&#xA;--&#xA;By Step&#xA;/home/runner/work/hazelcast-platform-operator/hazelcast-platform-operator/test/e2e/hazelcast_persistence_test.go:184&#xA;2023-02-24T09:53:39.735874101Z&#xA;&amp;{Text:checking the cluster state and map size Duration:0s}&#xA;--&#xA;By Step&#xA;/home/runner/work/hazelcast-platform-operator/hazelcast-platform-operator/test/e2e/helpers_test.go:546&#xA;2023-02-24T09:53:39.736011404Z&#xA;&amp;{Text:waiting for Map CR status Duration:78.169811ms}&#xA;--&#xA;By Step&#xA;/home/runner/work/hazelcast-platform-operator/hazelcast-platform-operator/test/e2e/client_port_forward_test.go:106&#xA;2023-02-24T09:53:39.814183115Z&#xA;&amp;{Text:waiting for Cluster state Duration:673.564827ms}&#xA;--&#xA;By Step&#xA;/home/runner/work/hazelcast-platform-operator/hazelcast-platform-operator/test/e2e/client_port_forward_test.go:115&#xA;2023-02-24T09:53:39.814302217Z&#xA;&amp;{Text:Getting the cluster state with lookup name &#39;hp-6-zpuy8j&#39; Duration:673.439725ms}&#xA;--&#xA;By Step&#xA;/home/runner/work/hazelcast-platform-operator/hazelcast-platform-operator/test/e2e/helpers_test.go:525&#xA;2023-02-24T09:53:40.114726125Z&#xA;&amp;{Text:creating Hazelcast client using address &#39;localhost:8404&#39; Duration:287.252655ms}&#xA;--&#xA;By Step&#xA;/home/runner/work/hazelcast-platform-operator/hazelcast-platform-operator/test/e2e/client_port_forward_test.go:47&#xA;2023-02-24T09:53:40.487755542Z&#xA;&amp;{Text:waiting the &#39;hp-6-zpuy8j&#39; map to be of size &#39;10&#39; using lookup name &#39;hp-6-zpuy8j&#39; Duration:721.144077ms}&#xA;--&#xA;By Step&#xA;/home/runner/work/hazelcast-platform-operator/hazelcast-platform-operator/test/e2e/helpers_test.go:525&#xA;2023-02-24T09:53:40.770044613Z&#xA;&amp;{Text:creating Hazelcast client using address &#39;localhost:8404&#39; Duration:272.665285ms}&#xA;</system-out>
              <system-err>[BeforeEach] Hazelcast CR with Persistence feature enabled&#xA;  /home/runner/work/hazelcast-platform-operator/hazelcast-platform-operator/test/e2e/hazelcast_persistence_test.go:22&#xA;�[1mSTEP:�[0m checking hazelcast-platform-controller-manager running �[38;5;243m02/24/23 09:49:57.614�[0m&#xA;[It] using GCP bucket HotBackupResourceName&#xA;  /home/runner/work/hazelcast-platform-operator/hazelcast-platform-operator/test/e2e/hazelcast_persistence_test.go:216&#xA;�[1mSTEP:�[0m setting the label and CR with name &#39;hp-6-zpuy8j&#39; �[38;5;243m02/24/23 09:49:57.687�[0m&#xA;�[1mSTEP:�[0m creating cluster with backup enabled �[38;5;243m02/24/23 09:49:57.687�[0m&#xA;�[1mSTEP:�[0m creating cluster with backup enabled �[38;5;243m02/24/23 09:49:57.687�[0m&#xA;�[1mSTEP:�[0m creating Hazelcast CR �[38;5;243m02/24/23 09:49:57.687�[0m&#xA;�[1mSTEP:�[0m checking Hazelcast CR running �[38;5;243m02/24/23 09:49:57.773�[0m&#xA;�[1mSTEP:�[0m evaluate number of ready members for lookup name &#39;hp-6-zpuy8j&#39; and &#39;test-operator-ee&#39; namespace �[38;5;243m02/24/23 09:50:48.573�[0m&#xA;�[1mSTEP:�[0m creating the map config and adding entries �[38;5;243m02/24/23 09:50:58.613�[0m&#xA;�[1mSTEP:�[0m waiting for Map CR status �[38;5;243m02/24/23 09:50:58.706�[0m&#xA;�[1mSTEP:�[0m filling the &#39;hp-6-zpuy8j&#39; map with &#39;10&#39; entries using &#39;hp-6-zpuy8j&#39; lookup name and &#39;test-operator-ee&#39; namespace �[38;5;243m02/24/23 09:50:59.293�[0m&#xA;�[1mSTEP:�[0m creating Hazelcast client using address &#39;localhost:8404&#39; �[38;5;243m02/24/23 09:50:59.562�[0m&#xA;�[1mSTEP:�[0m triggering backup �[38;5;243m02/24/23 09:51:01.346�[0m&#xA;�[1mSTEP:�[0m waiting for HotBackup CR status to be Success �[38;5;243m02/24/23 09:51:01.434�[0m&#xA;�[1mSTEP:�[0m checking if backup status is correct �[38;5;243m02/24/23 09:51:04.086�[0m&#xA;�[1mSTEP:�[0m finding Backup sequence �[38;5;243m02/24/23 09:51:04.086�[0m&#xA;�[1mSTEP:�[0m getting Hazelcast logs �[38;5;243m02/24/23 09:51:04.086�[0m&#xA;�[1mSTEP:�[0m adding new entries after backup �[38;5;243m02/24/23 09:51:04.359�[0m&#xA;�[1mSTEP:�[0m filling the &#39;hp-6-zpuy8j&#39; map with &#39;15&#39; entries using &#39;hp-6-zpuy8j&#39; lookup name and &#39;test-operator-ee&#39; namespace �[38;5;243m02/24/23 09:51:04.359�[0m&#xA;�[1mSTEP:�[0m creating Hazelcast client using address &#39;localhost:8404&#39; �[38;5;243m02/24/23 09:51:04.635�[0m&#xA;�[1mSTEP:�[0m removing Hazelcast CR �[38;5;243m02/24/23 09:51:06.118�[0m&#xA;�[1mSTEP:�[0m removing hazelcast CR �[38;5;243m02/24/23 09:51:06.118�[0m&#xA;�[1mSTEP:�[0m waiting for Hazelcast CR to be removed �[38;5;243m02/24/23 09:51:09.918�[0m&#xA;�[1mSTEP:�[0m creating cluster from backup �[38;5;243m02/24/23 09:51:10.364�[0m&#xA;�[1mSTEP:�[0m creating Hazelcast CR �[38;5;243m02/24/23 09:51:10.364�[0m&#xA;�[1mSTEP:�[0m checking Hazelcast CR running �[38;5;243m02/24/23 09:51:10.445�[0m&#xA;�[1mSTEP:�[0m evaluate number of ready members for lookup name &#39;hp-6-zpuy8j&#39; and &#39;test-operator-ee&#39; namespace �[38;5;243m02/24/23 09:53:29.602�[0m&#xA;�[1mSTEP:�[0m checking the cluster state and map size �[38;5;243m02/24/23 09:53:39.735�[0m&#xA;�[1mSTEP:�[0m waiting for Map CR status �[38;5;243m02/24/23 09:53:39.736�[0m&#xA;�[1mSTEP:�[0m waiting for Cluster state �[38;5;243m02/24/23 09:53:39.814�[0m&#xA;�[1mSTEP:�[0m Getting the cluster state with lookup name &#39;hp-6-zpuy8j&#39; �[38;5;243m02/24/23 09:53:39.814�[0m&#xA;�[1mSTEP:�[0m creating Hazelcast client using address &#39;localhost:8404&#39; �[38;5;243m02/24/23 09:53:40.114�[0m&#xA;�[1mSTEP:�[0m waiting the &#39;hp-6-zpuy8j&#39; map to be of size &#39;10&#39; using lookup name &#39;hp-6-zpuy8j&#39; �[38;5;243m02/24/23 09:53:40.487�[0m&#xA;�[1mSTEP:�[0m creating Hazelcast client using address &#39;localhost:8404&#39; �[38;5;243m02/24/23 09:53:40.77�[0m&#xA;[AfterEach] Hazelcast CR with Persistence feature enabled&#xA;  /home/runner/work/hazelcast-platform-operator/hazelcast-platform-operator/test/e2e/hazelcast_persistence_test.go:37&#xA;Aftereach start time is 2023-02-24 09:53:41.20893682 +0000 UTC m=+602.552510887&#xA;Aftereach end time is 2023-02-24 09:53:46.062115878 +0000 UTC m=+607.405690045&#xA;</system-err>
          </testcase>
          <testcase name="[It] Hazelcast User Code Deployment should add entry listeners [custom_class, fast]" classname="Operator Suite EE" status="passed" time="24.858627851">
              <system-out>&#xA;Report Entries:&#xA;By Step&#xA;/home/runner/work/hazelcast-platform-operator/hazelcast-platform-operator/test/e2e/hazelcast_user_code_test.go:32&#xA;2023-02-24T09:53:46.064709328Z&#xA;&amp;{Text:checking hazelcast-platform-controller-manager running Duration:72.122598ms}&#xA;--&#xA;By Step&#xA;/home/runner/work/hazelcast-platform-operator/hazelcast-platform-operator/test/e2e/custom_resource_test.go:55&#xA;2023-02-24T09:53:46.136880827Z&#xA;&amp;{Text:setting the label and CR with name &#39;hel-1-yr3niz&#39; Duration:0s}&#xA;--&#xA;CR_ID:hel-1-yr3niz&#xA;/home/runner/work/hazelcast-platform-operator/hazelcast-platform-operator/test/e2e/custom_resource_test.go:73&#xA;2023-02-24T09:53:46.13700773Z&#xA;--&#xA;By Step&#xA;/home/runner/work/hazelcast-platform-operator/hazelcast-platform-operator/test/e2e/helpers_test.go:106&#xA;2023-02-24T09:53:46.13701273Z&#xA;&amp;{Text:creating Hazelcast CR Duration:80.764965ms}&#xA;--&#xA;By Step&#xA;/home/runner/work/hazelcast-platform-operator/hazelcast-platform-operator/test/e2e/helpers_test.go:111&#xA;2023-02-24T09:53:46.217778795Z&#xA;&amp;{Text:checking Hazelcast CR running Duration:20.839136572s}&#xA;--&#xA;By Step&#xA;/home/runner/work/hazelcast-platform-operator/hazelcast-platform-operator/test/e2e/hazelcast_user_code_test.go:194&#xA;2023-02-24T09:54:07.056917467Z&#xA;&amp;{Text:creating map with Map with entry listener Duration:0s}&#xA;--&#xA;By Step&#xA;/home/runner/work/hazelcast-platform-operator/hazelcast-platform-operator/test/e2e/helpers_test.go:424&#xA;2023-02-24T09:54:07.134138087Z&#xA;&amp;{Text:waiting for Map CR status Duration:244.688401ms}&#xA;--&#xA;By Step&#xA;/home/runner/work/hazelcast-platform-operator/hazelcast-platform-operator/test/e2e/hazelcast_user_code_test.go:210&#xA;2023-02-24T09:54:07.378827888Z&#xA;&amp;{Text:port-forwarding to Hazelcast master pod Duration:0s}&#xA;--&#xA;By Step&#xA;/home/runner/work/hazelcast-platform-operator/hazelcast-platform-operator/test/e2e/hazelcast_user_code_test.go:214&#xA;2023-02-24T09:54:07.649565167Z&#xA;&amp;{Text:filling the map with entries Duration:0s}&#xA;--&#xA;By Step&#xA;/home/runner/work/hazelcast-platform-operator/hazelcast-platform-operator/test/e2e/helpers_test.go:525&#xA;2023-02-24T09:54:07.64968577Z&#xA;&amp;{Text:creating Hazelcast client using address &#39;localhost:8804&#39; Duration:274.223943ms}&#xA;--&#xA;By Step&#xA;/home/runner/work/hazelcast-platform-operator/hazelcast-platform-operator/test/e2e/hazelcast_user_code_test.go:231&#xA;2023-02-24T09:54:08.552165168Z&#xA;&amp;{Text:checking the logs Duration:0s}&#xA;--&#xA;By Step&#xA;/home/runner/work/hazelcast-platform-operator/hazelcast-platform-operator/test/e2e/helpers_test.go:77&#xA;2023-02-24T09:54:08.552383272Z&#xA;&amp;{Text:getting Hazelcast logs Duration:213.12402ms}&#xA;</system-out>
              <system-err>[BeforeEach] Hazelcast User Code Deployment&#xA;  /home/runner/work/hazelcast-platform-operator/hazelcast-platform-operator/test/e2e/hazelcast_user_code_test.go:25&#xA;�[1mSTEP:�[0m checking hazelcast-platform-controller-manager running �[38;5;243m02/24/23 09:53:46.064�[0m&#xA;[It] should add entry listeners&#xA;  /home/runner/work/hazelcast-platform-operator/hazelcast-platform-operator/test/e2e/hazelcast_user_code_test.go:188&#xA;�[1mSTEP:�[0m setting the label and CR with name &#39;hel-1-yr3niz&#39; �[38;5;243m02/24/23 09:53:46.136�[0m&#xA;�[1mSTEP:�[0m creating Hazelcast CR �[38;5;243m02/24/23 09:53:46.137�[0m&#xA;�[1mSTEP:�[0m checking Hazelcast CR running �[38;5;243m02/24/23 09:53:46.217�[0m&#xA;�[1mSTEP:�[0m creating map with Map with entry listener �[38;5;243m02/24/23 09:54:07.056�[0m&#xA;�[1mSTEP:�[0m waiting for Map CR status �[38;5;243m02/24/23 09:54:07.134�[0m&#xA;�[1mSTEP:�[0m port-forwarding to Hazelcast master pod �[38;5;243m02/24/23 09:54:07.378�[0m&#xA;�[1mSTEP:�[0m filling the map with entries �[38;5;243m02/24/23 09:54:07.649�[0m&#xA;�[1mSTEP:�[0m creating Hazelcast client using address &#39;localhost:8804&#39; �[38;5;243m02/24/23 09:54:07.649�[0m&#xA;�[1mSTEP:�[0m checking the logs �[38;5;243m02/24/23 09:54:08.552�[0m&#xA;�[1mSTEP:�[0m getting Hazelcast logs �[38;5;243m02/24/23 09:54:08.552�[0m&#xA;[AfterEach] Hazelcast User Code Deployment&#xA;  /home/runner/work/hazelcast-platform-operator/hazelcast-platform-operator/test/e2e/hazelcast_user_code_test.go:40&#xA;Aftereach start time is 2023-02-24 09:54:08.828670254 +0000 UTC m=+630.172244321&#xA;Aftereach end time is 2023-02-24 09:54:10.923271079 +0000 UTC m=+632.266845146&#xA;</system-err>
          </testcase>
          <testcase name="[It] Hazelcast Topic Config should create Topic Config with correct default values [topic, fast]" classname="Operator Suite EE" status="passed" time="34.394775088">
              <system-out>&#xA;Report Entries:&#xA;By Step&#xA;/home/runner/work/hazelcast-platform-operator/hazelcast-platform-operator/test/e2e/hazelcast_topic_test.go:27&#xA;2023-02-24T09:54:10.9244188Z&#xA;&amp;{Text:checking hazelcast-platform-controller-manager running Duration:69.987987ms}&#xA;--&#xA;By Step&#xA;/home/runner/work/hazelcast-platform-operator/hazelcast-platform-operator/test/e2e/custom_resource_test.go:55&#xA;2023-02-24T09:54:10.994444788Z&#xA;&amp;{Text:setting the label and CR with name &#39;ht-2-ugaut6&#39; Duration:0s}&#xA;--&#xA;CR_ID:ht-2-ugaut6&#xA;/home/runner/work/hazelcast-platform-operator/hazelcast-platform-operator/test/e2e/custom_resource_test.go:73&#xA;2023-02-24T09:54:10.99454999Z&#xA;--&#xA;By Step&#xA;/home/runner/work/hazelcast-platform-operator/hazelcast-platform-operator/test/e2e/helpers_test.go:106&#xA;2023-02-24T09:54:10.99455389Z&#xA;&amp;{Text:creating Hazelcast CR Duration:79.142755ms}&#xA;--&#xA;By Step&#xA;/home/runner/work/hazelcast-platform-operator/hazelcast-platform-operator/test/e2e/helpers_test.go:111&#xA;2023-02-24T09:54:11.073712346Z&#xA;&amp;{Text:checking Hazelcast CR running Duration:21.069642662s}&#xA;--&#xA;By Step&#xA;/home/runner/work/hazelcast-platform-operator/hazelcast-platform-operator/test/e2e/hazelcast_topic_test.go:62&#xA;2023-02-24T09:54:32.143356108Z&#xA;&amp;{Text:creating the default topic config Duration:0s}&#xA;--&#xA;By Step&#xA;/home/runner/work/hazelcast-platform-operator/hazelcast-platform-operator/test/e2e/helpers_test.go:738&#xA;2023-02-24T09:54:32.222891759Z&#xA;&amp;{Text:waiting for  CR status Duration:9.459022585s}&#xA;--&#xA;By Step&#xA;/home/runner/work/hazelcast-platform-operator/hazelcast-platform-operator/test/e2e/client_port_forward_test.go:73&#xA;2023-02-24T09:54:41.681918744Z&#xA;&amp;{Text:Getting the member config with lookup name &#39;ht-2-ugaut6&#39; Duration:866.213155ms}&#xA;--&#xA;By Step&#xA;/home/runner/work/hazelcast-platform-operator/hazelcast-platform-operator/test/e2e/helpers_test.go:525&#xA;2023-02-24T09:54:41.960922912Z&#xA;&amp;{Text:creating Hazelcast client using address &#39;localhost:8704&#39; Duration:278.394953ms}&#xA;</system-out>
              <system-err>[BeforeEach] Hazelcast Topic Config&#xA;  /home/runner/work/hazelcast-platform-operator/hazelcast-platform-operator/test/e2e/hazelcast_topic_test.go:20&#xA;�[1mSTEP:�[0m checking hazelcast-platform-controller-manager running �[38;5;243m02/24/23 09:54:10.924�[0m&#xA;[It] should create Topic Config with correct default values&#xA;  /home/runner/work/hazelcast-platform-operator/hazelcast-platform-operator/test/e2e/hazelcast_topic_test.go:57&#xA;�[1mSTEP:�[0m setting the label and CR with name &#39;ht-2-ugaut6&#39; �[38;5;243m02/24/23 09:54:10.994�[0m&#xA;�[1mSTEP:�[0m creating Hazelcast CR �[38;5;243m02/24/23 09:54:10.994�[0m&#xA;�[1mSTEP:�[0m checking Hazelcast CR running �[38;5;243m02/24/23 09:54:11.073�[0m&#xA;�[1mSTEP:�[0m creating the default topic config �[38;5;243m02/24/23 09:54:32.143�[0m&#xA;�[1mSTEP:�[0m waiting for  CR status �[38;5;243m02/24/23 09:54:32.222�[0m&#xA;�[1mSTEP:�[0m Getting the member config with lookup name &#39;ht-2-ugaut6&#39; �[38;5;243m02/24/23 09:54:41.681�[0m&#xA;�[1mSTEP:�[0m creating Hazelcast client using address &#39;localhost:8704&#39; �[38;5;243m02/24/23 09:54:41.96�[0m&#xA;[AfterEach] Hazelcast Topic Config&#xA;  /home/runner/work/hazelcast-platform-operator/hazelcast-platform-operator/test/e2e/hazelcast_topic_test.go:35&#xA;Aftereach start time is 2023-02-24 09:54:42.550246654 +0000 UTC m=+663.893820721&#xA;Aftereach end time is 2023-02-24 09:54:45.319126274 +0000 UTC m=+666.662700441&#xA;</system-err>
          </testcase>
          <testcase name="[It] Hazelcast Map Config should create Map Config [map, fast]" classname="Operator Suite EE" status="passed" time="25.161075354">
              <system-out>&#xA;Report Entries:&#xA;By Step&#xA;/home/runner/work/hazelcast-platform-operator/hazelcast-platform-operator/test/e2e/hazelcast_map_test.go:39&#xA;2023-02-24T09:54:45.320290603Z&#xA;&amp;{Text:checking hazelcast-platform-controller-manager running Duration:69.909608ms}&#xA;--&#xA;By Step&#xA;/home/runner/work/hazelcast-platform-operator/hazelcast-platform-operator/test/e2e/custom_resource_test.go:55&#xA;2023-02-24T09:54:45.390236821Z&#xA;&amp;{Text:setting the label and CR with name &#39;hm-1-ykd18v&#39; Duration:0s}&#xA;--&#xA;CR_ID:hm-1-ykd18v&#xA;/home/runner/work/hazelcast-platform-operator/hazelcast-platform-operator/test/e2e/custom_resource_test.go:73&#xA;2023-02-24T09:54:45.39037676Z&#xA;--&#xA;By Step&#xA;/home/runner/work/hazelcast-platform-operator/hazelcast-platform-operator/test/e2e/helpers_test.go:106&#xA;2023-02-24T09:54:45.390383162Z&#xA;&amp;{Text:creating Hazelcast CR Duration:76.008494ms}&#xA;--&#xA;By Step&#xA;/home/runner/work/hazelcast-platform-operator/hazelcast-platform-operator/test/e2e/helpers_test.go:111&#xA;2023-02-24T09:54:45.466392556Z&#xA;&amp;{Text:checking Hazelcast CR running Duration:21.053698202s}&#xA;--&#xA;By Step&#xA;/home/runner/work/hazelcast-platform-operator/hazelcast-platform-operator/test/e2e/helpers_test.go:424&#xA;2023-02-24T09:55:06.596780412Z&#xA;&amp;{Text:waiting for Map CR status Duration:1.096749708s}&#xA;</system-out>
              <system-err>[BeforeEach] Hazelcast Map Config&#xA;  /home/runner/work/hazelcast-platform-operator/hazelcast-platform-operator/test/e2e/hazelcast_map_test.go:32&#xA;�[1mSTEP:�[0m checking hazelcast-platform-controller-manager running �[38;5;243m02/24/23 09:54:45.32�[0m&#xA;[It] should create Map Config&#xA;  /home/runner/work/hazelcast-platform-operator/hazelcast-platform-operator/test/e2e/hazelcast_map_test.go:59&#xA;�[1mSTEP:�[0m setting the label and CR with name &#39;hm-1-ykd18v&#39; �[38;5;243m02/24/23 09:54:45.39�[0m&#xA;�[1mSTEP:�[0m creating Hazelcast CR �[38;5;243m02/24/23 09:54:45.39�[0m&#xA;�[1mSTEP:�[0m checking Hazelcast CR running �[38;5;243m02/24/23 09:54:45.466�[0m&#xA;�[1mSTEP:�[0m waiting for Map CR status �[38;5;243m02/24/23 09:55:06.596�[0m&#xA;[AfterEach] Hazelcast Map Config&#xA;  /home/runner/work/hazelcast-platform-operator/hazelcast-platform-operator/test/e2e/hazelcast_map_test.go:47&#xA;Aftereach start time is 2023-02-24 09:55:07.693576622 +0000 UTC m=+689.037150689&#xA;Aftereach end time is 2023-02-24 09:55:10.48127044 +0000 UTC m=+691.824844507&#xA;</system-err>
          </testcase>
          <testcase name="[It] Hazelcast Map Config should fail to update backupCount [map, fast]" classname="Operator Suite EE" status="passed" time="24.931299545">
              <system-out>&#xA;Report Entries:&#xA;By Step&#xA;/home/runner/work/hazelcast-platform-operator/hazelcast-platform-operator/test/e2e/hazelcast_map_test.go:39&#xA;2023-02-24T09:55:10.482338775Z&#xA;&amp;{Text:checking hazelcast-platform-controller-manager running Duration:71.849339ms}&#xA;--&#xA;By Step&#xA;/home/runner/work/hazelcast-platform-operator/hazelcast-platform-operator/test/e2e/custom_resource_test.go:55&#xA;2023-02-24T09:55:10.554234516Z&#xA;&amp;{Text:setting the label and CR with name &#39;hm-5-1cd8up&#39; Duration:0s}&#xA;--&#xA;CR_ID:hm-5-1cd8up&#xA;/home/runner/work/hazelcast-platform-operator/hazelcast-platform-operator/test/e2e/custom_resource_test.go:73&#xA;2023-02-24T09:55:10.55435542Z&#xA;--&#xA;By Step&#xA;/home/runner/work/hazelcast-platform-operator/hazelcast-platform-operator/test/e2e/helpers_test.go:106&#xA;2023-02-24T09:55:10.55435902Z&#xA;&amp;{Text:creating Hazelcast CR Duration:83.85753ms}&#xA;--&#xA;By Step&#xA;/home/runner/work/hazelcast-platform-operator/hazelcast-platform-operator/test/e2e/helpers_test.go:111&#xA;2023-02-24T09:55:10.63821725Z&#xA;&amp;{Text:checking Hazelcast CR running Duration:21.086493815s}&#xA;--&#xA;By Step&#xA;/home/runner/work/hazelcast-platform-operator/hazelcast-platform-operator/test/e2e/hazelcast_map_test.go:191&#xA;2023-02-24T09:55:31.724712166Z&#xA;&amp;{Text:creating the map config Duration:0s}&#xA;--&#xA;By Step&#xA;/home/runner/work/hazelcast-platform-operator/hazelcast-platform-operator/test/e2e/helpers_test.go:424&#xA;2023-02-24T09:55:31.80111812Z&#xA;&amp;{Text:waiting for Map CR status Duration:584.014013ms}&#xA;--&#xA;By Step&#xA;/home/runner/work/hazelcast-platform-operator/hazelcast-platform-operator/test/e2e/hazelcast_map_test.go:196&#xA;2023-02-24T09:55:32.385133133Z&#xA;&amp;{Text:failing to update map config Duration:0s}&#xA;</system-out>
              <system-err>[BeforeEach] Hazelcast Map Config&#xA;  /home/runner/work/hazelcast-platform-operator/hazelcast-platform-operator/test/e2e/hazelcast_map_test.go:32&#xA;�[1mSTEP:�[0m checking hazelcast-platform-controller-manager running �[38;5;243m02/24/23 09:55:10.482�[0m&#xA;[It] should fail to update backupCount&#xA;  /home/runner/work/hazelcast-platform-operator/hazelcast-platform-operator/test/e2e/hazelcast_map_test.go:186&#xA;�[1mSTEP:�[0m setting the label and CR with name &#39;hm-5-1cd8up&#39; �[38;5;243m02/24/23 09:55:10.554�[0m&#xA;�[1mSTEP:�[0m creating Hazelcast CR �[38;5;243m02/24/23 09:55:10.554�[0m&#xA;�[1mSTEP:�[0m checking Hazelcast CR running �[38;5;243m02/24/23 09:55:10.638�[0m&#xA;�[1mSTEP:�[0m creating the map config �[38;5;243m02/24/23 09:55:31.724�[0m&#xA;�[1mSTEP:�[0m waiting for Map CR status �[38;5;243m02/24/23 09:55:31.801�[0m&#xA;�[1mSTEP:�[0m failing to update map config �[38;5;243m02/24/23 09:55:32.385�[0m&#xA;[AfterEach] Hazelcast Map Config&#xA;  /home/runner/work/hazelcast-platform-operator/hazelcast-platform-operator/test/e2e/hazelcast_map_test.go:47&#xA;Aftereach start time is 2023-02-24 09:55:32.463093952 +0000 UTC m=+713.806668019&#xA;Aftereach end time is 2023-02-24 09:55:35.413582817 +0000 UTC m=+716.757156984&#xA;</system-err>
          </testcase>
          <testcase name="[It] Hazelcast WAN should send data using WanReplication configuration in ConfigMap [hz_wan, slow]" classname="Operator Suite EE" status="passed" time="77.740678559">
              <system-out>&#xA;Report Entries:&#xA;By Step&#xA;/home/runner/work/hazelcast-platform-operator/hazelcast-platform-operator/test/e2e/hazelcast_wan_test.go:26&#xA;2023-02-24T09:55:35.414544676Z&#xA;&amp;{Text:checking hazelcast-platform-controller-manager running Duration:70.610857ms}&#xA;--&#xA;By Step&#xA;/home/runner/work/hazelcast-platform-operator/hazelcast-platform-operator/test/e2e/custom_resource_test.go:55&#xA;2023-02-24T09:55:35.485186036Z&#xA;&amp;{Text:setting the label and CR with name &#39;hw-2-wphf9d&#39; Duration:0s}&#xA;--&#xA;CR_ID:hw-2-wphf9d&#xA;/home/runner/work/hazelcast-platform-operator/hazelcast-platform-operator/test/e2e/custom_resource_test.go:73&#xA;2023-02-24T09:55:35.485281342Z&#xA;--&#xA;By Step&#xA;/home/runner/work/hazelcast-platform-operator/hazelcast-platform-operator/test/e2e/helpers_test.go:150&#xA;2023-02-24T09:55:35.485286342Z&#xA;&amp;{Text:creating Hazelcast CR Duration:76.853043ms}&#xA;--&#xA;By Step&#xA;/home/runner/work/hazelcast-platform-operator/hazelcast-platform-operator/test/e2e/helpers_test.go:150&#xA;2023-02-24T09:55:35.562142685Z&#xA;&amp;{Text:creating Hazelcast CR Duration:77.690494ms}&#xA;--&#xA;By Step&#xA;/home/runner/work/hazelcast-platform-operator/hazelcast-platform-operator/test/e2e/helpers_test.go:394&#xA;2023-02-24T09:55:35.63983798Z&#xA;&amp;{Text:evaluate number of ready members for lookup name &#39;trg-hw-2-wphf9d&#39; and &#39;test-operator-ee&#39; namespace Duration:31.068209595s}&#xA;--&#xA;By Step&#xA;/home/runner/work/hazelcast-platform-operator/hazelcast-platform-operator/test/e2e/helpers_test.go:394&#xA;2023-02-24T09:56:06.708053275Z&#xA;&amp;{Text:evaluate number of ready members for lookup name &#39;src-hw-2-wphf9d&#39; and &#39;test-operator-ee&#39; namespace Duration:145.688119ms}&#xA;--&#xA;By Step&#xA;/home/runner/work/hazelcast-platform-operator/hazelcast-platform-operator/test/e2e/helpers_test.go:424&#xA;2023-02-24T09:56:06.944309236Z&#xA;&amp;{Text:waiting for Map CR status Duration:409.723327ms}&#xA;--&#xA;By Step&#xA;/home/runner/work/hazelcast-platform-operator/hazelcast-platform-operator/test/e2e/hazelcast_wan_test.go:80&#xA;2023-02-24T09:56:07.354035563Z&#xA;&amp;{Text:creating WAN configuration Duration:0s}&#xA;--&#xA;By Step&#xA;/home/runner/work/hazelcast-platform-operator/hazelcast-platform-operator/test/e2e/helpers_test.go:441&#xA;2023-02-24T09:56:07.440238525Z&#xA;&amp;{Text:waiting for Wan CR status Duration:241.000956ms}&#xA;--&#xA;By Step&#xA;/home/runner/work/hazelcast-platform-operator/hazelcast-platform-operator/test/e2e/helpers_test.go:458&#xA;2023-02-24T09:56:07.681242082Z&#xA;&amp;{Text:waiting for Wan CR status map length Duration:71.920171ms}&#xA;--&#xA;By Step&#xA;/home/runner/work/hazelcast-platform-operator/hazelcast-platform-operator/test/e2e/util_test.go:87&#xA;2023-02-24T09:56:07.753163653Z&#xA;&amp;{Text:deleting pods Duration:281.03421ms}&#xA;--&#xA;By Step&#xA;/home/runner/work/hazelcast-platform-operator/hazelcast-platform-operator/test/e2e/helpers_test.go:394&#xA;2023-02-24T09:56:13.034361465Z&#xA;&amp;{Text:evaluate number of ready members for lookup name &#39;src-hw-2-wphf9d&#39; and &#39;test-operator-ee&#39; namespace Duration:17.950657747s}&#xA;--&#xA;By Step&#xA;/home/runner/work/hazelcast-platform-operator/hazelcast-platform-operator/test/e2e/hazelcast_wan_test.go:91&#xA;2023-02-24T09:56:30.985020612Z&#xA;&amp;{Text:checking the size of the maps in the target cluster Duration:0s}&#xA;--&#xA;By Step&#xA;/home/runner/work/hazelcast-platform-operator/hazelcast-platform-operator/test/e2e/client_port_forward_test.go:20&#xA;2023-02-24T09:56:30.985121514Z&#xA;&amp;{Text:filling the &#39;hw-2-wphf9d&#39; map with &#39;1024&#39; entries using &#39;src-hw-2-wphf9d&#39; lookup name and &#39;test-operator-ee&#39; namespace Duration:18.11834152s}&#xA;--&#xA;By Step&#xA;/home/runner/work/hazelcast-platform-operator/hazelcast-platform-operator/test/e2e/helpers_test.go:525&#xA;2023-02-24T09:56:31.24826959Z&#xA;&amp;{Text:creating Hazelcast client using address &#39;localhost:8904&#39; Duration:266.364242ms}&#xA;--&#xA;By Step&#xA;/home/runner/work/hazelcast-platform-operator/hazelcast-platform-operator/test/e2e/client_port_forward_test.go:47&#xA;2023-02-24T09:56:49.103472935Z&#xA;&amp;{Text:waiting the &#39;hw-2-wphf9d&#39; map to be of size &#39;1024&#39; using lookup name &#39;trg-hw-2-wphf9d&#39; Duration:714.349853ms}&#xA;--&#xA;By Step&#xA;/home/runner/work/hazelcast-platform-operator/hazelcast-platform-operator/test/e2e/helpers_test.go:525&#xA;2023-02-24T09:56:49.374308592Z&#xA;&amp;{Text:creating Hazelcast client using address &#39;localhost:8904&#39; Duration:272.235409ms}&#xA;</system-out>
              <system-err>[BeforeEach] Hazelcast WAN&#xA;  /home/runner/work/hazelcast-platform-operator/hazelcast-platform-operator/test/e2e/hazelcast_wan_test.go:19&#xA;�[1mSTEP:�[0m checking hazelcast-platform-controller-manager running �[38;5;243m02/24/23 09:55:35.414�[0m&#xA;[It] should send data using WanReplication configuration in ConfigMap&#xA;  /home/runner/work/hazelcast-platform-operator/hazelcast-platform-operator/test/e2e/hazelcast_wan_test.go:69&#xA;�[1mSTEP:�[0m setting the label and CR with name &#39;hw-2-wphf9d&#39; �[38;5;243m02/24/23 09:55:35.485�[0m&#xA;�[1mSTEP:�[0m creating Hazelcast CR �[38;5;243m02/24/23 09:55:35.485�[0m&#xA;�[1mSTEP:�[0m creating Hazelcast CR �[38;5;243m02/24/23 09:55:35.562�[0m&#xA;�[1mSTEP:�[0m evaluate number of ready members for lookup name &#39;trg-hw-2-wphf9d&#39; and &#39;test-operator-ee&#39; namespace �[38;5;243m02/24/23 09:55:35.639�[0m&#xA;�[1mSTEP:�[0m evaluate number of ready members for lookup name &#39;src-hw-2-wphf9d&#39; and &#39;test-operator-ee&#39; namespace �[38;5;243m02/24/23 09:56:06.708�[0m&#xA;�[1mSTEP:�[0m waiting for Map CR status �[38;5;243m02/24/23 09:56:06.944�[0m&#xA;�[1mSTEP:�[0m creating WAN configuration �[38;5;243m02/24/23 09:56:07.354�[0m&#xA;�[1mSTEP:�[0m waiting for Wan CR status �[38;5;243m02/24/23 09:56:07.44�[0m&#xA;�[1mSTEP:�[0m waiting for Wan CR status map length �[38;5;243m02/24/23 09:56:07.681�[0m&#xA;�[1mSTEP:�[0m deleting pods �[38;5;243m02/24/23 09:56:07.753�[0m&#xA;�[1mSTEP:�[0m evaluate number of ready members for lookup name &#39;src-hw-2-wphf9d&#39; and &#39;test-operator-ee&#39; namespace �[38;5;243m02/24/23 09:56:13.034�[0m&#xA;�[1mSTEP:�[0m checking the size of the maps in the target cluster �[38;5;243m02/24/23 09:56:30.985�[0m&#xA;�[1mSTEP:�[0m filling the &#39;hw-2-wphf9d&#39; map with &#39;1024&#39; entries using &#39;src-hw-2-wphf9d&#39; lookup name and &#39;test-operator-ee&#39; namespace �[38;5;243m02/24/23 09:56:30.985�[0m&#xA;�[1mSTEP:�[0m creating Hazelcast client using address &#39;localhost:8904&#39; �[38;5;243m02/24/23 09:56:31.248�[0m&#xA;�[1mSTEP:�[0m waiting the &#39;hw-2-wphf9d&#39; map to be of size &#39;1024&#39; using lookup name &#39;trg-hw-2-wphf9d&#39; �[38;5;243m02/24/23 09:56:49.103�[0m&#xA;�[1mSTEP:�[0m creating Hazelcast client using address &#39;localhost:8904&#39; �[38;5;243m02/24/23 09:56:49.374�[0m&#xA;[AfterEach] Hazelcast WAN&#xA;  /home/runner/work/hazelcast-platform-operator/hazelcast-platform-operator/test/e2e/hazelcast_wan_test.go:34&#xA;Aftereach start time is 2023-02-24 09:56:49.81788499 +0000 UTC m=+791.161459057&#xA;Aftereach end time is 2023-02-24 09:56:53.155121331 +0000 UTC m=+794.498695398&#xA;</system-err>
          </testcase>
          <testcase name="[It] Hazelcast WAN should continue replication if one reference is deleted  [hz_wan, slow]" classname="Operator Suite EE" status="passed" time="38.589987068">
              <system-out>&#xA;Report Entries:&#xA;By Step&#xA;/home/runner/work/hazelcast-platform-operator/hazelcast-platform-operator/test/e2e/hazelcast_wan_test.go:26&#xA;2023-02-24T09:56:53.156826992Z&#xA;&amp;{Text:checking hazelcast-platform-controller-manager running Duration:69.650882ms}&#xA;--&#xA;By Step&#xA;/home/runner/work/hazelcast-platform-operator/hazelcast-platform-operator/test/e2e/custom_resource_test.go:55&#xA;2023-02-24T09:56:53.226546776Z&#xA;&amp;{Text:setting the label and CR with name &#39;hw-8-brfp89&#39; Duration:0s}&#xA;--&#xA;CR_ID:hw-8-brfp89&#xA;/home/runner/work/hazelcast-platform-operator/hazelcast-platform-operator/test/e2e/custom_resource_test.go:73&#xA;2023-02-24T09:56:53.226680381Z&#xA;--&#xA;By Step&#xA;/home/runner/work/hazelcast-platform-operator/hazelcast-platform-operator/test/e2e/helpers_test.go:150&#xA;2023-02-24T09:56:53.226700982Z&#xA;&amp;{Text:creating Hazelcast CR Duration:79.560335ms}&#xA;--&#xA;By Step&#xA;/home/runner/work/hazelcast-platform-operator/hazelcast-platform-operator/test/e2e/helpers_test.go:150&#xA;2023-02-24T09:56:53.306265817Z&#xA;&amp;{Text:creating Hazelcast CR Duration:76.05371ms}&#xA;--&#xA;By Step&#xA;/home/runner/work/hazelcast-platform-operator/hazelcast-platform-operator/test/e2e/helpers_test.go:394&#xA;2023-02-24T09:56:53.382325528Z&#xA;&amp;{Text:evaluate number of ready members for lookup name &#39;hz1-sourcehw-8-brfp89&#39; and &#39;test-operator-ee&#39; namespace Duration:30.643963446s}&#xA;--&#xA;By Step&#xA;/home/runner/work/hazelcast-platform-operator/hazelcast-platform-operator/test/e2e/helpers_test.go:394&#xA;2023-02-24T09:57:24.026295674Z&#xA;&amp;{Text:evaluate number of ready members for lookup name &#39;hz1-targethw-8-brfp89&#39; and &#39;test-operator-ee&#39; namespace Duration:490.288041ms}&#xA;--&#xA;By Step&#xA;/home/runner/work/hazelcast-platform-operator/hazelcast-platform-operator/test/e2e/helpers_test.go:424&#xA;2023-02-24T09:57:24.76619567Z&#xA;&amp;{Text:waiting for Map CR status Duration:243.159477ms}&#xA;--&#xA;By Step&#xA;/home/runner/work/hazelcast-platform-operator/hazelcast-platform-operator/test/e2e/helpers_test.go:424&#xA;2023-02-24T09:57:25.009358147Z&#xA;&amp;{Text:waiting for Map CR status Duration:71.358958ms}&#xA;--&#xA;By Step&#xA;/home/runner/work/hazelcast-platform-operator/hazelcast-platform-operator/test/e2e/hazelcast_wan_test.go:347&#xA;2023-02-24T09:57:25.080719605Z&#xA;&amp;{Text:creating first WAN configuration Duration:0s}&#xA;--&#xA;By Step&#xA;/home/runner/work/hazelcast-platform-operator/hazelcast-platform-operator/test/e2e/helpers_test.go:441&#xA;2023-02-24T09:57:25.157788461Z&#xA;&amp;{Text:waiting for Wan CR status Duration:425.181448ms}&#xA;--&#xA;By Step&#xA;/home/runner/work/hazelcast-platform-operator/hazelcast-platform-operator/test/e2e/helpers_test.go:458&#xA;2023-02-24T09:57:25.582972209Z&#xA;&amp;{Text:waiting for Wan CR status map length Duration:79.809149ms}&#xA;--&#xA;By Step&#xA;/home/runner/work/hazelcast-platform-operator/hazelcast-platform-operator/test/e2e/helpers_test.go:441&#xA;2023-02-24T09:57:25.662783458Z&#xA;&amp;{Text:waiting for Wan CR status Duration:70.648734ms}&#xA;--&#xA;By Step&#xA;/home/runner/work/hazelcast-platform-operator/hazelcast-platform-operator/test/e2e/helpers_test.go:458&#xA;2023-02-24T09:57:30.812651477Z&#xA;&amp;{Text:waiting for Wan CR status map length Duration:70.976045ms}&#xA;--&#xA;By Step&#xA;/home/runner/work/hazelcast-platform-operator/hazelcast-platform-operator/test/e2e/helpers_test.go:441&#xA;2023-02-24T09:57:30.883629322Z&#xA;&amp;{Text:waiting for Wan CR status Duration:76.762445ms}&#xA;</system-out>
              <system-err>[BeforeEach] Hazelcast WAN&#xA;  /home/runner/work/hazelcast-platform-operator/hazelcast-platform-operator/test/e2e/hazelcast_wan_test.go:19&#xA;�[1mSTEP:�[0m checking hazelcast-platform-controller-manager running �[38;5;243m02/24/23 09:56:53.156�[0m&#xA;[It] should continue replication if one reference is deleted &#xA;  /home/runner/work/hazelcast-platform-operator/hazelcast-platform-operator/test/e2e/hazelcast_wan_test.go:329&#xA;�[1mSTEP:�[0m setting the label and CR with name &#39;hw-8-brfp89&#39; �[38;5;243m02/24/23 09:56:53.226�[0m&#xA;�[1mSTEP:�[0m creating Hazelcast CR �[38;5;243m02/24/23 09:56:53.226�[0m&#xA;�[1mSTEP:�[0m creating Hazelcast CR �[38;5;243m02/24/23 09:56:53.306�[0m&#xA;�[1mSTEP:�[0m evaluate number of ready members for lookup name &#39;hz1-sourcehw-8-brfp89&#39; and &#39;test-operator-ee&#39; namespace �[38;5;243m02/24/23 09:56:53.382�[0m&#xA;�[1mSTEP:�[0m evaluate number of ready members for lookup name &#39;hz1-targethw-8-brfp89&#39; and &#39;test-operator-ee&#39; namespace �[38;5;243m02/24/23 09:57:24.026�[0m&#xA;�[1mSTEP:�[0m waiting for Map CR status �[38;5;243m02/24/23 09:57:24.766�[0m&#xA;�[1mSTEP:�[0m waiting for Map CR status �[38;5;243m02/24/23 09:57:25.009�[0m&#xA;�[1mSTEP:�[0m creating first WAN configuration �[38;5;243m02/24/23 09:57:25.08�[0m&#xA;�[1mSTEP:�[0m waiting for Wan CR status �[38;5;243m02/24/23 09:57:25.157�[0m&#xA;�[1mSTEP:�[0m waiting for Wan CR status map length �[38;5;243m02/24/23 09:57:25.582�[0m&#xA;�[1mSTEP:�[0m waiting for Wan CR status �[38;5;243m02/24/23 09:57:25.662�[0m&#xA;�[1mSTEP:�[0m waiting for Wan CR status map length �[38;5;243m02/24/23 09:57:30.812�[0m&#xA;�[1mSTEP:�[0m waiting for Wan CR status �[38;5;243m02/24/23 09:57:30.883�[0m&#xA;[AfterEach] Hazelcast WAN&#xA;  /home/runner/work/hazelcast-platform-operator/hazelcast-platform-operator/test/e2e/hazelcast_wan_test.go:34&#xA;Aftereach start time is 2023-02-24 09:57:30.960464269 +0000 UTC m=+832.304038436&#xA;Aftereach end time is 2023-02-24 09:57:31.746660455 +0000 UTC m=+833.090234522&#xA;</system-err>
          </testcase>
          <testcase name="[It] Hazelcast Queue Config should create Queue Config with correct default values [queue, fast]" classname="Operator Suite EE" status="passed" time="34.211372573">
              <system-out>&#xA;Report Entries:&#xA;By Step&#xA;/home/runner/work/hazelcast-platform-operator/hazelcast-platform-operator/test/e2e/hazelcast_queue_test.go:28&#xA;2023-02-24T09:57:31.747802694Z&#xA;&amp;{Text:checking hazelcast-platform-controller-manager running Duration:75.264993ms}&#xA;--&#xA;By Step&#xA;/home/runner/work/hazelcast-platform-operator/hazelcast-platform-operator/test/e2e/custom_resource_test.go:55&#xA;2023-02-24T09:57:31.823102988Z&#xA;&amp;{Text:setting the label and CR with name &#39;hq-2-1im3ly&#39; Duration:0s}&#xA;--&#xA;CR_ID:hq-2-1im3ly&#xA;/home/runner/work/hazelcast-platform-operator/hazelcast-platform-operator/test/e2e/custom_resource_test.go:73&#xA;2023-02-24T09:57:31.823225892Z&#xA;--&#xA;By Step&#xA;/home/runner/work/hazelcast-platform-operator/hazelcast-platform-operator/test/e2e/helpers_test.go:106&#xA;2023-02-24T09:57:31.823231793Z&#xA;&amp;{Text:creating Hazelcast CR Duration:78.606608ms}&#xA;--&#xA;By Step&#xA;/home/runner/work/hazelcast-platform-operator/hazelcast-platform-operator/test/e2e/helpers_test.go:111&#xA;2023-02-24T09:57:31.901839101Z&#xA;&amp;{Text:checking Hazelcast CR running Duration:21.609324811s}&#xA;--&#xA;By Step&#xA;/home/runner/work/hazelcast-platform-operator/hazelcast-platform-operator/test/e2e/hazelcast_queue_test.go:63&#xA;2023-02-24T09:57:53.511165812Z&#xA;&amp;{Text:creating the default queue config Duration:0s}&#xA;--&#xA;By Step&#xA;/home/runner/work/hazelcast-platform-operator/hazelcast-platform-operator/test/e2e/helpers_test.go:738&#xA;2023-02-24T09:57:53.623939432Z&#xA;&amp;{Text:waiting for  CR status Duration:8.796840911s}&#xA;--&#xA;By Step&#xA;/home/runner/work/hazelcast-platform-operator/hazelcast-platform-operator/test/e2e/client_port_forward_test.go:73&#xA;2023-02-24T09:58:02.420785743Z&#xA;&amp;{Text:Getting the member config with lookup name &#39;hq-2-1im3ly&#39; Duration:1.10838712s}&#xA;--&#xA;By Step&#xA;/home/runner/work/hazelcast-platform-operator/hazelcast-platform-operator/test/e2e/helpers_test.go:525&#xA;2023-02-24T09:58:02.689408418Z&#xA;&amp;{Text:creating Hazelcast client using address &#39;localhost:8504&#39; Duration:286.298511ms}&#xA;</system-out>
              <system-err>[BeforeEach] Hazelcast Queue Config&#xA;  /home/runner/work/hazelcast-platform-operator/hazelcast-platform-operator/test/e2e/hazelcast_queue_test.go:21&#xA;�[1mSTEP:�[0m checking hazelcast-platform-controller-manager running �[38;5;243m02/24/23 09:57:31.747�[0m&#xA;[It] should create Queue Config with correct default values&#xA;  /home/runner/work/hazelcast-platform-operator/hazelcast-platform-operator/test/e2e/hazelcast_queue_test.go:58&#xA;�[1mSTEP:�[0m setting the label and CR with name &#39;hq-2-1im3ly&#39; �[38;5;243m02/24/23 09:57:31.823�[0m&#xA;�[1mSTEP:�[0m creating Hazelcast CR �[38;5;243m02/24/23 09:57:31.823�[0m&#xA;�[1mSTEP:�[0m checking Hazelcast CR running �[38;5;243m02/24/23 09:57:31.901�[0m&#xA;�[1mSTEP:�[0m creating the default queue config �[38;5;243m02/24/23 09:57:53.511�[0m&#xA;�[1mSTEP:�[0m waiting for  CR status �[38;5;243m02/24/23 09:57:53.623�[0m&#xA;�[1mSTEP:�[0m Getting the member config with lookup name &#39;hq-2-1im3ly&#39; �[38;5;243m02/24/23 09:58:02.42�[0m&#xA;�[1mSTEP:�[0m creating Hazelcast client using address &#39;localhost:8504&#39; �[38;5;243m02/24/23 09:58:02.689�[0m&#xA;[AfterEach] Hazelcast Queue Config&#xA;  /home/runner/work/hazelcast-platform-operator/hazelcast-platform-operator/test/e2e/hazelcast_queue_test.go:36&#xA;Aftereach start time is 2023-02-24 09:58:03.530211001 +0000 UTC m=+864.873785068&#xA;Aftereach end time is 2023-02-24 09:58:05.959107765 +0000 UTC m=+867.302681932&#xA;</system-err>
          </testcase>
          <testcase name="[It] Hazelcast Cache Config with Persistence should keep the entries after a Hot Backup [cache_persistence, slow]" classname="Operator Suite EE" status="passed" time="125.925160842">
              <system-out>&#xA;Report Entries:&#xA;By Step&#xA;/home/runner/work/hazelcast-platform-operator/hazelcast-platform-operator/test/e2e/hazelcast_cache_persistence_test.go:33&#xA;2023-02-24T09:58:05.960329602Z&#xA;&amp;{Text:checking hazelcast-platform-controller-manager running Duration:70.288013ms}&#xA;--&#xA;By Step&#xA;/home/runner/work/hazelcast-platform-operator/hazelcast-platform-operator/test/e2e/custom_resource_test.go:55&#xA;2023-02-24T09:58:06.030651516Z&#xA;&amp;{Text:setting the label and CR with name &#39;hchp-2-80c932&#39; Duration:0s}&#xA;--&#xA;CR_ID:hchp-2-80c932&#xA;/home/runner/work/hazelcast-platform-operator/hazelcast-platform-operator/test/e2e/custom_resource_test.go:73&#xA;2023-02-24T09:58:06.030755319Z&#xA;--&#xA;By Step&#xA;/home/runner/work/hazelcast-platform-operator/hazelcast-platform-operator/test/e2e/helpers_test.go:106&#xA;2023-02-24T09:58:06.030762019Z&#xA;&amp;{Text:creating Hazelcast CR Duration:79.49359ms}&#xA;--&#xA;By Step&#xA;/home/runner/work/hazelcast-platform-operator/hazelcast-platform-operator/test/e2e/helpers_test.go:111&#xA;2023-02-24T09:58:06.110256709Z&#xA;&amp;{Text:checking Hazelcast CR running Duration:45.903124077s}&#xA;--&#xA;By Step&#xA;/home/runner/work/hazelcast-platform-operator/hazelcast-platform-operator/test/e2e/helpers_test.go:394&#xA;2023-02-24T09:58:52.013428288Z&#xA;&amp;{Text:evaluate number of ready members for lookup name &#39;hchp-2-80c932&#39; and &#39;test-operator-ee&#39; namespace Duration:10.122476672s}&#xA;--&#xA;By Step&#xA;/home/runner/work/hazelcast-platform-operator/hazelcast-platform-operator/test/e2e/hazelcast_cache_persistence_test.go:79&#xA;2023-02-24T09:59:02.13591836Z&#xA;&amp;{Text:creating the cache config Duration:0s}&#xA;--&#xA;By Step&#xA;/home/runner/work/hazelcast-platform-operator/hazelcast-platform-operator/test/e2e/helpers_test.go:738&#xA;2023-02-24T09:59:02.212211475Z&#xA;&amp;{Text:waiting for  CR status Duration:10.022768297s}&#xA;--&#xA;By Step&#xA;/home/runner/work/hazelcast-platform-operator/hazelcast-platform-operator/test/e2e/hazelcast_cache_persistence_test.go:85&#xA;2023-02-24T09:59:12.234981572Z&#xA;&amp;{Text:filling the cache with entries Duration:0s}&#xA;--&#xA;By Step&#xA;/home/runner/work/hazelcast-platform-operator/hazelcast-platform-operator/test/e2e/helpers_test.go:525&#xA;2023-02-24T09:59:12.507060157Z&#xA;&amp;{Text:creating Hazelcast client using address &#39;localhost:8004&#39; Duration:276.354514ms}&#xA;--&#xA;By Step&#xA;/home/runner/work/hazelcast-platform-operator/hazelcast-platform-operator/test/e2e/helpers_test.go:525&#xA;2023-02-24T09:59:14.446824212Z&#xA;&amp;{Text:creating Hazelcast client using address &#39;localhost:8004&#39; Duration:272.6001ms}&#xA;--&#xA;By Step&#xA;/home/runner/work/hazelcast-platform-operator/hazelcast-platform-operator/test/e2e/hazelcast_cache_persistence_test.go:90&#xA;2023-02-24T09:59:15.420610807Z&#xA;&amp;{Text:creating HotBackup CR Duration:0s}&#xA;--&#xA;By Step&#xA;/home/runner/work/hazelcast-platform-operator/hazelcast-platform-operator/test/e2e/helpers_test.go:720&#xA;2023-02-24T09:59:15.506397987Z&#xA;&amp;{Text:waiting for HotBackup CR status to be Success Duration:1.652732116s}&#xA;--&#xA;By Step&#xA;/home/runner/work/hazelcast-platform-operator/hazelcast-platform-operator/test/e2e/hazelcast_cache_persistence_test.go:95&#xA;2023-02-24T09:59:17.159131903Z&#xA;&amp;{Text:filling the cache with entries after backup Duration:0s}&#xA;--&#xA;By Step&#xA;/home/runner/work/hazelcast-platform-operator/hazelcast-platform-operator/test/e2e/helpers_test.go:525&#xA;2023-02-24T09:59:17.430758891Z&#xA;&amp;{Text:creating Hazelcast client using address &#39;localhost:8004&#39; Duration:267.471867ms}&#xA;--&#xA;By Step&#xA;/home/runner/work/hazelcast-platform-operator/hazelcast-platform-operator/test/e2e/helpers_test.go:156&#xA;2023-02-24T09:59:18.667207054Z&#xA;&amp;{Text:removing hazelcast CR Duration:3.593158471s}&#xA;--&#xA;By Step&#xA;/home/runner/work/hazelcast-platform-operator/hazelcast-platform-operator/test/e2e/helpers_test.go:163&#xA;2023-02-24T09:59:22.260367025Z&#xA;&amp;{Text:waiting for Hazelcast CR to be removed Duration:1.440915575s}&#xA;--&#xA;By Step&#xA;/home/runner/work/hazelcast-platform-operator/hazelcast-platform-operator/test/e2e/hazelcast_cache_persistence_test.go:100&#xA;2023-02-24T09:59:23.7012842Z&#xA;&amp;{Text:creating new Hazelcast cluster from existing backup Duration:0s}&#xA;--&#xA;By Step&#xA;/home/runner/work/hazelcast-platform-operator/hazelcast-platform-operator/test/e2e/helpers_test.go:394&#xA;2023-02-24T09:59:23.779269594Z&#xA;&amp;{Text:evaluate number of ready members for lookup name &#39;hchp-2-80c932&#39; and &#39;test-operator-ee&#39; namespace Duration:43.091238964s}&#xA;--&#xA;By Step&#xA;/home/runner/work/hazelcast-platform-operator/hazelcast-platform-operator/test/e2e/helpers_test.go:546&#xA;2023-02-24T10:00:06.870512758Z&#xA;&amp;{Text:waiting for Map CR status Duration:71.044297ms}&#xA;--&#xA;By Step&#xA;/home/runner/work/hazelcast-platform-operator/hazelcast-platform-operator/test/e2e/hazelcast_cache_persistence_test.go:110&#xA;2023-02-24T10:00:06.941558355Z&#xA;&amp;{Text:checking the cache entries Duration:0s}&#xA;--&#xA;By Step&#xA;/home/runner/work/hazelcast-platform-operator/hazelcast-platform-operator/test/e2e/helpers_test.go:525&#xA;2023-02-24T10:00:07.213573222Z&#xA;&amp;{Text:creating Hazelcast client using address &#39;localhost:8004&#39; Duration:271.12125ms}&#xA;</system-out>
              <system-err>[BeforeEach] Hazelcast Cache Config with Persistence&#xA;  /home/runner/work/hazelcast-platform-operator/hazelcast-platform-operator/test/e2e/hazelcast_cache_persistence_test.go:26&#xA;�[1mSTEP:�[0m checking hazelcast-platform-controller-manager running �[38;5;243m02/24/23 09:58:05.96�[0m&#xA;test-operator-ee/hp-ee-4261116783-hazelcast-platform-operator&#xA;[It] should keep the entries after a Hot Backup&#xA;  /home/runner/work/hazelcast-platform-operator/hazelcast-platform-operator/test/e2e/hazelcast_cache_persistence_test.go:68&#xA;�[1mSTEP:�[0m setting the label and CR with name &#39;hchp-2-80c932&#39; �[38;5;243m02/24/23 09:58:06.03�[0m&#xA;�[1mSTEP:�[0m creating Hazelcast CR �[38;5;243m02/24/23 09:58:06.03�[0m&#xA;�[1mSTEP:�[0m checking Hazelcast CR running �[38;5;243m02/24/23 09:58:06.11�[0m&#xA;�[1mSTEP:�[0m evaluate number of ready members for lookup name &#39;hchp-2-80c932&#39; and &#39;test-operator-ee&#39; namespace �[38;5;243m02/24/23 09:58:52.013�[0m&#xA;�[1mSTEP:�[0m creating the cache config �[38;5;243m02/24/23 09:59:02.135�[0m&#xA;�[1mSTEP:�[0m waiting for  CR status �[38;5;243m02/24/23 09:59:02.212�[0m&#xA;�[1mSTEP:�[0m filling the cache with entries �[38;5;243m02/24/23 09:59:12.234�[0m&#xA;�[1mSTEP:�[0m creating Hazelcast client using address &#39;localhost:8004&#39; �[38;5;243m02/24/23 09:59:12.507�[0m&#xA;�[1mSTEP:�[0m creating Hazelcast client using address &#39;localhost:8004&#39; �[38;5;243m02/24/23 09:59:14.446�[0m&#xA;�[1mSTEP:�[0m creating HotBackup CR �[38;5;243m02/24/23 09:59:15.42�[0m&#xA;�[1mSTEP:�[0m waiting for HotBackup CR status to be Success �[38;5;243m02/24/23 09:59:15.506�[0m&#xA;�[1mSTEP:�[0m filling the cache with entries after backup �[38;5;243m02/24/23 09:59:17.159�[0m&#xA;�[1mSTEP:�[0m creating Hazelcast client using address &#39;localhost:8004&#39; �[38;5;243m02/24/23 09:59:17.43�[0m&#xA;�[1mSTEP:�[0m removing hazelcast CR �[38;5;243m02/24/23 09:59:18.667�[0m&#xA;�[1mSTEP:�[0m waiting for Hazelcast CR to be removed �[38;5;243m02/24/23 09:59:22.26�[0m&#xA;�[1mSTEP:�[0m creating new Hazelcast cluster from existing backup �[38;5;243m02/24/23 09:59:23.701�[0m&#xA;�[1mSTEP:�[0m evaluate number of ready members for lookup name &#39;hchp-2-80c932&#39; and &#39;test-operator-ee&#39; namespace �[38;5;243m02/24/23 09:59:23.779�[0m&#xA;�[1mSTEP:�[0m waiting for Map CR status �[38;5;243m02/24/23 10:00:06.87�[0m&#xA;�[1mSTEP:�[0m checking the cache entries �[38;5;243m02/24/23 10:00:06.941�[0m&#xA;�[1mSTEP:�[0m creating Hazelcast client using address &#39;localhost:8004&#39; �[38;5;243m02/24/23 10:00:07.213�[0m&#xA;[AfterEach] Hazelcast Cache Config with Persistence&#xA;  /home/runner/work/hazelcast-platform-operator/hazelcast-platform-operator/test/e2e/hazelcast_cache_persistence_test.go:42&#xA;Aftereach start time is 2023-02-24 10:00:08.191662181 +0000 UTC m=+989.535236248&#xA;Aftereach end time is 2023-02-24 10:00:11.885427442 +0000 UTC m=+993.229001509&#xA;</system-err>
          </testcase>
          <testcase name="[It] Hazelcast WAN should send 3 GB data by each cluster in active-passive mode in the different namespaces [hz_wan_slow, slow]" classname="Operator Suite EE" status="skipped" time="0">
              <skipped message="skipped"></skipped>
          </testcase>
          <testcase name="[It] Hazelcast WAN should send 6 GB data by each cluster in active-active mode in the different namespaces [hz_wan_slow, slow]" classname="Operator Suite EE" status="skipped" time="0">
              <skipped message="skipped"></skipped>
          </testcase>
          <testcase name="[It] Hazelcast Backup should successfully start after one member restart [backup_slow, slow]" classname="Operator Suite EE" status="skipped" time="0">
              <skipped message="skipped"></skipped>
          </testcase>
          <testcase name="[It] Hazelcast Backup should restore 3 GB data after planned shutdown [backup_slow, slow]" classname="Operator Suite EE" status="skipped" time="0">
              <skipped message="skipped"></skipped>
          </testcase>
          <testcase name="[It] Hazelcast Backup Should successfully restore 3 Gb data from external backup using GCP bucket [backup_slow, slow]" classname="Operator Suite EE" status="skipped" time="0">
              <skipped message="skipped"></skipped>
          </testcase>
          <testcase name="[It] Hazelcast Backup should interrupt external backup process when the hotbackup is deleted [backup_slow, slow]" classname="Operator Suite EE" status="skipped" time="0">
              <skipped message="skipped"></skipped>
          </testcase>
          <testcase name="[It] Hazelcast Backup Should successfully restore multiple times from HotBackupResourceName [backup_slow, slow]" classname="Operator Suite EE" status="skipped" time="0">
              <skipped message="skipped"></skipped>
          </testcase>
          <testcase name="[It] Hazelcast Backup should not start repartitioning after one member restart [backup_slow, slow]" classname="Operator Suite EE" status="skipped" time="0">
              <skipped message="skipped"></skipped>
          </testcase>
          <testcase name="[It] Hazelcast Backup should not start repartitioning after planned shutdown [backup_slow, slow]" classname="Operator Suite EE" status="skipped" time="0">
              <skipped message="skipped"></skipped>
          </testcase>
          <testcase name="[It] Management-Center Default ManagementCenter CR Should create ManagementCenter resources [mc, fast]" classname="Operator Suite EE" status="passed" time="72.103367407">
              <system-out>&#xA;Report Entries:&#xA;By Step&#xA;/home/runner/work/hazelcast-platform-operator/hazelcast-platform-operator/test/e2e/management_center_test.go:31&#xA;2023-02-24T10:00:11.896488038Z&#xA;&amp;{Text:checking hazelcast-platform-controller-manager running Duration:70.514891ms}&#xA;--&#xA;By Step&#xA;/home/runner/work/hazelcast-platform-operator/hazelcast-platform-operator/test/e2e/custom_resource_test.go:55&#xA;2023-02-24T10:00:11.96704533Z&#xA;&amp;{Text:setting the label and CR with name &#39;mc-1-90i850&#39; Duration:0s}&#xA;--&#xA;CR_ID:mc-1-90i850&#xA;/home/runner/work/hazelcast-platform-operator/hazelcast-platform-operator/test/e2e/custom_resource_test.go:73&#xA;2023-02-24T10:00:11.967172633Z&#xA;--&#xA;By Step&#xA;/home/runner/work/hazelcast-platform-operator/hazelcast-platform-operator/test/e2e/management_center_test.go:50&#xA;2023-02-24T10:00:11.967189834Z&#xA;&amp;{Text:creating ManagementCenter CR Duration:91.566654ms}&#xA;--&#xA;By Step&#xA;/home/runner/work/hazelcast-platform-operator/hazelcast-platform-operator/test/e2e/management_center_test.go:54&#xA;2023-02-24T10:00:12.058757288Z&#xA;&amp;{Text:checking ManagementCenter CR running Duration:1m11.583200307s}&#xA;--&#xA;By Step&#xA;/home/runner/work/hazelcast-platform-operator/hazelcast-platform-operator/test/e2e/management_center_test.go:76&#xA;2023-02-24T10:01:23.641958395Z&#xA;&amp;{Text:checking if it created PVC with correct size Duration:67.165723ms}&#xA;--&#xA;By Step&#xA;/home/runner/work/hazelcast-platform-operator/hazelcast-platform-operator/test/e2e/management_center_test.go:90&#xA;2023-02-24T10:01:23.709125218Z&#xA;&amp;{Text:asserting status of external addresses are not empty Duration:68.24555ms}&#xA;</system-out>
              <system-err>[BeforeEach] Management-Center&#xA;  /home/runner/work/hazelcast-platform-operator/hazelcast-platform-operator/test/e2e/management_center_test.go:23&#xA;�[1mSTEP:�[0m checking hazelcast-platform-controller-manager running �[38;5;243m02/24/23 10:00:11.896�[0m&#xA;[It] Should create ManagementCenter resources&#xA;  /home/runner/work/hazelcast-platform-operator/hazelcast-platform-operator/test/e2e/management_center_test.go:71&#xA;�[1mSTEP:�[0m setting the label and CR with name &#39;mc-1-90i850&#39; �[38;5;243m02/24/23 10:00:11.967�[0m&#xA;�[1mSTEP:�[0m creating ManagementCenter CR �[38;5;243m02/24/23 10:00:11.967�[0m&#xA;�[1mSTEP:�[0m checking ManagementCenter CR running �[38;5;243m02/24/23 10:00:12.058�[0m&#xA;�[1mSTEP:�[0m checking if it created PVC with correct size �[38;5;243m02/24/23 10:01:23.641�[0m&#xA;�[1mSTEP:�[0m asserting status of external addresses are not empty �[38;5;243m02/24/23 10:01:23.709�[0m&#xA;[AfterEach] Management-Center&#xA;  /home/runner/work/hazelcast-platform-operator/hazelcast-platform-operator/test/e2e/management_center_test.go:39&#xA;Aftereach start time is 2023-02-24 10:01:23.777433569 +0000 UTC m=+1065.121007736&#xA;Aftereach end time is 2023-02-24 10:01:23.999801744 +0000 UTC m=+1065.343375811&#xA;</system-err>
          </testcase>
          <testcase name="[It] Hazelcast ReplicatedMap Config should fail to update ReplicatedMap Config [replicatedmap, fast]" classname="Operator Suite EE" status="passed" time="33.65165142">
              <system-out>&#xA;Report Entries:&#xA;By Step&#xA;/home/runner/work/hazelcast-platform-operator/hazelcast-platform-operator/test/e2e/hazelcast_replicatedmap_test.go:28&#xA;2023-02-24T10:01:24.00129958Z&#xA;&amp;{Text:checking hazelcast-platform-controller-manager running Duration:67.249225ms}&#xA;--&#xA;By Step&#xA;/home/runner/work/hazelcast-platform-operator/hazelcast-platform-operator/test/e2e/custom_resource_test.go:55&#xA;2023-02-24T10:01:24.068582406Z&#xA;&amp;{Text:setting the label and CR with name &#39;hrm-3-088hxc&#39; Duration:0s}&#xA;--&#xA;CR_ID:hrm-3-088hxc&#xA;/home/runner/work/hazelcast-platform-operator/hazelcast-platform-operator/test/e2e/custom_resource_test.go:73&#xA;2023-02-24T10:01:24.068696909Z&#xA;--&#xA;By Step&#xA;/home/runner/work/hazelcast-platform-operator/hazelcast-platform-operator/test/e2e/helpers_test.go:106&#xA;2023-02-24T10:01:24.068700109Z&#xA;&amp;{Text:creating Hazelcast CR Duration:94.256578ms}&#xA;--&#xA;By Step&#xA;/home/runner/work/hazelcast-platform-operator/hazelcast-platform-operator/test/e2e/helpers_test.go:111&#xA;2023-02-24T10:01:24.162957487Z&#xA;&amp;{Text:checking Hazelcast CR running Duration:20.842181599s}&#xA;--&#xA;By Step&#xA;/home/runner/work/hazelcast-platform-operator/hazelcast-platform-operator/test/e2e/hazelcast_replicatedmap_test.go:81&#xA;2023-02-24T10:01:45.005141187Z&#xA;&amp;{Text:creating the ReplicatedMap config Duration:0s}&#xA;--&#xA;By Step&#xA;/home/runner/work/hazelcast-platform-operator/hazelcast-platform-operator/test/e2e/helpers_test.go:738&#xA;2023-02-24T10:01:45.090222942Z&#xA;&amp;{Text:waiting for  CR status Duration:9.520129723s}&#xA;--&#xA;By Step&#xA;/home/runner/work/hazelcast-platform-operator/hazelcast-platform-operator/test/e2e/hazelcast_replicatedmap_test.go:91&#xA;2023-02-24T10:01:54.610354265Z&#xA;&amp;{Text:failing to update ReplicatedMap config Duration:0s}&#xA;--&#xA;By Step&#xA;/home/runner/work/hazelcast-platform-operator/hazelcast-platform-operator/test/e2e/helpers_test.go:738&#xA;2023-02-24T10:01:54.686216925Z&#xA;&amp;{Text:waiting for  CR status Duration:67.487332ms}&#xA;</system-out>
              <system-err>[BeforeEach] Hazelcast ReplicatedMap Config&#xA;  /home/runner/work/hazelcast-platform-operator/hazelcast-platform-operator/test/e2e/hazelcast_replicatedmap_test.go:21&#xA;�[1mSTEP:�[0m checking hazelcast-platform-controller-manager running �[38;5;243m02/24/23 10:01:24.001�[0m&#xA;[It] should fail to update ReplicatedMap Config&#xA;  /home/runner/work/hazelcast-platform-operator/hazelcast-platform-operator/test/e2e/hazelcast_replicatedmap_test.go:76&#xA;�[1mSTEP:�[0m setting the label and CR with name &#39;hrm-3-088hxc&#39; �[38;5;243m02/24/23 10:01:24.068�[0m&#xA;�[1mSTEP:�[0m creating Hazelcast CR �[38;5;243m02/24/23 10:01:24.068�[0m&#xA;�[1mSTEP:�[0m checking Hazelcast CR running �[38;5;243m02/24/23 10:01:24.162�[0m&#xA;�[1mSTEP:�[0m creating the ReplicatedMap config �[38;5;243m02/24/23 10:01:45.005�[0m&#xA;�[1mSTEP:�[0m waiting for  CR status �[38;5;243m02/24/23 10:01:45.09�[0m&#xA;�[1mSTEP:�[0m failing to update ReplicatedMap config �[38;5;243m02/24/23 10:01:54.61�[0m&#xA;�[1mSTEP:�[0m waiting for  CR status �[38;5;243m02/24/23 10:01:54.686�[0m&#xA;[AfterEach] Hazelcast ReplicatedMap Config&#xA;  /home/runner/work/hazelcast-platform-operator/hazelcast-platform-operator/test/e2e/hazelcast_replicatedmap_test.go:36&#xA;Aftereach start time is 2023-02-24 10:01:54.753745058 +0000 UTC m=+1096.097319225&#xA;Aftereach end time is 2023-02-24 10:01:57.652877998 +0000 UTC m=+1098.996452165&#xA;</system-err>
          </testcase>
          <testcase name="[It] Hazelcast Hazelcast member status should update HZ ready members status [hz, slow]" classname="Operator Suite EE" status="passed" time="67.668635598">
              <system-out>&#xA;Report Entries:&#xA;By Step&#xA;/home/runner/work/hazelcast-platform-operator/hazelcast-platform-operator/test/e2e/hazelcast_test.go:31&#xA;2023-02-24T10:01:57.654267148Z&#xA;&amp;{Text:checking hazelcast-platform-controller-manager running Duration:72.80382ms}&#xA;--&#xA;By Step&#xA;/home/runner/work/hazelcast-platform-operator/hazelcast-platform-operator/test/e2e/custom_resource_test.go:55&#xA;2023-02-24T10:01:57.727106169Z&#xA;&amp;{Text:setting the label and CR with name &#39;h-3-1nn4iw&#39; Duration:0s}&#xA;--&#xA;CR_ID:h-3-1nn4iw&#xA;/home/runner/work/hazelcast-platform-operator/hazelcast-platform-operator/test/e2e/custom_resource_test.go:73&#xA;2023-02-24T10:01:57.727238374Z&#xA;--&#xA;By Step&#xA;/home/runner/work/hazelcast-platform-operator/hazelcast-platform-operator/test/e2e/helpers_test.go:106&#xA;2023-02-24T10:01:57.727241774Z&#xA;&amp;{Text:creating Hazelcast CR Duration:82.300462ms}&#xA;--&#xA;By Step&#xA;/home/runner/work/hazelcast-platform-operator/hazelcast-platform-operator/test/e2e/helpers_test.go:111&#xA;2023-02-24T10:01:57.809543336Z&#xA;&amp;{Text:checking Hazelcast CR running Duration:20.956952876s}&#xA;--&#xA;By Step&#xA;/home/runner/work/hazelcast-platform-operator/hazelcast-platform-operator/test/e2e/helpers_test.go:394&#xA;2023-02-24T10:02:18.766500812Z&#xA;&amp;{Text:evaluate number of ready members for lookup name &#39;h-3-1nn4iw&#39; and &#39;test-operator-ee&#39; namespace Duration:10.117657173s}&#xA;--&#xA;By Step&#xA;/home/runner/work/hazelcast-platform-operator/hazelcast-platform-operator/test/e2e/hazelcast_test.go:75&#xA;2023-02-24T10:02:29.096734039Z&#xA;&amp;{Text:removing pods so that cluster gets recreated Duration:33.466208772s}&#xA;--&#xA;By Step&#xA;/home/runner/work/hazelcast-platform-operator/hazelcast-platform-operator/test/e2e/util_test.go:87&#xA;2023-02-24T10:02:29.096831643Z&#xA;&amp;{Text:deleting pods Duration:357.547534ms}&#xA;--&#xA;By Step&#xA;/home/runner/work/hazelcast-platform-operator/hazelcast-platform-operator/test/e2e/helpers_test.go:394&#xA;2023-02-24T10:02:29.454385777Z&#xA;&amp;{Text:evaluate number of ready members for lookup name &#39;h-3-1nn4iw&#39; and &#39;test-operator-ee&#39; namespace Duration:33.108556434s}&#xA;</system-out>
              <system-err>[BeforeEach] Hazelcast&#xA;  /home/runner/work/hazelcast-platform-operator/hazelcast-platform-operator/test/e2e/hazelcast_test.go:24&#xA;�[1mSTEP:�[0m checking hazelcast-platform-controller-manager running �[38;5;243m02/24/23 10:01:57.654�[0m&#xA;[It] should update HZ ready members status&#xA;  /home/runner/work/hazelcast-platform-operator/hazelcast-platform-operator/test/e2e/hazelcast_test.go:68&#xA;�[1mSTEP:�[0m setting the label and CR with name &#39;h-3-1nn4iw&#39; �[38;5;243m02/24/23 10:01:57.727�[0m&#xA;�[1mSTEP:�[0m creating Hazelcast CR �[38;5;243m02/24/23 10:01:57.727�[0m&#xA;�[1mSTEP:�[0m checking Hazelcast CR running �[38;5;243m02/24/23 10:01:57.809�[0m&#xA;�[1mSTEP:�[0m evaluate number of ready members for lookup name &#39;h-3-1nn4iw&#39; and &#39;test-operator-ee&#39; namespace �[38;5;243m02/24/23 10:02:18.766�[0m&#xA;�[1mSTEP:�[0m removing pods so that cluster gets recreated �[38;5;243m02/24/23 10:02:29.096�[0m&#xA;�[1mSTEP:�[0m deleting pods �[38;5;243m02/24/23 10:02:29.096�[0m&#xA;�[1mSTEP:�[0m evaluate number of ready members for lookup name &#39;h-3-1nn4iw&#39; and &#39;test-operator-ee&#39; namespace �[38;5;243m02/24/23 10:02:29.454�[0m&#xA;[AfterEach] Hazelcast&#xA;  /home/runner/work/hazelcast-platform-operator/hazelcast-platform-operator/test/e2e/hazelcast_test.go:39&#xA;Aftereach start time is 2023-02-24 10:03:02.562978113 +0000 UTC m=+1163.906552180&#xA;Aftereach end time is 2023-02-24 10:03:05.322845744 +0000 UTC m=+1166.666419911&#xA;</system-err>
          </testcase>
          <testcase name="[It] Hazelcast MultiMap Config should create MultiMap Config with correct default values [multimap, fast]" classname="Operator Suite EE" status="passed" time="34.143175032">
              <system-out>&#xA;Report Entries:&#xA;By Step&#xA;/home/runner/work/hazelcast-platform-operator/hazelcast-platform-operator/test/e2e/hazelcast_multimap_test.go:28&#xA;2023-02-24T10:03:05.323693473Z&#xA;&amp;{Text:checking hazelcast-platform-controller-manager running Duration:68.422136ms}&#xA;--&#xA;By Step&#xA;/home/runner/work/hazelcast-platform-operator/hazelcast-platform-operator/test/e2e/custom_resource_test.go:55&#xA;2023-02-24T10:03:05.392138809Z&#xA;&amp;{Text:setting the label and CR with name &#39;hmm-2-t3cwqz&#39; Duration:0s}&#xA;--&#xA;CR_ID:hmm-2-t3cwqz&#xA;/home/runner/work/hazelcast-platform-operator/hazelcast-platform-operator/test/e2e/custom_resource_test.go:73&#xA;2023-02-24T10:03:05.392226212Z&#xA;--&#xA;By Step&#xA;/home/runner/work/hazelcast-platform-operator/hazelcast-platform-operator/test/e2e/helpers_test.go:106&#xA;2023-02-24T10:03:05.392231113Z&#xA;&amp;{Text:creating Hazelcast CR Duration:78.994196ms}&#xA;--&#xA;By Step&#xA;/home/runner/work/hazelcast-platform-operator/hazelcast-platform-operator/test/e2e/helpers_test.go:111&#xA;2023-02-24T10:03:05.471226309Z&#xA;&amp;{Text:checking Hazelcast CR running Duration:20.89312902s}&#xA;--&#xA;By Step&#xA;/home/runner/work/hazelcast-platform-operator/hazelcast-platform-operator/test/e2e/hazelcast_multimap_test.go:63&#xA;2023-02-24T10:03:26.364357029Z&#xA;&amp;{Text:creating the default multiMap config Duration:0s}&#xA;--&#xA;By Step&#xA;/home/runner/work/hazelcast-platform-operator/hazelcast-platform-operator/test/e2e/helpers_test.go:738&#xA;2023-02-24T10:03:26.455301237Z&#xA;&amp;{Text:waiting for  CR status Duration:9.563052792s}&#xA;--&#xA;By Step&#xA;/home/runner/work/hazelcast-platform-operator/hazelcast-platform-operator/test/e2e/client_port_forward_test.go:73&#xA;2023-02-24T10:03:36.018358729Z&#xA;&amp;{Text:Getting the member config with lookup name &#39;hmm-2-t3cwqz&#39; Duration:880.317576ms}&#xA;--&#xA;By Step&#xA;/home/runner/work/hazelcast-platform-operator/hazelcast-platform-operator/test/e2e/helpers_test.go:525&#xA;2023-02-24T10:03:36.29574085Z&#xA;&amp;{Text:creating Hazelcast client using address &#39;localhost:8304&#39; Duration:272.29496ms}&#xA;</system-out>
              <system-err>[BeforeEach] Hazelcast MultiMap Config&#xA;  /home/runner/work/hazelcast-platform-operator/hazelcast-platform-operator/test/e2e/hazelcast_multimap_test.go:21&#xA;�[1mSTEP:�[0m checking hazelcast-platform-controller-manager running �[38;5;243m02/24/23 10:03:05.323�[0m&#xA;[It] should create MultiMap Config with correct default values&#xA;  /home/runner/work/hazelcast-platform-operator/hazelcast-platform-operator/test/e2e/hazelcast_multimap_test.go:58&#xA;�[1mSTEP:�[0m setting the label and CR with name &#39;hmm-2-t3cwqz&#39; �[38;5;243m02/24/23 10:03:05.392�[0m&#xA;�[1mSTEP:�[0m creating Hazelcast CR �[38;5;243m02/24/23 10:03:05.392�[0m&#xA;�[1mSTEP:�[0m checking Hazelcast CR running �[38;5;243m02/24/23 10:03:05.471�[0m&#xA;�[1mSTEP:�[0m creating the default multiMap config �[38;5;243m02/24/23 10:03:26.364�[0m&#xA;�[1mSTEP:�[0m waiting for  CR status �[38;5;243m02/24/23 10:03:26.455�[0m&#xA;�[1mSTEP:�[0m Getting the member config with lookup name &#39;hmm-2-t3cwqz&#39; �[38;5;243m02/24/23 10:03:36.018�[0m&#xA;�[1mSTEP:�[0m creating Hazelcast client using address &#39;localhost:8304&#39; �[38;5;243m02/24/23 10:03:36.295�[0m&#xA;[AfterEach] Hazelcast MultiMap Config&#xA;  /home/runner/work/hazelcast-platform-operator/hazelcast-platform-operator/test/e2e/hazelcast_multimap_test.go:36&#xA;Aftereach start time is 2023-02-24 10:03:36.899729838 +0000 UTC m=+1198.243303905&#xA;Aftereach end time is 2023-02-24 10:03:39.466805602 +0000 UTC m=+1200.810379769&#xA;</system-err>
          </testcase>
          <testcase name="[It] Hazelcast CR with expose externally feature should create Hazelcast cluster and allow connecting with Hazelcast unisocket client [hz_expose_externally, slow]" classname="Operator Suite EE" status="passed" time="49.111815753">
              <system-out>&#xA;Report Entries:&#xA;By Step&#xA;/home/runner/work/hazelcast-platform-operator/hazelcast-platform-operator/test/e2e/hazelcast_expose_externally_test.go:30&#xA;2023-02-24T10:03:39.467878741Z&#xA;&amp;{Text:checking hazelcast-platform-controller-manager running Duration:68.551958ms}&#xA;--&#xA;By Step&#xA;/home/runner/work/hazelcast-platform-operator/hazelcast-platform-operator/test/e2e/custom_resource_test.go:55&#xA;2023-02-24T10:03:39.5364658Z&#xA;&amp;{Text:setting the label and CR with name &#39;hee-1-guetrs&#39; Duration:0s}&#xA;--&#xA;CR_ID:hee-1-guetrs&#xA;/home/runner/work/hazelcast-platform-operator/hazelcast-platform-operator/test/e2e/custom_resource_test.go:73&#xA;2023-02-24T10:03:39.536575204Z&#xA;--&#xA;By Step&#xA;/home/runner/work/hazelcast-platform-operator/hazelcast-platform-operator/test/e2e/helpers_test.go:106&#xA;2023-02-24T10:03:39.536578504Z&#xA;&amp;{Text:creating Hazelcast CR Duration:78.805026ms}&#xA;--&#xA;By Step&#xA;/home/runner/work/hazelcast-platform-operator/hazelcast-platform-operator/test/e2e/helpers_test.go:111&#xA;2023-02-24T10:03:39.61538453Z&#xA;&amp;{Text:checking Hazelcast CR running Duration:21.012216928s}&#xA;--&#xA;By Step&#xA;/home/runner/work/hazelcast-platform-operator/hazelcast-platform-operator/test/e2e/helpers_test.go:394&#xA;2023-02-24T10:04:00.627605758Z&#xA;&amp;{Text:evaluate number of ready members for lookup name &#39;hee-1-guetrs&#39; and &#39;test-operator-ee&#39; namespace Duration:9.970785892s}&#xA;--&#xA;By Step&#xA;/home/runner/work/hazelcast-platform-operator/hazelcast-platform-operator/test/e2e/helpers_test.go:250&#xA;2023-02-24T10:04:10.598423851Z&#xA;&amp;{Text:filling the &#39;map&#39; map with &#39;100&#39; entries using &#39;hee-1-guetrs&#39; lookup name and &#39;test-operator-ee&#39; namespace Duration:17.304257376s}&#xA;--&#xA;By Step&#xA;/home/runner/work/hazelcast-platform-operator/hazelcast-platform-operator/test/e2e/helpers_test.go:187&#xA;2023-02-24T10:04:10.598514953Z&#xA;&amp;{Text:starting new Hazelcast client Duration:11.598659882s}&#xA;--&#xA;By Step&#xA;/home/runner/work/hazelcast-platform-operator/hazelcast-platform-operator/test/e2e/helpers_test.go:272&#xA;2023-02-24T10:04:27.902690827Z&#xA;&amp;{Text:waiting the &#39;map&#39; map to be of size &#39;100&#39; using lookup name &#39;hee-1-guetrs&#39; Duration:525.951332ms}&#xA;--&#xA;By Step&#xA;/home/runner/work/hazelcast-platform-operator/hazelcast-platform-operator/test/e2e/helpers_test.go:187&#xA;2023-02-24T10:04:27.902855832Z&#xA;&amp;{Text:starting new Hazelcast client Duration:393.799203ms}&#xA;--&#xA;By Step&#xA;/home/runner/work/hazelcast-platform-operator/hazelcast-platform-operator/test/e2e/hazelcast_expose_externally_test.go:49&#xA;2023-02-24T10:04:28.428644759Z&#xA;&amp;{Text:status external addresses should not be empty Duration:0s}&#xA;</system-out>
              <system-err>[BeforeEach] Hazelcast CR with expose externally feature&#xA;  /home/runner/work/hazelcast-platform-operator/hazelcast-platform-operator/test/e2e/hazelcast_expose_externally_test.go:23&#xA;�[1mSTEP:�[0m checking hazelcast-platform-controller-manager running �[38;5;243m02/24/23 10:03:39.467�[0m&#xA;[It] should create Hazelcast cluster and allow connecting with Hazelcast unisocket client&#xA;  /home/runner/work/hazelcast-platform-operator/hazelcast-platform-operator/test/e2e/hazelcast_expose_externally_test.go:58&#xA;�[1mSTEP:�[0m setting the label and CR with name &#39;hee-1-guetrs&#39; �[38;5;243m02/24/23 10:03:39.536�[0m&#xA;�[1mSTEP:�[0m creating Hazelcast CR �[38;5;243m02/24/23 10:03:39.536�[0m&#xA;�[1mSTEP:�[0m checking Hazelcast CR running �[38;5;243m02/24/23 10:03:39.615�[0m&#xA;�[1mSTEP:�[0m evaluate number of ready members for lookup name &#39;hee-1-guetrs&#39; and &#39;test-operator-ee&#39; namespace �[38;5;243m02/24/23 10:04:00.627�[0m&#xA;�[1mSTEP:�[0m filling the &#39;map&#39; map with &#39;100&#39; entries using &#39;hee-1-guetrs&#39; lookup name and &#39;test-operator-ee&#39; namespace �[38;5;243m02/24/23 10:04:10.598�[0m&#xA;�[1mSTEP:�[0m starting new Hazelcast client �[38;5;243m02/24/23 10:04:10.598�[0m&#xA;�[1mSTEP:�[0m waiting the &#39;map&#39; map to be of size &#39;100&#39; using lookup name &#39;hee-1-guetrs&#39; �[38;5;243m02/24/23 10:04:27.902�[0m&#xA;�[1mSTEP:�[0m starting new Hazelcast client �[38;5;243m02/24/23 10:04:27.902�[0m&#xA;�[1mSTEP:�[0m status external addresses should not be empty �[38;5;243m02/24/23 10:04:28.428�[0m&#xA;[AfterEach] Hazelcast CR with expose externally feature&#xA;  /home/runner/work/hazelcast-platform-operator/hazelcast-platform-operator/test/e2e/hazelcast_expose_externally_test.go:38&#xA;Aftereach start time is 2023-02-24 10:04:28.497993778 +0000 UTC m=+1249.841567845&#xA;Aftereach end time is 2023-02-24 10:04:28.579467386 +0000 UTC m=+1249.923041453&#xA;</system-err>
          </testcase>
          <testcase name="[It] Hazelcast Map Config with Persistence should fail when persistence of Map CR and Hazelcast CR do not match [map_persistence, fast]" classname="Operator Suite EE" status="passed" time="23.997712634">
              <system-out>&#xA;Report Entries:&#xA;By Step&#xA;/home/runner/work/hazelcast-platform-operator/hazelcast-platform-operator/test/e2e/hazelcast_map_persistence_test.go:30&#xA;2023-02-24T10:04:28.581512651Z&#xA;&amp;{Text:checking hazelcast-platform-controller-manager running Duration:68.279985ms}&#xA;--&#xA;By Step&#xA;/home/runner/work/hazelcast-platform-operator/hazelcast-platform-operator/test/e2e/custom_resource_test.go:55&#xA;2023-02-24T10:04:28.649817937Z&#xA;&amp;{Text:setting the label and CR with name &#39;hmp-1-xkwuxs&#39; Duration:0s}&#xA;--&#xA;CR_ID:hmp-1-xkwuxs&#xA;/home/runner/work/hazelcast-platform-operator/hazelcast-platform-operator/test/e2e/custom_resource_test.go:73&#xA;2023-02-24T10:04:28.64992774Z&#xA;--&#xA;By Step&#xA;/home/runner/work/hazelcast-platform-operator/hazelcast-platform-operator/test/e2e/helpers_test.go:106&#xA;2023-02-24T10:04:28.649931041Z&#xA;&amp;{Text:creating Hazelcast CR Duration:78.993128ms}&#xA;--&#xA;By Step&#xA;/home/runner/work/hazelcast-platform-operator/hazelcast-platform-operator/test/e2e/helpers_test.go:111&#xA;2023-02-24T10:04:28.728925469Z&#xA;&amp;{Text:checking Hazelcast CR running Duration:21.017734794s}&#xA;--&#xA;By Step&#xA;/home/runner/work/hazelcast-platform-operator/hazelcast-platform-operator/test/e2e/helpers_test.go:424&#xA;2023-02-24T10:04:49.818999388Z&#xA;&amp;{Text:waiting for Map CR status Duration:67.107164ms}&#xA;</system-out>
              <system-err>[BeforeEach] Hazelcast Map Config with Persistence&#xA;  /home/runner/work/hazelcast-platform-operator/hazelcast-platform-operator/test/e2e/hazelcast_map_persistence_test.go:23&#xA;�[1mSTEP:�[0m checking hazelcast-platform-controller-manager running �[38;5;243m02/24/23 10:04:28.581�[0m&#xA;test-operator-ee/hp-ee-4261116783-hazelcast-platform-operator&#xA;[It] should fail when persistence of Map CR and Hazelcast CR do not match&#xA;  /home/runner/work/hazelcast-platform-operator/hazelcast-platform-operator/test/e2e/hazelcast_map_persistence_test.go:52&#xA;�[1mSTEP:�[0m setting the label and CR with name &#39;hmp-1-xkwuxs&#39; �[38;5;243m02/24/23 10:04:28.649�[0m&#xA;�[1mSTEP:�[0m creating Hazelcast CR �[38;5;243m02/24/23 10:04:28.649�[0m&#xA;�[1mSTEP:�[0m checking Hazelcast CR running �[38;5;243m02/24/23 10:04:28.728�[0m&#xA;�[1mSTEP:�[0m waiting for Map CR status �[38;5;243m02/24/23 10:04:49.818�[0m&#xA;[AfterEach] Hazelcast Map Config with Persistence&#xA;  /home/runner/work/hazelcast-platform-operator/hazelcast-platform-operator/test/e2e/hazelcast_map_persistence_test.go:39&#xA;Aftereach start time is 2023-02-24 10:04:49.886154054 +0000 UTC m=+1271.229728221&#xA;Aftereach end time is 2023-02-24 10:04:52.579168483 +0000 UTC m=+1273.922742650&#xA;</system-err>
          </testcase>
          <testcase name="[It] Hazelcast Map Config with Persistence should persist the map successfully created configs into the configmap [map_persistence, fast]" classname="Operator Suite EE" status="passed" time="45.629429729">
              <system-out>&#xA;Report Entries:&#xA;By Step&#xA;/home/runner/work/hazelcast-platform-operator/hazelcast-platform-operator/test/e2e/hazelcast_map_persistence_test.go:30&#xA;2023-02-24T10:04:52.580236316Z&#xA;&amp;{Text:checking hazelcast-platform-controller-manager running Duration:69.465536ms}&#xA;--&#xA;By Step&#xA;/home/runner/work/hazelcast-platform-operator/hazelcast-platform-operator/test/e2e/custom_resource_test.go:55&#xA;2023-02-24T10:04:52.649847057Z&#xA;&amp;{Text:setting the label and CR with name &#39;hmp-3-hefe4f&#39; Duration:0s}&#xA;--&#xA;CR_ID:hmp-3-hefe4f&#xA;/home/runner/work/hazelcast-platform-operator/hazelcast-platform-operator/test/e2e/custom_resource_test.go:73&#xA;2023-02-24T10:04:52.650019762Z&#xA;--&#xA;By Step&#xA;/home/runner/work/hazelcast-platform-operator/hazelcast-platform-operator/test/e2e/helpers_test.go:106&#xA;2023-02-24T10:04:52.650022962Z&#xA;&amp;{Text:creating Hazelcast CR Duration:75.722629ms}&#xA;--&#xA;By Step&#xA;/home/runner/work/hazelcast-platform-operator/hazelcast-platform-operator/test/e2e/helpers_test.go:111&#xA;2023-02-24T10:04:52.725746691Z&#xA;&amp;{Text:checking Hazelcast CR running Duration:31.020629595s}&#xA;--&#xA;By Step&#xA;/home/runner/work/hazelcast-platform-operator/hazelcast-platform-operator/test/e2e/helpers_test.go:394&#xA;2023-02-24T10:05:23.746383686Z&#xA;&amp;{Text:evaluate number of ready members for lookup name &#39;hmp-3-hefe4f&#39; and &#39;test-operator-ee&#39; namespace Duration:9.932402963s}&#xA;--&#xA;By Step&#xA;/home/runner/work/hazelcast-platform-operator/hazelcast-platform-operator/test/e2e/hazelcast_map_persistence_test.go:119&#xA;2023-02-24T10:05:33.67878805Z&#xA;&amp;{Text:creating the map configs Duration:0s}&#xA;--&#xA;By Step&#xA;/home/runner/work/hazelcast-platform-operator/hazelcast-platform-operator/test/e2e/helpers_test.go:424&#xA;2023-02-24T10:05:33.754726632Z&#xA;&amp;{Text:waiting for Map CR status Duration:570.924606ms}&#xA;--&#xA;By Step&#xA;/home/runner/work/hazelcast-platform-operator/hazelcast-platform-operator/test/e2e/helpers_test.go:424&#xA;2023-02-24T10:05:34.401592721Z&#xA;&amp;{Text:waiting for Map CR status Duration:405.923598ms}&#xA;--&#xA;By Step&#xA;/home/runner/work/hazelcast-platform-operator/hazelcast-platform-operator/test/e2e/helpers_test.go:424&#xA;2023-02-24T10:05:34.87917099Z&#xA;&amp;{Text:waiting for Map CR status Duration:404.241254ms}&#xA;--&#xA;By Step&#xA;/home/runner/work/hazelcast-platform-operator/hazelcast-platform-operator/test/e2e/helpers_test.go:424&#xA;2023-02-24T10:05:35.35946183Z&#xA;&amp;{Text:waiting for Map CR status Duration:67.704667ms}&#xA;--&#xA;By Step&#xA;/home/runner/work/hazelcast-platform-operator/hazelcast-platform-operator/test/e2e/hazelcast_map_persistence_test.go:135&#xA;2023-02-24T10:05:35.427167497Z&#xA;&amp;{Text:checking if the maps are in the map config Duration:65.994523ms}&#xA;--&#xA;By Step&#xA;/home/runner/work/hazelcast-platform-operator/hazelcast-platform-operator/test/e2e/hazelcast_map_persistence_test.go:144&#xA;2023-02-24T10:05:35.49316242Z&#xA;&amp;{Text:deleting map2 Duration:0s}&#xA;--&#xA;By Step&#xA;/home/runner/work/hazelcast-platform-operator/hazelcast-platform-operator/test/e2e/hazelcast_map_persistence_test.go:148&#xA;2023-02-24T10:05:35.577355919Z&#xA;&amp;{Text:checking if map2 is not persisted in the configmap Duration:234.457221ms}&#xA;</system-out>
              <system-err>[BeforeEach] Hazelcast Map Config with Persistence&#xA;  /home/runner/work/hazelcast-platform-operator/hazelcast-platform-operator/test/e2e/hazelcast_map_persistence_test.go:23&#xA;�[1mSTEP:�[0m checking hazelcast-platform-controller-manager running �[38;5;243m02/24/23 10:04:52.58�[0m&#xA;test-operator-ee/hp-ee-4261116783-hazelcast-platform-operator&#xA;[It] should persist the map successfully created configs into the configmap&#xA;  /home/runner/work/hazelcast-platform-operator/hazelcast-platform-operator/test/e2e/hazelcast_map_persistence_test.go:108&#xA;�[1mSTEP:�[0m setting the label and CR with name &#39;hmp-3-hefe4f&#39; �[38;5;243m02/24/23 10:04:52.649�[0m&#xA;�[1mSTEP:�[0m creating Hazelcast CR �[38;5;243m02/24/23 10:04:52.65�[0m&#xA;�[1mSTEP:�[0m checking Hazelcast CR running �[38;5;243m02/24/23 10:04:52.725�[0m&#xA;�[1mSTEP:�[0m evaluate number of ready members for lookup name &#39;hmp-3-hefe4f&#39; and &#39;test-operator-ee&#39; namespace �[38;5;243m02/24/23 10:05:23.746�[0m&#xA;�[1mSTEP:�[0m creating the map configs �[38;5;243m02/24/23 10:05:33.678�[0m&#xA;�[1mSTEP:�[0m waiting for Map CR status �[38;5;243m02/24/23 10:05:33.754�[0m&#xA;�[1mSTEP:�[0m waiting for Map CR status �[38;5;243m02/24/23 10:05:34.401�[0m&#xA;�[1mSTEP:�[0m waiting for Map CR status �[38;5;243m02/24/23 10:05:34.879�[0m&#xA;�[1mSTEP:�[0m waiting for Map CR status �[38;5;243m02/24/23 10:05:35.359�[0m&#xA;�[1mSTEP:�[0m checking if the maps are in the map config �[38;5;243m02/24/23 10:05:35.427�[0m&#xA;�[1mSTEP:�[0m deleting map2 �[38;5;243m02/24/23 10:05:35.493�[0m&#xA;�[1mSTEP:�[0m checking if map2 is not persisted in the configmap �[38;5;243m02/24/23 10:05:35.577�[0m&#xA;[AfterEach] Hazelcast Map Config with Persistence&#xA;  /home/runner/work/hazelcast-platform-operator/hazelcast-platform-operator/test/e2e/hazelcast_map_persistence_test.go:39&#xA;Aftereach start time is 2023-02-24 10:05:35.811870342 +0000 UTC m=+1317.155444409&#xA;Aftereach end time is 2023-02-24 10:05:38.209606443 +0000 UTC m=+1319.553180610&#xA;</system-err>
          </testcase>
          <testcase name="[It] Hazelcast Map Config with Persistence should continue persisting last applied Map Config in case of failure [map_persistence, fast]" classname="Operator Suite EE" status="passed" time="29.075990724">
              <system-out>&#xA;Report Entries:&#xA;By Step&#xA;/home/runner/work/hazelcast-platform-operator/hazelcast-platform-operator/test/e2e/hazelcast_map_persistence_test.go:30&#xA;2023-02-24T10:05:38.210499867Z&#xA;&amp;{Text:checking hazelcast-platform-controller-manager running Duration:70.136831ms}&#xA;--&#xA;By Step&#xA;/home/runner/work/hazelcast-platform-operator/hazelcast-platform-operator/test/e2e/custom_resource_test.go:55&#xA;2023-02-24T10:05:38.280677899Z&#xA;&amp;{Text:setting the label and CR with name &#39;hmp-5-rihti2&#39; Duration:0s}&#xA;--&#xA;CR_ID:hmp-5-rihti2&#xA;/home/runner/work/hazelcast-platform-operator/hazelcast-platform-operator/test/e2e/custom_resource_test.go:73&#xA;2023-02-24T10:05:38.280799202Z&#xA;--&#xA;By Step&#xA;/home/runner/work/hazelcast-platform-operator/hazelcast-platform-operator/test/e2e/helpers_test.go:106&#xA;2023-02-24T10:05:38.280802202Z&#xA;&amp;{Text:creating Hazelcast CR Duration:84.204399ms}&#xA;--&#xA;By Step&#xA;/home/runner/work/hazelcast-platform-operator/hazelcast-platform-operator/test/e2e/helpers_test.go:111&#xA;2023-02-24T10:05:38.365007301Z&#xA;&amp;{Text:checking Hazelcast CR running Duration:20.964175789s}&#xA;--&#xA;By Step&#xA;/home/runner/work/hazelcast-platform-operator/hazelcast-platform-operator/test/e2e/helpers_test.go:424&#xA;2023-02-24T10:05:59.420136917Z&#xA;&amp;{Text:waiting for Map CR status Duration:407.482221ms}&#xA;--&#xA;By Step&#xA;/home/runner/work/hazelcast-platform-operator/hazelcast-platform-operator/test/e2e/hazelcast_map_persistence_test.go:193&#xA;2023-02-24T10:05:59.827621238Z&#xA;&amp;{Text:checking if the map config is persisted Duration:0s}&#xA;--&#xA;By Step&#xA;/home/runner/work/hazelcast-platform-operator/hazelcast-platform-operator/test/e2e/hazelcast_map_persistence_test.go:197&#xA;2023-02-24T10:05:59.893953981Z&#xA;&amp;{Text:failing to update the map config Duration:0s}&#xA;--&#xA;By Step&#xA;/home/runner/work/hazelcast-platform-operator/hazelcast-platform-operator/test/e2e/hazelcast_map_persistence_test.go:201&#xA;2023-02-24T10:05:59.996671735Z&#xA;&amp;{Text:checking if the same map config is still there Duration:0s}&#xA;</system-out>
              <system-err>[BeforeEach] Hazelcast Map Config with Persistence&#xA;  /home/runner/work/hazelcast-platform-operator/hazelcast-platform-operator/test/e2e/hazelcast_map_persistence_test.go:23&#xA;�[1mSTEP:�[0m checking hazelcast-platform-controller-manager running �[38;5;243m02/24/23 10:05:38.21�[0m&#xA;test-operator-ee/hp-ee-4261116783-hazelcast-platform-operator&#xA;[It] should continue persisting last applied Map Config in case of failure&#xA;  /home/runner/work/hazelcast-platform-operator/hazelcast-platform-operator/test/e2e/hazelcast_map_persistence_test.go:184&#xA;�[1mSTEP:�[0m setting the label and CR with name &#39;hmp-5-rihti2&#39; �[38;5;243m02/24/23 10:05:38.28�[0m&#xA;�[1mSTEP:�[0m creating Hazelcast CR �[38;5;243m02/24/23 10:05:38.28�[0m&#xA;�[1mSTEP:�[0m checking Hazelcast CR running �[38;5;243m02/24/23 10:05:38.365�[0m&#xA;�[1mSTEP:�[0m waiting for Map CR status �[38;5;243m02/24/23 10:05:59.42�[0m&#xA;�[1mSTEP:�[0m checking if the map config is persisted �[38;5;243m02/24/23 10:05:59.827�[0m&#xA;�[1mSTEP:�[0m failing to update the map config �[38;5;243m02/24/23 10:05:59.893�[0m&#xA;�[1mSTEP:�[0m checking if the same map config is still there �[38;5;243m02/24/23 10:05:59.996�[0m&#xA;[AfterEach] Hazelcast Map Config with Persistence&#xA;  /home/runner/work/hazelcast-platform-operator/hazelcast-platform-operator/test/e2e/hazelcast_map_persistence_test.go:39&#xA;Aftereach start time is 2023-02-24 10:06:05.064146645 +0000 UTC m=+1346.407720812&#xA;Aftereach end time is 2023-02-24 10:06:07.286435089 +0000 UTC m=+1348.630009256&#xA;</system-err>
          </testcase>
          <testcase name="[AfterSuite]" classname="Operator Suite EE" status="passed" time="0.000601013">
              <system-out>&#xA;Report Entries:&#xA;By Step&#xA;/home/runner/work/hazelcast-platform-operator/hazelcast-platform-operator/test/e2e/e2e_suite_test.go:57&#xA;2023-02-24T10:06:07.288367632Z&#xA;&amp;{Text:tearing down the test environment Duration:0s}&#xA;</system-out>
              <system-err>[AfterSuite] TOP-LEVEL&#xA;  /home/runner/work/hazelcast-platform-operator/hazelcast-platform-operator/test/e2e/e2e_suite_test.go:56&#xA;�[1mSTEP:�[0m tearing down the test environment �[38;5;243m02/24/23 10:06:07.288�[0m&#xA;</system-err>
          </testcase>
          <testcase name="[SynchronizedBeforeSuite]" classname="Operator Suite EE" status="passed" time="4.441555329">
              <system-out>&#xA;Report Entries:&#xA;By Step&#xA;/home/runner/work/hazelcast-platform-operator/hazelcast-platform-operator/test/e2e/e2e_suite_test.go:65&#xA;2023-02-24T09:44:32.445458801Z&#xA;&amp;{Text:bootstrapping test environment Duration:0s}&#xA;</system-out>
              <system-err>[SynchronizedBeforeSuite] TOP-LEVEL&#xA;  /home/runner/work/hazelcast-platform-operator/hazelcast-platform-operator/test/e2e/e2e_suite_test.go:40&#xA;�[1mSTEP:�[0m bootstrapping test environment �[38;5;243m02/24/23 09:44:32.445�[0m&#xA;</system-err>
          </testcase>
          <testcase name="[It] Hazelcast CR with Persistence feature enabled should trigger multiple HotBackups with CronHotBackup [hz_persistence, slow]" classname="Operator Suite EE" status="passed" time="8.024023015">
              <system-out>&#xA;Report Entries:&#xA;By Step&#xA;/home/runner/work/hazelcast-platform-operator/hazelcast-platform-operator/test/e2e/hazelcast_persistence_test.go:29&#xA;2023-02-24T09:44:34.463544888Z&#xA;&amp;{Text:checking hazelcast-platform-controller-manager running Duration:71.619294ms}&#xA;--&#xA;By Step&#xA;/home/runner/work/hazelcast-platform-operator/hazelcast-platform-operator/test/e2e/custom_resource_test.go:55&#xA;2023-02-24T09:44:34.535198982Z&#xA;&amp;{Text:setting the label and CR with name &#39;hp-3-mts1hm&#39; Duration:0s}&#xA;--&#xA;CR_ID:hp-3-mts1hm&#xA;/home/runner/work/hazelcast-platform-operator/hazelcast-platform-operator/test/e2e/custom_resource_test.go:73&#xA;2023-02-24T09:44:34.535329785Z&#xA;--&#xA;By Step&#xA;/home/runner/work/hazelcast-platform-operator/hazelcast-platform-operator/test/e2e/hazelcast_persistence_test.go:130&#xA;2023-02-24T09:44:34.535331385Z&#xA;&amp;{Text:creating cron hot backup Duration:0s}&#xA;--&#xA;By Step&#xA;/home/runner/work/hazelcast-platform-operator/hazelcast-platform-operator/test/e2e/hazelcast_persistence_test.go:135&#xA;2023-02-24T09:44:34.623729929Z&#xA;&amp;{Text:waiting cron hot backup two create two backups Duration:0s}&#xA;--&#xA;By Step&#xA;/home/runner/work/hazelcast-platform-operator/hazelcast-platform-operator/test/e2e/hazelcast_persistence_test.go:145&#xA;2023-02-24T09:44:41.126641114Z&#xA;&amp;{Text:deleting the cron hot backup Duration:0s}&#xA;--&#xA;By Step&#xA;/home/runner/work/hazelcast-platform-operator/hazelcast-platform-operator/test/e2e/hazelcast_persistence_test.go:148&#xA;2023-02-24T09:44:41.787790646Z&#xA;&amp;{Text:seeing hot backup CRs are also deleted Duration:0s}&#xA;</system-out>
              <system-err>[BeforeEach] Hazelcast CR with Persistence feature enabled&#xA;  /home/runner/work/hazelcast-platform-operator/hazelcast-platform-operator/test/e2e/hazelcast_persistence_test.go:22&#xA;�[1mSTEP:�[0m checking hazelcast-platform-controller-manager running �[38;5;243m02/24/23 09:44:34.463�[0m&#xA;[It] should trigger multiple HotBackups with CronHotBackup&#xA;  /home/runner/work/hazelcast-platform-operator/hazelcast-platform-operator/test/e2e/hazelcast_persistence_test.go:124&#xA;�[1mSTEP:�[0m setting the label and CR with name &#39;hp-3-mts1hm&#39; �[38;5;243m02/24/23 09:44:34.535�[0m&#xA;�[1mSTEP:�[0m creating cron hot backup �[38;5;243m02/24/23 09:44:34.535�[0m&#xA;�[1mSTEP:�[0m waiting cron hot backup two create two backups �[38;5;243m02/24/23 09:44:34.623�[0m&#xA;�[1mSTEP:�[0m deleting the cron hot backup �[38;5;243m02/24/23 09:44:41.126�[0m&#xA;�[1mSTEP:�[0m seeing hot backup CRs are also deleted �[38;5;243m02/24/23 09:44:41.787�[0m&#xA;[AfterEach] Hazelcast CR with Persistence feature enabled&#xA;  /home/runner/work/hazelcast-platform-operator/hazelcast-platform-operator/test/e2e/hazelcast_persistence_test.go:37&#xA;Aftereach start time is 2023-02-24 09:44:41.856981425 +0000 UTC m=+63.199348866&#xA;Aftereach end time is 2023-02-24 09:44:42.487515102 +0000 UTC m=+63.829882443&#xA;</system-err>
          </testcase>
          <testcase name="[It] Hazelcast CR with Persistence feature enabled should successfully restore from LocalBackup-PVC-HotBackupResourceName [hz_persistence, slow]" classname="Operator Suite EE" status="passed" time="327.1382617">
              <system-out>&#xA;Report Entries:&#xA;By Step&#xA;/home/runner/work/hazelcast-platform-operator/hazelcast-platform-operator/test/e2e/hazelcast_persistence_test.go:29&#xA;2023-02-24T09:44:42.488256118Z&#xA;&amp;{Text:checking hazelcast-platform-controller-manager running Duration:68.843472ms}&#xA;--&#xA;By Step&#xA;/home/runner/work/hazelcast-platform-operator/hazelcast-platform-operator/test/e2e/custom_resource_test.go:55&#xA;2023-02-24T09:44:42.55712819Z&#xA;&amp;{Text:setting the label and CR with name &#39;hp-4-wwj5q5&#39; Duration:0s}&#xA;--&#xA;CR_ID:hp-4-wwj5q5&#xA;/home/runner/work/hazelcast-platform-operator/hazelcast-platform-operator/test/e2e/custom_resource_test.go:73&#xA;2023-02-24T09:44:42.557229592Z&#xA;--&#xA;By Step&#xA;/home/runner/work/hazelcast-platform-operator/hazelcast-platform-operator/test/e2e/hazelcast_persistence_test.go:155&#xA;2023-02-24T09:44:42.557236292Z&#xA;&amp;{Text:creating cluster with backup enabled Duration:0s}&#xA;--&#xA;By Step&#xA;/home/runner/work/hazelcast-platform-operator/hazelcast-platform-operator/test/e2e/helpers_test.go:106&#xA;2023-02-24T09:44:42.557277193Z&#xA;&amp;{Text:creating Hazelcast CR Duration:107.789704ms}&#xA;--&#xA;By Step&#xA;/home/runner/work/hazelcast-platform-operator/hazelcast-platform-operator/test/e2e/helpers_test.go:111&#xA;2023-02-24T09:44:42.665067997Z&#xA;&amp;{Text:checking Hazelcast CR running Duration:1m43.751061124s}&#xA;--&#xA;By Step&#xA;/home/runner/work/hazelcast-platform-operator/hazelcast-platform-operator/test/e2e/helpers_test.go:394&#xA;2023-02-24T09:46:26.416134121Z&#xA;&amp;{Text:evaluate number of ready members for lookup name &#39;hp-4-wwj5q5&#39; and &#39;test-operator-ee&#39; namespace Duration:10.177398897s}&#xA;--&#xA;By Step&#xA;/home/runner/work/hazelcast-platform-operator/hazelcast-platform-operator/test/e2e/hazelcast_persistence_test.go:159&#xA;2023-02-24T09:46:36.593534418Z&#xA;&amp;{Text:creating the map config and adding entries Duration:0s}&#xA;--&#xA;By Step&#xA;/home/runner/work/hazelcast-platform-operator/hazelcast-platform-operator/test/e2e/helpers_test.go:424&#xA;2023-02-24T09:46:36.694964256Z&#xA;&amp;{Text:waiting for Map CR status Duration:1.094735214s}&#xA;--&#xA;By Step&#xA;/home/runner/work/hazelcast-platform-operator/hazelcast-platform-operator/test/e2e/client_port_forward_test.go:20&#xA;2023-02-24T09:46:37.78970557Z&#xA;&amp;{Text:filling the &#39;hp-4-wwj5q5&#39; map with &#39;10&#39; entries using &#39;hp-4-wwj5q5&#39; lookup name and &#39;test-operator-ee&#39; namespace Duration:3.707808141s}&#xA;--&#xA;By Step&#xA;/home/runner/work/hazelcast-platform-operator/hazelcast-platform-operator/test/e2e/helpers_test.go:525&#xA;2023-02-24T09:46:38.112140311Z&#xA;&amp;{Text:creating Hazelcast client using address &#39;localhost:8403&#39; Duration:336.026334ms}&#xA;--&#xA;By Step&#xA;/home/runner/work/hazelcast-platform-operator/hazelcast-platform-operator/test/e2e/hazelcast_persistence_test.go:165&#xA;2023-02-24T09:46:41.497515911Z&#xA;&amp;{Text:triggering backup Duration:0s}&#xA;--&#xA;By Step&#xA;/home/runner/work/hazelcast-platform-operator/hazelcast-platform-operator/test/e2e/helpers_test.go:720&#xA;2023-02-24T09:46:41.572748182Z&#xA;&amp;{Text:waiting for HotBackup CR status to be Success Duration:1.792736272s}&#xA;--&#xA;By Step&#xA;/home/runner/work/hazelcast-platform-operator/hazelcast-platform-operator/test/e2e/hazelcast_persistence_test.go:170&#xA;2023-02-24T09:46:43.365486154Z&#xA;&amp;{Text:checking if backup status is correct Duration:0s}&#xA;--&#xA;By Step&#xA;/home/runner/work/hazelcast-platform-operator/hazelcast-platform-operator/test/e2e/helpers_test.go:54&#xA;2023-02-24T09:46:43.365650061Z&#xA;&amp;{Text:finding Backup sequence Duration:216.414533ms}&#xA;--&#xA;By Step&#xA;/home/runner/work/hazelcast-platform-operator/hazelcast-platform-operator/test/e2e/helpers_test.go:77&#xA;2023-02-24T09:46:43.365705263Z&#xA;&amp;{Text:getting Hazelcast logs Duration:153.045747ms}&#xA;--&#xA;By Step&#xA;/home/runner/work/hazelcast-platform-operator/hazelcast-platform-operator/test/e2e/hazelcast_persistence_test.go:173&#xA;2023-02-24T09:46:43.582073094Z&#xA;&amp;{Text:adding new entries after backup Duration:0s}&#xA;--&#xA;By Step&#xA;/home/runner/work/hazelcast-platform-operator/hazelcast-platform-operator/test/e2e/client_port_forward_test.go:20&#xA;2023-02-24T09:46:43.582178199Z&#xA;&amp;{Text:filling the &#39;hp-4-wwj5q5&#39; map with &#39;15&#39; entries using &#39;hp-4-wwj5q5&#39; lookup name and &#39;test-operator-ee&#39; namespace Duration:2.088458783s}&#xA;--&#xA;By Step&#xA;/home/runner/work/hazelcast-platform-operator/hazelcast-platform-operator/test/e2e/helpers_test.go:525&#xA;2023-02-24T09:46:43.855257168Z&#xA;&amp;{Text:creating Hazelcast client using address &#39;localhost:8403&#39; Duration:286.470202ms}&#xA;--&#xA;By Step&#xA;/home/runner/work/hazelcast-platform-operator/hazelcast-platform-operator/test/e2e/hazelcast_persistence_test.go:176&#xA;2023-02-24T09:46:45.670638682Z&#xA;&amp;{Text:removing Hazelcast CR Duration:0s}&#xA;--&#xA;By Step&#xA;/home/runner/work/hazelcast-platform-operator/hazelcast-platform-operator/test/e2e/helpers_test.go:156&#xA;2023-02-24T09:46:45.670730785Z&#xA;&amp;{Text:removing hazelcast CR Duration:3.600235333s}&#xA;--&#xA;By Step&#xA;/home/runner/work/hazelcast-platform-operator/hazelcast-platform-operator/test/e2e/helpers_test.go:163&#xA;2023-02-24T09:46:49.270967318Z&#xA;&amp;{Text:waiting for Hazelcast CR to be removed Duration:764.266526ms}&#xA;--&#xA;By Step&#xA;/home/runner/work/hazelcast-platform-operator/hazelcast-platform-operator/test/e2e/hazelcast_persistence_test.go:179&#xA;2023-02-24T09:46:50.035235544Z&#xA;&amp;{Text:creating cluster from backup Duration:0s}&#xA;--&#xA;By Step&#xA;/home/runner/work/hazelcast-platform-operator/hazelcast-platform-operator/test/e2e/helpers_test.go:106&#xA;2023-02-24T09:46:50.035353849Z&#xA;&amp;{Text:creating Hazelcast CR Duration:78.243305ms}&#xA;--&#xA;By Step&#xA;/home/runner/work/hazelcast-platform-operator/hazelcast-platform-operator/test/e2e/helpers_test.go:111&#xA;2023-02-24T09:46:50.113598454Z&#xA;&amp;{Text:checking Hazelcast CR running Duration:3m1.508517257s}&#xA;--&#xA;By Step&#xA;/home/runner/work/hazelcast-platform-operator/hazelcast-platform-operator/test/e2e/helpers_test.go:394&#xA;2023-02-24T09:49:51.622122811Z&#xA;&amp;{Text:evaluate number of ready members for lookup name &#39;hp-4-wwj5q5&#39; and &#39;test-operator-ee&#39; namespace Duration:10.007031359s}&#xA;--&#xA;By Step&#xA;/home/runner/work/hazelcast-platform-operator/hazelcast-platform-operator/test/e2e/hazelcast_persistence_test.go:184&#xA;2023-02-24T09:50:01.62915607Z&#xA;&amp;{Text:checking the cluster state and map size Duration:0s}&#xA;--&#xA;By Step&#xA;/home/runner/work/hazelcast-platform-operator/hazelcast-platform-operator/test/e2e/helpers_test.go:546&#xA;2023-02-24T09:50:01.629286773Z&#xA;&amp;{Text:waiting for Map CR status Duration:70.991056ms}&#xA;--&#xA;By Step&#xA;/home/runner/work/hazelcast-platform-operator/hazelcast-platform-operator/test/e2e/client_port_forward_test.go:106&#xA;2023-02-24T09:50:01.700279229Z&#xA;&amp;{Text:waiting for Cluster state Duration:645.527071ms}&#xA;--&#xA;By Step&#xA;/home/runner/work/hazelcast-platform-operator/hazelcast-platform-operator/test/e2e/client_port_forward_test.go:115&#xA;2023-02-24T09:50:01.700390532Z&#xA;&amp;{Text:Getting the cluster state with lookup name &#39;hp-4-wwj5q5&#39; Duration:645.409068ms}&#xA;--&#xA;By Step&#xA;/home/runner/work/hazelcast-platform-operator/hazelcast-platform-operator/test/e2e/helpers_test.go:525&#xA;2023-02-24T09:50:01.998564525Z&#xA;&amp;{Text:creating Hazelcast client using address &#39;localhost:8403&#39; Duration:277.746059ms}&#xA;--&#xA;By Step&#xA;/home/runner/work/hazelcast-platform-operator/hazelcast-platform-operator/test/e2e/client_port_forward_test.go:47&#xA;2023-02-24T09:50:02.345814Z&#xA;&amp;{Text:waiting the &#39;hp-4-wwj5q5&#39; map to be of size &#39;10&#39; using lookup name &#39;hp-4-wwj5q5&#39; Duration:740.442453ms}&#xA;--&#xA;By Step&#xA;/home/runner/work/hazelcast-platform-operator/hazelcast-platform-operator/test/e2e/helpers_test.go:525&#xA;2023-02-24T09:50:02.625258304Z&#xA;&amp;{Text:creating Hazelcast client using address &#39;localhost:8403&#39; Duration:273.818556ms}&#xA;</system-out>
              <system-err>[BeforeEach] Hazelcast CR with Persistence feature enabled&#xA;  /home/runner/work/hazelcast-platform-operator/hazelcast-platform-operator/test/e2e/hazelcast_persistence_test.go:22&#xA;�[1mSTEP:�[0m checking hazelcast-platform-controller-manager running �[38;5;243m02/24/23 09:44:42.488�[0m&#xA;[It] should successfully restore from LocalBackup-PVC-HotBackupResourceName&#xA;  /home/runner/work/hazelcast-platform-operator/hazelcast-platform-operator/test/e2e/hazelcast_persistence_test.go:190&#xA;�[1mSTEP:�[0m setting the label and CR with name &#39;hp-4-wwj5q5&#39; �[38;5;243m02/24/23 09:44:42.557�[0m&#xA;�[1mSTEP:�[0m creating cluster with backup enabled �[38;5;243m02/24/23 09:44:42.557�[0m&#xA;�[1mSTEP:�[0m creating Hazelcast CR �[38;5;243m02/24/23 09:44:42.557�[0m&#xA;�[1mSTEP:�[0m checking Hazelcast CR running �[38;5;243m02/24/23 09:44:42.665�[0m&#xA;�[1mSTEP:�[0m evaluate number of ready members for lookup name &#39;hp-4-wwj5q5&#39; and &#39;test-operator-ee&#39; namespace �[38;5;243m02/24/23 09:46:26.416�[0m&#xA;�[1mSTEP:�[0m creating the map config and adding entries �[38;5;243m02/24/23 09:46:36.593�[0m&#xA;�[1mSTEP:�[0m waiting for Map CR status �[38;5;243m02/24/23 09:46:36.694�[0m&#xA;�[1mSTEP:�[0m filling the &#39;hp-4-wwj5q5&#39; map with &#39;10&#39; entries using &#39;hp-4-wwj5q5&#39; lookup name and &#39;test-operator-ee&#39; namespace �[38;5;243m02/24/23 09:46:37.789�[0m&#xA;�[1mSTEP:�[0m creating Hazelcast client using address &#39;localhost:8403&#39; �[38;5;243m02/24/23 09:46:38.112�[0m&#xA;�[1mSTEP:�[0m triggering backup �[38;5;243m02/24/23 09:46:41.497�[0m&#xA;�[1mSTEP:�[0m waiting for HotBackup CR status to be Success �[38;5;243m02/24/23 09:46:41.572�[0m&#xA;�[1mSTEP:�[0m checking if backup status is correct �[38;5;243m02/24/23 09:46:43.365�[0m&#xA;�[1mSTEP:�[0m finding Backup sequence �[38;5;243m02/24/23 09:46:43.365�[0m&#xA;�[1mSTEP:�[0m getting Hazelcast logs �[38;5;243m02/24/23 09:46:43.365�[0m&#xA;�[1mSTEP:�[0m adding new entries after backup �[38;5;243m02/24/23 09:46:43.582�[0m&#xA;�[1mSTEP:�[0m filling the &#39;hp-4-wwj5q5&#39; map with &#39;15&#39; entries using &#39;hp-4-wwj5q5&#39; lookup name and &#39;test-operator-ee&#39; namespace �[38;5;243m02/24/23 09:46:43.582�[0m&#xA;�[1mSTEP:�[0m creating Hazelcast client using address &#39;localhost:8403&#39; �[38;5;243m02/24/23 09:46:43.855�[0m&#xA;�[1mSTEP:�[0m removing Hazelcast CR �[38;5;243m02/24/23 09:46:45.67�[0m&#xA;�[1mSTEP:�[0m removing hazelcast CR �[38;5;243m02/24/23 09:46:45.67�[0m&#xA;�[1mSTEP:�[0m waiting for Hazelcast CR to be removed �[38;5;243m02/24/23 09:46:49.27�[0m&#xA;�[1mSTEP:�[0m creating cluster from backup �[38;5;243m02/24/23 09:46:50.035�[0m&#xA;�[1mSTEP:�[0m creating Hazelcast CR �[38;5;243m02/24/23 09:46:50.035�[0m&#xA;�[1mSTEP:�[0m checking Hazelcast CR running �[38;5;243m02/24/23 09:46:50.113�[0m&#xA;�[1mSTEP:�[0m evaluate number of ready members for lookup name &#39;hp-4-wwj5q5&#39; and &#39;test-operator-ee&#39; namespace �[38;5;243m02/24/23 09:49:51.622�[0m&#xA;�[1mSTEP:�[0m checking the cluster state and map size �[38;5;243m02/24/23 09:50:01.629�[0m&#xA;�[1mSTEP:�[0m waiting for Map CR status �[38;5;243m02/24/23 09:50:01.629�[0m&#xA;�[1mSTEP:�[0m waiting for Cluster state �[38;5;243m02/24/23 09:50:01.7�[0m&#xA;�[1mSTEP:�[0m Getting the cluster state with lookup name &#39;hp-4-wwj5q5&#39; �[38;5;243m02/24/23 09:50:01.7�[0m&#xA;�[1mSTEP:�[0m creating Hazelcast client using address &#39;localhost:8403&#39; �[38;5;243m02/24/23 09:50:01.998�[0m&#xA;�[1mSTEP:�[0m waiting the &#39;hp-4-wwj5q5&#39; map to be of size &#39;10&#39; using lookup name &#39;hp-4-wwj5q5&#39; �[38;5;243m02/24/23 09:50:02.345�[0m&#xA;�[1mSTEP:�[0m creating Hazelcast client using address &#39;localhost:8403&#39; �[38;5;243m02/24/23 09:50:02.625�[0m&#xA;[AfterEach] Hazelcast CR with Persistence feature enabled&#xA;  /home/runner/work/hazelcast-platform-operator/hazelcast-platform-operator/test/e2e/hazelcast_persistence_test.go:37&#xA;Aftereach start time is 2023-02-24 09:50:03.086287853 +0000 UTC m=+384.428655194&#xA;Aftereach end time is 2023-02-24 09:50:09.626457216 +0000 UTC m=+390.968824657&#xA;</system-err>
          </testcase>
          <testcase name="[It] Hazelcast CR with Persistence feature enabled Should successfully restore from ExternalBackup-PVC using Azure bucket HotBackupResourceName [hz_persistence, slow]" classname="Operator Suite EE" status="passed" time="287.614439963">
              <system-out>&#xA;Report Entries:&#xA;By Step&#xA;/home/runner/work/hazelcast-platform-operator/hazelcast-platform-operator/test/e2e/hazelcast_persistence_test.go:29&#xA;2023-02-24T09:50:09.628247162Z&#xA;&amp;{Text:checking hazelcast-platform-controller-manager running Duration:69.842483ms}&#xA;--&#xA;By Step&#xA;/home/runner/work/hazelcast-platform-operator/hazelcast-platform-operator/test/e2e/custom_resource_test.go:55&#xA;2023-02-24T09:50:09.698199148Z&#xA;&amp;{Text:setting the label and CR with name &#39;hp-6-hryri9&#39; Duration:0s}&#xA;--&#xA;CR_ID:hp-6-hryri9&#xA;/home/runner/work/hazelcast-platform-operator/hazelcast-platform-operator/test/e2e/custom_resource_test.go:73&#xA;2023-02-24T09:50:09.69827665Z&#xA;--&#xA;By Step&#xA;/home/runner/work/hazelcast-platform-operator/hazelcast-platform-operator/test/e2e/hazelcast_persistence_test.go:208&#xA;2023-02-24T09:50:09.69827755Z&#xA;&amp;{Text:creating cluster with backup enabled Duration:0s}&#xA;--&#xA;By Step&#xA;/home/runner/work/hazelcast-platform-operator/hazelcast-platform-operator/test/e2e/hazelcast_persistence_test.go:155&#xA;2023-02-24T09:50:09.698353052Z&#xA;&amp;{Text:creating cluster with backup enabled Duration:0s}&#xA;--&#xA;By Step&#xA;/home/runner/work/hazelcast-platform-operator/hazelcast-platform-operator/test/e2e/helpers_test.go:106&#xA;2023-02-24T09:50:09.698401853Z&#xA;&amp;{Text:creating Hazelcast CR Duration:80.463055ms}&#xA;--&#xA;By Step&#xA;/home/runner/work/hazelcast-platform-operator/hazelcast-platform-operator/test/e2e/helpers_test.go:111&#xA;2023-02-24T09:50:09.778866108Z&#xA;&amp;{Text:checking Hazelcast CR running Duration:1m36.070377538s}&#xA;--&#xA;By Step&#xA;/home/runner/work/hazelcast-platform-operator/hazelcast-platform-operator/test/e2e/helpers_test.go:394&#xA;2023-02-24T09:51:45.849250446Z&#xA;&amp;{Text:evaluate number of ready members for lookup name &#39;hp-6-hryri9&#39; and &#39;test-operator-ee&#39; namespace Duration:10.016859455s}&#xA;--&#xA;By Step&#xA;/home/runner/work/hazelcast-platform-operator/hazelcast-platform-operator/test/e2e/hazelcast_persistence_test.go:159&#xA;2023-02-24T09:51:55.866111801Z&#xA;&amp;{Text:creating the map config and adding entries Duration:0s}&#xA;--&#xA;By Step&#xA;/home/runner/work/hazelcast-platform-operator/hazelcast-platform-operator/test/e2e/helpers_test.go:424&#xA;2023-02-24T09:51:55.960002488Z&#xA;&amp;{Text:waiting for Map CR status Duration:1.282835471s}&#xA;--&#xA;By Step&#xA;/home/runner/work/hazelcast-platform-operator/hazelcast-platform-operator/test/e2e/client_port_forward_test.go:20&#xA;2023-02-24T09:51:57.242846059Z&#xA;&amp;{Text:filling the &#39;hp-6-hryri9&#39; map with &#39;10&#39; entries using &#39;hp-6-hryri9&#39; lookup name and &#39;test-operator-ee&#39; namespace Duration:2.845541441s}&#xA;--&#xA;By Step&#xA;/home/runner/work/hazelcast-platform-operator/hazelcast-platform-operator/test/e2e/helpers_test.go:525&#xA;2023-02-24T09:51:57.53142533Z&#xA;&amp;{Text:creating Hazelcast client using address &#39;localhost:8403&#39; Duration:281.372433ms}&#xA;--&#xA;By Step&#xA;/home/runner/work/hazelcast-platform-operator/hazelcast-platform-operator/test/e2e/hazelcast_persistence_test.go:165&#xA;2023-02-24T09:52:00.0883899Z&#xA;&amp;{Text:triggering backup Duration:0s}&#xA;--&#xA;By Step&#xA;/home/runner/work/hazelcast-platform-operator/hazelcast-platform-operator/test/e2e/helpers_test.go:720&#xA;2023-02-24T09:52:00.164933951Z&#xA;&amp;{Text:waiting for HotBackup CR status to be Success Duration:3.000680639s}&#xA;--&#xA;By Step&#xA;/home/runner/work/hazelcast-platform-operator/hazelcast-platform-operator/test/e2e/hazelcast_persistence_test.go:170&#xA;2023-02-24T09:52:03.16561659Z&#xA;&amp;{Text:checking if backup status is correct Duration:0s}&#xA;--&#xA;By Step&#xA;/home/runner/work/hazelcast-platform-operator/hazelcast-platform-operator/test/e2e/helpers_test.go:54&#xA;2023-02-24T09:52:03.165727692Z&#xA;&amp;{Text:finding Backup sequence Duration:210.405975ms}&#xA;--&#xA;By Step&#xA;/home/runner/work/hazelcast-platform-operator/hazelcast-platform-operator/test/e2e/helpers_test.go:77&#xA;2023-02-24T09:52:03.165788194Z&#xA;&amp;{Text:getting Hazelcast logs Duration:151.200259ms}&#xA;--&#xA;By Step&#xA;/home/runner/work/hazelcast-platform-operator/hazelcast-platform-operator/test/e2e/hazelcast_persistence_test.go:173&#xA;2023-02-24T09:52:03.376170268Z&#xA;&amp;{Text:adding new entries after backup Duration:0s}&#xA;--&#xA;By Step&#xA;/home/runner/work/hazelcast-platform-operator/hazelcast-platform-operator/test/e2e/client_port_forward_test.go:20&#xA;2023-02-24T09:52:03.37627717Z&#xA;&amp;{Text:filling the &#39;hp-6-hryri9&#39; map with &#39;15&#39; entries using &#39;hp-6-hryri9&#39; lookup name and &#39;test-operator-ee&#39; namespace Duration:1.989296988s}&#xA;--&#xA;By Step&#xA;/home/runner/work/hazelcast-platform-operator/hazelcast-platform-operator/test/e2e/helpers_test.go:525&#xA;2023-02-24T09:52:03.664172066Z&#xA;&amp;{Text:creating Hazelcast client using address &#39;localhost:8403&#39; Duration:284.775727ms}&#xA;--&#xA;By Step&#xA;/home/runner/work/hazelcast-platform-operator/hazelcast-platform-operator/test/e2e/hazelcast_persistence_test.go:176&#xA;2023-02-24T09:52:05.365575658Z&#xA;&amp;{Text:removing Hazelcast CR Duration:0s}&#xA;--&#xA;By Step&#xA;/home/runner/work/hazelcast-platform-operator/hazelcast-platform-operator/test/e2e/helpers_test.go:156&#xA;2023-02-24T09:52:05.36567696Z&#xA;&amp;{Text:removing hazelcast CR Duration:3.955247505s}&#xA;--&#xA;By Step&#xA;/home/runner/work/hazelcast-platform-operator/hazelcast-platform-operator/test/e2e/helpers_test.go:163&#xA;2023-02-24T09:52:09.320926065Z&#xA;&amp;{Text:waiting for Hazelcast CR to be removed Duration:762.848977ms}&#xA;--&#xA;By Step&#xA;/home/runner/work/hazelcast-platform-operator/hazelcast-platform-operator/test/e2e/hazelcast_persistence_test.go:179&#xA;2023-02-24T09:52:10.083776842Z&#xA;&amp;{Text:creating cluster from backup Duration:0s}&#xA;--&#xA;By Step&#xA;/home/runner/work/hazelcast-platform-operator/hazelcast-platform-operator/test/e2e/helpers_test.go:106&#xA;2023-02-24T09:52:10.083901245Z&#xA;&amp;{Text:creating Hazelcast CR Duration:78.389234ms}&#xA;--&#xA;By Step&#xA;/home/runner/work/hazelcast-platform-operator/hazelcast-platform-operator/test/e2e/helpers_test.go:111&#xA;2023-02-24T09:52:10.162291579Z&#xA;&amp;{Text:checking Hazelcast CR running Duration:2m9.513095359s}&#xA;--&#xA;By Step&#xA;/home/runner/work/hazelcast-platform-operator/hazelcast-platform-operator/test/e2e/helpers_test.go:394&#xA;2023-02-24T09:54:19.675392838Z&#xA;&amp;{Text:evaluate number of ready members for lookup name &#39;hp-6-hryri9&#39; and &#39;test-operator-ee&#39; namespace Duration:10.211336557s}&#xA;--&#xA;By Step&#xA;/home/runner/work/hazelcast-platform-operator/hazelcast-platform-operator/test/e2e/hazelcast_persistence_test.go:184&#xA;2023-02-24T09:54:29.886730995Z&#xA;&amp;{Text:checking the cluster state and map size Duration:0s}&#xA;--&#xA;By Step&#xA;/home/runner/work/hazelcast-platform-operator/hazelcast-platform-operator/test/e2e/helpers_test.go:546&#xA;2023-02-24T09:54:29.8868223Z&#xA;&amp;{Text:waiting for Map CR status Duration:69.823295ms}&#xA;--&#xA;By Step&#xA;/home/runner/work/hazelcast-platform-operator/hazelcast-platform-operator/test/e2e/client_port_forward_test.go:106&#xA;2023-02-24T09:54:29.956647195Z&#xA;&amp;{Text:waiting for Cluster state Duration:634.772419ms}&#xA;--&#xA;By Step&#xA;/home/runner/work/hazelcast-platform-operator/hazelcast-platform-operator/test/e2e/client_port_forward_test.go:115&#xA;2023-02-24T09:54:29.956750901Z&#xA;&amp;{Text:Getting the cluster state with lookup name &#39;hp-6-hryri9&#39; Duration:634.663612ms}&#xA;--&#xA;By Step&#xA;/home/runner/work/hazelcast-platform-operator/hazelcast-platform-operator/test/e2e/helpers_test.go:525&#xA;2023-02-24T09:54:30.235940575Z&#xA;&amp;{Text:creating Hazelcast client using address &#39;localhost:8403&#39; Duration:278.802952ms}&#xA;--&#xA;By Step&#xA;/home/runner/work/hazelcast-platform-operator/hazelcast-platform-operator/test/e2e/client_port_forward_test.go:47&#xA;2023-02-24T09:54:30.591425914Z&#xA;&amp;{Text:waiting the &#39;hp-6-hryri9&#39; map to be of size &#39;10&#39; using lookup name &#39;hp-6-hryri9&#39; Duration:762.269013ms}&#xA;--&#xA;By Step&#xA;/home/runner/work/hazelcast-platform-operator/hazelcast-platform-operator/test/e2e/helpers_test.go:525&#xA;2023-02-24T09:54:30.879180278Z&#xA;&amp;{Text:creating Hazelcast client using address &#39;localhost:8403&#39; Duration:279.195074ms}&#xA;</system-out>
              <system-err>[BeforeEach] Hazelcast CR with Persistence feature enabled&#xA;  /home/runner/work/hazelcast-platform-operator/hazelcast-platform-operator/test/e2e/hazelcast_persistence_test.go:22&#xA;�[1mSTEP:�[0m checking hazelcast-platform-controller-manager running �[38;5;243m02/24/23 09:50:09.628�[0m&#xA;[It] using Azure bucket HotBackupResourceName&#xA;  /home/runner/work/hazelcast-platform-operator/hazelcast-platform-operator/test/e2e/hazelcast_persistence_test.go:217&#xA;�[1mSTEP:�[0m setting the label and CR with name &#39;hp-6-hryri9&#39; �[38;5;243m02/24/23 09:50:09.698�[0m&#xA;�[1mSTEP:�[0m creating cluster with backup enabled �[38;5;243m02/24/23 09:50:09.698�[0m&#xA;�[1mSTEP:�[0m creating cluster with backup enabled �[38;5;243m02/24/23 09:50:09.698�[0m&#xA;�[1mSTEP:�[0m creating Hazelcast CR �[38;5;243m02/24/23 09:50:09.698�[0m&#xA;�[1mSTEP:�[0m checking Hazelcast CR running �[38;5;243m02/24/23 09:50:09.778�[0m&#xA;�[1mSTEP:�[0m evaluate number of ready members for lookup name &#39;hp-6-hryri9&#39; and &#39;test-operator-ee&#39; namespace �[38;5;243m02/24/23 09:51:45.849�[0m&#xA;�[1mSTEP:�[0m creating the map config and adding entries �[38;5;243m02/24/23 09:51:55.866�[0m&#xA;�[1mSTEP:�[0m waiting for Map CR status �[38;5;243m02/24/23 09:51:55.96�[0m&#xA;�[1mSTEP:�[0m filling the &#39;hp-6-hryri9&#39; map with &#39;10&#39; entries using &#39;hp-6-hryri9&#39; lookup name and &#39;test-operator-ee&#39; namespace �[38;5;243m02/24/23 09:51:57.242�[0m&#xA;�[1mSTEP:�[0m creating Hazelcast client using address &#39;localhost:8403&#39; �[38;5;243m02/24/23 09:51:57.531�[0m&#xA;�[1mSTEP:�[0m triggering backup �[38;5;243m02/24/23 09:52:00.088�[0m&#xA;�[1mSTEP:�[0m waiting for HotBackup CR status to be Success �[38;5;243m02/24/23 09:52:00.164�[0m&#xA;�[1mSTEP:�[0m checking if backup status is correct �[38;5;243m02/24/23 09:52:03.165�[0m&#xA;�[1mSTEP:�[0m finding Backup sequence �[38;5;243m02/24/23 09:52:03.165�[0m&#xA;�[1mSTEP:�[0m getting Hazelcast logs �[38;5;243m02/24/23 09:52:03.165�[0m&#xA;�[1mSTEP:�[0m adding new entries after backup �[38;5;243m02/24/23 09:52:03.376�[0m&#xA;�[1mSTEP:�[0m filling the &#39;hp-6-hryri9&#39; map with &#39;15&#39; entries using &#39;hp-6-hryri9&#39; lookup name and &#39;test-operator-ee&#39; namespace �[38;5;243m02/24/23 09:52:03.376�[0m&#xA;�[1mSTEP:�[0m creating Hazelcast client using address &#39;localhost:8403&#39; �[38;5;243m02/24/23 09:52:03.664�[0m&#xA;�[1mSTEP:�[0m removing Hazelcast CR �[38;5;243m02/24/23 09:52:05.365�[0m&#xA;�[1mSTEP:�[0m removing hazelcast CR �[38;5;243m02/24/23 09:52:05.365�[0m&#xA;�[1mSTEP:�[0m waiting for Hazelcast CR to be removed �[38;5;243m02/24/23 09:52:09.32�[0m&#xA;�[1mSTEP:�[0m creating cluster from backup �[38;5;243m02/24/23 09:52:10.083�[0m&#xA;�[1mSTEP:�[0m creating Hazelcast CR �[38;5;243m02/24/23 09:52:10.083�[0m&#xA;�[1mSTEP:�[0m checking Hazelcast CR running �[38;5;243m02/24/23 09:52:10.162�[0m&#xA;�[1mSTEP:�[0m evaluate number of ready members for lookup name &#39;hp-6-hryri9&#39; and &#39;test-operator-ee&#39; namespace �[38;5;243m02/24/23 09:54:19.675�[0m&#xA;�[1mSTEP:�[0m checking the cluster state and map size �[38;5;243m02/24/23 09:54:29.886�[0m&#xA;�[1mSTEP:�[0m waiting for Map CR status �[38;5;243m02/24/23 09:54:29.886�[0m&#xA;�[1mSTEP:�[0m waiting for Cluster state �[38;5;243m02/24/23 09:54:29.956�[0m&#xA;�[1mSTEP:�[0m Getting the cluster state with lookup name &#39;hp-6-hryri9&#39; �[38;5;243m02/24/23 09:54:29.956�[0m&#xA;�[1mSTEP:�[0m creating Hazelcast client using address &#39;localhost:8403&#39; �[38;5;243m02/24/23 09:54:30.235�[0m&#xA;�[1mSTEP:�[0m waiting the &#39;hp-6-hryri9&#39; map to be of size &#39;10&#39; using lookup name &#39;hp-6-hryri9&#39; �[38;5;243m02/24/23 09:54:30.591�[0m&#xA;�[1mSTEP:�[0m creating Hazelcast client using address &#39;localhost:8403&#39; �[38;5;243m02/24/23 09:54:30.879�[0m&#xA;[AfterEach] Hazelcast CR with Persistence feature enabled&#xA;  /home/runner/work/hazelcast-platform-operator/hazelcast-platform-operator/test/e2e/hazelcast_persistence_test.go:37&#xA;Aftereach start time is 2023-02-24 09:54:31.353729729 +0000 UTC m=+652.696097070&#xA;Aftereach end time is 2023-02-24 09:54:57.242629523 +0000 UTC m=+678.584996964&#xA;</system-err>
          </testcase>
          <testcase name="[It] Hazelcast Map Config should create Map Config with Indexes [map, fast]" classname="Operator Suite EE" status="passed" time="38.415760523">
              <system-out>&#xA;Report Entries:&#xA;By Step&#xA;/home/runner/work/hazelcast-platform-operator/hazelcast-platform-operator/test/e2e/hazelcast_map_test.go:39&#xA;2023-02-24T09:54:57.243711167Z&#xA;&amp;{Text:checking hazelcast-platform-controller-manager running Duration:68.217392ms}&#xA;--&#xA;By Step&#xA;/home/runner/work/hazelcast-platform-operator/hazelcast-platform-operator/test/e2e/custom_resource_test.go:55&#xA;2023-02-24T09:54:57.31195626Z&#xA;&amp;{Text:setting the label and CR with name &#39;hm-3-sxiuyz&#39; Duration:0s}&#xA;--&#xA;CR_ID:hm-3-sxiuyz&#xA;/home/runner/work/hazelcast-platform-operator/hazelcast-platform-operator/test/e2e/custom_resource_test.go:73&#xA;2023-02-24T09:54:57.312065864Z&#xA;--&#xA;By Step&#xA;/home/runner/work/hazelcast-platform-operator/hazelcast-platform-operator/test/e2e/helpers_test.go:106&#xA;2023-02-24T09:54:57.312068864Z&#xA;&amp;{Text:creating Hazelcast CR Duration:75.491289ms}&#xA;--&#xA;By Step&#xA;/home/runner/work/hazelcast-platform-operator/hazelcast-platform-operator/test/e2e/helpers_test.go:111&#xA;2023-02-24T09:54:57.387560953Z&#xA;&amp;{Text:checking Hazelcast CR running Duration:30.926752701s}&#xA;--&#xA;By Step&#xA;/home/runner/work/hazelcast-platform-operator/hazelcast-platform-operator/test/e2e/helpers_test.go:424&#xA;2023-02-24T09:55:28.392993003Z&#xA;&amp;{Text:waiting for Map CR status Duration:1.428978401s}&#xA;--&#xA;By Step&#xA;/home/runner/work/hazelcast-platform-operator/hazelcast-platform-operator/test/e2e/hazelcast_map_test.go:121&#xA;2023-02-24T09:55:29.821973104Z&#xA;&amp;{Text:port-forwarding to Hazelcast master pod Duration:0s}&#xA;--&#xA;By Step&#xA;/home/runner/work/hazelcast-platform-operator/hazelcast-platform-operator/test/e2e/helpers_test.go:525&#xA;2023-02-24T09:55:30.102720296Z&#xA;&amp;{Text:creating Hazelcast client using address &#39;localhost:8203&#39; Duration:282.024844ms}&#xA;--&#xA;By Step&#xA;/home/runner/work/hazelcast-platform-operator/hazelcast-platform-operator/test/e2e/hazelcast_map_test.go:131&#xA;2023-02-24T09:55:30.38474714Z&#xA;&amp;{Text:checking if the map config is created correctly Duration:0s}&#xA;</system-out>
              <system-err>[BeforeEach] Hazelcast Map Config&#xA;  /home/runner/work/hazelcast-platform-operator/hazelcast-platform-operator/test/e2e/hazelcast_map_test.go:32&#xA;�[1mSTEP:�[0m checking hazelcast-platform-controller-manager running �[38;5;243m02/24/23 09:54:57.243�[0m&#xA;[It] should create Map Config with Indexes&#xA;  /home/runner/work/hazelcast-platform-operator/hazelcast-platform-operator/test/e2e/hazelcast_map_test.go:94&#xA;�[1mSTEP:�[0m setting the label and CR with name &#39;hm-3-sxiuyz&#39; �[38;5;243m02/24/23 09:54:57.311�[0m&#xA;�[1mSTEP:�[0m creating Hazelcast CR �[38;5;243m02/24/23 09:54:57.312�[0m&#xA;�[1mSTEP:�[0m checking Hazelcast CR running �[38;5;243m02/24/23 09:54:57.387�[0m&#xA;�[1mSTEP:�[0m waiting for Map CR status �[38;5;243m02/24/23 09:55:28.392�[0m&#xA;�[1mSTEP:�[0m port-forwarding to Hazelcast master pod �[38;5;243m02/24/23 09:55:29.821�[0m&#xA;�[1mSTEP:�[0m creating Hazelcast client using address &#39;localhost:8203&#39; �[38;5;243m02/24/23 09:55:30.102�[0m&#xA;�[1mSTEP:�[0m checking if the map config is created correctly �[38;5;243m02/24/23 09:55:30.384�[0m&#xA;[AfterEach] Hazelcast Map Config&#xA;  /home/runner/work/hazelcast-platform-operator/hazelcast-platform-operator/test/e2e/hazelcast_map_test.go:47&#xA;Aftereach start time is 2023-02-24 09:55:30.480392289 +0000 UTC m=+711.822759630&#xA;Aftereach end time is 2023-02-24 09:55:35.659422788 +0000 UTC m=+717.001790129&#xA;</system-err>
          </testcase>
          <testcase name="[It] Hazelcast WAN should replicate maps to target cluster including maps with names different from map CR name  [hz_wan, slow]" classname="Operator Suite EE" status="passed" time="72.178368691">
              <system-out>&#xA;Report Entries:&#xA;By Step&#xA;/home/runner/work/hazelcast-platform-operator/hazelcast-platform-operator/test/e2e/hazelcast_wan_test.go:26&#xA;2023-02-24T09:55:35.66042365Z&#xA;&amp;{Text:checking hazelcast-platform-controller-manager running Duration:67.427161ms}&#xA;--&#xA;By Step&#xA;/home/runner/work/hazelcast-platform-operator/hazelcast-platform-operator/test/e2e/custom_resource_test.go:55&#xA;2023-02-24T09:55:35.727889214Z&#xA;&amp;{Text:setting the label and CR with name &#39;hw-3-vdjnsb&#39; Duration:0s}&#xA;--&#xA;CR_ID:hw-3-vdjnsb&#xA;/home/runner/work/hazelcast-platform-operator/hazelcast-platform-operator/test/e2e/custom_resource_test.go:73&#xA;2023-02-24T09:55:35.72799432Z&#xA;--&#xA;By Step&#xA;/home/runner/work/hazelcast-platform-operator/hazelcast-platform-operator/test/e2e/helpers_test.go:150&#xA;2023-02-24T09:55:35.728002321Z&#xA;&amp;{Text:creating Hazelcast CR Duration:74.939924ms}&#xA;--&#xA;By Step&#xA;/home/runner/work/hazelcast-platform-operator/hazelcast-platform-operator/test/e2e/helpers_test.go:150&#xA;2023-02-24T09:55:35.802945645Z&#xA;&amp;{Text:creating Hazelcast CR Duration:76.071395ms}&#xA;--&#xA;By Step&#xA;/home/runner/work/hazelcast-platform-operator/hazelcast-platform-operator/test/e2e/helpers_test.go:150&#xA;2023-02-24T09:55:35.87902034Z&#xA;&amp;{Text:creating Hazelcast CR Duration:75.802378ms}&#xA;--&#xA;By Step&#xA;/home/runner/work/hazelcast-platform-operator/hazelcast-platform-operator/test/e2e/helpers_test.go:394&#xA;2023-02-24T09:55:35.954828318Z&#xA;&amp;{Text:evaluate number of ready members for lookup name &#39;hz1-targethw-3-vdjnsb&#39; and &#39;test-operator-ee&#39; namespace Duration:31.558694834s}&#xA;--&#xA;By Step&#xA;/home/runner/work/hazelcast-platform-operator/hazelcast-platform-operator/test/e2e/helpers_test.go:394&#xA;2023-02-24T09:56:07.513529253Z&#xA;&amp;{Text:evaluate number of ready members for lookup name &#39;hz1-sourcehw-3-vdjnsb&#39; and &#39;test-operator-ee&#39; namespace Duration:138.46162ms}&#xA;--&#xA;By Step&#xA;/home/runner/work/hazelcast-platform-operator/hazelcast-platform-operator/test/e2e/helpers_test.go:394&#xA;2023-02-24T09:56:07.651994973Z&#xA;&amp;{Text:evaluate number of ready members for lookup name &#39;hz2-sourcehw-3-vdjnsb&#39; and &#39;test-operator-ee&#39; namespace Duration:138.261812ms}&#xA;--&#xA;By Step&#xA;/home/runner/work/hazelcast-platform-operator/hazelcast-platform-operator/test/e2e/helpers_test.go:424&#xA;2023-02-24T09:56:07.957829208Z&#xA;&amp;{Text:waiting for Map CR status Duration:244.514002ms}&#xA;--&#xA;By Step&#xA;/home/runner/work/hazelcast-platform-operator/hazelcast-platform-operator/test/e2e/helpers_test.go:424&#xA;2023-02-24T09:56:08.20234611Z&#xA;&amp;{Text:waiting for Map CR status Duration:69.94219ms}&#xA;--&#xA;By Step&#xA;/home/runner/work/hazelcast-platform-operator/hazelcast-platform-operator/test/e2e/helpers_test.go:424&#xA;2023-02-24T09:56:08.361828699Z&#xA;&amp;{Text:waiting for Map CR status Duration:410.814172ms}&#xA;--&#xA;By Step&#xA;/home/runner/work/hazelcast-platform-operator/hazelcast-platform-operator/test/e2e/hazelcast_wan_test.go:123&#xA;2023-02-24T09:56:08.772644472Z&#xA;&amp;{Text:creating first WAN configuration Duration:0s}&#xA;--&#xA;By Step&#xA;/home/runner/work/hazelcast-platform-operator/hazelcast-platform-operator/test/e2e/helpers_test.go:441&#xA;2023-02-24T09:56:08.865425805Z&#xA;&amp;{Text:waiting for Wan CR status Duration:748.41292ms}&#xA;--&#xA;By Step&#xA;/home/runner/work/hazelcast-platform-operator/hazelcast-platform-operator/test/e2e/helpers_test.go:458&#xA;2023-02-24T09:56:09.613841225Z&#xA;&amp;{Text:waiting for Wan CR status map length Duration:70.653519ms}&#xA;--&#xA;By Step&#xA;/home/runner/work/hazelcast-platform-operator/hazelcast-platform-operator/test/e2e/hazelcast_wan_test.go:130&#xA;2023-02-24T09:56:09.684496844Z&#xA;&amp;{Text:creating second WAN configuration Duration:0s}&#xA;--&#xA;By Step&#xA;/home/runner/work/hazelcast-platform-operator/hazelcast-platform-operator/test/e2e/helpers_test.go:441&#xA;2023-02-24T09:56:09.758584305Z&#xA;&amp;{Text:waiting for Wan CR status Duration:405.807565ms}&#xA;--&#xA;By Step&#xA;/home/runner/work/hazelcast-platform-operator/hazelcast-platform-operator/test/e2e/helpers_test.go:458&#xA;2023-02-24T09:56:10.16439867Z&#xA;&amp;{Text:waiting for Wan CR status map length Duration:68.304322ms}&#xA;--&#xA;By Step&#xA;/home/runner/work/hazelcast-platform-operator/hazelcast-platform-operator/test/e2e/hazelcast_wan_test.go:136&#xA;2023-02-24T09:56:10.232704492Z&#xA;&amp;{Text:filling the maps in the source clusters Duration:0s}&#xA;--&#xA;By Step&#xA;/home/runner/work/hazelcast-platform-operator/hazelcast-platform-operator/test/e2e/client_port_forward_test.go:20&#xA;2023-02-24T09:56:10.232790896Z&#xA;&amp;{Text:filling the &#39;map11hw-3-vdjnsb&#39; map with &#39;10&#39; entries using &#39;hz1-sourcehw-3-vdjnsb&#39; lookup name and &#39;test-operator-ee&#39; namespace Duration:1.656323842s}&#xA;--&#xA;By Step&#xA;/home/runner/work/hazelcast-platform-operator/hazelcast-platform-operator/test/e2e/helpers_test.go:525&#xA;2023-02-24T09:56:10.554486386Z&#xA;&amp;{Text:creating Hazelcast client using address &#39;localhost:8903&#39; Duration:273.876515ms}&#xA;--&#xA;By Step&#xA;/home/runner/work/hazelcast-platform-operator/hazelcast-platform-operator/test/e2e/client_port_forward_test.go:20&#xA;2023-02-24T09:56:11.889123838Z&#xA;&amp;{Text:filling the &#39;map12hw-3-vdjnsb-mapName&#39; map with &#39;10&#39; entries using &#39;hz1-sourcehw-3-vdjnsb&#39; lookup name and &#39;test-operator-ee&#39; namespace Duration:1.611439214s}&#xA;--&#xA;By Step&#xA;/home/runner/work/hazelcast-platform-operator/hazelcast-platform-operator/test/e2e/helpers_test.go:525&#xA;2023-02-24T09:56:12.211771965Z&#xA;&amp;{Text:creating Hazelcast client using address &#39;localhost:8903&#39; Duration:282.320598ms}&#xA;--&#xA;By Step&#xA;/home/runner/work/hazelcast-platform-operator/hazelcast-platform-operator/test/e2e/client_port_forward_test.go:20&#xA;2023-02-24T09:56:13.500573453Z&#xA;&amp;{Text:filling the &#39;map21hw-3-vdjnsb&#39; map with &#39;10&#39; entries using &#39;hz2-sourcehw-3-vdjnsb&#39; lookup name and &#39;test-operator-ee&#39; namespace Duration:1.783568157s}&#xA;--&#xA;By Step&#xA;/home/runner/work/hazelcast-platform-operator/hazelcast-platform-operator/test/e2e/helpers_test.go:525&#xA;2023-02-24T09:56:13.841673662Z&#xA;&amp;{Text:creating Hazelcast client using address &#39;localhost:8903&#39; Duration:283.807963ms}&#xA;--&#xA;By Step&#xA;/home/runner/work/hazelcast-platform-operator/hazelcast-platform-operator/test/e2e/hazelcast_wan_test.go:142&#xA;2023-02-24T09:56:15.28414381Z&#xA;&amp;{Text:checking the size of the maps in the target cluster Duration:0s}&#xA;--&#xA;By Step&#xA;/home/runner/work/hazelcast-platform-operator/hazelcast-platform-operator/test/e2e/client_port_forward_test.go:47&#xA;2023-02-24T09:56:15.284287614Z&#xA;&amp;{Text:waiting the &#39;map11hw-3-vdjnsb&#39; map to be of size &#39;10&#39; using lookup name &#39;hz1-targethw-3-vdjnsb&#39; Duration:808.795906ms}&#xA;--&#xA;By Step&#xA;/home/runner/work/hazelcast-platform-operator/hazelcast-platform-operator/test/e2e/helpers_test.go:525&#xA;2023-02-24T09:56:15.549557205Z&#xA;&amp;{Text:creating Hazelcast client using address &#39;localhost:8903&#39; Duration:271.217483ms}&#xA;--&#xA;By Step&#xA;/home/runner/work/hazelcast-platform-operator/hazelcast-platform-operator/test/e2e/client_port_forward_test.go:47&#xA;2023-02-24T09:56:16.093092321Z&#xA;&amp;{Text:waiting the &#39;map12hw-3-vdjnsb-mapName&#39; map to be of size &#39;10&#39; using lookup name &#39;hz1-targethw-3-vdjnsb&#39; Duration:794.962325ms}&#xA;--&#xA;By Step&#xA;/home/runner/work/hazelcast-platform-operator/hazelcast-platform-operator/test/e2e/helpers_test.go:525&#xA;2023-02-24T09:56:16.366136485Z&#xA;&amp;{Text:creating Hazelcast client using address &#39;localhost:8903&#39; Duration:274.060209ms}&#xA;--&#xA;By Step&#xA;/home/runner/work/hazelcast-platform-operator/hazelcast-platform-operator/test/e2e/client_port_forward_test.go:47&#xA;2023-02-24T09:56:16.888063346Z&#xA;&amp;{Text:waiting the &#39;map21hw-3-vdjnsb&#39; map to be of size &#39;10&#39; using lookup name &#39;hz1-targethw-3-vdjnsb&#39; Duration:745.27073ms}&#xA;--&#xA;By Step&#xA;/home/runner/work/hazelcast-platform-operator/hazelcast-platform-operator/test/e2e/helpers_test.go:525&#xA;2023-02-24T09:56:17.168257526Z&#xA;&amp;{Text:creating Hazelcast client using address &#39;localhost:8903&#39; Duration:271.969417ms}&#xA;</system-out>
              <system-err>[BeforeEach] Hazelcast WAN&#xA;  /home/runner/work/hazelcast-platform-operator/hazelcast-platform-operator/test/e2e/hazelcast_wan_test.go:19&#xA;�[1mSTEP:�[0m checking hazelcast-platform-controller-manager running �[38;5;243m02/24/23 09:55:35.66�[0m&#xA;[It] should replicate maps to target cluster including maps with names different from map CR name &#xA;  /home/runner/work/hazelcast-platform-operator/hazelcast-platform-operator/test/e2e/hazelcast_wan_test.go:98&#xA;�[1mSTEP:�[0m setting the label and CR with name &#39;hw-3-vdjnsb&#39; �[38;5;243m02/24/23 09:55:35.727�[0m&#xA;�[1mSTEP:�[0m creating Hazelcast CR �[38;5;243m02/24/23 09:55:35.728�[0m&#xA;�[1mSTEP:�[0m creating Hazelcast CR �[38;5;243m02/24/23 09:55:35.802�[0m&#xA;�[1mSTEP:�[0m creating Hazelcast CR �[38;5;243m02/24/23 09:55:35.879�[0m&#xA;�[1mSTEP:�[0m evaluate number of ready members for lookup name &#39;hz1-targethw-3-vdjnsb&#39; and &#39;test-operator-ee&#39; namespace �[38;5;243m02/24/23 09:55:35.954�[0m&#xA;�[1mSTEP:�[0m evaluate number of ready members for lookup name &#39;hz1-sourcehw-3-vdjnsb&#39; and &#39;test-operator-ee&#39; namespace �[38;5;243m02/24/23 09:56:07.513�[0m&#xA;�[1mSTEP:�[0m evaluate number of ready members for lookup name &#39;hz2-sourcehw-3-vdjnsb&#39; and &#39;test-operator-ee&#39; namespace �[38;5;243m02/24/23 09:56:07.651�[0m&#xA;�[1mSTEP:�[0m waiting for Map CR status �[38;5;243m02/24/23 09:56:07.957�[0m&#xA;�[1mSTEP:�[0m waiting for Map CR status �[38;5;243m02/24/23 09:56:08.202�[0m&#xA;�[1mSTEP:�[0m waiting for Map CR status �[38;5;243m02/24/23 09:56:08.361�[0m&#xA;�[1mSTEP:�[0m creating first WAN configuration �[38;5;243m02/24/23 09:56:08.772�[0m&#xA;�[1mSTEP:�[0m waiting for Wan CR status �[38;5;243m02/24/23 09:56:08.865�[0m&#xA;�[1mSTEP:�[0m waiting for Wan CR status map length �[38;5;243m02/24/23 09:56:09.613�[0m&#xA;�[1mSTEP:�[0m creating second WAN configuration �[38;5;243m02/24/23 09:56:09.684�[0m&#xA;�[1mSTEP:�[0m waiting for Wan CR status �[38;5;243m02/24/23 09:56:09.758�[0m&#xA;�[1mSTEP:�[0m waiting for Wan CR status map length �[38;5;243m02/24/23 09:56:10.164�[0m&#xA;�[1mSTEP:�[0m filling the maps in the source clusters �[38;5;243m02/24/23 09:56:10.232�[0m&#xA;�[1mSTEP:�[0m filling the &#39;map11hw-3-vdjnsb&#39; map with &#39;10&#39; entries using &#39;hz1-sourcehw-3-vdjnsb&#39; lookup name and &#39;test-operator-ee&#39; namespace �[38;5;243m02/24/23 09:56:10.232�[0m&#xA;�[1mSTEP:�[0m creating Hazelcast client using address &#39;localhost:8903&#39; �[38;5;243m02/24/23 09:56:10.554�[0m&#xA;�[1mSTEP:�[0m filling the &#39;map12hw-3-vdjnsb-mapName&#39; map with &#39;10&#39; entries using &#39;hz1-sourcehw-3-vdjnsb&#39; lookup name and &#39;test-operator-ee&#39; namespace �[38;5;243m02/24/23 09:56:11.889�[0m&#xA;�[1mSTEP:�[0m creating Hazelcast client using address &#39;localhost:8903&#39; �[38;5;243m02/24/23 09:56:12.211�[0m&#xA;�[1mSTEP:�[0m filling the &#39;map21hw-3-vdjnsb&#39; map with &#39;10&#39; entries using &#39;hz2-sourcehw-3-vdjnsb&#39; lookup name and &#39;test-operator-ee&#39; namespace �[38;5;243m02/24/23 09:56:13.5�[0m&#xA;�[1mSTEP:�[0m creating Hazelcast client using address &#39;localhost:8903&#39; �[38;5;243m02/24/23 09:56:13.841�[0m&#xA;�[1mSTEP:�[0m checking the size of the maps in the target cluster �[38;5;243m02/24/23 09:56:15.284�[0m&#xA;�[1mSTEP:�[0m waiting the &#39;map11hw-3-vdjnsb&#39; map to be of size &#39;10&#39; using lookup name &#39;hz1-targethw-3-vdjnsb&#39; �[38;5;243m02/24/23 09:56:15.284�[0m&#xA;�[1mSTEP:�[0m creating Hazelcast client using address &#39;localhost:8903&#39; �[38;5;243m02/24/23 09:56:15.549�[0m&#xA;�[1mSTEP:�[0m waiting the &#39;map12hw-3-vdjnsb-mapName&#39; map to be of size &#39;10&#39; using lookup name &#39;hz1-targethw-3-vdjnsb&#39; �[38;5;243m02/24/23 09:56:16.093�[0m&#xA;�[1mSTEP:�[0m creating Hazelcast client using address &#39;localhost:8903&#39; �[38;5;243m02/24/23 09:56:16.366�[0m&#xA;�[1mSTEP:�[0m waiting the &#39;map21hw-3-vdjnsb&#39; map to be of size &#39;10&#39; using lookup name &#39;hz1-targethw-3-vdjnsb&#39; �[38;5;243m02/24/23 09:56:16.888�[0m&#xA;�[1mSTEP:�[0m creating Hazelcast client using address &#39;localhost:8903&#39; �[38;5;243m02/24/23 09:56:17.168�[0m&#xA;[AfterEach] Hazelcast WAN&#xA;  /home/runner/work/hazelcast-platform-operator/hazelcast-platform-operator/test/e2e/hazelcast_wan_test.go:34&#xA;Aftereach start time is 2023-02-24 09:56:17.633374577 +0000 UTC m=+758.975742018&#xA;Aftereach end time is 2023-02-24 09:56:47.838737038 +0000 UTC m=+789.181104379&#xA;</system-err>
          </testcase>
          <testcase name="[It] Hazelcast WAN should fail first and after spec removal, should succeed  [hz_wan, slow]" classname="Operator Suite EE" status="passed" time="37.120973295">
              <system-out>&#xA;Report Entries:&#xA;By Step&#xA;/home/runner/work/hazelcast-platform-operator/hazelcast-platform-operator/test/e2e/hazelcast_wan_test.go:26&#xA;2023-02-24T09:56:47.839978785Z&#xA;&amp;{Text:checking hazelcast-platform-controller-manager running Duration:67.013138ms}&#xA;--&#xA;By Step&#xA;/home/runner/work/hazelcast-platform-operator/hazelcast-platform-operator/test/e2e/custom_resource_test.go:55&#xA;2023-02-24T09:56:47.907018324Z&#xA;&amp;{Text:setting the label and CR with name &#39;hw-6-7xk3fl&#39; Duration:0s}&#xA;--&#xA;CR_ID:hw-6-7xk3fl&#xA;/home/runner/work/hazelcast-platform-operator/hazelcast-platform-operator/test/e2e/custom_resource_test.go:73&#xA;2023-02-24T09:56:47.907104027Z&#xA;--&#xA;By Step&#xA;/home/runner/work/hazelcast-platform-operator/hazelcast-platform-operator/test/e2e/helpers_test.go:150&#xA;2023-02-24T09:56:47.907122828Z&#xA;&amp;{Text:creating Hazelcast CR Duration:77.495235ms}&#xA;--&#xA;By Step&#xA;/home/runner/work/hazelcast-platform-operator/hazelcast-platform-operator/test/e2e/helpers_test.go:150&#xA;2023-02-24T09:56:47.984620163Z&#xA;&amp;{Text:creating Hazelcast CR Duration:76.517098ms}&#xA;--&#xA;By Step&#xA;/home/runner/work/hazelcast-platform-operator/hazelcast-platform-operator/test/e2e/helpers_test.go:150&#xA;2023-02-24T09:56:48.061139661Z&#xA;&amp;{Text:creating Hazelcast CR Duration:73.099468ms}&#xA;--&#xA;By Step&#xA;/home/runner/work/hazelcast-platform-operator/hazelcast-platform-operator/test/e2e/helpers_test.go:394&#xA;2023-02-24T09:56:48.134244629Z&#xA;&amp;{Text:evaluate number of ready members for lookup name &#39;hz1-sourcehw-6-7xk3fl&#39; and &#39;test-operator-ee&#39; namespace Duration:30.667812065s}&#xA;--&#xA;By Step&#xA;/home/runner/work/hazelcast-platform-operator/hazelcast-platform-operator/test/e2e/helpers_test.go:394&#xA;2023-02-24T09:57:18.802062094Z&#xA;&amp;{Text:evaluate number of ready members for lookup name &#39;hz2-sourcehw-6-7xk3fl&#39; and &#39;test-operator-ee&#39; namespace Duration:308.573414ms}&#xA;--&#xA;By Step&#xA;/home/runner/work/hazelcast-platform-operator/hazelcast-platform-operator/test/e2e/helpers_test.go:394&#xA;2023-02-24T09:57:19.110642609Z&#xA;&amp;{Text:evaluate number of ready members for lookup name &#39;hz1-targethw-6-7xk3fl&#39; and &#39;test-operator-ee&#39; namespace Duration:139.68444ms}&#xA;--&#xA;By Step&#xA;/home/runner/work/hazelcast-platform-operator/hazelcast-platform-operator/test/e2e/helpers_test.go:424&#xA;2023-02-24T09:57:19.763168088Z&#xA;&amp;{Text:waiting for Map CR status Duration:68.926238ms}&#xA;--&#xA;By Step&#xA;/home/runner/work/hazelcast-platform-operator/hazelcast-platform-operator/test/e2e/helpers_test.go:424&#xA;2023-02-24T09:57:19.832096726Z&#xA;&amp;{Text:waiting for Map CR status Duration:68.069508ms}&#xA;--&#xA;By Step&#xA;/home/runner/work/hazelcast-platform-operator/hazelcast-platform-operator/test/e2e/helpers_test.go:424&#xA;2023-02-24T09:57:19.900169134Z&#xA;&amp;{Text:waiting for Map CR status Duration:243.531214ms}&#xA;--&#xA;By Step&#xA;/home/runner/work/hazelcast-platform-operator/hazelcast-platform-operator/test/e2e/helpers_test.go:424&#xA;2023-02-24T09:57:20.143704548Z&#xA;&amp;{Text:waiting for Map CR status Duration:71.864242ms}&#xA;--&#xA;By Step&#xA;/home/runner/work/hazelcast-platform-operator/hazelcast-platform-operator/test/e2e/helpers_test.go:424&#xA;2023-02-24T09:57:20.21557209Z&#xA;&amp;{Text:waiting for Map CR status Duration:238.176724ms}&#xA;--&#xA;By Step&#xA;/home/runner/work/hazelcast-platform-operator/hazelcast-platform-operator/test/e2e/hazelcast_wan_test.go:239&#xA;2023-02-24T09:57:20.453752414Z&#xA;&amp;{Text:creating first WAN configuration Duration:0s}&#xA;--&#xA;By Step&#xA;/home/runner/work/hazelcast-platform-operator/hazelcast-platform-operator/test/e2e/helpers_test.go:441&#xA;2023-02-24T09:57:20.526882901Z&#xA;&amp;{Text:waiting for Wan CR status Duration:914.236436ms}&#xA;--&#xA;By Step&#xA;/home/runner/work/hazelcast-platform-operator/hazelcast-platform-operator/test/e2e/helpers_test.go:458&#xA;2023-02-24T09:57:21.441122637Z&#xA;&amp;{Text:waiting for Wan CR status map length Duration:67.707295ms}&#xA;--&#xA;By Step&#xA;/home/runner/work/hazelcast-platform-operator/hazelcast-platform-operator/test/e2e/helpers_test.go:458&#xA;2023-02-24T09:57:23.007990857Z&#xA;&amp;{Text:waiting for Wan CR status map length Duration:69.787268ms}&#xA;--&#xA;By Step&#xA;/home/runner/work/hazelcast-platform-operator/hazelcast-platform-operator/test/e2e/helpers_test.go:441&#xA;2023-02-24T09:57:23.077781725Z&#xA;&amp;{Text:waiting for Wan CR status Duration:751.923495ms}&#xA;--&#xA;By Step&#xA;/home/runner/work/hazelcast-platform-operator/hazelcast-platform-operator/test/e2e/helpers_test.go:458&#xA;2023-02-24T09:57:23.907242563Z&#xA;&amp;{Text:waiting for Wan CR status map length Duration:75.77348ms}&#xA;--&#xA;By Step&#xA;/home/runner/work/hazelcast-platform-operator/hazelcast-platform-operator/test/e2e/helpers_test.go:441&#xA;2023-02-24T09:57:23.983021343Z&#xA;&amp;{Text:waiting for Wan CR status Duration:67.868501ms}&#xA;</system-out>
              <system-err>[BeforeEach] Hazelcast WAN&#xA;  /home/runner/work/hazelcast-platform-operator/hazelcast-platform-operator/test/e2e/hazelcast_wan_test.go:19&#xA;�[1mSTEP:�[0m checking hazelcast-platform-controller-manager running �[38;5;243m02/24/23 09:56:47.839�[0m&#xA;[It] should fail first and after spec removal, should succeed &#xA;  /home/runner/work/hazelcast-platform-operator/hazelcast-platform-operator/test/e2e/hazelcast_wan_test.go:215&#xA;�[1mSTEP:�[0m setting the label and CR with name &#39;hw-6-7xk3fl&#39; �[38;5;243m02/24/23 09:56:47.907�[0m&#xA;�[1mSTEP:�[0m creating Hazelcast CR �[38;5;243m02/24/23 09:56:47.907�[0m&#xA;�[1mSTEP:�[0m creating Hazelcast CR �[38;5;243m02/24/23 09:56:47.984�[0m&#xA;�[1mSTEP:�[0m creating Hazelcast CR �[38;5;243m02/24/23 09:56:48.061�[0m&#xA;�[1mSTEP:�[0m evaluate number of ready members for lookup name &#39;hz1-sourcehw-6-7xk3fl&#39; and &#39;test-operator-ee&#39; namespace �[38;5;243m02/24/23 09:56:48.134�[0m&#xA;�[1mSTEP:�[0m evaluate number of ready members for lookup name &#39;hz2-sourcehw-6-7xk3fl&#39; and &#39;test-operator-ee&#39; namespace �[38;5;243m02/24/23 09:57:18.802�[0m&#xA;�[1mSTEP:�[0m evaluate number of ready members for lookup name &#39;hz1-targethw-6-7xk3fl&#39; and &#39;test-operator-ee&#39; namespace �[38;5;243m02/24/23 09:57:19.11�[0m&#xA;�[1mSTEP:�[0m waiting for Map CR status �[38;5;243m02/24/23 09:57:19.763�[0m&#xA;�[1mSTEP:�[0m waiting for Map CR status �[38;5;243m02/24/23 09:57:19.832�[0m&#xA;�[1mSTEP:�[0m waiting for Map CR status �[38;5;243m02/24/23 09:57:19.9�[0m&#xA;�[1mSTEP:�[0m waiting for Map CR status �[38;5;243m02/24/23 09:57:20.143�[0m&#xA;�[1mSTEP:�[0m waiting for Map CR status �[38;5;243m02/24/23 09:57:20.215�[0m&#xA;�[1mSTEP:�[0m creating first WAN configuration �[38;5;243m02/24/23 09:57:20.453�[0m&#xA;�[1mSTEP:�[0m waiting for Wan CR status �[38;5;243m02/24/23 09:57:20.526�[0m&#xA;�[1mSTEP:�[0m waiting for Wan CR status map length �[38;5;243m02/24/23 09:57:21.441�[0m&#xA;�[1mSTEP:�[0m waiting for Wan CR status map length �[38;5;243m02/24/23 09:57:23.007�[0m&#xA;�[1mSTEP:�[0m waiting for Wan CR status �[38;5;243m02/24/23 09:57:23.077�[0m&#xA;�[1mSTEP:�[0m waiting for Wan CR status map length �[38;5;243m02/24/23 09:57:23.907�[0m&#xA;�[1mSTEP:�[0m waiting for Wan CR status �[38;5;243m02/24/23 09:57:23.983�[0m&#xA;[AfterEach] Hazelcast WAN&#xA;  /home/runner/work/hazelcast-platform-operator/hazelcast-platform-operator/test/e2e/hazelcast_wan_test.go:34&#xA;Aftereach start time is 2023-02-24 09:57:24.050932645 +0000 UTC m=+825.393299986&#xA;Aftereach end time is 2023-02-24 09:57:24.960888377 +0000 UTC m=+826.303255818&#xA;</system-err>
          </testcase>
          <testcase name="[It] Hazelcast Queue Config should create Queue Config [queue, fast]" classname="Operator Suite EE" status="passed" time="33.907083908">
              <system-out>&#xA;Report Entries:&#xA;By Step&#xA;/home/runner/work/hazelcast-platform-operator/hazelcast-platform-operator/test/e2e/hazelcast_queue_test.go:28&#xA;2023-02-24T09:57:24.962058817Z&#xA;&amp;{Text:checking hazelcast-platform-controller-manager running Duration:69.468494ms}&#xA;--&#xA;By Step&#xA;/home/runner/work/hazelcast-platform-operator/hazelcast-platform-operator/test/e2e/custom_resource_test.go:55&#xA;2023-02-24T09:57:25.031566712Z&#xA;&amp;{Text:setting the label and CR with name &#39;hq-1-dte74z&#39; Duration:0s}&#xA;--&#xA;CR_ID:hq-1-dte74z&#xA;/home/runner/work/hazelcast-platform-operator/hazelcast-platform-operator/test/e2e/custom_resource_test.go:73&#xA;2023-02-24T09:57:25.031677816Z&#xA;--&#xA;By Step&#xA;/home/runner/work/hazelcast-platform-operator/hazelcast-platform-operator/test/e2e/helpers_test.go:106&#xA;2023-02-24T09:57:25.031695517Z&#xA;&amp;{Text:creating Hazelcast CR Duration:74.731774ms}&#xA;--&#xA;By Step&#xA;/home/runner/work/hazelcast-platform-operator/hazelcast-platform-operator/test/e2e/helpers_test.go:111&#xA;2023-02-24T09:57:25.106428491Z&#xA;&amp;{Text:checking Hazelcast CR running Duration:20.945292099s}&#xA;--&#xA;By Step&#xA;/home/runner/work/hazelcast-platform-operator/hazelcast-platform-operator/test/e2e/helpers_test.go:738&#xA;2023-02-24T09:57:46.136652653Z&#xA;&amp;{Text:waiting for  CR status Duration:9.48089716s}&#xA;</system-out>
              <system-err>[BeforeEach] Hazelcast Queue Config&#xA;  /home/runner/work/hazelcast-platform-operator/hazelcast-platform-operator/test/e2e/hazelcast_queue_test.go:21&#xA;�[1mSTEP:�[0m checking hazelcast-platform-controller-manager running �[38;5;243m02/24/23 09:57:24.962�[0m&#xA;[It] should create Queue Config&#xA;  /home/runner/work/hazelcast-platform-operator/hazelcast-platform-operator/test/e2e/hazelcast_queue_test.go:48&#xA;�[1mSTEP:�[0m setting the label and CR with name &#39;hq-1-dte74z&#39; �[38;5;243m02/24/23 09:57:25.031�[0m&#xA;�[1mSTEP:�[0m creating Hazelcast CR �[38;5;243m02/24/23 09:57:25.031�[0m&#xA;�[1mSTEP:�[0m checking Hazelcast CR running �[38;5;243m02/24/23 09:57:25.106�[0m&#xA;�[1mSTEP:�[0m waiting for  CR status �[38;5;243m02/24/23 09:57:46.136�[0m&#xA;[AfterEach] Hazelcast Queue Config&#xA;  /home/runner/work/hazelcast-platform-operator/hazelcast-platform-operator/test/e2e/hazelcast_queue_test.go:36&#xA;Aftereach start time is 2023-02-24 09:57:55.617605115 +0000 UTC m=+856.959972456&#xA;Aftereach end time is 2023-02-24 09:57:58.869078224 +0000 UTC m=+860.211445665&#xA;</system-err>
          </testcase>
          <testcase name="[It] Hazelcast Cache Config with Persistence should fail when persistence of Cache CR and Hazelcast CR do not match [cache_persistence, fast]" classname="Operator Suite EE" status="passed" time="23.54808158">
              <system-out>&#xA;Report Entries:&#xA;By Step&#xA;/home/runner/work/hazelcast-platform-operator/hazelcast-platform-operator/test/e2e/hazelcast_cache_persistence_test.go:33&#xA;2023-02-24T09:57:58.870178663Z&#xA;&amp;{Text:checking hazelcast-platform-controller-manager running Duration:67.264923ms}&#xA;--&#xA;By Step&#xA;/home/runner/work/hazelcast-platform-operator/hazelcast-platform-operator/test/e2e/custom_resource_test.go:55&#xA;2023-02-24T09:57:58.937479287Z&#xA;&amp;{Text:setting the label and CR with name &#39;hchp-1-xypznn&#39; Duration:0s}&#xA;--&#xA;CR_ID:hchp-1-xypznn&#xA;/home/runner/work/hazelcast-platform-operator/hazelcast-platform-operator/test/e2e/custom_resource_test.go:73&#xA;2023-02-24T09:57:58.937581291Z&#xA;--&#xA;By Step&#xA;/home/runner/work/hazelcast-platform-operator/hazelcast-platform-operator/test/e2e/helpers_test.go:106&#xA;2023-02-24T09:57:58.937587391Z&#xA;&amp;{Text:creating Hazelcast CR Duration:76.182944ms}&#xA;--&#xA;By Step&#xA;/home/runner/work/hazelcast-platform-operator/hazelcast-platform-operator/test/e2e/helpers_test.go:111&#xA;2023-02-24T09:57:59.013771635Z&#xA;&amp;{Text:checking Hazelcast CR running Duration:20.855376654s}&#xA;--&#xA;By Step&#xA;/home/runner/work/hazelcast-platform-operator/hazelcast-platform-operator/test/e2e/helpers_test.go:738&#xA;2023-02-24T09:58:19.951232023Z&#xA;&amp;{Text:waiting for  CR status Duration:64.859719ms}&#xA;</system-out>
              <system-err>[BeforeEach] Hazelcast Cache Config with Persistence&#xA;  /home/runner/work/hazelcast-platform-operator/hazelcast-platform-operator/test/e2e/hazelcast_cache_persistence_test.go:26&#xA;�[1mSTEP:�[0m checking hazelcast-platform-controller-manager running �[38;5;243m02/24/23 09:57:58.87�[0m&#xA;test-operator-ee/hp-ee-4261116783-hazelcast-platform-operator&#xA;[It] should fail when persistence of Cache CR and Hazelcast CR do not match&#xA;  /home/runner/work/hazelcast-platform-operator/hazelcast-platform-operator/test/e2e/hazelcast_cache_persistence_test.go:55&#xA;�[1mSTEP:�[0m setting the label and CR with name &#39;hchp-1-xypznn&#39; �[38;5;243m02/24/23 09:57:58.937�[0m&#xA;�[1mSTEP:�[0m creating Hazelcast CR �[38;5;243m02/24/23 09:57:58.937�[0m&#xA;�[1mSTEP:�[0m checking Hazelcast CR running �[38;5;243m02/24/23 09:57:59.013�[0m&#xA;�[1mSTEP:�[0m waiting for  CR status �[38;5;243m02/24/23 09:58:19.951�[0m&#xA;[AfterEach] Hazelcast Cache Config with Persistence&#xA;  /home/runner/work/hazelcast-platform-operator/hazelcast-platform-operator/test/e2e/hazelcast_cache_persistence_test.go:42&#xA;Aftereach start time is 2023-02-24 09:58:20.016141944 +0000 UTC m=+881.358509285&#xA;Aftereach end time is 2023-02-24 09:58:22.418182641 +0000 UTC m=+883.760550082&#xA;</system-err>
          </testcase>
          <testcase name="[It] Hazelcast Cache Config with Persistence should persist the cache successfully created configs into the configmap [cache_persistence, fast]" classname="Operator Suite EE" status="passed" time="83.28271571">
              <system-out>&#xA;Report Entries:&#xA;By Step&#xA;/home/runner/work/hazelcast-platform-operator/hazelcast-platform-operator/test/e2e/hazelcast_cache_persistence_test.go:33&#xA;2023-02-24T09:58:22.419491279Z&#xA;&amp;{Text:checking hazelcast-platform-controller-manager running Duration:67.02087ms}&#xA;--&#xA;By Step&#xA;/home/runner/work/hazelcast-platform-operator/hazelcast-platform-operator/test/e2e/custom_resource_test.go:55&#xA;2023-02-24T09:58:22.48656075Z&#xA;&amp;{Text:setting the label and CR with name &#39;hchp-3-80fvto&#39; Duration:0s}&#xA;--&#xA;CR_ID:hchp-3-80fvto&#xA;/home/runner/work/hazelcast-platform-operator/hazelcast-platform-operator/test/e2e/custom_resource_test.go:73&#xA;2023-02-24T09:58:22.486709454Z&#xA;--&#xA;By Step&#xA;/home/runner/work/hazelcast-platform-operator/hazelcast-platform-operator/test/e2e/helpers_test.go:106&#xA;2023-02-24T09:58:22.486713755Z&#xA;&amp;{Text:creating Hazelcast CR Duration:79.137825ms}&#xA;--&#xA;By Step&#xA;/home/runner/work/hazelcast-platform-operator/hazelcast-platform-operator/test/e2e/helpers_test.go:111&#xA;2023-02-24T09:58:22.56585268Z&#xA;&amp;{Text:checking Hazelcast CR running Duration:30.912837602s}&#xA;--&#xA;By Step&#xA;/home/runner/work/hazelcast-platform-operator/hazelcast-platform-operator/test/e2e/helpers_test.go:394&#xA;2023-02-24T09:58:53.478696582Z&#xA;&amp;{Text:evaluate number of ready members for lookup name &#39;hchp-3-80fvto&#39; and &#39;test-operator-ee&#39; namespace Duration:10.081616899s}&#xA;--&#xA;By Step&#xA;/home/runner/work/hazelcast-platform-operator/hazelcast-platform-operator/test/e2e/hazelcast_cache_persistence_test.go:125&#xA;2023-02-24T09:59:03.560315381Z&#xA;&amp;{Text:creating the cache configs Duration:0s}&#xA;--&#xA;By Step&#xA;/home/runner/work/hazelcast-platform-operator/hazelcast-platform-operator/test/e2e/helpers_test.go:738&#xA;2023-02-24T09:59:03.636003578Z&#xA;&amp;{Text:waiting for  CR status Duration:10.095472314s}&#xA;--&#xA;By Step&#xA;/home/runner/work/hazelcast-platform-operator/hazelcast-platform-operator/test/e2e/helpers_test.go:738&#xA;2023-02-24T09:59:13.802634332Z&#xA;&amp;{Text:waiting for  CR status Duration:9.911694652s}&#xA;--&#xA;By Step&#xA;/home/runner/work/hazelcast-platform-operator/hazelcast-platform-operator/test/e2e/helpers_test.go:738&#xA;2023-02-24T09:59:23.788865776Z&#xA;&amp;{Text:waiting for  CR status Duration:9.981799872s}&#xA;--&#xA;By Step&#xA;/home/runner/work/hazelcast-platform-operator/hazelcast-platform-operator/test/e2e/helpers_test.go:738&#xA;2023-02-24T09:59:33.856338062Z&#xA;&amp;{Text:waiting for  CR status Duration:65.663528ms}&#xA;--&#xA;By Step&#xA;/home/runner/work/hazelcast-platform-operator/hazelcast-platform-operator/test/e2e/hazelcast_cache_persistence_test.go:140&#xA;2023-02-24T09:59:33.92200249Z&#xA;&amp;{Text:checking if the caches are in the ConfigMap Duration:66.535252ms}&#xA;--&#xA;By Step&#xA;/home/runner/work/hazelcast-platform-operator/hazelcast-platform-operator/test/e2e/hazelcast_cache_persistence_test.go:144&#xA;2023-02-24T09:59:33.988538442Z&#xA;&amp;{Text:deleting cache2 Duration:0s}&#xA;--&#xA;By Step&#xA;/home/runner/work/hazelcast-platform-operator/hazelcast-platform-operator/test/e2e/hazelcast_cache_persistence_test.go:148&#xA;2023-02-24T09:59:34.059960039Z&#xA;&amp;{Text:checking if cache2 is not persisted in the configmap Duration:9.398063182s}&#xA;</system-out>
              <system-err>[BeforeEach] Hazelcast Cache Config with Persistence&#xA;  /home/runner/work/hazelcast-platform-operator/hazelcast-platform-operator/test/e2e/hazelcast_cache_persistence_test.go:26&#xA;�[1mSTEP:�[0m checking hazelcast-platform-controller-manager running �[38;5;243m02/24/23 09:58:22.419�[0m&#xA;test-operator-ee/hp-ee-4261116783-hazelcast-platform-operator&#xA;[It] should persist the cache successfully created configs into the configmap&#xA;  /home/runner/work/hazelcast-platform-operator/hazelcast-platform-operator/test/e2e/hazelcast_cache_persistence_test.go:114&#xA;�[1mSTEP:�[0m setting the label and CR with name &#39;hchp-3-80fvto&#39; �[38;5;243m02/24/23 09:58:22.486�[0m&#xA;�[1mSTEP:�[0m creating Hazelcast CR �[38;5;243m02/24/23 09:58:22.486�[0m&#xA;�[1mSTEP:�[0m checking Hazelcast CR running �[38;5;243m02/24/23 09:58:22.565�[0m&#xA;�[1mSTEP:�[0m evaluate number of ready members for lookup name &#39;hchp-3-80fvto&#39; and &#39;test-operator-ee&#39; namespace �[38;5;243m02/24/23 09:58:53.478�[0m&#xA;�[1mSTEP:�[0m creating the cache configs �[38;5;243m02/24/23 09:59:03.56�[0m&#xA;�[1mSTEP:�[0m waiting for  CR status �[38;5;243m02/24/23 09:59:03.636�[0m&#xA;�[1mSTEP:�[0m waiting for  CR status �[38;5;243m02/24/23 09:59:13.802�[0m&#xA;�[1mSTEP:�[0m waiting for  CR status �[38;5;243m02/24/23 09:59:23.788�[0m&#xA;�[1mSTEP:�[0m waiting for  CR status �[38;5;243m02/24/23 09:59:33.856�[0m&#xA;�[1mSTEP:�[0m checking if the caches are in the ConfigMap �[38;5;243m02/24/23 09:59:33.922�[0m&#xA;�[1mSTEP:�[0m deleting cache2 �[38;5;243m02/24/23 09:59:33.988�[0m&#xA;�[1mSTEP:�[0m checking if cache2 is not persisted in the configmap �[38;5;243m02/24/23 09:59:34.059�[0m&#xA;[AfterEach] Hazelcast Cache Config with Persistence&#xA;  /home/runner/work/hazelcast-platform-operator/hazelcast-platform-operator/test/e2e/hazelcast_cache_persistence_test.go:42&#xA;Aftereach start time is 2023-02-24 09:59:43.458071723 +0000 UTC m=+964.800439164&#xA;Aftereach end time is 2023-02-24 09:59:45.702120087 +0000 UTC m=+967.044487528&#xA;</system-err>
          </testcase>
          <testcase name="[It] Hazelcast Cache Config should create Cache Config with correct default values [cache, fast]" classname="Operator Suite EE" status="passed" time="38.43064485">
              <system-out>&#xA;Report Entries:&#xA;By Step&#xA;/home/runner/work/hazelcast-platform-operator/hazelcast-platform-operator/test/e2e/hazelcast_cache_test.go:28&#xA;2023-02-24T09:59:45.70367993Z&#xA;&amp;{Text:checking hazelcast-platform-controller-manager running Duration:66.501937ms}&#xA;--&#xA;By Step&#xA;/home/runner/work/hazelcast-platform-operator/hazelcast-platform-operator/test/e2e/custom_resource_test.go:55&#xA;2023-02-24T09:59:45.770226468Z&#xA;&amp;{Text:setting the label and CR with name &#39;hch-2-32mczs&#39; Duration:0s}&#xA;--&#xA;CR_ID:hch-2-32mczs&#xA;/home/runner/work/hazelcast-platform-operator/hazelcast-platform-operator/test/e2e/custom_resource_test.go:73&#xA;2023-02-24T09:59:45.770369072Z&#xA;--&#xA;By Step&#xA;/home/runner/work/hazelcast-platform-operator/hazelcast-platform-operator/test/e2e/helpers_test.go:106&#xA;2023-02-24T09:59:45.770373872Z&#xA;&amp;{Text:creating Hazelcast CR Duration:82.542179ms}&#xA;--&#xA;By Step&#xA;/home/runner/work/hazelcast-platform-operator/hazelcast-platform-operator/test/e2e/helpers_test.go:111&#xA;2023-02-24T09:59:45.852916951Z&#xA;&amp;{Text:checking Hazelcast CR running Duration:21.035500434s}&#xA;--&#xA;By Step&#xA;/home/runner/work/hazelcast-platform-operator/hazelcast-platform-operator/test/e2e/hazelcast_cache_test.go:63&#xA;2023-02-24T10:00:06.888419085Z&#xA;&amp;{Text:creating the default cache config Duration:0s}&#xA;--&#xA;By Step&#xA;/home/runner/work/hazelcast-platform-operator/hazelcast-platform-operator/test/e2e/helpers_test.go:738&#xA;2023-02-24T10:00:06.964966883Z&#xA;&amp;{Text:waiting for  CR status Duration:9.484026217s}&#xA;--&#xA;By Step&#xA;/home/runner/work/hazelcast-platform-operator/hazelcast-platform-operator/test/e2e/hazelcast_cache_test.go:68&#xA;2023-02-24T10:00:16.4489944Z&#xA;&amp;{Text:checking if the cache config is created correctly Duration:0s}&#xA;--&#xA;By Step&#xA;/home/runner/work/hazelcast-platform-operator/hazelcast-platform-operator/test/e2e/client_port_forward_test.go:73&#xA;2023-02-24T10:00:16.449078203Z&#xA;&amp;{Text:Getting the member config with lookup name &#39;hch-2-32mczs&#39; Duration:830.818042ms}&#xA;--&#xA;By Step&#xA;/home/runner/work/hazelcast-platform-operator/hazelcast-platform-operator/test/e2e/helpers_test.go:525&#xA;2023-02-24T10:00:16.721133546Z&#xA;&amp;{Text:creating Hazelcast client using address &#39;localhost:8003&#39; Duration:274.283207ms}&#xA;</system-out>
              <system-err>[BeforeEach] Hazelcast Cache Config&#xA;  /home/runner/work/hazelcast-platform-operator/hazelcast-platform-operator/test/e2e/hazelcast_cache_test.go:21&#xA;�[1mSTEP:�[0m checking hazelcast-platform-controller-manager running �[38;5;243m02/24/23 09:59:45.703�[0m&#xA;[It] should create Cache Config with correct default values&#xA;  /home/runner/work/hazelcast-platform-operator/hazelcast-platform-operator/test/e2e/hazelcast_cache_test.go:58&#xA;�[1mSTEP:�[0m setting the label and CR with name &#39;hch-2-32mczs&#39; �[38;5;243m02/24/23 09:59:45.77�[0m&#xA;�[1mSTEP:�[0m creating Hazelcast CR �[38;5;243m02/24/23 09:59:45.77�[0m&#xA;�[1mSTEP:�[0m checking Hazelcast CR running �[38;5;243m02/24/23 09:59:45.852�[0m&#xA;�[1mSTEP:�[0m creating the default cache config �[38;5;243m02/24/23 10:00:06.888�[0m&#xA;�[1mSTEP:�[0m waiting for  CR status �[38;5;243m02/24/23 10:00:06.964�[0m&#xA;�[1mSTEP:�[0m checking if the cache config is created correctly �[38;5;243m02/24/23 10:00:16.448�[0m&#xA;�[1mSTEP:�[0m Getting the member config with lookup name &#39;hch-2-32mczs&#39; �[38;5;243m02/24/23 10:00:16.449�[0m&#xA;�[1mSTEP:�[0m creating Hazelcast client using address &#39;localhost:8003&#39; �[38;5;243m02/24/23 10:00:16.721�[0m&#xA;[AfterEach] Hazelcast Cache Config&#xA;  /home/runner/work/hazelcast-platform-operator/hazelcast-platform-operator/test/e2e/hazelcast_cache_test.go:36&#xA;Aftereach start time is 2023-02-24 10:00:17.281230483 +0000 UTC m=+998.623597824&#xA;Aftereach end time is 2023-02-24 10:00:24.134252379 +0000 UTC m=+1005.476619820&#xA;</system-err>
          </testcase>
          <testcase name="[It] Management-Center ManagementCenter CR without Persistence Should create ManagementCenter resources and no PVC [mc, fast]" classname="Operator Suite EE" status="passed" time="21.025432648">
              <system-out>&#xA;Report Entries:&#xA;By Step&#xA;/home/runner/work/hazelcast-platform-operator/hazelcast-platform-operator/test/e2e/management_center_test.go:31&#xA;2023-02-24T10:00:24.135178603Z&#xA;&amp;{Text:checking hazelcast-platform-controller-manager running Duration:73.656176ms}&#xA;--&#xA;By Step&#xA;/home/runner/work/hazelcast-platform-operator/hazelcast-platform-operator/test/e2e/custom_resource_test.go:55&#xA;2023-02-24T10:00:24.20888268Z&#xA;&amp;{Text:setting the label and CR with name &#39;mc-2-zizeuh&#39; Duration:0s}&#xA;--&#xA;CR_ID:mc-2-zizeuh&#xA;/home/runner/work/hazelcast-platform-operator/hazelcast-platform-operator/test/e2e/custom_resource_test.go:73&#xA;2023-02-24T10:00:24.208991583Z&#xA;--&#xA;By Step&#xA;/home/runner/work/hazelcast-platform-operator/hazelcast-platform-operator/test/e2e/management_center_test.go:50&#xA;2023-02-24T10:00:24.208994983Z&#xA;&amp;{Text:creating ManagementCenter CR Duration:93.219001ms}&#xA;--&#xA;By Step&#xA;/home/runner/work/hazelcast-platform-operator/hazelcast-platform-operator/test/e2e/management_center_test.go:54&#xA;2023-02-24T10:00:24.302214984Z&#xA;&amp;{Text:checking ManagementCenter CR running Duration:20.635705993s}&#xA;--&#xA;By Step&#xA;/home/runner/work/hazelcast-platform-operator/hazelcast-platform-operator/test/e2e/management_center_test.go:107&#xA;2023-02-24T10:00:44.937922377Z&#xA;&amp;{Text:checking if PVC doesn&#39;t exist Duration:66.49219ms}&#xA;</system-out>
              <system-err>[BeforeEach] Management-Center&#xA;  /home/runner/work/hazelcast-platform-operator/hazelcast-platform-operator/test/e2e/management_center_test.go:23&#xA;�[1mSTEP:�[0m checking hazelcast-platform-controller-manager running �[38;5;243m02/24/23 10:00:24.135�[0m&#xA;[It] Should create ManagementCenter resources and no PVC&#xA;  /home/runner/work/hazelcast-platform-operator/hazelcast-platform-operator/test/e2e/management_center_test.go:102&#xA;�[1mSTEP:�[0m setting the label and CR with name &#39;mc-2-zizeuh&#39; �[38;5;243m02/24/23 10:00:24.208�[0m&#xA;�[1mSTEP:�[0m creating ManagementCenter CR �[38;5;243m02/24/23 10:00:24.208�[0m&#xA;�[1mSTEP:�[0m checking ManagementCenter CR running �[38;5;243m02/24/23 10:00:24.302�[0m&#xA;�[1mSTEP:�[0m checking if PVC doesn&#39;t exist �[38;5;243m02/24/23 10:00:44.937�[0m&#xA;[AfterEach] Management-Center&#xA;  /home/runner/work/hazelcast-platform-operator/hazelcast-platform-operator/test/e2e/management_center_test.go:39&#xA;Aftereach start time is 2023-02-24 10:00:45.004446967 +0000 UTC m=+1026.346814408&#xA;Aftereach end time is 2023-02-24 10:00:45.16055885 +0000 UTC m=+1026.502926191&#xA;</system-err>
          </testcase>
          <testcase name="[It] Management-Center ManagementCenter CR with Route Should be able to access route [mc, fast]" classname="Operator Suite EE" status="skipped" time="0.069796266">
              <skipped message="skipped - This test will only run in OpenShift environments"></skipped>
              <system-out>&#xA;Report Entries:&#xA;By Step&#xA;/home/runner/work/hazelcast-platform-operator/hazelcast-platform-operator/test/e2e/management_center_test.go:31&#xA;2023-02-24T10:00:45.16122266Z&#xA;&amp;{Text:checking hazelcast-platform-controller-manager running Duration:69.507162ms}&#xA;</system-out>
              <system-err>[BeforeEach] Management-Center&#xA;  /home/runner/work/hazelcast-platform-operator/hazelcast-platform-operator/test/e2e/management_center_test.go:23&#xA;�[1mSTEP:�[0m checking hazelcast-platform-controller-manager running �[38;5;243m02/24/23 10:00:45.161�[0m&#xA;[It] Should be able to access route&#xA;  /home/runner/work/hazelcast-platform-operator/hazelcast-platform-operator/test/e2e/management_center_test.go:137&#xA;[AfterEach] Management-Center&#xA;  /home/runner/work/hazelcast-platform-operator/hazelcast-platform-operator/test/e2e/management_center_test.go:39&#xA;Aftereach start time is 2023-02-24 10:00:45.230975825 +0000 UTC m=+1026.573343166&#xA;</system-err>
          </testcase>
          <testcase name="[It] Hazelcast ReplicatedMap Config should create ReplicatedMap Config [replicatedmap, fast]" classname="Operator Suite EE" status="passed" time="33.375496276">
              <system-out>&#xA;Report Entries:&#xA;By Step&#xA;/home/runner/work/hazelcast-platform-operator/hazelcast-platform-operator/test/e2e/hazelcast_replicatedmap_test.go:28&#xA;2023-02-24T10:00:45.232083742Z&#xA;&amp;{Text:checking hazelcast-platform-controller-manager running Duration:66.229411ms}&#xA;--&#xA;By Step&#xA;/home/runner/work/hazelcast-platform-operator/hazelcast-platform-operator/test/e2e/custom_resource_test.go:55&#xA;2023-02-24T10:00:45.298350854Z&#xA;&amp;{Text:setting the label and CR with name &#39;hrm-1-e6chlw&#39; Duration:0s}&#xA;--&#xA;CR_ID:hrm-1-e6chlw&#xA;/home/runner/work/hazelcast-platform-operator/hazelcast-platform-operator/test/e2e/custom_resource_test.go:73&#xA;2023-02-24T10:00:45.298463055Z&#xA;--&#xA;By Step&#xA;/home/runner/work/hazelcast-platform-operator/hazelcast-platform-operator/test/e2e/helpers_test.go:106&#xA;2023-02-24T10:00:45.298465856Z&#xA;&amp;{Text:creating Hazelcast CR Duration:81.89645ms}&#xA;--&#xA;By Step&#xA;/home/runner/work/hazelcast-platform-operator/hazelcast-platform-operator/test/e2e/helpers_test.go:111&#xA;2023-02-24T10:00:45.380363306Z&#xA;&amp;{Text:checking Hazelcast CR running Duration:21.008583747s}&#xA;--&#xA;By Step&#xA;/home/runner/work/hazelcast-platform-operator/hazelcast-platform-operator/test/e2e/helpers_test.go:738&#xA;2023-02-24T10:01:06.470617275Z&#xA;&amp;{Text:waiting for  CR status Duration:9.538214084s}&#xA;</system-out>
              <system-err>[BeforeEach] Hazelcast ReplicatedMap Config&#xA;  /home/runner/work/hazelcast-platform-operator/hazelcast-platform-operator/test/e2e/hazelcast_replicatedmap_test.go:21&#xA;�[1mSTEP:�[0m checking hazelcast-platform-controller-manager running �[38;5;243m02/24/23 10:00:45.232�[0m&#xA;[It] should create ReplicatedMap Config&#xA;  /home/runner/work/hazelcast-platform-operator/hazelcast-platform-operator/test/e2e/hazelcast_replicatedmap_test.go:48&#xA;�[1mSTEP:�[0m setting the label and CR with name &#39;hrm-1-e6chlw&#39; �[38;5;243m02/24/23 10:00:45.298�[0m&#xA;�[1mSTEP:�[0m creating Hazelcast CR �[38;5;243m02/24/23 10:00:45.298�[0m&#xA;�[1mSTEP:�[0m checking Hazelcast CR running �[38;5;243m02/24/23 10:00:45.38�[0m&#xA;�[1mSTEP:�[0m waiting for  CR status �[38;5;243m02/24/23 10:01:06.47�[0m&#xA;[AfterEach] Hazelcast ReplicatedMap Config&#xA;  /home/runner/work/hazelcast-platform-operator/hazelcast-platform-operator/test/e2e/hazelcast_replicatedmap_test.go:36&#xA;Aftereach start time is 2023-02-24 10:01:16.00888216 +0000 UTC m=+1057.351249601&#xA;Aftereach end time is 2023-02-24 10:01:18.607524916 +0000 UTC m=+1059.949892357&#xA;</system-err>
          </testcase>
          <testcase name="[It] Hazelcast ReplicatedMap Config should create ReplicatedMap Config with correct default values [replicatedmap, fast]" classname="Operator Suite EE" status="passed" time="33.577000889">
              <system-out>&#xA;Report Entries:&#xA;By Step&#xA;/home/runner/work/hazelcast-platform-operator/hazelcast-platform-operator/test/e2e/hazelcast_replicatedmap_test.go:28&#xA;2023-02-24T10:01:18.608266436Z&#xA;&amp;{Text:checking hazelcast-platform-controller-manager running Duration:66.878294ms}&#xA;--&#xA;By Step&#xA;/home/runner/work/hazelcast-platform-operator/hazelcast-platform-operator/test/e2e/custom_resource_test.go:55&#xA;2023-02-24T10:01:18.67517853Z&#xA;&amp;{Text:setting the label and CR with name &#39;hrm-2-aahxzv&#39; Duration:0s}&#xA;--&#xA;CR_ID:hrm-2-aahxzv&#xA;/home/runner/work/hazelcast-platform-operator/hazelcast-platform-operator/test/e2e/custom_resource_test.go:73&#xA;2023-02-24T10:01:18.675279133Z&#xA;--&#xA;By Step&#xA;/home/runner/work/hazelcast-platform-operator/hazelcast-platform-operator/test/e2e/helpers_test.go:106&#xA;2023-02-24T10:01:18.675283033Z&#xA;&amp;{Text:creating Hazelcast CR Duration:83.228532ms}&#xA;--&#xA;By Step&#xA;/home/runner/work/hazelcast-platform-operator/hazelcast-platform-operator/test/e2e/helpers_test.go:111&#xA;2023-02-24T10:01:18.758512865Z&#xA;&amp;{Text:checking Hazelcast CR running Duration:20.824494441s}&#xA;--&#xA;By Step&#xA;/home/runner/work/hazelcast-platform-operator/hazelcast-platform-operator/test/e2e/hazelcast_replicatedmap_test.go:63&#xA;2023-02-24T10:01:39.583008506Z&#xA;&amp;{Text:creating the default ReplicatedMap config Duration:0s}&#xA;--&#xA;By Step&#xA;/home/runner/work/hazelcast-platform-operator/hazelcast-platform-operator/test/e2e/helpers_test.go:738&#xA;2023-02-24T10:01:39.666441349Z&#xA;&amp;{Text:waiting for  CR status Duration:9.743954341s}&#xA;--&#xA;By Step&#xA;/home/runner/work/hazelcast-platform-operator/hazelcast-platform-operator/test/e2e/client_port_forward_test.go:73&#xA;2023-02-24T10:01:49.41040059Z&#xA;&amp;{Text:Getting the member config with lookup name &#39;hrm-2-aahxzv&#39; Duration:855.856836ms}&#xA;--&#xA;By Step&#xA;/home/runner/work/hazelcast-platform-operator/hazelcast-platform-operator/test/e2e/helpers_test.go:525&#xA;2023-02-24T10:01:49.686956898Z&#xA;&amp;{Text:creating Hazelcast client using address &#39;localhost:8603&#39; Duration:271.612775ms}&#xA;</system-out>
              <system-err>[BeforeEach] Hazelcast ReplicatedMap Config&#xA;  /home/runner/work/hazelcast-platform-operator/hazelcast-platform-operator/test/e2e/hazelcast_replicatedmap_test.go:21&#xA;�[1mSTEP:�[0m checking hazelcast-platform-controller-manager running �[38;5;243m02/24/23 10:01:18.608�[0m&#xA;[It] should create ReplicatedMap Config with correct default values&#xA;  /home/runner/work/hazelcast-platform-operator/hazelcast-platform-operator/test/e2e/hazelcast_replicatedmap_test.go:58&#xA;�[1mSTEP:�[0m setting the label and CR with name &#39;hrm-2-aahxzv&#39; �[38;5;243m02/24/23 10:01:18.675�[0m&#xA;�[1mSTEP:�[0m creating Hazelcast CR �[38;5;243m02/24/23 10:01:18.675�[0m&#xA;�[1mSTEP:�[0m checking Hazelcast CR running �[38;5;243m02/24/23 10:01:18.758�[0m&#xA;�[1mSTEP:�[0m creating the default ReplicatedMap config �[38;5;243m02/24/23 10:01:39.583�[0m&#xA;�[1mSTEP:�[0m waiting for  CR status �[38;5;243m02/24/23 10:01:39.666�[0m&#xA;�[1mSTEP:�[0m Getting the member config with lookup name &#39;hrm-2-aahxzv&#39; �[38;5;243m02/24/23 10:01:49.41�[0m&#xA;�[1mSTEP:�[0m creating Hazelcast client using address &#39;localhost:8603&#39; �[38;5;243m02/24/23 10:01:49.686�[0m&#xA;[AfterEach] Hazelcast ReplicatedMap Config&#xA;  /home/runner/work/hazelcast-platform-operator/hazelcast-platform-operator/test/e2e/hazelcast_replicatedmap_test.go:36&#xA;Aftereach start time is 2023-02-24 10:01:50.267091049 +0000 UTC m=+1091.609458490&#xA;Aftereach end time is 2023-02-24 10:01:52.185209324 +0000 UTC m=+1093.527576665&#xA;</system-err>
          </testcase>
          <testcase name="[It] Hazelcast Hazelcast cluster name should create a Hazelcast cluster with Cluster name: development [hz, fast]" classname="Operator Suite EE" status="passed" time="23.161031232">
              <system-out>&#xA;Report Entries:&#xA;By Step&#xA;/home/runner/work/hazelcast-platform-operator/hazelcast-platform-operator/test/e2e/hazelcast_test.go:31&#xA;2023-02-24T10:01:52.18651366Z&#xA;&amp;{Text:checking hazelcast-platform-controller-manager running Duration:66.413903ms}&#xA;--&#xA;By Step&#xA;/home/runner/work/hazelcast-platform-operator/hazelcast-platform-operator/test/e2e/custom_resource_test.go:55&#xA;2023-02-24T10:01:52.252969964Z&#xA;&amp;{Text:setting the label and CR with name &#39;h-2-6qxri2&#39; Duration:0s}&#xA;--&#xA;CR_ID:h-2-6qxri2&#xA;/home/runner/work/hazelcast-platform-operator/hazelcast-platform-operator/test/e2e/custom_resource_test.go:73&#xA;2023-02-24T10:01:52.253065566Z&#xA;--&#xA;By Step&#xA;/home/runner/work/hazelcast-platform-operator/hazelcast-platform-operator/test/e2e/helpers_test.go:106&#xA;2023-02-24T10:01:52.253069667Z&#xA;&amp;{Text:creating Hazelcast CR Duration:79.20305ms}&#xA;--&#xA;By Step&#xA;/home/runner/work/hazelcast-platform-operator/hazelcast-platform-operator/test/e2e/helpers_test.go:111&#xA;2023-02-24T10:01:52.332273617Z&#xA;&amp;{Text:checking Hazelcast CR running Duration:20.954554251s}&#xA;</system-out>
              <system-err>[BeforeEach] Hazelcast&#xA;  /home/runner/work/hazelcast-platform-operator/hazelcast-platform-operator/test/e2e/hazelcast_test.go:24&#xA;�[1mSTEP:�[0m checking hazelcast-platform-controller-manager running �[38;5;243m02/24/23 10:01:52.186�[0m&#xA;[It] should create a Hazelcast cluster with Cluster name: development&#xA;  /home/runner/work/hazelcast-platform-operator/hazelcast-platform-operator/test/e2e/hazelcast_test.go:59&#xA;�[1mSTEP:�[0m setting the label and CR with name &#39;h-2-6qxri2&#39; �[38;5;243m02/24/23 10:01:52.252�[0m&#xA;�[1mSTEP:�[0m creating Hazelcast CR �[38;5;243m02/24/23 10:01:52.253�[0m&#xA;�[1mSTEP:�[0m checking Hazelcast CR running �[38;5;243m02/24/23 10:01:52.332�[0m&#xA;[AfterEach] Hazelcast&#xA;  /home/runner/work/hazelcast-platform-operator/hazelcast-platform-operator/test/e2e/hazelcast_test.go:39&#xA;Aftereach start time is 2023-02-24 10:02:13.442427642 +0000 UTC m=+1114.784794983&#xA;Aftereach end time is 2023-02-24 10:02:15.347487889 +0000 UTC m=+1116.689855330&#xA;</system-err>
          </testcase>
          <testcase name="[It] Hazelcast Hazelcast member status should have correct pod name [hz, fast]" classname="Operator Suite EE" status="passed" time="33.790768906">
              <system-out>&#xA;Report Entries:&#xA;By Step&#xA;/home/runner/work/hazelcast-platform-operator/hazelcast-platform-operator/test/e2e/hazelcast_test.go:31&#xA;2023-02-24T10:02:15.348573351Z&#xA;&amp;{Text:checking hazelcast-platform-controller-manager running Duration:66.972978ms}&#xA;--&#xA;By Step&#xA;/home/runner/work/hazelcast-platform-operator/hazelcast-platform-operator/test/e2e/custom_resource_test.go:55&#xA;2023-02-24T10:02:15.41559133Z&#xA;&amp;{Text:setting the label and CR with name &#39;h-5-p5ey8v&#39; Duration:0s}&#xA;--&#xA;CR_ID:h-5-p5ey8v&#xA;/home/runner/work/hazelcast-platform-operator/hazelcast-platform-operator/test/e2e/custom_resource_test.go:73&#xA;2023-02-24T10:02:15.415722634Z&#xA;--&#xA;By Step&#xA;/home/runner/work/hazelcast-platform-operator/hazelcast-platform-operator/test/e2e/helpers_test.go:106&#xA;2023-02-24T10:02:15.415726234Z&#xA;&amp;{Text:creating Hazelcast CR Duration:73.901114ms}&#xA;--&#xA;By Step&#xA;/home/runner/work/hazelcast-platform-operator/hazelcast-platform-operator/test/e2e/helpers_test.go:111&#xA;2023-02-24T10:02:15.489628448Z&#xA;&amp;{Text:checking Hazelcast CR running Duration:20.928306176s}&#xA;--&#xA;By Step&#xA;/home/runner/work/hazelcast-platform-operator/hazelcast-platform-operator/test/e2e/helpers_test.go:394&#xA;2023-02-24T10:02:36.417940125Z&#xA;&amp;{Text:evaluate number of ready members for lookup name &#39;h-5-p5ey8v&#39; and &#39;test-operator-ee&#39; namespace Duration:9.976112333s}&#xA;--&#xA;By Step&#xA;/home/runner/work/hazelcast-platform-operator/hazelcast-platform-operator/test/e2e/hazelcast_test.go:113&#xA;2023-02-24T10:02:46.465856213Z&#xA;&amp;{Text:checking hazelcast members pod name Duration:0s}&#xA;</system-out>
              <system-err>[BeforeEach] Hazelcast&#xA;  /home/runner/work/hazelcast-platform-operator/hazelcast-platform-operator/test/e2e/hazelcast_test.go:24&#xA;�[1mSTEP:�[0m checking hazelcast-platform-controller-manager running �[38;5;243m02/24/23 10:02:15.348�[0m&#xA;[It] should have correct pod name&#xA;  /home/runner/work/hazelcast-platform-operator/hazelcast-platform-operator/test/e2e/hazelcast_test.go:104&#xA;�[1mSTEP:�[0m setting the label and CR with name &#39;h-5-p5ey8v&#39; �[38;5;243m02/24/23 10:02:15.415�[0m&#xA;�[1mSTEP:�[0m creating Hazelcast CR �[38;5;243m02/24/23 10:02:15.415�[0m&#xA;�[1mSTEP:�[0m checking Hazelcast CR running �[38;5;243m02/24/23 10:02:15.489�[0m&#xA;�[1mSTEP:�[0m evaluate number of ready members for lookup name &#39;h-5-p5ey8v&#39; and &#39;test-operator-ee&#39; namespace �[38;5;243m02/24/23 10:02:36.417�[0m&#xA;�[1mSTEP:�[0m checking hazelcast members pod name �[38;5;243m02/24/23 10:02:46.465�[0m&#xA;[AfterEach] Hazelcast&#xA;  /home/runner/work/hazelcast-platform-operator/hazelcast-platform-operator/test/e2e/hazelcast_test.go:39&#xA;Aftereach start time is 2023-02-24 10:02:46.670943511 +0000 UTC m=+1148.013310852&#xA;Aftereach end time is 2023-02-24 10:02:49.139265754 +0000 UTC m=+1150.481633095&#xA;</system-err>
          </testcase>
          <testcase name="[It] Hazelcast MultiMap Config should create MultiMap Config [multimap, fast]" classname="Operator Suite EE" status="passed" time="34.182400664">
              <system-out>&#xA;Report Entries:&#xA;By Step&#xA;/home/runner/work/hazelcast-platform-operator/hazelcast-platform-operator/test/e2e/hazelcast_multimap_test.go:28&#xA;2023-02-24T10:02:49.141474132Z&#xA;&amp;{Text:checking hazelcast-platform-controller-manager running Duration:66.038151ms}&#xA;--&#xA;By Step&#xA;/home/runner/work/hazelcast-platform-operator/hazelcast-platform-operator/test/e2e/custom_resource_test.go:55&#xA;2023-02-24T10:02:49.207537483Z&#xA;&amp;{Text:setting the label and CR with name &#39;hmm-1-bgdew3&#39; Duration:0s}&#xA;--&#xA;CR_ID:hmm-1-bgdew3&#xA;/home/runner/work/hazelcast-platform-operator/hazelcast-platform-operator/test/e2e/custom_resource_test.go:73&#xA;2023-02-24T10:02:49.207641287Z&#xA;--&#xA;By Step&#xA;/home/runner/work/hazelcast-platform-operator/hazelcast-platform-operator/test/e2e/helpers_test.go:106&#xA;2023-02-24T10:02:49.207644887Z&#xA;&amp;{Text:creating Hazelcast CR Duration:79.444127ms}&#xA;--&#xA;By Step&#xA;/home/runner/work/hazelcast-platform-operator/hazelcast-platform-operator/test/e2e/helpers_test.go:111&#xA;2023-02-24T10:02:49.287090015Z&#xA;&amp;{Text:checking Hazelcast CR running Duration:21.141612929s}&#xA;--&#xA;By Step&#xA;/home/runner/work/hazelcast-platform-operator/hazelcast-platform-operator/test/e2e/helpers_test.go:738&#xA;2023-02-24T10:03:10.512624918Z&#xA;&amp;{Text:waiting for  CR status Duration:9.203766105s}&#xA;</system-out>
              <system-err>[BeforeEach] Hazelcast MultiMap Config&#xA;  /home/runner/work/hazelcast-platform-operator/hazelcast-platform-operator/test/e2e/hazelcast_multimap_test.go:21&#xA;�[1mSTEP:�[0m checking hazelcast-platform-controller-manager running �[38;5;243m02/24/23 10:02:49.141�[0m&#xA;[It] should create MultiMap Config&#xA;  /home/runner/work/hazelcast-platform-operator/hazelcast-platform-operator/test/e2e/hazelcast_multimap_test.go:48&#xA;�[1mSTEP:�[0m setting the label and CR with name &#39;hmm-1-bgdew3&#39; �[38;5;243m02/24/23 10:02:49.207�[0m&#xA;�[1mSTEP:�[0m creating Hazelcast CR �[38;5;243m02/24/23 10:02:49.207�[0m&#xA;�[1mSTEP:�[0m checking Hazelcast CR running �[38;5;243m02/24/23 10:02:49.287�[0m&#xA;�[1mSTEP:�[0m waiting for  CR status �[38;5;243m02/24/23 10:03:10.512�[0m&#xA;[AfterEach] Hazelcast MultiMap Config&#xA;  /home/runner/work/hazelcast-platform-operator/hazelcast-platform-operator/test/e2e/hazelcast_multimap_test.go:36&#xA;Aftereach start time is 2023-02-24 10:03:19.716437726 +0000 UTC m=+1181.058805067&#xA;Aftereach end time is 2023-02-24 10:03:23.323813994 +0000 UTC m=+1184.666181435&#xA;</system-err>
          </testcase>
          <testcase name="[It] Hazelcast MultiMap Config should fail to update MultiMap Config [multimap, fast]" classname="Operator Suite EE" status="passed" time="33.408740384">
              <system-out>&#xA;Report Entries:&#xA;By Step&#xA;/home/runner/work/hazelcast-platform-operator/hazelcast-platform-operator/test/e2e/hazelcast_multimap_test.go:28&#xA;2023-02-24T10:03:23.324864532Z&#xA;&amp;{Text:checking hazelcast-platform-controller-manager running Duration:66.614522ms}&#xA;--&#xA;By Step&#xA;/home/runner/work/hazelcast-platform-operator/hazelcast-platform-operator/test/e2e/custom_resource_test.go:55&#xA;2023-02-24T10:03:23.391507655Z&#xA;&amp;{Text:setting the label and CR with name &#39;hmm-3-hqcmvb&#39; Duration:0s}&#xA;--&#xA;CR_ID:hmm-3-hqcmvb&#xA;/home/runner/work/hazelcast-platform-operator/hazelcast-platform-operator/test/e2e/custom_resource_test.go:73&#xA;2023-02-24T10:03:23.391607759Z&#xA;--&#xA;By Step&#xA;/home/runner/work/hazelcast-platform-operator/hazelcast-platform-operator/test/e2e/helpers_test.go:106&#xA;2023-02-24T10:03:23.391610659Z&#xA;&amp;{Text:creating Hazelcast CR Duration:79.260883ms}&#xA;--&#xA;By Step&#xA;/home/runner/work/hazelcast-platform-operator/hazelcast-platform-operator/test/e2e/helpers_test.go:111&#xA;2023-02-24T10:03:23.470872342Z&#xA;&amp;{Text:checking Hazelcast CR running Duration:21.262106176s}&#xA;--&#xA;By Step&#xA;/home/runner/work/hazelcast-platform-operator/hazelcast-platform-operator/test/e2e/hazelcast_multimap_test.go:82&#xA;2023-02-24T10:03:44.732979818Z&#xA;&amp;{Text:creating the multiMap config Duration:0s}&#xA;--&#xA;By Step&#xA;/home/runner/work/hazelcast-platform-operator/hazelcast-platform-operator/test/e2e/helpers_test.go:738&#xA;2023-02-24T10:03:44.806200772Z&#xA;&amp;{Text:waiting for  CR status Duration:9.214719486s}&#xA;--&#xA;By Step&#xA;/home/runner/work/hazelcast-platform-operator/hazelcast-platform-operator/test/e2e/hazelcast_multimap_test.go:95&#xA;2023-02-24T10:03:54.020921858Z&#xA;&amp;{Text:failing to update multiMap config Duration:0s}&#xA;--&#xA;By Step&#xA;/home/runner/work/hazelcast-platform-operator/hazelcast-platform-operator/test/e2e/helpers_test.go:738&#xA;2023-02-24T10:03:54.098050878Z&#xA;&amp;{Text:waiting for  CR status Duration:66.864457ms}&#xA;</system-out>
              <system-err>[BeforeEach] Hazelcast MultiMap Config&#xA;  /home/runner/work/hazelcast-platform-operator/hazelcast-platform-operator/test/e2e/hazelcast_multimap_test.go:21&#xA;�[1mSTEP:�[0m checking hazelcast-platform-controller-manager running �[38;5;243m02/24/23 10:03:23.324�[0m&#xA;[It] should fail to update MultiMap Config&#xA;  /home/runner/work/hazelcast-platform-operator/hazelcast-platform-operator/test/e2e/hazelcast_multimap_test.go:77&#xA;�[1mSTEP:�[0m setting the label and CR with name &#39;hmm-3-hqcmvb&#39; �[38;5;243m02/24/23 10:03:23.391�[0m&#xA;�[1mSTEP:�[0m creating Hazelcast CR �[38;5;243m02/24/23 10:03:23.391�[0m&#xA;�[1mSTEP:�[0m checking Hazelcast CR running �[38;5;243m02/24/23 10:03:23.47�[0m&#xA;�[1mSTEP:�[0m creating the multiMap config �[38;5;243m02/24/23 10:03:44.732�[0m&#xA;�[1mSTEP:�[0m waiting for  CR status �[38;5;243m02/24/23 10:03:44.806�[0m&#xA;�[1mSTEP:�[0m failing to update multiMap config �[38;5;243m02/24/23 10:03:54.02�[0m&#xA;�[1mSTEP:�[0m waiting for  CR status �[38;5;243m02/24/23 10:03:54.098�[0m&#xA;[AfterEach] Hazelcast MultiMap Config&#xA;  /home/runner/work/hazelcast-platform-operator/hazelcast-platform-operator/test/e2e/hazelcast_multimap_test.go:36&#xA;Aftereach start time is 2023-02-24 10:03:54.164949237 +0000 UTC m=+1215.507316578&#xA;Aftereach end time is 2023-02-24 10:03:56.733556614 +0000 UTC m=+1218.075923955&#xA;</system-err>
          </testcase>
          <testcase name="[It] Hazelcast CR with expose externally feature should create Hazelcast cluster exposed with NodePort services and allow connecting with Hazelcast smart client [hz_expose_externally, slow]" classname="Operator Suite EE" status="passed" time="40.059467998">
              <system-out>&#xA;Report Entries:&#xA;By Step&#xA;/home/runner/work/hazelcast-platform-operator/hazelcast-platform-operator/test/e2e/hazelcast_expose_externally_test.go:30&#xA;2023-02-24T10:03:56.735171571Z&#xA;&amp;{Text:checking hazelcast-platform-controller-manager running Duration:68.150003ms}&#xA;--&#xA;By Step&#xA;/home/runner/work/hazelcast-platform-operator/hazelcast-platform-operator/test/e2e/custom_resource_test.go:55&#xA;2023-02-24T10:03:56.803353176Z&#xA;&amp;{Text:setting the label and CR with name &#39;hee-2-ncchz1&#39; Duration:0s}&#xA;--&#xA;CR_ID:hee-2-ncchz1&#xA;/home/runner/work/hazelcast-platform-operator/hazelcast-platform-operator/test/e2e/custom_resource_test.go:73&#xA;2023-02-24T10:03:56.803440879Z&#xA;--&#xA;By Step&#xA;/home/runner/work/hazelcast-platform-operator/hazelcast-platform-operator/test/e2e/helpers_test.go:106&#xA;2023-02-24T10:03:56.803443879Z&#xA;&amp;{Text:creating Hazelcast CR Duration:79.593907ms}&#xA;--&#xA;By Step&#xA;/home/runner/work/hazelcast-platform-operator/hazelcast-platform-operator/test/e2e/helpers_test.go:111&#xA;2023-02-24T10:03:56.883038286Z&#xA;&amp;{Text:checking Hazelcast CR running Duration:21.178992597s}&#xA;--&#xA;By Step&#xA;/home/runner/work/hazelcast-platform-operator/hazelcast-platform-operator/test/e2e/helpers_test.go:394&#xA;2023-02-24T10:04:18.062036783Z&#xA;&amp;{Text:evaluate number of ready members for lookup name &#39;hee-2-ncchz1&#39; and &#39;test-operator-ee&#39; namespace Duration:9.973275788s}&#xA;--&#xA;By Step&#xA;/home/runner/work/hazelcast-platform-operator/hazelcast-platform-operator/test/e2e/helpers_test.go:187&#xA;2023-02-24T10:04:28.111384406Z&#xA;&amp;{Text:starting new Hazelcast client Duration:391.704635ms}&#xA;--&#xA;By Step&#xA;/home/runner/work/hazelcast-platform-operator/hazelcast-platform-operator/test/e2e/hazelcast_expose_externally_test.go:81&#xA;2023-02-24T10:04:28.503192545Z&#xA;&amp;{Text:matching HZ members with client members and comparing their public IPs Duration:0s}&#xA;--&#xA;By Step&#xA;/home/runner/work/hazelcast-platform-operator/hazelcast-platform-operator/test/e2e/helpers_test.go:250&#xA;2023-02-24T10:04:29.108349111Z&#xA;&amp;{Text:filling the &#39;map&#39; map with &#39;100&#39; entries using &#39;hee-2-ncchz1&#39; lookup name and &#39;test-operator-ee&#39; namespace Duration:6.986153805s}&#xA;--&#xA;By Step&#xA;/home/runner/work/hazelcast-platform-operator/hazelcast-platform-operator/test/e2e/helpers_test.go:187&#xA;2023-02-24T10:04:29.108487916Z&#xA;&amp;{Text:starting new Hazelcast client Duration:399.520158ms}&#xA;--&#xA;By Step&#xA;/home/runner/work/hazelcast-platform-operator/hazelcast-platform-operator/test/e2e/helpers_test.go:272&#xA;2023-02-24T10:04:36.094510916Z&#xA;&amp;{Text:waiting the &#39;map&#39; map to be of size &#39;100&#39; using lookup name &#39;hee-2-ncchz1&#39; Duration:543.249979ms}&#xA;--&#xA;By Step&#xA;/home/runner/work/hazelcast-platform-operator/hazelcast-platform-operator/test/e2e/helpers_test.go:187&#xA;2023-02-24T10:04:36.094607619Z&#xA;&amp;{Text:starting new Hazelcast client Duration:389.022187ms}&#xA;--&#xA;By Step&#xA;/home/runner/work/hazelcast-platform-operator/hazelcast-platform-operator/test/e2e/hazelcast_expose_externally_test.go:49&#xA;2023-02-24T10:04:36.637762995Z&#xA;&amp;{Text:status external addresses should not be empty Duration:0s}&#xA;</system-out>
              <system-err>[BeforeEach] Hazelcast CR with expose externally feature&#xA;  /home/runner/work/hazelcast-platform-operator/hazelcast-platform-operator/test/e2e/hazelcast_expose_externally_test.go:23&#xA;�[1mSTEP:�[0m checking hazelcast-platform-controller-manager running �[38;5;243m02/24/23 10:03:56.735�[0m&#xA;[It] should create Hazelcast cluster exposed with NodePort services and allow connecting with Hazelcast smart client&#xA;  /home/runner/work/hazelcast-platform-operator/hazelcast-platform-operator/test/e2e/hazelcast_expose_externally_test.go:70&#xA;�[1mSTEP:�[0m setting the label and CR with name &#39;hee-2-ncchz1&#39; �[38;5;243m02/24/23 10:03:56.803�[0m&#xA;�[1mSTEP:�[0m creating Hazelcast CR �[38;5;243m02/24/23 10:03:56.803�[0m&#xA;�[1mSTEP:�[0m checking Hazelcast CR running �[38;5;243m02/24/23 10:03:56.883�[0m&#xA;�[1mSTEP:�[0m evaluate number of ready members for lookup name &#39;hee-2-ncchz1&#39; and &#39;test-operator-ee&#39; namespace �[38;5;243m02/24/23 10:04:18.062�[0m&#xA;�[1mSTEP:�[0m starting new Hazelcast client �[38;5;243m02/24/23 10:04:28.111�[0m&#xA;�[1mSTEP:�[0m matching HZ members with client members and comparing their public IPs �[38;5;243m02/24/23 10:04:28.503�[0m&#xA;�[1mSTEP:�[0m filling the &#39;map&#39; map with &#39;100&#39; entries using &#39;hee-2-ncchz1&#39; lookup name and &#39;test-operator-ee&#39; namespace �[38;5;243m02/24/23 10:04:29.108�[0m&#xA;�[1mSTEP:�[0m starting new Hazelcast client �[38;5;243m02/24/23 10:04:29.108�[0m&#xA;�[1mSTEP:�[0m waiting the &#39;map&#39; map to be of size &#39;100&#39; using lookup name &#39;hee-2-ncchz1&#39; �[38;5;243m02/24/23 10:04:36.094�[0m&#xA;�[1mSTEP:�[0m starting new Hazelcast client �[38;5;243m02/24/23 10:04:36.094�[0m&#xA;�[1mSTEP:�[0m status external addresses should not be empty �[38;5;243m02/24/23 10:04:36.637�[0m&#xA;[AfterEach] Hazelcast CR with expose externally feature&#xA;  /home/runner/work/hazelcast-platform-operator/hazelcast-platform-operator/test/e2e/hazelcast_expose_externally_test.go:38&#xA;Aftereach start time is 2023-02-24 10:04:36.706338726 +0000 UTC m=+1258.048706167&#xA;Aftereach end time is 2023-02-24 10:04:36.794579267 +0000 UTC m=+1258.136946708&#xA;</system-err>
          </testcase>
          <testcase name="[It] Hazelcast Map Config with Persistence should keep the entries after a Hot Backup [map_persistence, slow]" classname="Operator Suite EE" status="passed" time="117.537266403">
              <system-out>&#xA;Report Entries:&#xA;By Step&#xA;/home/runner/work/hazelcast-platform-operator/hazelcast-platform-operator/test/e2e/hazelcast_map_persistence_test.go:30&#xA;2023-02-24T10:04:36.795407793Z&#xA;&amp;{Text:checking hazelcast-platform-controller-manager running Duration:67.122385ms}&#xA;--&#xA;By Step&#xA;/home/runner/work/hazelcast-platform-operator/hazelcast-platform-operator/test/e2e/custom_resource_test.go:55&#xA;2023-02-24T10:04:36.862562679Z&#xA;&amp;{Text:setting the label and CR with name &#39;hmp-2-p7qm7c&#39; Duration:0s}&#xA;--&#xA;CR_ID:hmp-2-p7qm7c&#xA;/home/runner/work/hazelcast-platform-operator/hazelcast-platform-operator/test/e2e/custom_resource_test.go:73&#xA;2023-02-24T10:04:36.862662383Z&#xA;--&#xA;By Step&#xA;/home/runner/work/hazelcast-platform-operator/hazelcast-platform-operator/test/e2e/helpers_test.go:106&#xA;2023-02-24T10:04:36.862668483Z&#xA;&amp;{Text:creating Hazelcast CR Duration:81.268525ms}&#xA;--&#xA;By Step&#xA;/home/runner/work/hazelcast-platform-operator/hazelcast-platform-operator/test/e2e/helpers_test.go:111&#xA;2023-02-24T10:04:36.943938108Z&#xA;&amp;{Text:checking Hazelcast CR running Duration:45.370237157s}&#xA;--&#xA;By Step&#xA;/home/runner/work/hazelcast-platform-operator/hazelcast-platform-operator/test/e2e/helpers_test.go:394&#xA;2023-02-24T10:05:22.314191866Z&#xA;&amp;{Text:evaluate number of ready members for lookup name &#39;hmp-2-p7qm7c&#39; and &#39;test-operator-ee&#39; namespace Duration:10.009961514s}&#xA;--&#xA;By Step&#xA;/home/runner/work/hazelcast-platform-operator/hazelcast-platform-operator/test/e2e/hazelcast_map_persistence_test.go:75&#xA;2023-02-24T10:05:32.32415488Z&#xA;&amp;{Text:creating the map config Duration:0s}&#xA;--&#xA;By Step&#xA;/home/runner/work/hazelcast-platform-operator/hazelcast-platform-operator/test/e2e/helpers_test.go:424&#xA;2023-02-24T10:05:32.408341773Z&#xA;&amp;{Text:waiting for Map CR status Duration:414.607088ms}&#xA;--&#xA;By Step&#xA;/home/runner/work/hazelcast-platform-operator/hazelcast-platform-operator/test/e2e/hazelcast_map_persistence_test.go:80&#xA;2023-02-24T10:05:32.822950461Z&#xA;&amp;{Text:filling the map with entries Duration:0s}&#xA;--&#xA;By Step&#xA;/home/runner/work/hazelcast-platform-operator/hazelcast-platform-operator/test/e2e/client_port_forward_test.go:20&#xA;2023-02-24T10:05:32.823068864Z&#xA;&amp;{Text:filling the &#39;hmp-2-p7qm7c&#39; map with &#39;10&#39; entries using &#39;hmp-2-p7qm7c&#39; lookup name and &#39;test-operator-ee&#39; namespace Duration:1.962900593s}&#xA;--&#xA;By Step&#xA;/home/runner/work/hazelcast-platform-operator/hazelcast-platform-operator/test/e2e/helpers_test.go:525&#xA;2023-02-24T10:05:33.11168417Z&#xA;&amp;{Text:creating Hazelcast client using address &#39;localhost:8103&#39; Duration:271.560121ms}&#xA;--&#xA;By Step&#xA;/home/runner/work/hazelcast-platform-operator/hazelcast-platform-operator/test/e2e/hazelcast_map_persistence_test.go:83&#xA;2023-02-24T10:05:34.785971057Z&#xA;&amp;{Text:creating HotBackup CR Duration:0s}&#xA;--&#xA;By Step&#xA;/home/runner/work/hazelcast-platform-operator/hazelcast-platform-operator/test/e2e/helpers_test.go:720&#xA;2023-02-24T10:05:34.873149133Z&#xA;&amp;{Text:waiting for HotBackup CR status to be Success Duration:1.814144865s}&#xA;--&#xA;By Step&#xA;/home/runner/work/hazelcast-platform-operator/hazelcast-platform-operator/test/e2e/hazelcast_map_persistence_test.go:88&#xA;2023-02-24T10:05:36.687295598Z&#xA;&amp;{Text:filling the map with entries after backup Duration:0s}&#xA;--&#xA;By Step&#xA;/home/runner/work/hazelcast-platform-operator/hazelcast-platform-operator/test/e2e/client_port_forward_test.go:20&#xA;2023-02-24T10:05:36.687383Z&#xA;&amp;{Text:filling the &#39;hmp-2-p7qm7c&#39; map with &#39;10&#39; entries using &#39;hmp-2-p7qm7c&#39; lookup name and &#39;test-operator-ee&#39; namespace Duration:1.468307436s}&#xA;--&#xA;By Step&#xA;/home/runner/work/hazelcast-platform-operator/hazelcast-platform-operator/test/e2e/helpers_test.go:525&#xA;2023-02-24T10:05:36.950331665Z&#xA;&amp;{Text:creating Hazelcast client using address &#39;localhost:8103&#39; Duration:287.911217ms}&#xA;--&#xA;By Step&#xA;/home/runner/work/hazelcast-platform-operator/hazelcast-platform-operator/test/e2e/helpers_test.go:156&#xA;2023-02-24T10:05:38.155692636Z&#xA;&amp;{Text:removing hazelcast CR Duration:3.598922492s}&#xA;--&#xA;By Step&#xA;/home/runner/work/hazelcast-platform-operator/hazelcast-platform-operator/test/e2e/helpers_test.go:163&#xA;2023-02-24T10:05:41.754616628Z&#xA;&amp;{Text:waiting for Hazelcast CR to be removed Duration:1.452252394s}&#xA;--&#xA;By Step&#xA;/home/runner/work/hazelcast-platform-operator/hazelcast-platform-operator/test/e2e/hazelcast_map_persistence_test.go:93&#xA;2023-02-24T10:05:43.206871022Z&#xA;&amp;{Text:creating new Hazelcast cluster from existing backup Duration:0s}&#xA;--&#xA;By Step&#xA;/home/runner/work/hazelcast-platform-operator/hazelcast-platform-operator/test/e2e/helpers_test.go:394&#xA;2023-02-24T10:05:43.286593733Z&#xA;&amp;{Text:evaluate number of ready members for lookup name &#39;hmp-2-p7qm7c&#39; and &#39;test-operator-ee&#39; namespace Duration:44.91203647s}&#xA;--&#xA;By Step&#xA;/home/runner/work/hazelcast-platform-operator/hazelcast-platform-operator/test/e2e/hazelcast_map_persistence_test.go:102&#xA;2023-02-24T10:06:28.198631403Z&#xA;&amp;{Text:checking the cluster state and map size Duration:0s}&#xA;--&#xA;By Step&#xA;/home/runner/work/hazelcast-platform-operator/hazelcast-platform-operator/test/e2e/helpers_test.go:546&#xA;2023-02-24T10:06:28.198722105Z&#xA;&amp;{Text:waiting for Map CR status Duration:72.736247ms}&#xA;--&#xA;By Step&#xA;/home/runner/work/hazelcast-platform-operator/hazelcast-platform-operator/test/e2e/client_port_forward_test.go:106&#xA;2023-02-24T10:06:28.271460052Z&#xA;&amp;{Text:waiting for Cluster state Duration:617.270726ms}&#xA;--&#xA;By Step&#xA;/home/runner/work/hazelcast-platform-operator/hazelcast-platform-operator/test/e2e/client_port_forward_test.go:115&#xA;2023-02-24T10:06:28.271560055Z&#xA;&amp;{Text:Getting the cluster state with lookup name &#39;hmp-2-p7qm7c&#39; Duration:617.163823ms}&#xA;--&#xA;By Step&#xA;/home/runner/work/hazelcast-platform-operator/hazelcast-platform-operator/test/e2e/helpers_test.go:525&#xA;2023-02-24T10:06:28.546012147Z&#xA;&amp;{Text:creating Hazelcast client using address &#39;localhost:8103&#39; Duration:274.326689ms}&#xA;--&#xA;By Step&#xA;/home/runner/work/hazelcast-platform-operator/hazelcast-platform-operator/test/e2e/client_port_forward_test.go:47&#xA;2023-02-24T10:06:28.888738179Z&#xA;&amp;{Text:waiting the &#39;hmp-2-p7qm7c&#39; map to be of size &#39;10&#39; using lookup name &#39;hmp-2-p7qm7c&#39; Duration:705.597694ms}&#xA;--&#xA;By Step&#xA;/home/runner/work/hazelcast-platform-operator/hazelcast-platform-operator/test/e2e/helpers_test.go:525&#xA;2023-02-24T10:06:29.149469941Z&#xA;&amp;{Text:creating Hazelcast client using address &#39;localhost:8103&#39; Duration:270.866706ms}&#xA;</system-out>
              <system-err>[BeforeEach] Hazelcast Map Config with Persistence&#xA;  /home/runner/work/hazelcast-platform-operator/hazelcast-platform-operator/test/e2e/hazelcast_map_persistence_test.go:23&#xA;�[1mSTEP:�[0m checking hazelcast-platform-controller-manager running �[38;5;243m02/24/23 10:04:36.795�[0m&#xA;test-operator-ee/hp-ee-4261116783-hazelcast-platform-operator&#xA;[It] should keep the entries after a Hot Backup&#xA;  /home/runner/work/hazelcast-platform-operator/hazelcast-platform-operator/test/e2e/hazelcast_map_persistence_test.go:64&#xA;�[1mSTEP:�[0m setting the label and CR with name &#39;hmp-2-p7qm7c&#39; �[38;5;243m02/24/23 10:04:36.862�[0m&#xA;�[1mSTEP:�[0m creating Hazelcast CR �[38;5;243m02/24/23 10:04:36.862�[0m&#xA;�[1mSTEP:�[0m checking Hazelcast CR running �[38;5;243m02/24/23 10:04:36.943�[0m&#xA;�[1mSTEP:�[0m evaluate number of ready members for lookup name &#39;hmp-2-p7qm7c&#39; and &#39;test-operator-ee&#39; namespace �[38;5;243m02/24/23 10:05:22.314�[0m&#xA;�[1mSTEP:�[0m creating the map config �[38;5;243m02/24/23 10:05:32.324�[0m&#xA;�[1mSTEP:�[0m waiting for Map CR status �[38;5;243m02/24/23 10:05:32.408�[0m&#xA;�[1mSTEP:�[0m filling the map with entries �[38;5;243m02/24/23 10:05:32.822�[0m&#xA;�[1mSTEP:�[0m filling the &#39;hmp-2-p7qm7c&#39; map with &#39;10&#39; entries using &#39;hmp-2-p7qm7c&#39; lookup name and &#39;test-operator-ee&#39; namespace �[38;5;243m02/24/23 10:05:32.823�[0m&#xA;�[1mSTEP:�[0m creating Hazelcast client using address &#39;localhost:8103&#39; �[38;5;243m02/24/23 10:05:33.111�[0m&#xA;�[1mSTEP:�[0m creating HotBackup CR �[38;5;243m02/24/23 10:05:34.785�[0m&#xA;�[1mSTEP:�[0m waiting for HotBackup CR status to be Success �[38;5;243m02/24/23 10:05:34.873�[0m&#xA;�[1mSTEP:�[0m filling the map with entries after backup �[38;5;243m02/24/23 10:05:36.687�[0m&#xA;�[1mSTEP:�[0m filling the &#39;hmp-2-p7qm7c&#39; map with &#39;10&#39; entries using &#39;hmp-2-p7qm7c&#39; lookup name and &#39;test-operator-ee&#39; namespace �[38;5;243m02/24/23 10:05:36.687�[0m&#xA;�[1mSTEP:�[0m creating Hazelcast client using address &#39;localhost:8103&#39; �[38;5;243m02/24/23 10:05:36.95�[0m&#xA;�[1mSTEP:�[0m removing hazelcast CR �[38;5;243m02/24/23 10:05:38.155�[0m&#xA;�[1mSTEP:�[0m waiting for Hazelcast CR to be removed �[38;5;243m02/24/23 10:05:41.754�[0m&#xA;�[1mSTEP:�[0m creating new Hazelcast cluster from existing backup �[38;5;243m02/24/23 10:05:43.206�[0m&#xA;�[1mSTEP:�[0m evaluate number of ready members for lookup name &#39;hmp-2-p7qm7c&#39; and &#39;test-operator-ee&#39; namespace �[38;5;243m02/24/23 10:05:43.286�[0m&#xA;�[1mSTEP:�[0m checking the cluster state and map size �[38;5;243m02/24/23 10:06:28.198�[0m&#xA;�[1mSTEP:�[0m waiting for Map CR status �[38;5;243m02/24/23 10:06:28.198�[0m&#xA;�[1mSTEP:�[0m waiting for Cluster state �[38;5;243m02/24/23 10:06:28.271�[0m&#xA;�[1mSTEP:�[0m Getting the cluster state with lookup name &#39;hmp-2-p7qm7c&#39; �[38;5;243m02/24/23 10:06:28.271�[0m&#xA;�[1mSTEP:�[0m creating Hazelcast client using address &#39;localhost:8103&#39; �[38;5;243m02/24/23 10:06:28.546�[0m&#xA;�[1mSTEP:�[0m waiting the &#39;hmp-2-p7qm7c&#39; map to be of size &#39;10&#39; using lookup name &#39;hmp-2-p7qm7c&#39; �[38;5;243m02/24/23 10:06:28.888�[0m&#xA;�[1mSTEP:�[0m creating Hazelcast client using address &#39;localhost:8103&#39; �[38;5;243m02/24/23 10:06:29.149�[0m&#xA;[AfterEach] Hazelcast Map Config with Persistence&#xA;  /home/runner/work/hazelcast-platform-operator/hazelcast-platform-operator/test/e2e/hazelcast_map_persistence_test.go:39&#xA;Aftereach start time is 2023-02-24 10:06:29.594366273 +0000 UTC m=+1370.936733614&#xA;Aftereach end time is 2023-02-24 10:06:34.332625894 +0000 UTC m=+1375.674993235&#xA;</system-err>
          </testcase>
          <testcase name="[AfterSuite]" classname="Operator Suite EE" status="passed" time="0.000347507">
              <system-out>&#xA;Report Entries:&#xA;By Step&#xA;/home/runner/work/hazelcast-platform-operator/hazelcast-platform-operator/test/e2e/e2e_suite_test.go:57&#xA;2023-02-24T10:06:34.341127471Z&#xA;&amp;{Text:tearing down the test environment Duration:0s}&#xA;</system-out>
              <system-err>[AfterSuite] TOP-LEVEL&#xA;  /home/runner/work/hazelcast-platform-operator/hazelcast-platform-operator/test/e2e/e2e_suite_test.go:56&#xA;�[1mSTEP:�[0m tearing down the test environment �[38;5;243m02/24/23 10:06:34.341�[0m&#xA;</system-err>
          </testcase>
          <testcase name="[SynchronizedBeforeSuite]" classname="Operator Suite EE" status="passed" time="4.737326397">
              <system-out>&#xA;Report Entries:&#xA;By Step&#xA;/home/runner/work/hazelcast-platform-operator/hazelcast-platform-operator/test/e2e/e2e_suite_test.go:65&#xA;2023-02-24T09:44:32.426368603Z&#xA;&amp;{Text:bootstrapping test environment Duration:0s}&#xA;</system-out>
              <system-err>[SynchronizedBeforeSuite] TOP-LEVEL&#xA;  /home/runner/work/hazelcast-platform-operator/hazelcast-platform-operator/test/e2e/e2e_suite_test.go:40&#xA;�[1mSTEP:�[0m bootstrapping test environment �[38;5;243m02/24/23 09:44:32.426�[0m&#xA;</system-err>
          </testcase>
          <testcase name="[It] Hazelcast CR with Persistence feature enabled should trigger corresponding action when startupActionSpecified ForceStart [hz_persistence, slow]" classname="Operator Suite EE" status="passed" time="371.881243548">
              <system-out>&#xA;Report Entries:&#xA;By Step&#xA;/home/runner/work/hazelcast-platform-operator/hazelcast-platform-operator/test/e2e/hazelcast_persistence_test.go:29&#xA;2023-02-24T09:44:34.387184396Z&#xA;&amp;{Text:checking hazelcast-platform-controller-manager running Duration:69.849956ms}&#xA;--&#xA;By Step&#xA;/home/runner/work/hazelcast-platform-operator/hazelcast-platform-operator/test/e2e/custom_resource_test.go:55&#xA;2023-02-24T09:44:34.457081953Z&#xA;&amp;{Text:setting the label and CR with name &#39;hp-2-4avy9r&#39; Duration:0s}&#xA;--&#xA;CR_ID:hp-2-4avy9r&#xA;/home/runner/work/hazelcast-platform-operator/hazelcast-platform-operator/test/e2e/custom_resource_test.go:73&#xA;2023-02-24T09:44:34.457168255Z&#xA;--&#xA;By Step&#xA;/home/runner/work/hazelcast-platform-operator/hazelcast-platform-operator/test/e2e/helpers_test.go:106&#xA;2023-02-24T09:44:34.457174455Z&#xA;&amp;{Text:creating Hazelcast CR Duration:85.208877ms}&#xA;--&#xA;By Step&#xA;/home/runner/work/hazelcast-platform-operator/hazelcast-platform-operator/test/e2e/helpers_test.go:111&#xA;2023-02-24T09:44:34.542384032Z&#xA;&amp;{Text:checking Hazelcast CR running Duration:1m59.492917481s}&#xA;--&#xA;By Step&#xA;/home/runner/work/hazelcast-platform-operator/hazelcast-platform-operator/test/e2e/helpers_test.go:394&#xA;2023-02-24T09:46:34.035306613Z&#xA;&amp;{Text:evaluate number of ready members for lookup name &#39;hp-2-4avy9r&#39; and &#39;test-operator-ee&#39; namespace Duration:10.465236932s}&#xA;--&#xA;By Step&#xA;/home/runner/work/hazelcast-platform-operator/hazelcast-platform-operator/test/e2e/hazelcast_persistence_test.go:98&#xA;2023-02-24T09:46:44.500545545Z&#xA;&amp;{Text:creating HotBackup CR Duration:0s}&#xA;--&#xA;By Step&#xA;/home/runner/work/hazelcast-platform-operator/hazelcast-platform-operator/test/e2e/helpers_test.go:720&#xA;2023-02-24T09:46:44.579432714Z&#xA;&amp;{Text:waiting for HotBackup CR status to be Success Duration:1.271493082s}&#xA;--&#xA;By Step&#xA;/home/runner/work/hazelcast-platform-operator/hazelcast-platform-operator/test/e2e/helpers_test.go:54&#xA;2023-02-24T09:46:45.850928396Z&#xA;&amp;{Text:finding Backup sequence Duration:253.044399ms}&#xA;--&#xA;By Step&#xA;/home/runner/work/hazelcast-platform-operator/hazelcast-platform-operator/test/e2e/helpers_test.go:77&#xA;2023-02-24T09:46:45.851043199Z&#xA;&amp;{Text:getting Hazelcast logs Duration:189.172281ms}&#xA;--&#xA;By Step&#xA;/home/runner/work/hazelcast-platform-operator/hazelcast-platform-operator/test/e2e/helpers_test.go:156&#xA;2023-02-24T09:46:46.103975395Z&#xA;&amp;{Text:removing hazelcast CR Duration:5.308379793s}&#xA;--&#xA;By Step&#xA;/home/runner/work/hazelcast-platform-operator/hazelcast-platform-operator/test/e2e/helpers_test.go:163&#xA;2023-02-24T09:46:51.412356589Z&#xA;&amp;{Text:waiting for Hazelcast CR to be removed Duration:238.713872ms}&#xA;--&#xA;By Step&#xA;/home/runner/work/hazelcast-platform-operator/hazelcast-platform-operator/test/e2e/hazelcast_persistence_test.go:107&#xA;2023-02-24T09:46:51.651072061Z&#xA;&amp;{Text:creating new Hazelcast cluster from existing backup with 2 members Duration:0s}&#xA;--&#xA;By Step&#xA;/home/runner/work/hazelcast-platform-operator/hazelcast-platform-operator/test/e2e/helpers_test.go:106&#xA;2023-02-24T09:46:51.651171665Z&#xA;&amp;{Text:creating Hazelcast CR Duration:85.534269ms}&#xA;--&#xA;By Step&#xA;/home/runner/work/hazelcast-platform-operator/hazelcast-platform-operator/test/e2e/helpers_test.go:111&#xA;2023-02-24T09:46:51.736706834Z&#xA;&amp;{Text:checking Hazelcast CR running Duration:3m39.598275054s}&#xA;--&#xA;By Step&#xA;/home/runner/work/hazelcast-platform-operator/hazelcast-platform-operator/test/e2e/helpers_test.go:394&#xA;2023-02-24T09:50:31.334987788Z&#xA;&amp;{Text:evaluate number of ready members for lookup name &#39;hp-2-4avy9r&#39; and &#39;test-operator-ee&#39; namespace Duration:10.122925435s}&#xA;--&#xA;By Step&#xA;/home/runner/work/hazelcast-platform-operator/hazelcast-platform-operator/test/e2e/client_port_forward_test.go:106&#xA;2023-02-24T09:50:41.457915623Z&#xA;&amp;{Text:waiting for Cluster state Duration:636.250601ms}&#xA;--&#xA;By Step&#xA;/home/runner/work/hazelcast-platform-operator/hazelcast-platform-operator/test/e2e/client_port_forward_test.go:115&#xA;2023-02-24T09:50:41.458054726Z&#xA;&amp;{Text:Getting the cluster state with lookup name &#39;hp-2-4avy9r&#39; Duration:636.104898ms}&#xA;--&#xA;By Step&#xA;/home/runner/work/hazelcast-platform-operator/hazelcast-platform-operator/test/e2e/helpers_test.go:525&#xA;2023-02-24T09:50:41.74653089Z&#xA;&amp;{Text:creating Hazelcast client using address &#39;localhost:8402&#39; Duration:274.712023ms}&#xA;</system-out>
              <system-err>[BeforeEach] Hazelcast CR with Persistence feature enabled&#xA;  /home/runner/work/hazelcast-platform-operator/hazelcast-platform-operator/test/e2e/hazelcast_persistence_test.go:22&#xA;�[1mSTEP:�[0m checking hazelcast-platform-controller-manager running �[38;5;243m02/24/23 09:44:34.387�[0m&#xA;[It] ForceStart&#xA;  /home/runner/work/hazelcast-platform-operator/hazelcast-platform-operator/test/e2e/hazelcast_persistence_test.go:120&#xA;�[1mSTEP:�[0m setting the label and CR with name &#39;hp-2-4avy9r&#39; �[38;5;243m02/24/23 09:44:34.457�[0m&#xA;�[1mSTEP:�[0m creating Hazelcast CR �[38;5;243m02/24/23 09:44:34.457�[0m&#xA;�[1mSTEP:�[0m checking Hazelcast CR running �[38;5;243m02/24/23 09:44:34.542�[0m&#xA;�[1mSTEP:�[0m evaluate number of ready members for lookup name &#39;hp-2-4avy9r&#39; and &#39;test-operator-ee&#39; namespace �[38;5;243m02/24/23 09:46:34.035�[0m&#xA;�[1mSTEP:�[0m creating HotBackup CR �[38;5;243m02/24/23 09:46:44.5�[0m&#xA;�[1mSTEP:�[0m waiting for HotBackup CR status to be Success �[38;5;243m02/24/23 09:46:44.579�[0m&#xA;�[1mSTEP:�[0m finding Backup sequence �[38;5;243m02/24/23 09:46:45.85�[0m&#xA;�[1mSTEP:�[0m getting Hazelcast logs �[38;5;243m02/24/23 09:46:45.851�[0m&#xA;�[1mSTEP:�[0m removing hazelcast CR �[38;5;243m02/24/23 09:46:46.103�[0m&#xA;�[1mSTEP:�[0m waiting for Hazelcast CR to be removed �[38;5;243m02/24/23 09:46:51.412�[0m&#xA;�[1mSTEP:�[0m creating new Hazelcast cluster from existing backup with 2 members �[38;5;243m02/24/23 09:46:51.651�[0m&#xA;�[1mSTEP:�[0m creating Hazelcast CR �[38;5;243m02/24/23 09:46:51.651�[0m&#xA;�[1mSTEP:�[0m checking Hazelcast CR running �[38;5;243m02/24/23 09:46:51.736�[0m&#xA;�[1mSTEP:�[0m evaluate number of ready members for lookup name &#39;hp-2-4avy9r&#39; and &#39;test-operator-ee&#39; namespace �[38;5;243m02/24/23 09:50:31.334�[0m&#xA;�[1mSTEP:�[0m waiting for Cluster state �[38;5;243m02/24/23 09:50:41.457�[0m&#xA;�[1mSTEP:�[0m Getting the cluster state with lookup name &#39;hp-2-4avy9r&#39; �[38;5;243m02/24/23 09:50:41.458�[0m&#xA;�[1mSTEP:�[0m creating Hazelcast client using address &#39;localhost:8402&#39; �[38;5;243m02/24/23 09:50:41.746�[0m&#xA;[AfterEach] Hazelcast CR with Persistence feature enabled&#xA;  /home/runner/work/hazelcast-platform-operator/hazelcast-platform-operator/test/e2e/hazelcast_persistence_test.go:37&#xA;Aftereach start time is 2023-02-24 09:50:42.094202225 +0000 UTC m=+423.441391368&#xA;Aftereach end time is 2023-02-24 09:50:46.268370543 +0000 UTC m=+427.615559586&#xA;</system-err>
          </testcase>
          <testcase name="[It] Hazelcast CR with Persistence feature enabled Should successfully restore from ExternalBackup-PVC using GCP bucket restore from BucketConfig [hz_persistence, slow]" classname="Operator Suite EE" status="passed" time="246.870606508">
              <system-out>&#xA;Report Entries:&#xA;By Step&#xA;/home/runner/work/hazelcast-platform-operator/hazelcast-platform-operator/test/e2e/hazelcast_persistence_test.go:29&#xA;2023-02-24T09:50:46.270157279Z&#xA;&amp;{Text:checking hazelcast-platform-controller-manager running Duration:70.054911ms}&#xA;--&#xA;By Step&#xA;/home/runner/work/hazelcast-platform-operator/hazelcast-platform-operator/test/e2e/custom_resource_test.go:55&#xA;2023-02-24T09:50:46.340279892Z&#xA;&amp;{Text:setting the label and CR with name &#39;hp-6-ofiyn4&#39; Duration:0s}&#xA;--&#xA;CR_ID:hp-6-ofiyn4&#xA;/home/runner/work/hazelcast-platform-operator/hazelcast-platform-operator/test/e2e/custom_resource_test.go:73&#xA;2023-02-24T09:50:46.340394994Z&#xA;--&#xA;By Step&#xA;/home/runner/work/hazelcast-platform-operator/hazelcast-platform-operator/test/e2e/hazelcast_persistence_test.go:208&#xA;2023-02-24T09:50:46.340395894Z&#xA;&amp;{Text:creating cluster with backup enabled Duration:0s}&#xA;--&#xA;By Step&#xA;/home/runner/work/hazelcast-platform-operator/hazelcast-platform-operator/test/e2e/hazelcast_persistence_test.go:155&#xA;2023-02-24T09:50:46.340445095Z&#xA;&amp;{Text:creating cluster with backup enabled Duration:0s}&#xA;--&#xA;By Step&#xA;/home/runner/work/hazelcast-platform-operator/hazelcast-platform-operator/test/e2e/helpers_test.go:106&#xA;2023-02-24T09:50:46.340489196Z&#xA;&amp;{Text:creating Hazelcast CR Duration:94.204998ms}&#xA;--&#xA;By Step&#xA;/home/runner/work/hazelcast-platform-operator/hazelcast-platform-operator/test/e2e/helpers_test.go:111&#xA;2023-02-24T09:50:46.434695094Z&#xA;&amp;{Text:checking Hazelcast CR running Duration:1m15.863936534s}&#xA;--&#xA;By Step&#xA;/home/runner/work/hazelcast-platform-operator/hazelcast-platform-operator/test/e2e/helpers_test.go:394&#xA;2023-02-24T09:52:02.298637128Z&#xA;&amp;{Text:evaluate number of ready members for lookup name &#39;hp-6-ofiyn4&#39; and &#39;test-operator-ee&#39; namespace Duration:10.164751785s}&#xA;--&#xA;By Step&#xA;/home/runner/work/hazelcast-platform-operator/hazelcast-platform-operator/test/e2e/hazelcast_persistence_test.go:159&#xA;2023-02-24T09:52:12.463390813Z&#xA;&amp;{Text:creating the map config and adding entries Duration:0s}&#xA;--&#xA;By Step&#xA;/home/runner/work/hazelcast-platform-operator/hazelcast-platform-operator/test/e2e/helpers_test.go:424&#xA;2023-02-24T09:52:12.538119731Z&#xA;&amp;{Text:waiting for Map CR status Duration:750.091608ms}&#xA;--&#xA;By Step&#xA;/home/runner/work/hazelcast-platform-operator/hazelcast-platform-operator/test/e2e/client_port_forward_test.go:20&#xA;2023-02-24T09:52:13.288219839Z&#xA;&amp;{Text:filling the &#39;hp-6-ofiyn4&#39; map with &#39;10&#39; entries using &#39;hp-6-ofiyn4&#39; lookup name and &#39;test-operator-ee&#39; namespace Duration:2.616063925s}&#xA;--&#xA;By Step&#xA;/home/runner/work/hazelcast-platform-operator/hazelcast-platform-operator/test/e2e/helpers_test.go:525&#xA;2023-02-24T09:52:13.561083124Z&#xA;&amp;{Text:creating Hazelcast client using address &#39;localhost:8402&#39; Duration:312.852924ms}&#xA;--&#xA;By Step&#xA;/home/runner/work/hazelcast-platform-operator/hazelcast-platform-operator/test/e2e/hazelcast_persistence_test.go:165&#xA;2023-02-24T09:52:15.904285664Z&#xA;&amp;{Text:triggering backup Duration:0s}&#xA;--&#xA;By Step&#xA;/home/runner/work/hazelcast-platform-operator/hazelcast-platform-operator/test/e2e/helpers_test.go:720&#xA;2023-02-24T09:52:15.980963832Z&#xA;&amp;{Text:waiting for HotBackup CR status to be Success Duration:2.821682099s}&#xA;--&#xA;By Step&#xA;/home/runner/work/hazelcast-platform-operator/hazelcast-platform-operator/test/e2e/hazelcast_persistence_test.go:170&#xA;2023-02-24T09:52:18.802647531Z&#xA;&amp;{Text:checking if backup status is correct Duration:0s}&#xA;--&#xA;By Step&#xA;/home/runner/work/hazelcast-platform-operator/hazelcast-platform-operator/test/e2e/helpers_test.go:54&#xA;2023-02-24T09:52:18.802739633Z&#xA;&amp;{Text:finding Backup sequence Duration:283.631872ms}&#xA;--&#xA;By Step&#xA;/home/runner/work/hazelcast-platform-operator/hazelcast-platform-operator/test/e2e/helpers_test.go:77&#xA;2023-02-24T09:52:18.802785134Z&#xA;&amp;{Text:getting Hazelcast logs Duration:211.196996ms}&#xA;--&#xA;By Step&#xA;/home/runner/work/hazelcast-platform-operator/hazelcast-platform-operator/test/e2e/hazelcast_persistence_test.go:173&#xA;2023-02-24T09:52:19.086397706Z&#xA;&amp;{Text:adding new entries after backup Duration:0s}&#xA;--&#xA;By Step&#xA;/home/runner/work/hazelcast-platform-operator/hazelcast-platform-operator/test/e2e/client_port_forward_test.go:20&#xA;2023-02-24T09:52:19.086508808Z&#xA;&amp;{Text:filling the &#39;hp-6-ofiyn4&#39; map with &#39;15&#39; entries using &#39;hp-6-ofiyn4&#39; lookup name and &#39;test-operator-ee&#39; namespace Duration:1.850983631s}&#xA;--&#xA;By Step&#xA;/home/runner/work/hazelcast-platform-operator/hazelcast-platform-operator/test/e2e/helpers_test.go:525&#xA;2023-02-24T09:52:19.353065408Z&#xA;&amp;{Text:creating Hazelcast client using address &#39;localhost:8402&#39; Duration:284.847799ms}&#xA;--&#xA;By Step&#xA;/home/runner/work/hazelcast-platform-operator/hazelcast-platform-operator/test/e2e/hazelcast_persistence_test.go:176&#xA;2023-02-24T09:52:20.937494739Z&#xA;&amp;{Text:removing Hazelcast CR Duration:0s}&#xA;--&#xA;By Step&#xA;/home/runner/work/hazelcast-platform-operator/hazelcast-platform-operator/test/e2e/helpers_test.go:156&#xA;2023-02-24T09:52:20.937627142Z&#xA;&amp;{Text:removing hazelcast CR Duration:3.071137407s}&#xA;--&#xA;By Step&#xA;/home/runner/work/hazelcast-platform-operator/hazelcast-platform-operator/test/e2e/helpers_test.go:163&#xA;2023-02-24T09:52:24.008769049Z&#xA;&amp;{Text:waiting for Hazelcast CR to be removed Duration:596.162842ms}&#xA;--&#xA;By Step&#xA;/home/runner/work/hazelcast-platform-operator/hazelcast-platform-operator/test/e2e/hazelcast_persistence_test.go:179&#xA;2023-02-24T09:52:24.604933591Z&#xA;&amp;{Text:creating cluster from backup Duration:0s}&#xA;--&#xA;By Step&#xA;/home/runner/work/hazelcast-platform-operator/hazelcast-platform-operator/test/e2e/helpers_test.go:106&#xA;2023-02-24T09:52:24.605055494Z&#xA;&amp;{Text:creating Hazelcast CR Duration:83.758664ms}&#xA;--&#xA;By Step&#xA;/home/runner/work/hazelcast-platform-operator/hazelcast-platform-operator/test/e2e/helpers_test.go:111&#xA;2023-02-24T09:52:24.688815758Z&#xA;&amp;{Text:checking Hazelcast CR running Duration:2m10.555698715s}&#xA;--&#xA;By Step&#xA;/home/runner/work/hazelcast-platform-operator/hazelcast-platform-operator/test/e2e/helpers_test.go:394&#xA;2023-02-24T09:54:35.244521474Z&#xA;&amp;{Text:evaluate number of ready members for lookup name &#39;hp-6-ofiyn4&#39; and &#39;test-operator-ee&#39; namespace Duration:10.12997611s}&#xA;--&#xA;By Step&#xA;/home/runner/work/hazelcast-platform-operator/hazelcast-platform-operator/test/e2e/hazelcast_persistence_test.go:184&#xA;2023-02-24T09:54:45.374499484Z&#xA;&amp;{Text:checking the cluster state and map size Duration:0s}&#xA;--&#xA;By Step&#xA;/home/runner/work/hazelcast-platform-operator/hazelcast-platform-operator/test/e2e/helpers_test.go:546&#xA;2023-02-24T09:54:45.374601713Z&#xA;&amp;{Text:waiting for Map CR status Duration:71.201487ms}&#xA;--&#xA;By Step&#xA;/home/runner/work/hazelcast-platform-operator/hazelcast-platform-operator/test/e2e/client_port_forward_test.go:106&#xA;2023-02-24T09:54:45.4458046Z&#xA;&amp;{Text:waiting for Cluster state Duration:667.704062ms}&#xA;--&#xA;By Step&#xA;/home/runner/work/hazelcast-platform-operator/hazelcast-platform-operator/test/e2e/client_port_forward_test.go:115&#xA;2023-02-24T09:54:45.445903504Z&#xA;&amp;{Text:Getting the cluster state with lookup name &#39;hp-6-ofiyn4&#39; Duration:667.598057ms}&#xA;--&#xA;By Step&#xA;/home/runner/work/hazelcast-platform-operator/hazelcast-platform-operator/test/e2e/helpers_test.go:525&#xA;2023-02-24T09:54:45.753202181Z&#xA;&amp;{Text:creating Hazelcast client using address &#39;localhost:8402&#39; Duration:291.99544ms}&#xA;--&#xA;By Step&#xA;/home/runner/work/hazelcast-platform-operator/hazelcast-platform-operator/test/e2e/client_port_forward_test.go:47&#xA;2023-02-24T09:54:46.113516062Z&#xA;&amp;{Text:waiting the &#39;hp-6-ofiyn4&#39; map to be of size &#39;10&#39; using lookup name &#39;hp-6-ofiyn4&#39; Duration:733.510398ms}&#xA;--&#xA;By Step&#xA;/home/runner/work/hazelcast-platform-operator/hazelcast-platform-operator/test/e2e/helpers_test.go:525&#xA;2023-02-24T09:54:46.383977607Z&#xA;&amp;{Text:creating Hazelcast client using address &#39;localhost:8402&#39; Duration:267.958341ms}&#xA;</system-out>
              <system-err>[BeforeEach] Hazelcast CR with Persistence feature enabled&#xA;  /home/runner/work/hazelcast-platform-operator/hazelcast-platform-operator/test/e2e/hazelcast_persistence_test.go:22&#xA;�[1mSTEP:�[0m checking hazelcast-platform-controller-manager running �[38;5;243m02/24/23 09:50:46.27�[0m&#xA;[It] using GCP bucket restore from BucketConfig&#xA;  /home/runner/work/hazelcast-platform-operator/hazelcast-platform-operator/test/e2e/hazelcast_persistence_test.go:218&#xA;�[1mSTEP:�[0m setting the label and CR with name &#39;hp-6-ofiyn4&#39; �[38;5;243m02/24/23 09:50:46.34�[0m&#xA;�[1mSTEP:�[0m creating cluster with backup enabled �[38;5;243m02/24/23 09:50:46.34�[0m&#xA;�[1mSTEP:�[0m creating cluster with backup enabled �[38;5;243m02/24/23 09:50:46.34�[0m&#xA;�[1mSTEP:�[0m creating Hazelcast CR �[38;5;243m02/24/23 09:50:46.34�[0m&#xA;�[1mSTEP:�[0m checking Hazelcast CR running �[38;5;243m02/24/23 09:50:46.434�[0m&#xA;�[1mSTEP:�[0m evaluate number of ready members for lookup name &#39;hp-6-ofiyn4&#39; and &#39;test-operator-ee&#39; namespace �[38;5;243m02/24/23 09:52:02.298�[0m&#xA;�[1mSTEP:�[0m creating the map config and adding entries �[38;5;243m02/24/23 09:52:12.463�[0m&#xA;�[1mSTEP:�[0m waiting for Map CR status �[38;5;243m02/24/23 09:52:12.538�[0m&#xA;�[1mSTEP:�[0m filling the &#39;hp-6-ofiyn4&#39; map with &#39;10&#39; entries using &#39;hp-6-ofiyn4&#39; lookup name and &#39;test-operator-ee&#39; namespace �[38;5;243m02/24/23 09:52:13.288�[0m&#xA;�[1mSTEP:�[0m creating Hazelcast client using address &#39;localhost:8402&#39; �[38;5;243m02/24/23 09:52:13.561�[0m&#xA;�[1mSTEP:�[0m triggering backup �[38;5;243m02/24/23 09:52:15.904�[0m&#xA;�[1mSTEP:�[0m waiting for HotBackup CR status to be Success �[38;5;243m02/24/23 09:52:15.98�[0m&#xA;�[1mSTEP:�[0m checking if backup status is correct �[38;5;243m02/24/23 09:52:18.802�[0m&#xA;�[1mSTEP:�[0m finding Backup sequence �[38;5;243m02/24/23 09:52:18.802�[0m&#xA;�[1mSTEP:�[0m getting Hazelcast logs �[38;5;243m02/24/23 09:52:18.802�[0m&#xA;�[1mSTEP:�[0m adding new entries after backup �[38;5;243m02/24/23 09:52:19.086�[0m&#xA;�[1mSTEP:�[0m filling the &#39;hp-6-ofiyn4&#39; map with &#39;15&#39; entries using &#39;hp-6-ofiyn4&#39; lookup name and &#39;test-operator-ee&#39; namespace �[38;5;243m02/24/23 09:52:19.086�[0m&#xA;�[1mSTEP:�[0m creating Hazelcast client using address &#39;localhost:8402&#39; �[38;5;243m02/24/23 09:52:19.353�[0m&#xA;�[1mSTEP:�[0m removing Hazelcast CR �[38;5;243m02/24/23 09:52:20.937�[0m&#xA;�[1mSTEP:�[0m removing hazelcast CR �[38;5;243m02/24/23 09:52:20.937�[0m&#xA;�[1mSTEP:�[0m waiting for Hazelcast CR to be removed �[38;5;243m02/24/23 09:52:24.008�[0m&#xA;�[1mSTEP:�[0m creating cluster from backup �[38;5;243m02/24/23 09:52:24.604�[0m&#xA;�[1mSTEP:�[0m creating Hazelcast CR �[38;5;243m02/24/23 09:52:24.605�[0m&#xA;�[1mSTEP:�[0m checking Hazelcast CR running �[38;5;243m02/24/23 09:52:24.688�[0m&#xA;�[1mSTEP:�[0m evaluate number of ready members for lookup name &#39;hp-6-ofiyn4&#39; and &#39;test-operator-ee&#39; namespace �[38;5;243m02/24/23 09:54:35.244�[0m&#xA;�[1mSTEP:�[0m checking the cluster state and map size �[38;5;243m02/24/23 09:54:45.374�[0m&#xA;�[1mSTEP:�[0m waiting for Map CR status �[38;5;243m02/24/23 09:54:45.374�[0m&#xA;�[1mSTEP:�[0m waiting for Cluster state �[38;5;243m02/24/23 09:54:45.445�[0m&#xA;�[1mSTEP:�[0m Getting the cluster state with lookup name &#39;hp-6-ofiyn4&#39; �[38;5;243m02/24/23 09:54:45.445�[0m&#xA;�[1mSTEP:�[0m creating Hazelcast client using address &#39;localhost:8402&#39; �[38;5;243m02/24/23 09:54:45.753�[0m&#xA;�[1mSTEP:�[0m waiting the &#39;hp-6-ofiyn4&#39; map to be of size &#39;10&#39; using lookup name &#39;hp-6-ofiyn4&#39; �[38;5;243m02/24/23 09:54:46.113�[0m&#xA;�[1mSTEP:�[0m creating Hazelcast client using address &#39;localhost:8402&#39; �[38;5;243m02/24/23 09:54:46.383�[0m&#xA;[AfterEach] Hazelcast CR with Persistence feature enabled&#xA;  /home/runner/work/hazelcast-platform-operator/hazelcast-platform-operator/test/e2e/hazelcast_persistence_test.go:37&#xA;Aftereach start time is 2023-02-24 09:54:46.847075462 +0000 UTC m=+668.194264505&#xA;Aftereach end time is 2023-02-24 09:54:53.140714385 +0000 UTC m=+674.487903428&#xA;</system-err>
          </testcase>
          <testcase name="[It] Hazelcast Map Config should create Map Config with correct default values [map, fast]" classname="Operator Suite EE" status="passed" time="27.497996601">
              <system-out>&#xA;Report Entries:&#xA;By Step&#xA;/home/runner/work/hazelcast-platform-operator/hazelcast-platform-operator/test/e2e/hazelcast_map_test.go:39&#xA;2023-02-24T09:54:53.142249348Z&#xA;&amp;{Text:checking hazelcast-platform-controller-manager running Duration:67.757372ms}&#xA;--&#xA;By Step&#xA;/home/runner/work/hazelcast-platform-operator/hazelcast-platform-operator/test/e2e/custom_resource_test.go:55&#xA;2023-02-24T09:54:53.210055222Z&#xA;&amp;{Text:setting the label and CR with name &#39;hm-2-scwnr2&#39; Duration:0s}&#xA;--&#xA;CR_ID:hm-2-scwnr2&#xA;/home/runner/work/hazelcast-platform-operator/hazelcast-platform-operator/test/e2e/custom_resource_test.go:73&#xA;2023-02-24T09:54:53.210159226Z&#xA;--&#xA;By Step&#xA;/home/runner/work/hazelcast-platform-operator/hazelcast-platform-operator/test/e2e/helpers_test.go:106&#xA;2023-02-24T09:54:53.210162227Z&#xA;&amp;{Text:creating Hazelcast CR Duration:81.371829ms}&#xA;--&#xA;By Step&#xA;/home/runner/work/hazelcast-platform-operator/hazelcast-platform-operator/test/e2e/helpers_test.go:111&#xA;2023-02-24T09:54:53.291536556Z&#xA;&amp;{Text:checking Hazelcast CR running Duration:21.120134528s}&#xA;--&#xA;By Step&#xA;/home/runner/work/hazelcast-platform-operator/hazelcast-platform-operator/test/e2e/hazelcast_map_test.go:74&#xA;2023-02-24T09:55:14.411672884Z&#xA;&amp;{Text:creating the map config Duration:0s}&#xA;--&#xA;By Step&#xA;/home/runner/work/hazelcast-platform-operator/hazelcast-platform-operator/test/e2e/helpers_test.go:424&#xA;2023-02-24T09:55:14.488887889Z&#xA;&amp;{Text:waiting for Map CR status Duration:929.429869ms}&#xA;--&#xA;By Step&#xA;/home/runner/work/hazelcast-platform-operator/hazelcast-platform-operator/test/e2e/hazelcast_map_test.go:79&#xA;2023-02-24T09:55:15.418319058Z&#xA;&amp;{Text:checking if the map config is created correctly Duration:0s}&#xA;--&#xA;By Step&#xA;/home/runner/work/hazelcast-platform-operator/hazelcast-platform-operator/test/e2e/client_port_forward_test.go:90&#xA;2023-02-24T09:55:15.418426262Z&#xA;&amp;{Text:Getting the map config with lookup name &#39;hm-2-scwnr2&#39; Duration:692.206131ms}&#xA;--&#xA;By Step&#xA;/home/runner/work/hazelcast-platform-operator/hazelcast-platform-operator/test/e2e/helpers_test.go:525&#xA;2023-02-24T09:55:15.708088209Z&#xA;&amp;{Text:creating Hazelcast client using address &#39;localhost:8202&#39; Duration:313.049486ms}&#xA;</system-out>
              <system-err>[BeforeEach] Hazelcast Map Config&#xA;  /home/runner/work/hazelcast-platform-operator/hazelcast-platform-operator/test/e2e/hazelcast_map_test.go:32&#xA;�[1mSTEP:�[0m checking hazelcast-platform-controller-manager running �[38;5;243m02/24/23 09:54:53.142�[0m&#xA;[It] should create Map Config with correct default values&#xA;  /home/runner/work/hazelcast-platform-operator/hazelcast-platform-operator/test/e2e/hazelcast_map_test.go:69&#xA;�[1mSTEP:�[0m setting the label and CR with name &#39;hm-2-scwnr2&#39; �[38;5;243m02/24/23 09:54:53.21�[0m&#xA;�[1mSTEP:�[0m creating Hazelcast CR �[38;5;243m02/24/23 09:54:53.21�[0m&#xA;�[1mSTEP:�[0m checking Hazelcast CR running �[38;5;243m02/24/23 09:54:53.291�[0m&#xA;�[1mSTEP:�[0m creating the map config �[38;5;243m02/24/23 09:55:14.411�[0m&#xA;�[1mSTEP:�[0m waiting for Map CR status �[38;5;243m02/24/23 09:55:14.488�[0m&#xA;�[1mSTEP:�[0m checking if the map config is created correctly �[38;5;243m02/24/23 09:55:15.418�[0m&#xA;�[1mSTEP:�[0m Getting the map config with lookup name &#39;hm-2-scwnr2&#39; �[38;5;243m02/24/23 09:55:15.418�[0m&#xA;�[1mSTEP:�[0m creating Hazelcast client using address &#39;localhost:8202&#39; �[38;5;243m02/24/23 09:55:15.708�[0m&#xA;[AfterEach] Hazelcast Map Config&#xA;  /home/runner/work/hazelcast-platform-operator/hazelcast-platform-operator/test/e2e/hazelcast_map_test.go:47&#xA;Aftereach start time is 2023-02-24 09:55:16.110684696 +0000 UTC m=+697.457873839&#xA;Aftereach end time is 2023-02-24 09:55:20.640153646 +0000 UTC m=+701.987342789&#xA;</system-err>
          </testcase>
          <testcase name="[It] Hazelcast WAN should send data to another cluster [hz_wan, slow]" classname="Operator Suite EE" status="interrupted" time="3530.531323113">
              <error message="interrupted" type="interrupted">Interrupted by Timeout&#xA;&#xA;Here&#39;s a stack trace of all running goroutines:&#xA;  goroutine 40 [running]:&#xA;  github.com/onsi/ginkgo/v2/internal/interrupt_handler.(*InterruptHandler).InterruptMessageWithStackTraces(0xc000132640)&#xA;  &#x9;/home/runner/go/pkg/mod/github.com/onsi/ginkgo/v2@v2.1.6/internal/interrupt_handler/interrupt_handler.go:203 +0x212&#xA;  github.com/onsi/ginkgo/v2/internal.(*Suite).runNode(_, {0x82, 0x4, {0x2164bd8, 0x23}, 0xc000384a38, {{0x2bc5439, 0x68}, 0x2d, {0x0, ...}, ...}, ...}, ...)&#xA;  &#x9;/home/runner/go/pkg/mod/github.com/onsi/ginkgo/v2@v2.1.6/internal/suite.go:618 +0x8d6&#xA;  github.com/onsi/ginkgo/v2/internal.(*group).attemptSpec(0xc0005b7280, 0x0, {{0xc000598700?, 0xc0005b72c0?, 0x1?}, 0x0?})&#xA;  &#x9;/home/runner/go/pkg/mod/github.com/onsi/ginkgo/v2@v2.1.6/internal/group.go:181 +0x1ee6&#xA;  github.com/onsi/ginkgo/v2/internal.(*group).run(0xc0005b7280, {0xc000157b60?, 0x1?, 0x0?})&#xA;  &#x9;/home/runner/go/pkg/mod/github.com/onsi/ginkgo/v2@v2.1.6/internal/group.go:303 +0x686&#xA;  github.com/onsi/ginkgo/v2/internal.(*Suite).runSpecs(0xc0000ce000, {0x2138579, 0x11}, {0x37c7c10, 0x0, 0x0}, {0xc000058064, 0x52}, 0x0, {0xc000591000, ...})&#xA;  &#x9;/home/runner/go/pkg/mod/github.com/onsi/ginkgo/v2@v2.1.6/internal/suite.go:313 +0xa05&#xA;  github.com/onsi/ginkgo/v2/internal.(*Suite).Run(_, {_, _}, {_, _, _}, {_, _}, _, {0x2638818, ...}, ...)&#xA;  &#x9;/home/runner/go/pkg/mod/github.com/onsi/ginkgo/v2@v2.1.6/internal/suite.go:86 +0x376&#xA;  github.com/onsi/ginkgo/v2.RunSpecs({0x261dc20, 0xc000105a00}, {0x2138579, 0x11}, {0x0?, 0x0, 0xc000441f60?})&#xA;  &#x9;/home/runner/go/pkg/mod/github.com/onsi/ginkgo/v2@v2.1.6/core_dsl.go:280 +0xa13&#xA;  github.com/hazelcast/hazelcast-platform-operator/test/e2e.TestE2E(0x0?)&#xA;  &#x9;/home/runner/work/hazelcast-platform-operator/hazelcast-platform-operator/test/e2e/e2e_suite_test.go:37 +0x65&#xA;  testing.tRunner(0xc000105a00, 0x2246240)&#xA;  &#x9;/opt/hostedtoolcache/go/1.19.6/x64/src/testing/testing.go:1446 +0x10b&#xA;  created by testing.(*T).Run&#xA;  &#x9;/opt/hostedtoolcache/go/1.19.6/x64/src/testing/testing.go:1493 +0x35f&#xA;&#xA;  goroutine 1 [chan receive, 70 minutes]:&#xA;  testing.(*T).Run(0xc000105860, {0x212575b?, 0x5249e5?}, 0x2246240)&#xA;  &#x9;/opt/hostedtoolcache/go/1.19.6/x64/src/testing/testing.go:1494 +0x37a&#xA;  testing.runTests.func1(0xc000105860?)&#xA;  &#x9;/opt/hostedtoolcache/go/1.19.6/x64/src/testing/testing.go:1846 +0x6e&#xA;  testing.tRunner(0xc000105860, 0xc0007bfca0)&#xA;  &#x9;/opt/hostedtoolcache/go/1.19.6/x64/src/testing/testing.go:1446 +0x10b&#xA;  testing.runTests(0xc00028d900?, {0x37527a0, 0x1, 0x1}, {0x7fc22bc4d108?, 0x40?, 0x0?})&#xA;  &#x9;/opt/hostedtoolcache/go/1.19.6/x64/src/testing/testing.go:1844 +0x456&#xA;  testing.(*M).Run(0xc00028d900)&#xA;  &#x9;/opt/hostedtoolcache/go/1.19.6/x64/src/testing/testing.go:1726 +0x5d9&#xA;  main.main()&#xA;  &#x9;_testmain.go:89 +0x255&#xA;&#xA;  goroutine 27 [select]:&#xA;  go.opencensus.io/stats/view.(*worker).start(0xc0000c7400)&#xA;  &#x9;/home/runner/go/pkg/mod/go.opencensus.io@v0.24.0/stats/view/worker.go:292 +0xad&#xA;  created by go.opencensus.io/stats/view.init.0&#xA;  &#x9;/home/runner/go/pkg/mod/go.opencensus.io@v0.24.0/stats/view/worker.go:34 +0x8d&#xA;&#xA;  goroutine 41 [IO wait]:&#xA;  internal/poll.runtime_pollWait(0x7fc200625888, 0x72)&#xA;  &#x9;/opt/hostedtoolcache/go/1.19.6/x64/src/runtime/netpoll.go:305 +0x89&#xA;  internal/poll.(*pollDesc).wait(0xc000192580?, 0xc000368000?, 0x0)&#xA;  &#x9;/opt/hostedtoolcache/go/1.19.6/x64/src/internal/poll/fd_poll_runtime.go:84 +0x32&#xA;  internal/poll.(*pollDesc).waitRead(...)&#xA;  &#x9;/opt/hostedtoolcache/go/1.19.6/x64/src/internal/poll/fd_poll_runtime.go:89&#xA;  internal/poll.(*FD).Read(0xc000192580, {0xc000368000, 0x1000, 0x1000})&#xA;  &#x9;/opt/hostedtoolcache/go/1.19.6/x64/src/internal/poll/fd_unix.go:167 +0x25a&#xA;  net.(*netFD).Read(0xc000192580, {0xc000368000?, 0xc000bfc008?, 0x16?})&#xA;  &#x9;/opt/hostedtoolcache/go/1.19.6/x64/src/net/fd_posix.go:55 +0x29&#xA;  net.(*conn).Read(0xc000422060, {0xc000368000?, 0xc000bfc008?, 0x1d1eb80?})&#xA;  &#x9;/opt/hostedtoolcache/go/1.19.6/x64/src/net/net.go:183 +0x45&#xA;  bufio.(*Reader).Read(0xc0004082a0, {0xc00070c2a0, 0x1, 0xc000733d70?})&#xA;  &#x9;/opt/hostedtoolcache/go/1.19.6/x64/src/bufio/bufio.go:237 +0x1bb&#xA;  io.ReadAtLeast({0x2616980, 0xc0004082a0}, {0xc00070c2a0, 0x1, 0x9}, 0x1)&#xA;  &#x9;/opt/hostedtoolcache/go/1.19.6/x64/src/io/io.go:332 +0x9a&#xA;  io.ReadFull(...)&#xA;  &#x9;/opt/hostedtoolcache/go/1.19.6/x64/src/io/io.go:351&#xA;  encoding/gob.decodeUintReader({0x2616980?, 0xc0004082a0?}, {0xc00070c2a0?, 0x9?, 0x9?})&#xA;  &#x9;/opt/hostedtoolcache/go/1.19.6/x64/src/encoding/gob/decode.go:120 +0x57&#xA;  encoding/gob.(*Decoder).recvMessage(0xc000192600)&#xA;  &#x9;/opt/hostedtoolcache/go/1.19.6/x64/src/encoding/gob/decoder.go:81 +0x39&#xA;  encoding/gob.(*Decoder).decodeTypeSequence(0xc000192600, 0x0)&#xA;  &#x9;/opt/hostedtoolcache/go/1.19.6/x64/src/encoding/gob/decoder.go:146 +0x4f&#xA;  encoding/gob.(*Decoder).DecodeValue(0xc000192600, {0x1cf2040?, 0xc0001b1470?, 0x8?})&#xA;  &#x9;/opt/hostedtoolcache/go/1.19.6/x64/src/encoding/gob/decoder.go:225 +0x18f&#xA;  encoding/gob.(*Decoder).Decode(0xc000192600, {0x1cf2040?, 0xc0001b1470?})&#xA;  &#x9;/opt/hostedtoolcache/go/1.19.6/x64/src/encoding/gob/decoder.go:202 +0x165&#xA;  net/rpc.(*gobClientCodec).ReadResponseHeader(0x1e13860?, 0x1cd0540?)&#xA;  &#x9;/opt/hostedtoolcache/go/1.19.6/x64/src/net/rpc/client.go:228 +0x27&#xA;  net/rpc.(*Client).input(0xc0004083c0)&#xA;  &#x9;/opt/hostedtoolcache/go/1.19.6/x64/src/net/rpc/client.go:109 +0xb4&#xA;  created by net/rpc.NewClientWithCodec&#xA;  &#x9;/opt/hostedtoolcache/go/1.19.6/x64/src/net/rpc/client.go:206 +0xc5&#xA;&#xA;  goroutine 43 [syscall, 69 minutes]:&#xA;  os/signal.signal_recv()&#xA;  &#x9;/opt/hostedtoolcache/go/1.19.6/x64/src/runtime/sigqueue.go:152 +0x2f&#xA;  os/signal.loop()&#xA;  &#x9;/opt/hostedtoolcache/go/1.19.6/x64/src/os/signal/signal_unix.go:23 +0x19&#xA;  created by os/signal.Notify.func1.1&#xA;  &#x9;/opt/hostedtoolcache/go/1.19.6/x64/src/os/signal/signal.go:151 +0x2a&#xA;&#xA;  goroutine 44 [select]:&#xA;  github.com/onsi/ginkgo/v2/internal/interrupt_handler.(*InterruptHandler).registerForInterrupts.func1()&#xA;  &#x9;/home/runner/go/pkg/mod/github.com/onsi/ginkgo/v2@v2.1.6/internal/interrupt_handler/interrupt_handler.go:102 +0x85&#xA;  created by github.com/onsi/ginkgo/v2/internal/interrupt_handler.(*InterruptHandler).registerForInterrupts&#xA;  &#x9;/home/runner/go/pkg/mod/github.com/onsi/ginkgo/v2@v2.1.6/internal/interrupt_handler/interrupt_handler.go:99 +0x12d&#xA;&#xA;  goroutine 45 [select]:&#xA;  github.com/onsi/ginkgo/v2/internal/interrupt_handler.(*InterruptHandler).registerForInterrupts.func2()&#xA;  &#x9;/home/runner/go/pkg/mod/github.com/onsi/ginkgo/v2@v2.1.6/internal/interrupt_handler/interrupt_handler.go:127 +0x11c&#xA;  created by github.com/onsi/ginkgo/v2/internal/interrupt_handler.(*InterruptHandler).registerForInterrupts&#xA;  &#x9;/home/runner/go/pkg/mod/github.com/onsi/ginkgo/v2@v2.1.6/internal/interrupt_handler/interrupt_handler.go:122 +0x1ea&#xA;&#xA;  goroutine 4722 [select, 58 minutes]:&#xA;  github.com/hazelcast/hazelcast-go-client/internal/invocation.defaultExecFn(0xc00011af60, 0xc000596420, 0xc000628f88?)&#xA;  &#x9;/home/runner/go/pkg/mod/github.com/hazelcast/hazelcast-go-client@v1.3.2/internal/invocation/stripe_executor.go:86 +0xd0&#xA;  created by github.com/hazelcast/hazelcast-go-client/internal/invocation.(*stripeExecutor).start&#xA;  &#x9;/home/runner/go/pkg/mod/github.com/hazelcast/hazelcast-go-client@v1.3.2/internal/invocation/stripe_executor.go:58 +0x49&#xA;&#xA;  goroutine 4725 [chan receive, 58 minutes]:&#xA;  github.com/hazelcast/hazelcast-go-client/internal/event.NewSubscription.func1()&#xA;  &#x9;/home/runner/go/pkg/mod/github.com/hazelcast/hazelcast-go-client@v1.3.2/internal/event/dispatch_service.go:186 +0x5a&#xA;  created by github.com/hazelcast/hazelcast-go-client/internal/event.NewSubscription&#xA;  &#x9;/home/runner/go/pkg/mod/github.com/hazelcast/hazelcast-go-client@v1.3.2/internal/event/dispatch_service.go:185 +0x116&#xA;&#xA;  goroutine 4723 [select, 58 minutes]:&#xA;  github.com/hazelcast/hazelcast-go-client/internal/invocation.defaultExecFn(0xc00011afc0, 0xc000596420, 0xc00062cf88?)&#xA;  &#x9;/home/runner/go/pkg/mod/github.com/hazelcast/hazelcast-go-client@v1.3.2/internal/invocation/stripe_executor.go:86 +0xd0&#xA;  created by github.com/hazelcast/hazelcast-go-client/internal/invocation.(*stripeExecutor).start&#xA;  &#x9;/home/runner/go/pkg/mod/github.com/hazelcast/hazelcast-go-client@v1.3.2/internal/invocation/stripe_executor.go:58 +0x49&#xA;&#xA;  goroutine 4705 [chan receive, 58 minutes]:&#xA;  github.com/hazelcast/hazelcast-go-client/internal/event.NewSubscription.func1()&#xA;  &#x9;/home/runner/go/pkg/mod/github.com/hazelcast/hazelcast-go-client@v1.3.2/internal/event/dispatch_service.go:186 +0x5a&#xA;  created by github.com/hazelcast/hazelcast-go-client/internal/event.NewSubscription&#xA;  &#x9;/home/runner/go/pkg/mod/github.com/hazelcast/hazelcast-go-client@v1.3.2/internal/event/dispatch_service.go:185 +0x116&#xA;&#xA;  goroutine 4717 [chan receive, 58 minutes]:&#xA;  github.com/hazelcast/hazelcast-go-client/internal/event.NewSubscription.func1()&#xA;  &#x9;/home/runner/go/pkg/mod/github.com/hazelcast/hazelcast-go-client@v1.3.2/internal/event/dispatch_service.go:186 +0x5a&#xA;  created by github.com/hazelcast/hazelcast-go-client/internal/event.NewSubscription&#xA;  &#x9;/home/runner/go/pkg/mod/github.com/hazelcast/hazelcast-go-client@v1.3.2/internal/event/dispatch_service.go:185 +0x116&#xA;&#xA;  goroutine 4503 [sleep]:&#xA;  time.Sleep(0xbebc2000)&#xA;  &#x9;/opt/hostedtoolcache/go/1.19.6/x64/src/runtime/time.go:195 +0x135&#xA;  github.com/hazelcast/hazelcast-go-client/internal/cb.(*CircuitBreaker).try(0xc0003a1950, {0x2637820, 0xc00012a000}, 0xc00072f7e8)&#xA;  &#x9;/home/runner/go/pkg/mod/github.com/hazelcast/hazelcast-go-client@v1.3.2/internal/cb/circuitbreaker.go:120 +0x198&#xA;  github.com/hazelcast/hazelcast-go-client/internal/cb.(*CircuitBreaker).tryChan(0xc000e58e40?, {0x2637820?, 0xc00012a000?}, 0x203000?, 0x203000?)&#xA;  &#x9;/home/runner/go/pkg/mod/github.com/hazelcast/hazelcast-go-client@v1.3.2/internal/cb/circuitbreaker.go:90 +0x35&#xA;  github.com/hazelcast/hazelcast-go-client/internal/cb.(*CircuitBreaker).TryContextFuture(0xc0003a1950, {0x2637820, 0xc00012a000}, 0x3?)&#xA;  &#x9;/home/runner/go/pkg/mod/github.com/hazelcast/hazelcast-go-client@v1.3.2/internal/cb/circuitbreaker.go:85 +0x16a&#xA;  github.com/hazelcast/hazelcast-go-client.(*Map).putAllFromRemote.func1(0xbc, {0xc0008e8600?, 0x400?, 0x7fc22bc4d5b8?})&#xA;  &#x9;/home/runner/go/pkg/mod/github.com/hazelcast/hazelcast-go-client@v1.3.2/proxy_map.go:645 +0xf7&#xA;  github.com/hazelcast/hazelcast-go-client.(*proxy).putAll(0x7fc22bc4d5b8?, {0xc000948000?, 0x0?, 0x0?}, 0xc00072f958)&#xA;  &#x9;/home/runner/go/pkg/mod/github.com/hazelcast/hazelcast-go-client@v1.3.2/proxy.go:372 +0x136&#xA;  github.com/hazelcast/hazelcast-go-client.(*Map).putAllFromRemote(0x0?, {0x2637820?, 0xc00012a000?}, {0xc000948000?, 0x10?, 0x1d59c80?})&#xA;  &#x9;/home/runner/go/pkg/mod/github.com/hazelcast/hazelcast-go-client@v1.3.2/proxy_map.go:656 +0x65&#xA;  github.com/hazelcast/hazelcast-go-client.(*Map).PutAll(0xc00099f4b8?, {0x2637820?, 0xc00012a000?}, {0xc000948000?, 0x0?, 0x0?})&#xA;  &#x9;/home/runner/go/pkg/mod/github.com/hazelcast/hazelcast-go-client@v1.3.2/proxy_map.go:1102 +0x69&#xA;  github.com/hazelcast/hazelcast-platform-operator/test/e2e.fillTheMapDataPortForward.func1()&#xA;  &#x9;/home/runner/work/hazelcast-platform-operator/hazelcast-platform-operator/test/e2e/client_port_forward_test.go:38 +0x473&#xA;  github.com/onsi/ginkgo/v2.By({0xc00013a400, 0x76}, {0xc00072fcd8, 0x1, 0x4?})&#xA;  &#x9;/home/runner/go/pkg/mod/github.com/onsi/ginkgo/v2@v2.1.6/core_dsl.go:511 +0x3c5&#xA;  github.com/hazelcast/hazelcast-platform-operator/test/e2e.fillTheMapDataPortForward({0x2637820, 0xc00012a000}, 0xc000bb9500, {0xc00070c7c0, 0x4}, {0xc000dbdb70, 0xb}, 0x400)&#xA;  &#x9;/home/runner/work/hazelcast-platform-operator/hazelcast-platform-operator/test/e2e/client_port_forward_test.go:20 +0x1fa&#xA;  github.com/hazelcast/hazelcast-platform-operator/test/e2e.glob..func20.3()&#xA;  &#x9;/home/runner/work/hazelcast-platform-operator/hazelcast-platform-operator/test/e2e/hazelcast_wan_test.go:64 +0x345&#xA;  github.com/onsi/ginkgo/v2/internal.(*Suite).runNode.func2()&#xA;  &#x9;/home/runner/go/pkg/mod/github.com/onsi/ginkgo/v2@v2.1.6/internal/suite.go:605 +0x8d&#xA;  created by github.com/onsi/ginkgo/v2/internal.(*Suite).runNode&#xA;  &#x9;/home/runner/go/pkg/mod/github.com/onsi/ginkgo/v2@v2.1.6/internal/suite.go:593 +0x60c&#xA;&#xA;  goroutine 4704 [chan receive, 58 minutes]:&#xA;  github.com/hazelcast/hazelcast-go-client/internal/event.NewSubscription.func1()&#xA;  &#x9;/home/runner/go/pkg/mod/github.com/hazelcast/hazelcast-go-client@v1.3.2/internal/event/dispatch_service.go:186 +0x5a&#xA;  created by github.com/hazelcast/hazelcast-go-client/internal/event.NewSubscription&#xA;  &#x9;/home/runner/go/pkg/mod/github.com/hazelcast/hazelcast-go-client@v1.3.2/internal/event/dispatch_service.go:185 +0x116&#xA;&#xA;  goroutine 4710 [select]:&#xA;  github.com/hazelcast/hazelcast-go-client/internal/cluster.(*HeartbeatService).checkConnections(0xc000e40be0)&#xA;  &#x9;/home/runner/go/pkg/mod/github.com/hazelcast/hazelcast-go-client@v1.3.2/internal/cluster/heartbeat_service.go:69 +0xcc&#xA;  created by github.com/hazelcast/hazelcast-go-client/internal/cluster.(*HeartbeatService).Start&#xA;  &#x9;/home/runner/go/pkg/mod/github.com/hazelcast/hazelcast-go-client@v1.3.2/internal/cluster/heartbeat_service.go:56 +0x56&#xA;&#xA;  goroutine 4711 [sleep, 2 minutes]:&#xA;  time.Sleep(0x6fc23ac00)&#xA;  &#x9;/opt/hostedtoolcache/go/1.19.6/x64/src/runtime/time.go:195 +0x135&#xA;  github.com/hazelcast/hazelcast-go-client/internal/cb.(*CircuitBreaker).try(0xc0003a1ef0, {0x2637820, 0xc00012a000}, 0xc000095d38)&#xA;  &#x9;/home/runner/go/pkg/mod/github.com/hazelcast/hazelcast-go-client@v1.3.2/internal/cb/circuitbreaker.go:120 +0x198&#xA;  github.com/hazelcast/hazelcast-go-client/internal/cb.(*CircuitBreaker).TryContext(0xc000b4ed50?, {0x2637820?, 0xc00012a000?}, 0x2?)&#xA;  &#x9;/home/runner/go/pkg/mod/github.com/hazelcast/hazelcast-go-client@v1.3.2/internal/cb/circuitbreaker.go:77 +0x46&#xA;  github.com/hazelcast/hazelcast-go-client/internal/cluster.(*ConnectionManager).tryConnectCandidateCluster(0xc00027a620, {0x2637820, 0xc00012a000}, 0xc000e40b40)&#xA;  &#x9;/home/runner/go/pkg/mod/github.com/hazelcast/hazelcast-go-client@v1.3.2/internal/cluster/connection_manager.go:436 +0x167&#xA;  github.com/hazelcast/hazelcast-go-client/internal/cluster.(*ConnectionManager).tryConnectCluster(0xc00027a620, {0x2637820, 0xc00012a000})&#xA;  &#x9;/home/runner/go/pkg/mod/github.com/hazelcast/hazelcast-go-client@v1.3.2/internal/cluster/connection_manager.go:415 +0x1da&#xA;  github.com/hazelcast/hazelcast-go-client/internal/cluster.(*ConnectionManager).startUnisocket(0xc00027a620, {0x2637820, 0xc00012a000})&#xA;  &#x9;/home/runner/go/pkg/mod/github.com/hazelcast/hazelcast-go-client@v1.3.2/internal/cluster/connection_manager.go:214 +0xe9&#xA;  github.com/hazelcast/hazelcast-go-client/internal/cluster.(*ConnectionManager).start(0xc00027a620, {0x2637820, 0xc00012a000})&#xA;  &#x9;/home/runner/go/pkg/mod/github.com/hazelcast/hazelcast-go-client@v1.3.2/internal/cluster/connection_manager.go:192 +0x8d&#xA;  github.com/hazelcast/hazelcast-go-client/internal/cluster.(*ConnectionManager).Start(0xc0005b79d8?, {0x2637820, 0xc00012a000})&#xA;  &#x9;/home/runner/go/pkg/mod/github.com/hazelcast/hazelcast-go-client@v1.3.2/internal/cluster/connection_manager.go:170 +0x3c&#xA;  github.com/hazelcast/hazelcast-go-client/internal/client.(*Client).handleClusterEvent(0xc000195500, {0x261a0c0?, 0xc000938a68?})&#xA;  &#x9;/home/runner/go/pkg/mod/github.com/hazelcast/hazelcast-go-client@v1.3.2/internal/client/client.go:309 +0x1d4&#xA;  github.com/hazelcast/hazelcast-go-client/internal/event.NewSubscription.func1()&#xA;  &#x9;/home/runner/go/pkg/mod/github.com/hazelcast/hazelcast-go-client@v1.3.2/internal/event/dispatch_service.go:187 +0x4b&#xA;  created by github.com/hazelcast/hazelcast-go-client/internal/event.NewSubscription&#xA;  &#x9;/home/runner/go/pkg/mod/github.com/hazelcast/hazelcast-go-client@v1.3.2/internal/event/dispatch_service.go:185 +0x116&#xA;&#xA;  goroutine 4724 [select]:&#xA;  github.com/hazelcast/hazelcast-go-client/internal/invocation.(*Service).processIncoming(0xc000397700)&#xA;  &#x9;/home/runner/go/pkg/mod/github.com/hazelcast/hazelcast-go-client@v1.3.2/internal/invocation/invocation_service.go:144 +0x125&#xA;  created by github.com/hazelcast/hazelcast-go-client/internal/invocation.NewService&#xA;  &#x9;/home/runner/go/pkg/mod/github.com/hazelcast/hazelcast-go-client@v1.3.2/internal/invocation/invocation_service.go:82 +0x4d6&#xA;</error>
              <system-out>&#xA;Report Entries:&#xA;By Step&#xA;/home/runner/work/hazelcast-platform-operator/hazelcast-platform-operator/test/e2e/hazelcast_wan_test.go:26&#xA;2023-02-24T09:55:20.641282091Z&#xA;&amp;{Text:checking hazelcast-platform-controller-manager running Duration:68.743139ms}&#xA;--&#xA;By Step&#xA;/home/runner/work/hazelcast-platform-operator/hazelcast-platform-operator/test/e2e/custom_resource_test.go:55&#xA;2023-02-24T09:55:20.710065832Z&#xA;&amp;{Text:setting the label and CR with name &#39;hw-1-dc144t&#39; Duration:0s}&#xA;--&#xA;CR_ID:hw-1-dc144t&#xA;/home/runner/work/hazelcast-platform-operator/hazelcast-platform-operator/test/e2e/custom_resource_test.go:73&#xA;2023-02-24T09:55:20.710143235Z&#xA;--&#xA;By Step&#xA;/home/runner/work/hazelcast-platform-operator/hazelcast-platform-operator/test/e2e/helpers_test.go:150&#xA;2023-02-24T09:55:20.710149835Z&#xA;&amp;{Text:creating Hazelcast CR Duration:80.2892ms}&#xA;--&#xA;By Step&#xA;/home/runner/work/hazelcast-platform-operator/hazelcast-platform-operator/test/e2e/helpers_test.go:150&#xA;2023-02-24T09:55:20.790442835Z&#xA;&amp;{Text:creating Hazelcast CR Duration:76.422046ms}&#xA;--&#xA;By Step&#xA;/home/runner/work/hazelcast-platform-operator/hazelcast-platform-operator/test/e2e/helpers_test.go:394&#xA;2023-02-24T09:55:20.866871381Z&#xA;&amp;{Text:evaluate number of ready members for lookup name &#39;src-hw-1-dc144t&#39; and &#39;test-operator-ee&#39; namespace Duration:30.90354569s}&#xA;--&#xA;By Step&#xA;/home/runner/work/hazelcast-platform-operator/hazelcast-platform-operator/test/e2e/helpers_test.go:394&#xA;2023-02-24T09:55:51.770421571Z&#xA;&amp;{Text:evaluate number of ready members for lookup name &#39;trg-hw-1-dc144t&#39; and &#39;test-operator-ee&#39; namespace Duration:143.389193ms}&#xA;--&#xA;By Step&#xA;/home/runner/work/hazelcast-platform-operator/hazelcast-platform-operator/test/e2e/helpers_test.go:424&#xA;2023-02-24T09:55:51.990126672Z&#xA;&amp;{Text:waiting for Map CR status Duration:242.133833ms}&#xA;--&#xA;By Step&#xA;/home/runner/work/hazelcast-platform-operator/hazelcast-platform-operator/test/e2e/hazelcast_wan_test.go:56&#xA;2023-02-24T09:55:52.232263105Z&#xA;&amp;{Text:creating WAN configuration Duration:0s}&#xA;--&#xA;By Step&#xA;/home/runner/work/hazelcast-platform-operator/hazelcast-platform-operator/test/e2e/helpers_test.go:441&#xA;2023-02-24T09:55:52.316927898Z&#xA;&amp;{Text:waiting for Wan CR status Duration:408.113163ms}&#xA;--&#xA;By Step&#xA;/home/runner/work/hazelcast-platform-operator/hazelcast-platform-operator/test/e2e/helpers_test.go:458&#xA;2023-02-24T09:55:52.725043361Z&#xA;&amp;{Text:waiting for Wan CR status map length Duration:68.912269ms}&#xA;--&#xA;By Step&#xA;/home/runner/work/hazelcast-platform-operator/hazelcast-platform-operator/test/e2e/hazelcast_wan_test.go:62&#xA;2023-02-24T09:55:52.79395743Z&#xA;&amp;{Text:checking the size of the maps in the target cluster Duration:0s}&#xA;--&#xA;By Step&#xA;/home/runner/work/hazelcast-platform-operator/hazelcast-platform-operator/test/e2e/client_port_forward_test.go:20&#xA;2023-02-24T09:55:52.794076635Z&#xA;&amp;{Text:filling the &#39;hw-1-dc144t&#39; map with &#39;1024&#39; entries using &#39;src-hw-1-dc144t&#39; lookup name and &#39;test-operator-ee&#39; namespace Duration:0s}&#xA;--&#xA;By Step&#xA;/home/runner/work/hazelcast-platform-operator/hazelcast-platform-operator/test/e2e/helpers_test.go:525&#xA;2023-02-24T09:55:53.061573634Z&#xA;&amp;{Text:creating Hazelcast client using address &#39;localhost:8902&#39; Duration:272.111011ms}&#xA;</system-out>
              <system-err>[BeforeEach] Hazelcast WAN&#xA;  /home/runner/work/hazelcast-platform-operator/hazelcast-platform-operator/test/e2e/hazelcast_wan_test.go:19&#xA;�[1mSTEP:�[0m checking hazelcast-platform-controller-manager running �[38;5;243m02/24/23 09:55:20.641�[0m&#xA;[It] should send data to another cluster&#xA;  /home/runner/work/hazelcast-platform-operator/hazelcast-platform-operator/test/e2e/hazelcast_wan_test.go:45&#xA;�[1mSTEP:�[0m setting the label and CR with name &#39;hw-1-dc144t&#39; �[38;5;243m02/24/23 09:55:20.71�[0m&#xA;�[1mSTEP:�[0m creating Hazelcast CR �[38;5;243m02/24/23 09:55:20.71�[0m&#xA;�[1mSTEP:�[0m creating Hazelcast CR �[38;5;243m02/24/23 09:55:20.79�[0m&#xA;�[1mSTEP:�[0m evaluate number of ready members for lookup name &#39;src-hw-1-dc144t&#39; and &#39;test-operator-ee&#39; namespace �[38;5;243m02/24/23 09:55:20.866�[0m&#xA;�[1mSTEP:�[0m evaluate number of ready members for lookup name &#39;trg-hw-1-dc144t&#39; and &#39;test-operator-ee&#39; namespace �[38;5;243m02/24/23 09:55:51.77�[0m&#xA;�[1mSTEP:�[0m waiting for Map CR status �[38;5;243m02/24/23 09:55:51.99�[0m&#xA;�[1mSTEP:�[0m creating WAN configuration �[38;5;243m02/24/23 09:55:52.232�[0m&#xA;�[1mSTEP:�[0m waiting for Wan CR status �[38;5;243m02/24/23 09:55:52.316�[0m&#xA;�[1mSTEP:�[0m waiting for Wan CR status map length �[38;5;243m02/24/23 09:55:52.725�[0m&#xA;�[1mSTEP:�[0m checking the size of the maps in the target cluster �[38;5;243m02/24/23 09:55:52.793�[0m&#xA;�[1mSTEP:�[0m filling the &#39;hw-1-dc144t&#39; map with &#39;1024&#39; entries using &#39;src-hw-1-dc144t&#39; lookup name and &#39;test-operator-ee&#39; namespace �[38;5;243m02/24/23 09:55:52.794�[0m&#xA;�[1mSTEP:�[0m creating Hazelcast client using address &#39;localhost:8902&#39; �[38;5;243m02/24/23 09:55:53.061�[0m&#xA;[AfterEach] Hazelcast WAN&#xA;  /home/runner/work/hazelcast-platform-operator/hazelcast-platform-operator/test/e2e/hazelcast_wan_test.go:34&#xA;Aftereach start time is 2023-02-24 10:54:06.682442549 +0000 UTC m=+4228.029631692&#xA;Started aftereach function for hzLookupkey : &#39;test-operator-ee/hw-1-dc144t&#39;&#xA;## KUBECTL GET CLUSTER WIDE RESOURCES&#xA;  NAME                                     STATUS   ROLES   AGE   VERSION&#xA;  node/aks-nodepool1-11295510-vmss000000   Ready    agent   76m   v1.24.9&#xA;  node/aks-nodepool1-11295510-vmss000001   Ready    agent   76m   v1.24.9&#xA;  node/aks-nodepool1-11295510-vmss000002   Ready    agent   76m   v1.24.9&#xA;  &#xA;  NAME                                                                                                       WEBHOOKS   AGE&#xA;  validatingwebhookconfiguration.admissionregistration.k8s.io/aks-node-validating-webhook                    1          76m&#xA;  validatingwebhookconfiguration.admissionregistration.k8s.io/hp-ee-4261116783-hazelcast-platform-operator   11         73m&#xA;  &#xA;## KUBECTL GET CRS RELATED TO TEST OUTPUT WIDE&#xA;  NAMESPACE          NAME                                      STATUS    MEMBERS   EXTERNAL-ADDRESSES   MESSAGE&#xA;  test-operator-ee   hazelcast.hazelcast.com/src-hw-1-dc144t   Running   1/1                            &#xA;  test-operator-ee   hazelcast.hazelcast.com/trg-hw-1-dc144t   Running   1/1                            &#xA;  &#xA;  NAMESPACE          NAME                            STATUS    MESSAGE&#xA;  test-operator-ee   map.hazelcast.com/hw-1-dc144t   Success   &#xA;  &#xA;  NAMESPACE          NAME                                       STATUS    MESSAGE&#xA;  test-operator-ee   wanreplication.hazelcast.com/hw-1-dc144t   Success   &#xA;  &#xA;## KUBECTL GET ALL IN NAMESPACE test-operator-ee&#xA;  NAME                                                               READY   STATUS    RESTARTS   AGE   IP            NODE                                NOMINATED NODE   READINESS GATES&#xA;  pod/hp-ee-4261116783-hazelcast-platform-operator-db895bcb4-jl4hb   1/1     Running   0          73m   10.244.0.7    aks-nodepool1-11295510-vmss000002   &lt;none&gt;           &lt;none&gt;&#xA;  pod/src-hw-1-dc144t-0                                              2/2     Running   0          58m   10.244.0.69   aks-nodepool1-11295510-vmss000002   &lt;none&gt;           &lt;none&gt;&#xA;  pod/trg-hw-1-dc144t-0                                              2/2     Running   0          58m   10.244.1.70   aks-nodepool1-11295510-vmss000000   &lt;none&gt;           &lt;none&gt;&#xA;  &#xA;  NAME                                                   TYPE        CLUSTER-IP     EXTERNAL-IP   PORT(S)    AGE   SELECTOR&#xA;  service/hp-ee-4261116783-hazelcast-platform-operator   ClusterIP   10.0.183.170   &lt;none&gt;        443/TCP    73m   app.kubernetes.io/instance=hp-ee-4261116783,app.kubernetes.io/name=hazelcast-platform-operator&#xA;  service/src-hw-1-dc144t                                ClusterIP   None           &lt;none&gt;        5701/TCP   58m   app.kubernetes.io/instance=src-hw-1-dc144t,app.kubernetes.io/managed-by=hazelcast-platform-operator,app.kubernetes.io/name=hazelcast&#xA;  service/trg-hw-1-dc144t                                ClusterIP   None           &lt;none&gt;        5701/TCP   58m   app.kubernetes.io/instance=trg-hw-1-dc144t,app.kubernetes.io/managed-by=hazelcast-platform-operator,app.kubernetes.io/name=hazelcast&#xA;  &#xA;  NAME                                                           READY   UP-TO-DATE   AVAILABLE   AGE   CONTAINERS   IMAGES                                                                                                     SELECTOR&#xA;  deployment.apps/hp-ee-4261116783-hazelcast-platform-operator   1/1     1            1           73m   manager      us-east1-docker.pkg.dev/hazelcast-33/hazelcast-platform-operator/022ecc52-b7d6-4ff6-84d3-ea21e718837b:5d   app.kubernetes.io/instance=hp-ee-4261116783,app.kubernetes.io/name=hazelcast-platform-operator&#xA;  &#xA;  NAME                                                                     DESIRED   CURRENT   READY   AGE   CONTAINERS   IMAGES                                                                                                     SELECTOR&#xA;  replicaset.apps/hp-ee-4261116783-hazelcast-platform-operator-db895bcb4   1         1         1       73m   manager      us-east1-docker.pkg.dev/hazelcast-33/hazelcast-platform-operator/022ecc52-b7d6-4ff6-84d3-ea21e718837b:5d   app.kubernetes.io/instance=hp-ee-4261116783,app.kubernetes.io/name=hazelcast-platform-operator,pod-template-hash=db895bcb4&#xA;  &#xA;  NAME                               READY   AGE   CONTAINERS                IMAGES&#xA;  statefulset.apps/src-hw-1-dc144t   1/1     58m   hazelcast,sidecar-agent   docker.io/hazelcast/hazelcast-enterprise:5.2.1,docker.io/hazelcast/platform-operator-agent:0.1.15&#xA;  statefulset.apps/trg-hw-1-dc144t   1/1     58m   hazelcast,sidecar-agent   docker.io/hazelcast/hazelcast-enterprise:5.2.1,docker.io/hazelcast/platform-operator-agent:0.1.15&#xA;  &#xA;## KUBECTL GET CRS RELATED TO TEST OUTPUT YAML&#xA;  apiVersion: v1&#xA;  items:&#xA;  - apiVersion: hazelcast.com/v1alpha1&#xA;    kind: Hazelcast&#xA;    metadata:&#xA;      annotations:&#xA;        hazelcast.com/last-successful-spec: &#39;{&#34;clusterSize&#34;:1,&#34;repository&#34;:&#34;docker.io/hazelcast/hazelcast-enterprise&#34;,&#34;version&#34;:&#34;5.2.1&#34;,&#34;imagePullPolicy&#34;:&#34;IfNotPresent&#34;,&#34;licenseKeySecret&#34;:&#34;hazelcast-license-key&#34;,&#34;clusterName&#34;:&#34;src-hw-1-dc144t&#34;,&#34;scheduling&#34;:{},&#34;resources&#34;:{},&#34;agent&#34;:{&#34;repository&#34;:&#34;docker.io/hazelcast/platform-operator-agent&#34;,&#34;version&#34;:&#34;0.1.15&#34;},&#34;jet&#34;:{&#34;enabled&#34;:true,&#34;resourceUploadEnabled&#34;:false},&#34;userCodeDeployment&#34;:{},&#34;loggingLevel&#34;:&#34;DEBUG&#34;}&#39;&#xA;      creationTimestamp: &#34;2023-02-24T09:55:20Z&#34;&#xA;      finalizers:&#xA;      - hazelcast.com/finalizer&#xA;      generation: 1&#xA;      labels:&#xA;        test_suite: hw-1-dc144t&#xA;      name: src-hw-1-dc144t&#xA;      namespace: test-operator-ee&#xA;      resourceVersion: &#34;20719&#34;&#xA;      uid: 3fbdb776-fd17-4425-a540-a2cda2f50a31&#xA;    spec:&#xA;      agent:&#xA;        repository: docker.io/hazelcast/platform-operator-agent&#xA;        version: 0.1.15&#xA;      clusterName: src-hw-1-dc144t&#xA;      clusterSize: 1&#xA;      imagePullPolicy: IfNotPresent&#xA;      jet:&#xA;        enabled: true&#xA;        resourceUploadEnabled: false&#xA;      licenseKeySecret: hazelcast-license-key&#xA;      loggingLevel: DEBUG&#xA;      repository: docker.io/hazelcast/hazelcast-enterprise&#xA;      resources: {}&#xA;      scheduling: {}&#xA;      userCodeDeployment: {}&#xA;      version: 5.2.1&#xA;    status:&#xA;      hazelcastClusterStatus:&#xA;        readyMembers: 1/1&#xA;      members:&#xA;      - connected: true&#xA;        ip: 10.244.0.69&#xA;        master: true&#xA;        podName: src-hw-1-dc144t-0&#xA;        restartCount: 0&#xA;        state: ACTIVE&#xA;        uid: 048e5b95-b2b6-4ee3-8e13-a85395341cb8&#xA;        version: 5.2.1&#xA;      phase: Running&#xA;      restore: {}&#xA;  - apiVersion: hazelcast.com/v1alpha1&#xA;    kind: Hazelcast&#xA;    metadata:&#xA;      annotations:&#xA;        hazelcast.com/last-successful-spec: &#39;{&#34;clusterSize&#34;:1,&#34;repository&#34;:&#34;docker.io/hazelcast/hazelcast-enterprise&#34;,&#34;version&#34;:&#34;5.2.1&#34;,&#34;imagePullPolicy&#34;:&#34;IfNotPresent&#34;,&#34;licenseKeySecret&#34;:&#34;hazelcast-license-key&#34;,&#34;clusterName&#34;:&#34;trg-hw-1-dc144t&#34;,&#34;scheduling&#34;:{},&#34;resources&#34;:{},&#34;agent&#34;:{&#34;repository&#34;:&#34;docker.io/hazelcast/platform-operator-agent&#34;,&#34;version&#34;:&#34;0.1.15&#34;},&#34;jet&#34;:{&#34;enabled&#34;:true,&#34;resourceUploadEnabled&#34;:false},&#34;userCodeDeployment&#34;:{},&#34;loggingLevel&#34;:&#34;DEBUG&#34;}&#39;&#xA;      creationTimestamp: &#34;2023-02-24T09:55:20Z&#34;&#xA;      finalizers:&#xA;      - hazelcast.com/finalizer&#xA;      generation: 1&#xA;      labels:&#xA;        test_suite: hw-1-dc144t&#xA;      name: trg-hw-1-dc144t&#xA;      namespace: test-operator-ee&#xA;      resourceVersion: &#34;20722&#34;&#xA;      uid: 45bcadaa-b0e7-43ce-a1fb-cb94fefea753&#xA;    spec:&#xA;      agent:&#xA;        repository: docker.io/hazelcast/platform-operator-agent&#xA;        version: 0.1.15&#xA;      clusterName: trg-hw-1-dc144t&#xA;      clusterSize: 1&#xA;      imagePullPolicy: IfNotPresent&#xA;      jet:&#xA;        enabled: true&#xA;        resourceUploadEnabled: false&#xA;      licenseKeySecret: hazelcast-license-key&#xA;      loggingLevel: DEBUG&#xA;      repository: docker.io/hazelcast/hazelcast-enterprise&#xA;      resources: {}&#xA;      scheduling: {}&#xA;      userCodeDeployment: {}&#xA;      version: 5.2.1&#xA;    status:&#xA;      hazelcastClusterStatus:&#xA;        readyMembers: 1/1&#xA;      members:&#xA;      - connected: true&#xA;        ip: 10.244.1.70&#xA;        master: true&#xA;        podName: trg-hw-1-dc144t-0&#xA;        restartCount: 0&#xA;        state: ACTIVE&#xA;        uid: 68865184-4e1e-45c7-9ec6-a3b445e34651&#xA;        version: 5.2.1&#xA;      phase: Running&#xA;      restore: {}&#xA;  - apiVersion: hazelcast.com/v1alpha1&#xA;    kind: Map&#xA;    metadata:&#xA;      annotations:&#xA;        hazelcast.com/last-successful-spec: &#39;{&#34;hazelcastResourceName&#34;:&#34;src-hw-1-dc144t&#34;,&#34;backupCount&#34;:1,&#34;asyncBackupCount&#34;:0,&#34;timeToLiveSeconds&#34;:0,&#34;maxIdleSeconds&#34;:0,&#34;eviction&#34;:{&#34;evictionPolicy&#34;:&#34;NONE&#34;,&#34;maxSize&#34;:0,&#34;maxSizePolicy&#34;:&#34;PER_NODE&#34;},&#34;persistenceEnabled&#34;:false,&#34;inMemoryFormat&#34;:&#34;BINARY&#34;}&#39;&#xA;      creationTimestamp: &#34;2023-02-24T09:55:51Z&#34;&#xA;      finalizers:&#xA;      - hazelcast.com/finalizer&#xA;      - hazelcast.com/wan-replicated-map&#xA;      generation: 1&#xA;      labels:&#xA;        test_suite: hw-1-dc144t&#xA;      name: hw-1-dc144t&#xA;      namespace: test-operator-ee&#xA;      ownerReferences:&#xA;      - apiVersion: hazelcast.com/v1alpha1&#xA;        kind: WanReplication&#xA;        name: hw-1-dc144t&#xA;        uid: 50164d3a-2870-4af2-b3a6-ae1987bd2629&#xA;      resourceVersion: &#34;20737&#34;&#xA;      uid: cb50748d-c063-4532-ae48-7864f1ed0f50&#xA;    spec:&#xA;      asyncBackupCount: 0&#xA;      backupCount: 1&#xA;      eviction:&#xA;        evictionPolicy: NONE&#xA;        maxSize: 0&#xA;        maxSizePolicy: PER_NODE&#xA;      hazelcastResourceName: src-hw-1-dc144t&#xA;      inMemoryFormat: BINARY&#xA;      maxIdleSeconds: 0&#xA;      persistenceEnabled: false&#xA;      timeToLiveSeconds: 0&#xA;    status:&#xA;      state: Success&#xA;  - apiVersion: hazelcast.com/v1alpha1&#xA;    kind: WanReplication&#xA;    metadata:&#xA;      annotations:&#xA;        hazelcast.com/last-successful-spec: &#39;{&#34;resources&#34;:[{&#34;name&#34;:&#34;hw-1-dc144t&#34;,&#34;kind&#34;:&#34;Map&#34;}],&#34;targetClusterName&#34;:&#34;trg-hw-1-dc144t&#34;,&#34;endpoints&#34;:&#34;trg-hw-1-dc144t.test-operator-ee.svc.cluster.local:5701&#34;,&#34;queue&#34;:{&#34;capacity&#34;:10000,&#34;fullBehavior&#34;:&#34;DISCARD_AFTER_MUTATION&#34;},&#34;batch&#34;:{&#34;size&#34;:500,&#34;maximumDelay&#34;:1000},&#34;acknowledgement&#34;:{&#34;type&#34;:&#34;ACK_ON_OPERATION_COMPLETE&#34;,&#34;timeout&#34;:60000}}&#39;&#xA;      creationTimestamp: &#34;2023-02-24T09:55:52Z&#34;&#xA;      finalizers:&#xA;      - hazelcast.com/finalizer&#xA;      generation: 1&#xA;      labels:&#xA;        test_suite: hw-1-dc144t&#xA;      name: hw-1-dc144t&#xA;      namespace: test-operator-ee&#xA;      resourceVersion: &#34;20741&#34;&#xA;      uid: 50164d3a-2870-4af2-b3a6-ae1987bd2629&#xA;    spec:&#xA;      acknowledgement:&#xA;        timeout: 60000&#xA;        type: ACK_ON_OPERATION_COMPLETE&#xA;      batch:&#xA;        maximumDelay: 1000&#xA;        size: 500&#xA;      endpoints: trg-hw-1-dc144t.test-operator-ee.svc.cluster.local:5701&#xA;      queue:&#xA;        capacity: 10000&#xA;        fullBehavior: DISCARD_AFTER_MUTATION&#xA;      resources:&#xA;      - kind: Map&#xA;        name: hw-1-dc144t&#xA;      targetClusterName: trg-hw-1-dc144t&#xA;    status:&#xA;      status: Success&#xA;      wanReplicationMapsStatus:&#xA;        src-hw-1-dc144t__hw-1-dc144t:&#xA;          publisherId: hw-1-dc144t-src-hw-1-dc144t__hw-1-dc144t&#xA;          resourceName: hw-1-dc144t&#xA;          status: Success&#xA;  kind: List&#xA;  metadata:&#xA;    resourceVersion: &#34;&#34;&#xA;  &#xA;Current Ginkgo Spec Report State is: interrupted&#xA;Aftereach end time is 2023-02-24 10:54:11.1725174 +0000 UTC m=+4232.519706443&#xA;</system-err>
          </testcase>
          <testcase name="[AfterSuite]" classname="Operator Suite EE" status="passed" time="0.00118515">
              <system-out>&#xA;Report Entries:&#xA;By Step&#xA;/home/runner/work/hazelcast-platform-operator/hazelcast-platform-operator/test/e2e/e2e_suite_test.go:57&#xA;2023-02-24T10:54:11.174778896Z&#xA;&amp;{Text:tearing down the test environment Duration:0s}&#xA;</system-out>
              <system-err>[AfterSuite] TOP-LEVEL&#xA;  /home/runner/work/hazelcast-platform-operator/hazelcast-platform-operator/test/e2e/e2e_suite_test.go:56&#xA;�[1mSTEP:�[0m tearing down the test environment �[38;5;243m02/24/23 10:54:11.174�[0m&#xA;</system-err>
          </testcase>
      </testsuite>
  </testsuites>