<?xml version="1.0" encoding="UTF-8"?>
  <testsuites tests="86" disabled="38" errors="0" failures="0" time="524.040669632">
      <testsuite name="Operator Suite OS" package="/home/runner/work/hazelcast-platform-operator/hazelcast-platform-operator/test/e2e" tests="86" disabled="0" skipped="38" errors="0" failures="0" time="524.040669632" timestamp="2023-02-24T09:44:36">
          <properties>
              <property name="SuiteSucceeded" value="true"></property>
              <property name="SuiteHasProgrammaticFocus" value="false"></property>
              <property name="SpecialSuiteFailureReason" value=""></property>
              <property name="SuiteLabels" value="[]"></property>
              <property name="RandomSeed" value="1677231813"></property>
              <property name="RandomizeAllSpecs" value="false"></property>
              <property name="LabelFilter" value="(slow || fast) &amp;&amp; hz || mc || hz_persistence || hz_expose_externally || map || map_persistence || cache_persistence || hz_wan || custom_class || multimap || topic || replicatedmap || queue || cache"></property>
              <property name="FocusStrings" value=""></property>
              <property name="SkipStrings" value=""></property>
              <property name="FocusFiles" value=""></property>
              <property name="SkipFiles" value=""></property>
              <property name="FailOnPending" value="false"></property>
              <property name="FailFast" value="false"></property>
              <property name="FlakeAttempts" value="2"></property>
              <property name="EmitSpecProgress" value="true"></property>
              <property name="DryRun" value="false"></property>
              <property name="ParallelTotal" value="4"></property>
              <property name="OutputInterceptorMode" value="none"></property>
          </properties>
          <testcase name="[SynchronizedBeforeSuite]" classname="Operator Suite OS" status="passed" time="2.51757715">
              <system-out>&#xA;Report Entries:&#xA;By Step&#xA;/home/runner/work/hazelcast-platform-operator/hazelcast-platform-operator/test/e2e/e2e_suite_test.go:65&#xA;2023-02-24T09:44:37.403018672Z&#xA;&amp;{Text:bootstrapping test environment Duration:0s}&#xA;--&#xA;By Step&#xA;/home/runner/work/hazelcast-platform-operator/hazelcast-platform-operator/test/e2e/e2e_suite_test.go:65&#xA;2023-02-24T09:44:38.659373748Z&#xA;&amp;{Text:bootstrapping test environment Duration:0s}&#xA;</system-out>
              <system-err>[SynchronizedBeforeSuite] TOP-LEVEL&#xA;  /home/runner/work/hazelcast-platform-operator/hazelcast-platform-operator/test/e2e/e2e_suite_test.go:40&#xA;�[1mSTEP:�[0m bootstrapping test environment �[38;5;243m02/24/23 09:44:37.403�[0m&#xA;[SynchronizedBeforeSuite] TOP-LEVEL&#xA;  /home/runner/work/hazelcast-platform-operator/hazelcast-platform-operator/test/e2e/e2e_suite_test.go:40&#xA;�[1mSTEP:�[0m bootstrapping test environment �[38;5;243m02/24/23 09:44:38.659�[0m&#xA;</system-err>
          </testcase>
          <testcase name="[It] Hazelcast ReplicatedMap Config should create ReplicatedMap Config [replicatedmap, fast]" classname="Operator Suite OS" status="passed" time="78.601331713">
              <system-out>&#xA;Report Entries:&#xA;By Step&#xA;/home/runner/work/hazelcast-platform-operator/hazelcast-platform-operator/test/e2e/hazelcast_replicatedmap_test.go:28&#xA;2023-02-24T09:44:39.922783336Z&#xA;&amp;{Text:checking hazelcast-platform-controller-manager running Duration:10.637175ms}&#xA;--&#xA;By Step&#xA;/home/runner/work/hazelcast-platform-operator/hazelcast-platform-operator/test/e2e/custom_resource_test.go:55&#xA;2023-02-24T09:44:39.933436411Z&#xA;&amp;{Text:setting the label and CR with name &#39;hrm-1-zzh08x&#39; Duration:0s}&#xA;--&#xA;CR_ID:hrm-1-zzh08x&#xA;/home/runner/work/hazelcast-platform-operator/hazelcast-platform-operator/test/e2e/custom_resource_test.go:73&#xA;2023-02-24T09:44:39.933498312Z&#xA;--&#xA;By Step&#xA;/home/runner/work/hazelcast-platform-operator/hazelcast-platform-operator/test/e2e/helpers_test.go:106&#xA;2023-02-24T09:44:39.933500712Z&#xA;&amp;{Text:creating Hazelcast CR Duration:33.455235ms}&#xA;--&#xA;By Step&#xA;/home/runner/work/hazelcast-platform-operator/hazelcast-platform-operator/test/e2e/helpers_test.go:111&#xA;2023-02-24T09:44:39.966956247Z&#xA;&amp;{Text:checking Hazelcast CR running Duration:1m2.661356118s}&#xA;--&#xA;By Step&#xA;/home/runner/work/hazelcast-platform-operator/hazelcast-platform-operator/test/e2e/helpers_test.go:738&#xA;2023-02-24T09:45:42.658205779Z&#xA;&amp;{Text:waiting for  CR status Duration:9.997736633s}&#xA;</system-out>
              <system-err>[BeforeEach] Hazelcast ReplicatedMap Config&#xA;  /home/runner/work/hazelcast-platform-operator/hazelcast-platform-operator/test/e2e/hazelcast_replicatedmap_test.go:21&#xA;�[1mSTEP:�[0m checking hazelcast-platform-controller-manager running �[38;5;243m02/24/23 09:44:39.922�[0m&#xA;[It] should create ReplicatedMap Config&#xA;  /home/runner/work/hazelcast-platform-operator/hazelcast-platform-operator/test/e2e/hazelcast_replicatedmap_test.go:48&#xA;�[1mSTEP:�[0m setting the label and CR with name &#39;hrm-1-zzh08x&#39; �[38;5;243m02/24/23 09:44:39.933�[0m&#xA;�[1mSTEP:�[0m creating Hazelcast CR �[38;5;243m02/24/23 09:44:39.933�[0m&#xA;�[1mSTEP:�[0m checking Hazelcast CR running �[38;5;243m02/24/23 09:44:39.966�[0m&#xA;�[1mSTEP:�[0m waiting for  CR status �[38;5;243m02/24/23 09:45:42.658�[0m&#xA;[AfterEach] Hazelcast ReplicatedMap Config&#xA;  /home/runner/work/hazelcast-platform-operator/hazelcast-platform-operator/test/e2e/hazelcast_replicatedmap_test.go:36&#xA;Aftereach start time is 2023-02-24 09:45:52.655968612 +0000 UTC m=+119.901282702&#xA;Aftereach end time is 2023-02-24 09:45:58.524079449 +0000 UTC m=+125.769393539&#xA;</system-err>
          </testcase>
          <testcase name="[It] Hazelcast User Code Deployment should use the MapStore implementation correctly [custom_class, fast]" classname="Operator Suite OS" status="passed" time="34.530818811">
              <system-out>&#xA;Report Entries:&#xA;By Step&#xA;/home/runner/work/hazelcast-platform-operator/hazelcast-platform-operator/test/e2e/hazelcast_user_code_test.go:32&#xA;2023-02-24T09:45:58.524690753Z&#xA;&amp;{Text:checking hazelcast-platform-controller-manager running Duration:11.829278ms}&#xA;--&#xA;By Step&#xA;/home/runner/work/hazelcast-platform-operator/hazelcast-platform-operator/test/e2e/custom_resource_test.go:55&#xA;2023-02-24T09:45:58.536539431Z&#xA;&amp;{Text:setting the label and CR with name &#39;hmcc-1-paccmb&#39; Duration:0s}&#xA;--&#xA;CR_ID:hmcc-1-paccmb&#xA;/home/runner/work/hazelcast-platform-operator/hazelcast-platform-operator/test/e2e/custom_resource_test.go:73&#xA;2023-02-24T09:45:58.536617031Z&#xA;--&#xA;By Step&#xA;/home/runner/work/hazelcast-platform-operator/hazelcast-platform-operator/test/e2e/hazelcast_user_code_test.go:58&#xA;2023-02-24T09:45:58.536617731Z&#xA;&amp;{Text:creating the Hazelcast CR Duration:0s}&#xA;--&#xA;By Step&#xA;/home/runner/work/hazelcast-platform-operator/hazelcast-platform-operator/test/e2e/helpers_test.go:106&#xA;2023-02-24T09:45:58.536657031Z&#xA;&amp;{Text:creating Hazelcast CR Duration:24.292259ms}&#xA;--&#xA;By Step&#xA;/home/runner/work/hazelcast-platform-operator/hazelcast-platform-operator/test/e2e/helpers_test.go:111&#xA;2023-02-24T09:45:58.56094959Z&#xA;&amp;{Text:checking Hazelcast CR running Duration:30.816415527s}&#xA;--&#xA;By Step&#xA;/home/runner/work/hazelcast-platform-operator/hazelcast-platform-operator/test/e2e/hazelcast_user_code_test.go:62&#xA;2023-02-24T09:46:29.377366017Z&#xA;&amp;{Text:port-forwarding to Hazelcast master pod Duration:0s}&#xA;--&#xA;By Step&#xA;/home/runner/work/hazelcast-platform-operator/hazelcast-platform-operator/test/e2e/hazelcast_user_code_test.go:66&#xA;2023-02-24T09:46:29.498430724Z&#xA;&amp;{Text:creating mapStore properties secret Duration:0s}&#xA;--&#xA;By Step&#xA;/home/runner/work/hazelcast-platform-operator/hazelcast-platform-operator/test/e2e/hazelcast_user_code_test.go:71&#xA;2023-02-24T09:46:29.515377737Z&#xA;&amp;{Text:creating map with MapStore Duration:0s}&#xA;--&#xA;By Step&#xA;/home/runner/work/hazelcast-platform-operator/hazelcast-platform-operator/test/e2e/helpers_test.go:424&#xA;2023-02-24T09:46:29.548586758Z&#xA;&amp;{Text:waiting for Map CR status Duration:234.232361ms}&#xA;--&#xA;By Step&#xA;/home/runner/work/hazelcast-platform-operator/hazelcast-platform-operator/test/e2e/hazelcast_user_code_test.go:86&#xA;2023-02-24T09:46:29.782819919Z&#xA;&amp;{Text:filling the map with entries Duration:0s}&#xA;--&#xA;By Step&#xA;/home/runner/work/hazelcast-platform-operator/hazelcast-platform-operator/test/e2e/helpers_test.go:525&#xA;2023-02-24T09:46:29.782903119Z&#xA;&amp;{Text:creating Hazelcast client using address &#39;localhost:8801&#39; Duration:37.993653ms}&#xA;--&#xA;By Step&#xA;/home/runner/work/hazelcast-platform-operator/hazelcast-platform-operator/test/e2e/hazelcast_user_code_test.go:103&#xA;2023-02-24T09:46:30.599365329Z&#xA;&amp;{Text:checking the logs Duration:0s}&#xA;--&#xA;By Step&#xA;/home/runner/work/hazelcast-platform-operator/hazelcast-platform-operator/test/e2e/helpers_test.go:77&#xA;2023-02-24T09:46:30.599448929Z&#xA;&amp;{Text:getting Hazelcast logs Duration:33.117402ms}&#xA;</system-out>
              <system-err>[BeforeEach] Hazelcast User Code Deployment&#xA;  /home/runner/work/hazelcast-platform-operator/hazelcast-platform-operator/test/e2e/hazelcast_user_code_test.go:25&#xA;�[1mSTEP:�[0m checking hazelcast-platform-controller-manager running �[38;5;243m02/24/23 09:45:58.524�[0m&#xA;[It] should use the MapStore implementation correctly&#xA;  /home/runner/work/hazelcast-platform-operator/hazelcast-platform-operator/test/e2e/hazelcast_user_code_test.go:53&#xA;�[1mSTEP:�[0m setting the label and CR with name &#39;hmcc-1-paccmb&#39; �[38;5;243m02/24/23 09:45:58.536�[0m&#xA;�[1mSTEP:�[0m creating the Hazelcast CR �[38;5;243m02/24/23 09:45:58.536�[0m&#xA;�[1mSTEP:�[0m creating Hazelcast CR �[38;5;243m02/24/23 09:45:58.536�[0m&#xA;�[1mSTEP:�[0m checking Hazelcast CR running �[38;5;243m02/24/23 09:45:58.56�[0m&#xA;�[1mSTEP:�[0m port-forwarding to Hazelcast master pod �[38;5;243m02/24/23 09:46:29.377�[0m&#xA;�[1mSTEP:�[0m creating mapStore properties secret �[38;5;243m02/24/23 09:46:29.498�[0m&#xA;�[1mSTEP:�[0m creating map with MapStore �[38;5;243m02/24/23 09:46:29.515�[0m&#xA;�[1mSTEP:�[0m waiting for Map CR status �[38;5;243m02/24/23 09:46:29.548�[0m&#xA;�[1mSTEP:�[0m filling the map with entries �[38;5;243m02/24/23 09:46:29.782�[0m&#xA;�[1mSTEP:�[0m creating Hazelcast client using address &#39;localhost:8801&#39; �[38;5;243m02/24/23 09:46:29.782�[0m&#xA;�[1mSTEP:�[0m checking the logs �[38;5;243m02/24/23 09:46:30.599�[0m&#xA;�[1mSTEP:�[0m getting Hazelcast logs �[38;5;243m02/24/23 09:46:30.599�[0m&#xA;[AfterEach] Hazelcast User Code Deployment&#xA;  /home/runner/work/hazelcast-platform-operator/hazelcast-platform-operator/test/e2e/hazelcast_user_code_test.go:40&#xA;Aftereach start time is 2023-02-24 09:46:30.720445165 +0000 UTC m=+157.965759155&#xA;Aftereach end time is 2023-02-24 09:46:33.055474564 +0000 UTC m=+160.300788654&#xA;</system-err>
          </testcase>
          <testcase name="[It] Hazelcast WAN should send data to another cluster [hz_wan, slow]" classname="Operator Suite OS" status="skipped" time="0.020083922">
              <skipped message="skipped - This test will only run in EE configuration"></skipped>
              <system-out>&#xA;Report Entries:&#xA;By Step&#xA;/home/runner/work/hazelcast-platform-operator/hazelcast-platform-operator/test/e2e/hazelcast_wan_test.go:26&#xA;2023-02-24T09:46:33.056246569Z&#xA;&amp;{Text:checking hazelcast-platform-controller-manager running Duration:19.913121ms}&#xA;</system-out>
              <system-err>[BeforeEach] Hazelcast WAN&#xA;  /home/runner/work/hazelcast-platform-operator/hazelcast-platform-operator/test/e2e/hazelcast_wan_test.go:19&#xA;�[1mSTEP:�[0m checking hazelcast-platform-controller-manager running �[38;5;243m02/24/23 09:46:33.056�[0m&#xA;[It] should send data to another cluster&#xA;  /home/runner/work/hazelcast-platform-operator/hazelcast-platform-operator/test/e2e/hazelcast_wan_test.go:45&#xA;[AfterEach] Hazelcast WAN&#xA;  /home/runner/work/hazelcast-platform-operator/hazelcast-platform-operator/test/e2e/hazelcast_wan_test.go:34&#xA;Aftereach start time is 2023-02-24 09:46:33.076297791 +0000 UTC m=+160.321611781&#xA;</system-err>
          </testcase>
          <testcase name="[It] Hazelcast WAN should send data using WanReplication configuration in ConfigMap [hz_wan, slow]" classname="Operator Suite OS" status="skipped" time="0.019198916">
              <skipped message="skipped - This test will only run in EE configuration"></skipped>
              <system-out>&#xA;Report Entries:&#xA;By Step&#xA;/home/runner/work/hazelcast-platform-operator/hazelcast-platform-operator/test/e2e/hazelcast_wan_test.go:26&#xA;2023-02-24T09:46:33.076765094Z&#xA;&amp;{Text:checking hazelcast-platform-controller-manager running Duration:19.047916ms}&#xA;</system-out>
              <system-err>[BeforeEach] Hazelcast WAN&#xA;  /home/runner/work/hazelcast-platform-operator/hazelcast-platform-operator/test/e2e/hazelcast_wan_test.go:19&#xA;�[1mSTEP:�[0m checking hazelcast-platform-controller-manager running �[38;5;243m02/24/23 09:46:33.076�[0m&#xA;[It] should send data using WanReplication configuration in ConfigMap&#xA;  /home/runner/work/hazelcast-platform-operator/hazelcast-platform-operator/test/e2e/hazelcast_wan_test.go:69&#xA;[AfterEach] Hazelcast WAN&#xA;  /home/runner/work/hazelcast-platform-operator/hazelcast-platform-operator/test/e2e/hazelcast_wan_test.go:34&#xA;Aftereach start time is 2023-02-24 09:46:33.09593631 +0000 UTC m=+160.341250400&#xA;</system-err>
          </testcase>
          <testcase name="[It] Hazelcast WAN should replicate maps to target cluster including maps with names different from map CR name  [hz_wan, slow]" classname="Operator Suite OS" status="skipped" time="0.011676271">
              <skipped message="skipped - This test will only run in EE configuration"></skipped>
              <system-out>&#xA;Report Entries:&#xA;By Step&#xA;/home/runner/work/hazelcast-platform-operator/hazelcast-platform-operator/test/e2e/hazelcast_wan_test.go:26&#xA;2023-02-24T09:46:33.096463114Z&#xA;&amp;{Text:checking hazelcast-platform-controller-manager running Duration:11.50297ms}&#xA;</system-out>
              <system-err>[BeforeEach] Hazelcast WAN&#xA;  /home/runner/work/hazelcast-platform-operator/hazelcast-platform-operator/test/e2e/hazelcast_wan_test.go:19&#xA;�[1mSTEP:�[0m checking hazelcast-platform-controller-manager running �[38;5;243m02/24/23 09:46:33.096�[0m&#xA;[It] should replicate maps to target cluster including maps with names different from map CR name &#xA;  /home/runner/work/hazelcast-platform-operator/hazelcast-platform-operator/test/e2e/hazelcast_wan_test.go:98&#xA;[AfterEach] Hazelcast WAN&#xA;  /home/runner/work/hazelcast-platform-operator/hazelcast-platform-operator/test/e2e/hazelcast_wan_test.go:34&#xA;Aftereach start time is 2023-02-24 09:46:33.108084184 +0000 UTC m=+160.353398174&#xA;</system-err>
          </testcase>
          <testcase name="[It] Hazelcast WAN should delete the map from status and Wan status should be failed [hz_wan, slow]" classname="Operator Suite OS" status="skipped" time="0.011071767">
              <skipped message="skipped - This test will only run in EE configuration"></skipped>
              <system-out>&#xA;Report Entries:&#xA;By Step&#xA;/home/runner/work/hazelcast-platform-operator/hazelcast-platform-operator/test/e2e/hazelcast_wan_test.go:26&#xA;2023-02-24T09:46:33.108520287Z&#xA;&amp;{Text:checking hazelcast-platform-controller-manager running Duration:10.939966ms}&#xA;</system-out>
              <system-err>[BeforeEach] Hazelcast WAN&#xA;  /home/runner/work/hazelcast-platform-operator/hazelcast-platform-operator/test/e2e/hazelcast_wan_test.go:19&#xA;�[1mSTEP:�[0m checking hazelcast-platform-controller-manager running �[38;5;243m02/24/23 09:46:33.108�[0m&#xA;[It] should delete the map from status and Wan status should be failed&#xA;  /home/runner/work/hazelcast-platform-operator/hazelcast-platform-operator/test/e2e/hazelcast_wan_test.go:149&#xA;[AfterEach] Hazelcast WAN&#xA;  /home/runner/work/hazelcast-platform-operator/hazelcast-platform-operator/test/e2e/hazelcast_wan_test.go:34&#xA;Aftereach start time is 2023-02-24 09:46:33.119572654 +0000 UTC m=+160.364886644&#xA;</system-err>
          </testcase>
          <testcase name="[It] Hazelcast WAN should delete the map from status and Wan status should be Pending [hz_wan, slow]" classname="Operator Suite OS" status="skipped" time="0.010158162">
              <skipped message="skipped - This test will only run in EE configuration"></skipped>
              <system-out>&#xA;Report Entries:&#xA;By Step&#xA;/home/runner/work/hazelcast-platform-operator/hazelcast-platform-operator/test/e2e/hazelcast_wan_test.go:26&#xA;2023-02-24T09:46:33.119950656Z&#xA;&amp;{Text:checking hazelcast-platform-controller-manager running Duration:10.046562ms}&#xA;</system-out>
              <system-err>[BeforeEach] Hazelcast WAN&#xA;  /home/runner/work/hazelcast-platform-operator/hazelcast-platform-operator/test/e2e/hazelcast_wan_test.go:19&#xA;�[1mSTEP:�[0m checking hazelcast-platform-controller-manager running �[38;5;243m02/24/23 09:46:33.119�[0m&#xA;[It] should delete the map from status and Wan status should be Pending&#xA;  /home/runner/work/hazelcast-platform-operator/hazelcast-platform-operator/test/e2e/hazelcast_wan_test.go:182&#xA;[AfterEach] Hazelcast WAN&#xA;  /home/runner/work/hazelcast-platform-operator/hazelcast-platform-operator/test/e2e/hazelcast_wan_test.go:34&#xA;Aftereach start time is 2023-02-24 09:46:33.130090518 +0000 UTC m=+160.375404508&#xA;</system-err>
          </testcase>
          <testcase name="[It] Hazelcast WAN should fail first and after spec removal, should succeed  [hz_wan, slow]" classname="Operator Suite OS" status="skipped" time="0.01477679">
              <skipped message="skipped - This test will only run in EE configuration"></skipped>
              <system-out>&#xA;Report Entries:&#xA;By Step&#xA;/home/runner/work/hazelcast-platform-operator/hazelcast-platform-operator/test/e2e/hazelcast_wan_test.go:26&#xA;2023-02-24T09:46:33.130711122Z&#xA;&amp;{Text:checking hazelcast-platform-controller-manager running Duration:14.640589ms}&#xA;</system-out>
              <system-err>[BeforeEach] Hazelcast WAN&#xA;  /home/runner/work/hazelcast-platform-operator/hazelcast-platform-operator/test/e2e/hazelcast_wan_test.go:19&#xA;�[1mSTEP:�[0m checking hazelcast-platform-controller-manager running �[38;5;243m02/24/23 09:46:33.13�[0m&#xA;[It] should fail first and after spec removal, should succeed &#xA;  /home/runner/work/hazelcast-platform-operator/hazelcast-platform-operator/test/e2e/hazelcast_wan_test.go:215&#xA;[AfterEach] Hazelcast WAN&#xA;  /home/runner/work/hazelcast-platform-operator/hazelcast-platform-operator/test/e2e/hazelcast_wan_test.go:34&#xA;Aftereach start time is 2023-02-24 09:46:33.145459812 +0000 UTC m=+160.390773802&#xA;</system-err>
          </testcase>
          <testcase name="[It] Hazelcast WAN should stop replicating to target cluster [hz_wan, slow]" classname="Operator Suite OS" status="skipped" time="0.011087768">
              <skipped message="skipped - This test will only run in EE configuration"></skipped>
              <system-out>&#xA;Report Entries:&#xA;By Step&#xA;/home/runner/work/hazelcast-platform-operator/hazelcast-platform-operator/test/e2e/hazelcast_wan_test.go:26&#xA;2023-02-24T09:46:33.146091515Z&#xA;&amp;{Text:checking hazelcast-platform-controller-manager running Duration:10.946067ms}&#xA;</system-out>
              <system-err>[BeforeEach] Hazelcast WAN&#xA;  /home/runner/work/hazelcast-platform-operator/hazelcast-platform-operator/test/e2e/hazelcast_wan_test.go:19&#xA;�[1mSTEP:�[0m checking hazelcast-platform-controller-manager running �[38;5;243m02/24/23 09:46:33.146�[0m&#xA;[It] should stop replicating to target cluster&#xA;  /home/runner/work/hazelcast-platform-operator/hazelcast-platform-operator/test/e2e/hazelcast_wan_test.go:260&#xA;[AfterEach] Hazelcast WAN&#xA;  /home/runner/work/hazelcast-platform-operator/hazelcast-platform-operator/test/e2e/hazelcast_wan_test.go:34&#xA;Aftereach start time is 2023-02-24 09:46:33.157146683 +0000 UTC m=+160.402460773&#xA;</system-err>
          </testcase>
          <testcase name="[It] Hazelcast WAN should continue replication if one reference is deleted  [hz_wan, slow]" classname="Operator Suite OS" status="skipped" time="0.009675459">
              <skipped message="skipped - This test will only run in EE configuration"></skipped>
              <system-out>&#xA;Report Entries:&#xA;By Step&#xA;/home/runner/work/hazelcast-platform-operator/hazelcast-platform-operator/test/e2e/hazelcast_wan_test.go:26&#xA;2023-02-24T09:46:33.157716686Z&#xA;&amp;{Text:checking hazelcast-platform-controller-manager running Duration:9.525758ms}&#xA;</system-out>
              <system-err>[BeforeEach] Hazelcast WAN&#xA;  /home/runner/work/hazelcast-platform-operator/hazelcast-platform-operator/test/e2e/hazelcast_wan_test.go:19&#xA;�[1mSTEP:�[0m checking hazelcast-platform-controller-manager running �[38;5;243m02/24/23 09:46:33.157�[0m&#xA;[It] should continue replication if one reference is deleted &#xA;  /home/runner/work/hazelcast-platform-operator/hazelcast-platform-operator/test/e2e/hazelcast_wan_test.go:329&#xA;[AfterEach] Hazelcast WAN&#xA;  /home/runner/work/hazelcast-platform-operator/hazelcast-platform-operator/test/e2e/hazelcast_wan_test.go:34&#xA;Aftereach start time is 2023-02-24 09:46:33.167373945 +0000 UTC m=+160.412687935&#xA;</system-err>
          </testcase>
          <testcase name="[It] Hazelcast Cache Config should create Cache Config [cache, fast]" classname="Operator Suite OS" status="passed" time="53.652890175">
              <system-out>&#xA;Report Entries:&#xA;By Step&#xA;/home/runner/work/hazelcast-platform-operator/hazelcast-platform-operator/test/e2e/hazelcast_cache_test.go:28&#xA;2023-02-24T09:46:33.167725147Z&#xA;&amp;{Text:checking hazelcast-platform-controller-manager running Duration:9.605958ms}&#xA;--&#xA;By Step&#xA;/home/runner/work/hazelcast-platform-operator/hazelcast-platform-operator/test/e2e/custom_resource_test.go:55&#xA;2023-02-24T09:46:33.177345505Z&#xA;&amp;{Text:setting the label and CR with name &#39;hch-1-527tiv&#39; Duration:0s}&#xA;--&#xA;CR_ID:hch-1-527tiv&#xA;/home/runner/work/hazelcast-platform-operator/hazelcast-platform-operator/test/e2e/custom_resource_test.go:73&#xA;2023-02-24T09:46:33.177410806Z&#xA;--&#xA;By Step&#xA;/home/runner/work/hazelcast-platform-operator/hazelcast-platform-operator/test/e2e/helpers_test.go:106&#xA;2023-02-24T09:46:33.177412706Z&#xA;&amp;{Text:creating Hazelcast CR Duration:24.601249ms}&#xA;--&#xA;By Step&#xA;/home/runner/work/hazelcast-platform-operator/hazelcast-platform-operator/test/e2e/helpers_test.go:111&#xA;2023-02-24T09:46:33.202014355Z&#xA;&amp;{Text:checking Hazelcast CR running Duration:40.824915297s}&#xA;--&#xA;By Step&#xA;/home/runner/work/hazelcast-platform-operator/hazelcast-platform-operator/test/e2e/helpers_test.go:738&#xA;2023-02-24T09:47:14.043134447Z&#xA;&amp;{Text:waiting for  CR status Duration:9.775810681s}&#xA;</system-out>
              <system-err>[BeforeEach] Hazelcast Cache Config&#xA;  /home/runner/work/hazelcast-platform-operator/hazelcast-platform-operator/test/e2e/hazelcast_cache_test.go:21&#xA;�[1mSTEP:�[0m checking hazelcast-platform-controller-manager running �[38;5;243m02/24/23 09:46:33.167�[0m&#xA;[It] should create Cache Config&#xA;  /home/runner/work/hazelcast-platform-operator/hazelcast-platform-operator/test/e2e/hazelcast_cache_test.go:48&#xA;�[1mSTEP:�[0m setting the label and CR with name &#39;hch-1-527tiv&#39; �[38;5;243m02/24/23 09:46:33.177�[0m&#xA;�[1mSTEP:�[0m creating Hazelcast CR �[38;5;243m02/24/23 09:46:33.177�[0m&#xA;�[1mSTEP:�[0m checking Hazelcast CR running �[38;5;243m02/24/23 09:46:33.202�[0m&#xA;�[1mSTEP:�[0m waiting for  CR status �[38;5;243m02/24/23 09:47:14.043�[0m&#xA;[AfterEach] Hazelcast Cache Config&#xA;  /home/runner/work/hazelcast-platform-operator/hazelcast-platform-operator/test/e2e/hazelcast_cache_test.go:36&#xA;Aftereach start time is 2023-02-24 09:47:23.818969428 +0000 UTC m=+211.064283418&#xA;Aftereach end time is 2023-02-24 09:47:26.820584422 +0000 UTC m=+214.065898412&#xA;</system-err>
          </testcase>
          <testcase name="[It] Hazelcast Map Config with Persistence should continue persisting last applied Map Config in case of failure [map_persistence, fast]" classname="Operator Suite OS" status="passed" time="39.129502262">
              <system-out>&#xA;Report Entries:&#xA;By Step&#xA;/home/runner/work/hazelcast-platform-operator/hazelcast-platform-operator/test/e2e/hazelcast_map_persistence_test.go:30&#xA;2023-02-24T09:47:26.821115525Z&#xA;&amp;{Text:checking hazelcast-platform-controller-manager running Duration:10.487459ms}&#xA;--&#xA;By Step&#xA;/home/runner/work/hazelcast-platform-operator/hazelcast-platform-operator/test/e2e/custom_resource_test.go:55&#xA;2023-02-24T09:47:26.831620284Z&#xA;&amp;{Text:setting the label and CR with name &#39;hmp-5-jpync4&#39; Duration:0s}&#xA;--&#xA;CR_ID:hmp-5-jpync4&#xA;/home/runner/work/hazelcast-platform-operator/hazelcast-platform-operator/test/e2e/custom_resource_test.go:73&#xA;2023-02-24T09:47:26.831686985Z&#xA;--&#xA;By Step&#xA;/home/runner/work/hazelcast-platform-operator/hazelcast-platform-operator/test/e2e/helpers_test.go:106&#xA;2023-02-24T09:47:26.831689385Z&#xA;&amp;{Text:creating Hazelcast CR Duration:31.446478ms}&#xA;--&#xA;By Step&#xA;/home/runner/work/hazelcast-platform-operator/hazelcast-platform-operator/test/e2e/helpers_test.go:111&#xA;2023-02-24T09:47:26.863136463Z&#xA;&amp;{Text:checking Hazelcast CR running Duration:31.015869804s}&#xA;--&#xA;By Step&#xA;/home/runner/work/hazelcast-platform-operator/hazelcast-platform-operator/test/e2e/helpers_test.go:424&#xA;2023-02-24T09:47:57.896590167Z&#xA;&amp;{Text:waiting for Map CR status Duration:717.544366ms}&#xA;--&#xA;By Step&#xA;/home/runner/work/hazelcast-platform-operator/hazelcast-platform-operator/test/e2e/hazelcast_map_persistence_test.go:193&#xA;2023-02-24T09:47:58.614135633Z&#xA;&amp;{Text:checking if the map config is persisted Duration:0s}&#xA;--&#xA;By Step&#xA;/home/runner/work/hazelcast-platform-operator/hazelcast-platform-operator/test/e2e/hazelcast_map_persistence_test.go:197&#xA;2023-02-24T09:47:58.623821081Z&#xA;&amp;{Text:failing to update the map config Duration:0s}&#xA;--&#xA;By Step&#xA;/home/runner/work/hazelcast-platform-operator/hazelcast-platform-operator/test/e2e/hazelcast_map_persistence_test.go:201&#xA;2023-02-24T09:47:58.642247771Z&#xA;&amp;{Text:checking if the same map config is still there Duration:0s}&#xA;</system-out>
              <system-err>[BeforeEach] Hazelcast Map Config with Persistence&#xA;  /home/runner/work/hazelcast-platform-operator/hazelcast-platform-operator/test/e2e/hazelcast_map_persistence_test.go:23&#xA;�[1mSTEP:�[0m checking hazelcast-platform-controller-manager running �[38;5;243m02/24/23 09:47:26.821�[0m&#xA;test-operator-os/hp-os-4261116783-hazelcast-platform-operator&#xA;[It] should continue persisting last applied Map Config in case of failure&#xA;  /home/runner/work/hazelcast-platform-operator/hazelcast-platform-operator/test/e2e/hazelcast_map_persistence_test.go:184&#xA;�[1mSTEP:�[0m setting the label and CR with name &#39;hmp-5-jpync4&#39; �[38;5;243m02/24/23 09:47:26.831�[0m&#xA;�[1mSTEP:�[0m creating Hazelcast CR �[38;5;243m02/24/23 09:47:26.831�[0m&#xA;�[1mSTEP:�[0m checking Hazelcast CR running �[38;5;243m02/24/23 09:47:26.863�[0m&#xA;�[1mSTEP:�[0m waiting for Map CR status �[38;5;243m02/24/23 09:47:57.896�[0m&#xA;�[1mSTEP:�[0m checking if the map config is persisted �[38;5;243m02/24/23 09:47:58.614�[0m&#xA;�[1mSTEP:�[0m failing to update the map config �[38;5;243m02/24/23 09:47:58.623�[0m&#xA;�[1mSTEP:�[0m checking if the same map config is still there �[38;5;243m02/24/23 09:47:58.642�[0m&#xA;[AfterEach] Hazelcast Map Config with Persistence&#xA;  /home/runner/work/hazelcast-platform-operator/hazelcast-platform-operator/test/e2e/hazelcast_map_persistence_test.go:39&#xA;Aftereach start time is 2023-02-24 09:48:03.653851238 +0000 UTC m=+250.899165228&#xA;Aftereach end time is 2023-02-24 09:48:05.950583186 +0000 UTC m=+253.195897276&#xA;</system-err>
          </testcase>
          <testcase name="[It] Management-Center Default ManagementCenter CR Should create ManagementCenter resources [mc, fast]" classname="Operator Suite OS" status="passed" time="181.957004695">
              <system-out>&#xA;Report Entries:&#xA;By Step&#xA;/home/runner/work/hazelcast-platform-operator/hazelcast-platform-operator/test/e2e/management_center_test.go:31&#xA;2023-02-24T09:48:05.951919793Z&#xA;&amp;{Text:checking hazelcast-platform-controller-manager running Duration:9.883755ms}&#xA;--&#xA;By Step&#xA;/home/runner/work/hazelcast-platform-operator/hazelcast-platform-operator/test/e2e/custom_resource_test.go:55&#xA;2023-02-24T09:48:05.961820948Z&#xA;&amp;{Text:setting the label and CR with name &#39;mc-1-5px933&#39; Duration:0s}&#xA;--&#xA;CR_ID:mc-1-5px933&#xA;/home/runner/work/hazelcast-platform-operator/hazelcast-platform-operator/test/e2e/custom_resource_test.go:73&#xA;2023-02-24T09:48:05.961898348Z&#xA;--&#xA;By Step&#xA;/home/runner/work/hazelcast-platform-operator/hazelcast-platform-operator/test/e2e/management_center_test.go:50&#xA;2023-02-24T09:48:05.961901648Z&#xA;&amp;{Text:creating ManagementCenter CR Duration:30.715169ms}&#xA;--&#xA;By Step&#xA;/home/runner/work/hazelcast-platform-operator/hazelcast-platform-operator/test/e2e/management_center_test.go:54&#xA;2023-02-24T09:48:05.992617117Z&#xA;&amp;{Text:checking ManagementCenter CR running Duration:3m1.849823487s}&#xA;--&#xA;By Step&#xA;/home/runner/work/hazelcast-platform-operator/hazelcast-platform-operator/test/e2e/management_center_test.go:76&#xA;2023-02-24T09:51:07.842441104Z&#xA;&amp;{Text:checking if it created PVC with correct size Duration:14.515962ms}&#xA;--&#xA;By Step&#xA;/home/runner/work/hazelcast-platform-operator/hazelcast-platform-operator/test/e2e/management_center_test.go:90&#xA;2023-02-24T09:51:07.856957466Z&#xA;&amp;{Text:asserting status of external addresses are not empty Duration:10.455545ms}&#xA;</system-out>
              <system-err>[BeforeEach] Management-Center&#xA;  /home/runner/work/hazelcast-platform-operator/hazelcast-platform-operator/test/e2e/management_center_test.go:23&#xA;�[1mSTEP:�[0m checking hazelcast-platform-controller-manager running �[38;5;243m02/24/23 09:48:05.951�[0m&#xA;[It] Should create ManagementCenter resources&#xA;  /home/runner/work/hazelcast-platform-operator/hazelcast-platform-operator/test/e2e/management_center_test.go:71&#xA;�[1mSTEP:�[0m setting the label and CR with name &#39;mc-1-5px933&#39; �[38;5;243m02/24/23 09:48:05.961�[0m&#xA;�[1mSTEP:�[0m creating ManagementCenter CR �[38;5;243m02/24/23 09:48:05.961�[0m&#xA;�[1mSTEP:�[0m checking ManagementCenter CR running �[38;5;243m02/24/23 09:48:05.992�[0m&#xA;�[1mSTEP:�[0m checking if it created PVC with correct size �[38;5;243m02/24/23 09:51:07.842�[0m&#xA;�[1mSTEP:�[0m asserting status of external addresses are not empty �[38;5;243m02/24/23 09:51:07.856�[0m&#xA;[AfterEach] Management-Center&#xA;  /home/runner/work/hazelcast-platform-operator/hazelcast-platform-operator/test/e2e/management_center_test.go:39&#xA;Aftereach start time is 2023-02-24 09:51:07.867433611 +0000 UTC m=+435.112747601&#xA;Aftereach end time is 2023-02-24 09:51:07.908856388 +0000 UTC m=+435.154170378&#xA;</system-err>
          </testcase>
          <testcase name="[It] Hazelcast CR with Persistence feature enabled should successfully trigger HotBackup [hz_persistence, slow]" classname="Operator Suite OS" status="skipped" time="0.011868851">
              <skipped message="skipped - This test will only run in EE configuration"></skipped>
              <system-out>&#xA;Report Entries:&#xA;By Step&#xA;/home/runner/work/hazelcast-platform-operator/hazelcast-platform-operator/test/e2e/hazelcast_persistence_test.go:29&#xA;2023-02-24T09:51:07.909478591Z&#xA;&amp;{Text:checking hazelcast-platform-controller-manager running Duration:11.70215ms}&#xA;</system-out>
              <system-err>[BeforeEach] Hazelcast CR with Persistence feature enabled&#xA;  /home/runner/work/hazelcast-platform-operator/hazelcast-platform-operator/test/e2e/hazelcast_persistence_test.go:22&#xA;�[1mSTEP:�[0m checking hazelcast-platform-controller-manager running �[38;5;243m02/24/23 09:51:07.909�[0m&#xA;[It] should successfully trigger HotBackup&#xA;  /home/runner/work/hazelcast-platform-operator/hazelcast-platform-operator/test/e2e/hazelcast_persistence_test.go:52&#xA;[AfterEach] Hazelcast CR with Persistence feature enabled&#xA;  /home/runner/work/hazelcast-platform-operator/hazelcast-platform-operator/test/e2e/hazelcast_persistence_test.go:37&#xA;Aftereach start time is 2023-02-24 09:51:07.921302841 +0000 UTC m=+435.166616831&#xA;</system-err>
          </testcase>
          <testcase name="[It] Hazelcast CR with Persistence feature enabled should trigger corresponding action when startupActionSpecified ForceStart [hz_persistence, slow]" classname="Operator Suite OS" status="skipped" time="0.010347645">
              <skipped message="skipped - This test will only run in EE configuration"></skipped>
              <system-out>&#xA;Report Entries:&#xA;By Step&#xA;/home/runner/work/hazelcast-platform-operator/hazelcast-platform-operator/test/e2e/hazelcast_persistence_test.go:29&#xA;2023-02-24T09:51:07.921765043Z&#xA;&amp;{Text:checking hazelcast-platform-controller-manager running Duration:10.134144ms}&#xA;</system-out>
              <system-err>[BeforeEach] Hazelcast CR with Persistence feature enabled&#xA;  /home/runner/work/hazelcast-platform-operator/hazelcast-platform-operator/test/e2e/hazelcast_persistence_test.go:22&#xA;�[1mSTEP:�[0m checking hazelcast-platform-controller-manager running �[38;5;243m02/24/23 09:51:07.921�[0m&#xA;[It] ForceStart&#xA;  /home/runner/work/hazelcast-platform-operator/hazelcast-platform-operator/test/e2e/hazelcast_persistence_test.go:120&#xA;[AfterEach] Hazelcast CR with Persistence feature enabled&#xA;  /home/runner/work/hazelcast-platform-operator/hazelcast-platform-operator/test/e2e/hazelcast_persistence_test.go:37&#xA;Aftereach start time is 2023-02-24 09:51:07.932084888 +0000 UTC m=+435.177398878&#xA;</system-err>
          </testcase>
          <testcase name="[It] Hazelcast CR with Persistence feature enabled should trigger corresponding action when startupActionSpecified PartialStart [hz_persistence, slow]" classname="Operator Suite OS" status="skipped" time="0.010404945">
              <skipped message="skipped - This test will only run in EE configuration"></skipped>
              <system-out>&#xA;Report Entries:&#xA;By Step&#xA;/home/runner/work/hazelcast-platform-operator/hazelcast-platform-operator/test/e2e/hazelcast_persistence_test.go:29&#xA;2023-02-24T09:51:07.932493889Z&#xA;&amp;{Text:checking hazelcast-platform-controller-manager running Duration:10.193644ms}&#xA;</system-out>
              <system-err>[BeforeEach] Hazelcast CR with Persistence feature enabled&#xA;  /home/runner/work/hazelcast-platform-operator/hazelcast-platform-operator/test/e2e/hazelcast_persistence_test.go:22&#xA;�[1mSTEP:�[0m checking hazelcast-platform-controller-manager running �[38;5;243m02/24/23 09:51:07.932�[0m&#xA;[It] PartialStart&#xA;  /home/runner/work/hazelcast-platform-operator/hazelcast-platform-operator/test/e2e/hazelcast_persistence_test.go:121&#xA;[AfterEach] Hazelcast CR with Persistence feature enabled&#xA;  /home/runner/work/hazelcast-platform-operator/hazelcast-platform-operator/test/e2e/hazelcast_persistence_test.go:37&#xA;Aftereach start time is 2023-02-24 09:51:07.942876834 +0000 UTC m=+435.188190824&#xA;</system-err>
          </testcase>
          <testcase name="[It] Hazelcast CR with Persistence feature enabled should trigger multiple HotBackups with CronHotBackup [hz_persistence, slow]" classname="Operator Suite OS" status="skipped" time="0.009899742">
              <skipped message="skipped - This test will only run in EE configuration"></skipped>
              <system-out>&#xA;Report Entries:&#xA;By Step&#xA;/home/runner/work/hazelcast-platform-operator/hazelcast-platform-operator/test/e2e/hazelcast_persistence_test.go:29&#xA;2023-02-24T09:51:07.943378136Z&#xA;&amp;{Text:checking hazelcast-platform-controller-manager running Duration:9.760142ms}&#xA;</system-out>
              <system-err>[BeforeEach] Hazelcast CR with Persistence feature enabled&#xA;  /home/runner/work/hazelcast-platform-operator/hazelcast-platform-operator/test/e2e/hazelcast_persistence_test.go:22&#xA;�[1mSTEP:�[0m checking hazelcast-platform-controller-manager running �[38;5;243m02/24/23 09:51:07.943�[0m&#xA;[It] should trigger multiple HotBackups with CronHotBackup&#xA;  /home/runner/work/hazelcast-platform-operator/hazelcast-platform-operator/test/e2e/hazelcast_persistence_test.go:124&#xA;[AfterEach] Hazelcast CR with Persistence feature enabled&#xA;  /home/runner/work/hazelcast-platform-operator/hazelcast-platform-operator/test/e2e/hazelcast_persistence_test.go:37&#xA;Aftereach start time is 2023-02-24 09:51:07.953253478 +0000 UTC m=+435.198567568&#xA;</system-err>
          </testcase>
          <testcase name="[It] Hazelcast CR with Persistence feature enabled should successfully restore from LocalBackup-PVC-HotBackupResourceName [hz_persistence, slow]" classname="Operator Suite OS" status="skipped" time="0.015497166">
              <skipped message="skipped - This test will only run in EE configuration"></skipped>
              <system-out>&#xA;Report Entries:&#xA;By Step&#xA;/home/runner/work/hazelcast-platform-operator/hazelcast-platform-operator/test/e2e/hazelcast_persistence_test.go:29&#xA;2023-02-24T09:51:07.95366708Z&#xA;&amp;{Text:checking hazelcast-platform-controller-manager running Duration:15.364066ms}&#xA;</system-out>
              <system-err>[BeforeEach] Hazelcast CR with Persistence feature enabled&#xA;  /home/runner/work/hazelcast-platform-operator/hazelcast-platform-operator/test/e2e/hazelcast_persistence_test.go:22&#xA;�[1mSTEP:�[0m checking hazelcast-platform-controller-manager running �[38;5;243m02/24/23 09:51:07.953�[0m&#xA;[It] should successfully restore from LocalBackup-PVC-HotBackupResourceName&#xA;  /home/runner/work/hazelcast-platform-operator/hazelcast-platform-operator/test/e2e/hazelcast_persistence_test.go:190&#xA;[AfterEach] Hazelcast CR with Persistence feature enabled&#xA;  /home/runner/work/hazelcast-platform-operator/hazelcast-platform-operator/test/e2e/hazelcast_persistence_test.go:37&#xA;Aftereach start time is 2023-02-24 09:51:07.969147246 +0000 UTC m=+435.214461236&#xA;</system-err>
          </testcase>
          <testcase name="[It] Hazelcast CR with Persistence feature enabled Should successfully restore from ExternalBackup-PVC using AWS S3 bucket HotBackupResourceName [hz_persistence, slow]" classname="Operator Suite OS" status="skipped" time="0.013919359">
              <skipped message="skipped - This test will only run in EE configuration"></skipped>
              <system-out>&#xA;Report Entries:&#xA;By Step&#xA;/home/runner/work/hazelcast-platform-operator/hazelcast-platform-operator/test/e2e/hazelcast_persistence_test.go:29&#xA;2023-02-24T09:51:07.969547148Z&#xA;&amp;{Text:checking hazelcast-platform-controller-manager running Duration:13.716459ms}&#xA;</system-out>
              <system-err>[BeforeEach] Hazelcast CR with Persistence feature enabled&#xA;  /home/runner/work/hazelcast-platform-operator/hazelcast-platform-operator/test/e2e/hazelcast_persistence_test.go:22&#xA;�[1mSTEP:�[0m checking hazelcast-platform-controller-manager running �[38;5;243m02/24/23 09:51:07.969�[0m&#xA;[It] using AWS S3 bucket HotBackupResourceName&#xA;  /home/runner/work/hazelcast-platform-operator/hazelcast-platform-operator/test/e2e/hazelcast_persistence_test.go:215&#xA;[AfterEach] Hazelcast CR with Persistence feature enabled&#xA;  /home/runner/work/hazelcast-platform-operator/hazelcast-platform-operator/test/e2e/hazelcast_persistence_test.go:37&#xA;Aftereach start time is 2023-02-24 09:51:07.983438207 +0000 UTC m=+435.228752197&#xA;</system-err>
          </testcase>
          <testcase name="[It] Hazelcast CR with Persistence feature enabled Should successfully restore from ExternalBackup-PVC using GCP bucket HotBackupResourceName [hz_persistence, slow]" classname="Operator Suite OS" status="skipped" time="0.010396645">
              <skipped message="skipped - This test will only run in EE configuration"></skipped>
              <system-out>&#xA;Report Entries:&#xA;By Step&#xA;/home/runner/work/hazelcast-platform-operator/hazelcast-platform-operator/test/e2e/hazelcast_persistence_test.go:29&#xA;2023-02-24T09:51:07.98414691Z&#xA;&amp;{Text:checking hazelcast-platform-controller-manager running Duration:10.213044ms}&#xA;</system-out>
              <system-err>[BeforeEach] Hazelcast CR with Persistence feature enabled&#xA;  /home/runner/work/hazelcast-platform-operator/hazelcast-platform-operator/test/e2e/hazelcast_persistence_test.go:22&#xA;�[1mSTEP:�[0m checking hazelcast-platform-controller-manager running �[38;5;243m02/24/23 09:51:07.984�[0m&#xA;[It] using GCP bucket HotBackupResourceName&#xA;  /home/runner/work/hazelcast-platform-operator/hazelcast-platform-operator/test/e2e/hazelcast_persistence_test.go:216&#xA;[AfterEach] Hazelcast CR with Persistence feature enabled&#xA;  /home/runner/work/hazelcast-platform-operator/hazelcast-platform-operator/test/e2e/hazelcast_persistence_test.go:37&#xA;Aftereach start time is 2023-02-24 09:51:07.994529155 +0000 UTC m=+435.239843145&#xA;</system-err>
          </testcase>
          <testcase name="[It] Hazelcast CR with Persistence feature enabled Should successfully restore from ExternalBackup-PVC using Azure bucket HotBackupResourceName [hz_persistence, slow]" classname="Operator Suite OS" status="skipped" time="0.009905543">
              <skipped message="skipped - This test will only run in EE configuration"></skipped>
              <system-out>&#xA;Report Entries:&#xA;By Step&#xA;/home/runner/work/hazelcast-platform-operator/hazelcast-platform-operator/test/e2e/hazelcast_persistence_test.go:29&#xA;2023-02-24T09:51:07.994923756Z&#xA;&amp;{Text:checking hazelcast-platform-controller-manager running Duration:9.717742ms}&#xA;</system-out>
              <system-err>[BeforeEach] Hazelcast CR with Persistence feature enabled&#xA;  /home/runner/work/hazelcast-platform-operator/hazelcast-platform-operator/test/e2e/hazelcast_persistence_test.go:22&#xA;�[1mSTEP:�[0m checking hazelcast-platform-controller-manager running �[38;5;243m02/24/23 09:51:07.994�[0m&#xA;[It] using Azure bucket HotBackupResourceName&#xA;  /home/runner/work/hazelcast-platform-operator/hazelcast-platform-operator/test/e2e/hazelcast_persistence_test.go:217&#xA;[AfterEach] Hazelcast CR with Persistence feature enabled&#xA;  /home/runner/work/hazelcast-platform-operator/hazelcast-platform-operator/test/e2e/hazelcast_persistence_test.go:37&#xA;Aftereach start time is 2023-02-24 09:51:08.004814499 +0000 UTC m=+435.250128489&#xA;</system-err>
          </testcase>
          <testcase name="[It] Hazelcast CR with Persistence feature enabled Should successfully restore from ExternalBackup-PVC using GCP bucket restore from BucketConfig [hz_persistence, slow]" classname="Operator Suite OS" status="skipped" time="0.010418744">
              <skipped message="skipped - This test will only run in EE configuration"></skipped>
              <system-out>&#xA;Report Entries:&#xA;By Step&#xA;/home/runner/work/hazelcast-platform-operator/hazelcast-platform-operator/test/e2e/hazelcast_persistence_test.go:29&#xA;2023-02-24T09:51:08.005251001Z&#xA;&amp;{Text:checking hazelcast-platform-controller-manager running Duration:10.239643ms}&#xA;</system-out>
              <system-err>[BeforeEach] Hazelcast CR with Persistence feature enabled&#xA;  /home/runner/work/hazelcast-platform-operator/hazelcast-platform-operator/test/e2e/hazelcast_persistence_test.go:22&#xA;�[1mSTEP:�[0m checking hazelcast-platform-controller-manager running �[38;5;243m02/24/23 09:51:08.005�[0m&#xA;[It] using GCP bucket restore from BucketConfig&#xA;  /home/runner/work/hazelcast-platform-operator/hazelcast-platform-operator/test/e2e/hazelcast_persistence_test.go:218&#xA;[AfterEach] Hazelcast CR with Persistence feature enabled&#xA;  /home/runner/work/hazelcast-platform-operator/hazelcast-platform-operator/test/e2e/hazelcast_persistence_test.go:37&#xA;Aftereach start time is 2023-02-24 09:51:08.015653145 +0000 UTC m=+435.260967135&#xA;</system-err>
          </testcase>
          <testcase name="[It] Hazelcast CR with Persistence feature enabled should start HotBackup after cluster is ready [hz_persistence, slow]" classname="Operator Suite OS" status="skipped" time="0.010068744">
              <skipped message="skipped - This test will only run in EE configuration"></skipped>
              <system-out>&#xA;Report Entries:&#xA;By Step&#xA;/home/runner/work/hazelcast-platform-operator/hazelcast-platform-operator/test/e2e/hazelcast_persistence_test.go:29&#xA;2023-02-24T09:51:08.016203947Z&#xA;&amp;{Text:checking hazelcast-platform-controller-manager running Duration:9.940543ms}&#xA;</system-out>
              <system-err>[BeforeEach] Hazelcast CR with Persistence feature enabled&#xA;  /home/runner/work/hazelcast-platform-operator/hazelcast-platform-operator/test/e2e/hazelcast_persistence_test.go:22&#xA;�[1mSTEP:�[0m checking hazelcast-platform-controller-manager running �[38;5;243m02/24/23 09:51:08.016�[0m&#xA;[It] should start HotBackup after cluster is ready&#xA;  /home/runner/work/hazelcast-platform-operator/hazelcast-platform-operator/test/e2e/hazelcast_persistence_test.go:221&#xA;[AfterEach] Hazelcast CR with Persistence feature enabled&#xA;  /home/runner/work/hazelcast-platform-operator/hazelcast-platform-operator/test/e2e/hazelcast_persistence_test.go:37&#xA;Aftereach start time is 2023-02-24 09:51:08.026257091 +0000 UTC m=+435.271571081&#xA;</system-err>
          </testcase>
          <testcase name="[It] Hazelcast MultiMap Config should create MultiMap Config [multimap, fast]" classname="Operator Suite OS" status="passed" time="43.729706877">
              <system-out>&#xA;Report Entries:&#xA;By Step&#xA;/home/runner/work/hazelcast-platform-operator/hazelcast-platform-operator/test/e2e/hazelcast_multimap_test.go:28&#xA;2023-02-24T09:51:08.026688892Z&#xA;&amp;{Text:checking hazelcast-platform-controller-manager running Duration:9.121439ms}&#xA;--&#xA;By Step&#xA;/home/runner/work/hazelcast-platform-operator/hazelcast-platform-operator/test/e2e/custom_resource_test.go:55&#xA;2023-02-24T09:51:08.035831931Z&#xA;&amp;{Text:setting the label and CR with name &#39;hmm-1-qn4jsu&#39; Duration:0s}&#xA;--&#xA;CR_ID:hmm-1-qn4jsu&#xA;/home/runner/work/hazelcast-platform-operator/hazelcast-platform-operator/test/e2e/custom_resource_test.go:73&#xA;2023-02-24T09:51:08.035904732Z&#xA;--&#xA;By Step&#xA;/home/runner/work/hazelcast-platform-operator/hazelcast-platform-operator/test/e2e/helpers_test.go:106&#xA;2023-02-24T09:51:08.035907432Z&#xA;&amp;{Text:creating Hazelcast CR Duration:17.246974ms}&#xA;--&#xA;By Step&#xA;/home/runner/work/hazelcast-platform-operator/hazelcast-platform-operator/test/e2e/helpers_test.go:111&#xA;2023-02-24T09:51:08.053154806Z&#xA;&amp;{Text:checking Hazelcast CR running Duration:31.194374058s}&#xA;--&#xA;By Step&#xA;/home/runner/work/hazelcast-platform-operator/hazelcast-platform-operator/test/e2e/helpers_test.go:738&#xA;2023-02-24T09:51:39.278577097Z&#xA;&amp;{Text:waiting for  CR status Duration:9.492545659s}&#xA;</system-out>
              <system-err>[BeforeEach] Hazelcast MultiMap Config&#xA;  /home/runner/work/hazelcast-platform-operator/hazelcast-platform-operator/test/e2e/hazelcast_multimap_test.go:21&#xA;�[1mSTEP:�[0m checking hazelcast-platform-controller-manager running �[38;5;243m02/24/23 09:51:08.026�[0m&#xA;[It] should create MultiMap Config&#xA;  /home/runner/work/hazelcast-platform-operator/hazelcast-platform-operator/test/e2e/hazelcast_multimap_test.go:48&#xA;�[1mSTEP:�[0m setting the label and CR with name &#39;hmm-1-qn4jsu&#39; �[38;5;243m02/24/23 09:51:08.035�[0m&#xA;�[1mSTEP:�[0m creating Hazelcast CR �[38;5;243m02/24/23 09:51:08.035�[0m&#xA;�[1mSTEP:�[0m checking Hazelcast CR running �[38;5;243m02/24/23 09:51:08.053�[0m&#xA;�[1mSTEP:�[0m waiting for  CR status �[38;5;243m02/24/23 09:51:39.278�[0m&#xA;[AfterEach] Hazelcast MultiMap Config&#xA;  /home/runner/work/hazelcast-platform-operator/hazelcast-platform-operator/test/e2e/hazelcast_multimap_test.go:36&#xA;Aftereach start time is 2023-02-24 09:51:48.771145456 +0000 UTC m=+476.016459446&#xA;Aftereach end time is 2023-02-24 09:51:51.756364869 +0000 UTC m=+479.001678959&#xA;</system-err>
          </testcase>
          <testcase name="[It] Hazelcast Default Hazelcast CR should create Hazelcast cluster [hz, fast]" classname="Operator Suite OS" status="passed" time="32.751238554">
              <system-out>&#xA;Report Entries:&#xA;By Step&#xA;/home/runner/work/hazelcast-platform-operator/hazelcast-platform-operator/test/e2e/hazelcast_test.go:31&#xA;2023-02-24T09:51:51.757030772Z&#xA;&amp;{Text:checking hazelcast-platform-controller-manager running Duration:10.01844ms}&#xA;--&#xA;By Step&#xA;/home/runner/work/hazelcast-platform-operator/hazelcast-platform-operator/test/e2e/custom_resource_test.go:55&#xA;2023-02-24T09:51:51.767070912Z&#xA;&amp;{Text:setting the label and CR with name &#39;h-1-1yxyd4&#39; Duration:0s}&#xA;--&#xA;CR_ID:h-1-1yxyd4&#xA;/home/runner/work/hazelcast-platform-operator/hazelcast-platform-operator/test/e2e/custom_resource_test.go:73&#xA;2023-02-24T09:51:51.767140013Z&#xA;--&#xA;By Step&#xA;/home/runner/work/hazelcast-platform-operator/hazelcast-platform-operator/test/e2e/helpers_test.go:106&#xA;2023-02-24T09:51:51.767142113Z&#xA;&amp;{Text:creating Hazelcast CR Duration:16.849568ms}&#xA;--&#xA;By Step&#xA;/home/runner/work/hazelcast-platform-operator/hazelcast-platform-operator/test/e2e/helpers_test.go:111&#xA;2023-02-24T09:51:51.783992181Z&#xA;&amp;{Text:checking Hazelcast CR running Duration:30.841303483s}&#xA;</system-out>
              <system-err>[BeforeEach] Hazelcast&#xA;  /home/runner/work/hazelcast-platform-operator/hazelcast-platform-operator/test/e2e/hazelcast_test.go:24&#xA;�[1mSTEP:�[0m checking hazelcast-platform-controller-manager running �[38;5;243m02/24/23 09:51:51.757�[0m&#xA;[It] should create Hazelcast cluster&#xA;  /home/runner/work/hazelcast-platform-operator/hazelcast-platform-operator/test/e2e/hazelcast_test.go:51&#xA;�[1mSTEP:�[0m setting the label and CR with name &#39;h-1-1yxyd4&#39; �[38;5;243m02/24/23 09:51:51.767�[0m&#xA;�[1mSTEP:�[0m creating Hazelcast CR �[38;5;243m02/24/23 09:51:51.767�[0m&#xA;�[1mSTEP:�[0m checking Hazelcast CR running �[38;5;243m02/24/23 09:51:51.783�[0m&#xA;[AfterEach] Hazelcast&#xA;  /home/runner/work/hazelcast-platform-operator/hazelcast-platform-operator/test/e2e/hazelcast_test.go:39&#xA;Aftereach start time is 2023-02-24 09:52:22.625319364 +0000 UTC m=+509.870633354&#xA;Aftereach end time is 2023-02-24 09:52:24.508234926 +0000 UTC m=+511.753548916&#xA;</system-err>
          </testcase>
          <testcase name="[It] Hazelcast Hazelcast member status should update HZ detailed member status [hz, fast]" classname="Operator Suite OS" status="passed" time="33.453198366">
              <system-out>&#xA;Report Entries:&#xA;By Step&#xA;/home/runner/work/hazelcast-platform-operator/hazelcast-platform-operator/test/e2e/hazelcast_test.go:31&#xA;2023-02-24T09:52:24.509528532Z&#xA;&amp;{Text:checking hazelcast-platform-controller-manager running Duration:10.131242ms}&#xA;--&#xA;By Step&#xA;/home/runner/work/hazelcast-platform-operator/hazelcast-platform-operator/test/e2e/custom_resource_test.go:55&#xA;2023-02-24T09:52:24.519670174Z&#xA;&amp;{Text:setting the label and CR with name &#39;h-4-3txegl&#39; Duration:0s}&#xA;--&#xA;CR_ID:h-4-3txegl&#xA;/home/runner/work/hazelcast-platform-operator/hazelcast-platform-operator/test/e2e/custom_resource_test.go:73&#xA;2023-02-24T09:52:24.519733174Z&#xA;--&#xA;By Step&#xA;/home/runner/work/hazelcast-platform-operator/hazelcast-platform-operator/test/e2e/helpers_test.go:106&#xA;2023-02-24T09:52:24.519736174Z&#xA;&amp;{Text:creating Hazelcast CR Duration:22.976996ms}&#xA;--&#xA;By Step&#xA;/home/runner/work/hazelcast-platform-operator/hazelcast-platform-operator/test/e2e/helpers_test.go:111&#xA;2023-02-24T09:52:24.54271347Z&#xA;&amp;{Text:checking Hazelcast CR running Duration:21.035541345s}&#xA;--&#xA;By Step&#xA;/home/runner/work/hazelcast-platform-operator/hazelcast-platform-operator/test/e2e/helpers_test.go:394&#xA;2023-02-24T09:52:45.578258415Z&#xA;&amp;{Text:evaluate number of ready members for lookup name &#39;h-4-3txegl&#39; and &#39;test-operator-os&#39; namespace Duration:10.149894569s}&#xA;</system-out>
              <system-err>[BeforeEach] Hazelcast&#xA;  /home/runner/work/hazelcast-platform-operator/hazelcast-platform-operator/test/e2e/hazelcast_test.go:24&#xA;�[1mSTEP:�[0m checking hazelcast-platform-controller-manager running �[38;5;243m02/24/23 09:52:24.509�[0m&#xA;[It] should update HZ detailed member status&#xA;  /home/runner/work/hazelcast-platform-operator/hazelcast-platform-operator/test/e2e/hazelcast_test.go:81&#xA;�[1mSTEP:�[0m setting the label and CR with name &#39;h-4-3txegl&#39; �[38;5;243m02/24/23 09:52:24.519�[0m&#xA;�[1mSTEP:�[0m creating Hazelcast CR �[38;5;243m02/24/23 09:52:24.519�[0m&#xA;�[1mSTEP:�[0m checking Hazelcast CR running �[38;5;243m02/24/23 09:52:24.542�[0m&#xA;�[1mSTEP:�[0m evaluate number of ready members for lookup name &#39;h-4-3txegl&#39; and &#39;test-operator-os&#39; namespace �[38;5;243m02/24/23 09:52:45.578�[0m&#xA;[AfterEach] Hazelcast&#xA;  /home/runner/work/hazelcast-platform-operator/hazelcast-platform-operator/test/e2e/hazelcast_test.go:39&#xA;Aftereach start time is 2023-02-24 09:52:55.740849925 +0000 UTC m=+542.986163915&#xA;Aftereach end time is 2023-02-24 09:52:57.962692798 +0000 UTC m=+545.208006788&#xA;</system-err>
          </testcase>
          <testcase name="[It] Hazelcast WAN should send 3 GB data by each cluster in active-passive mode in the different GKE clusters [hz_wan_slow, slow]" classname="Operator Suite OS" status="skipped" time="0">
              <skipped message="skipped"></skipped>
          </testcase>
          <testcase name="[It] Hazelcast WAN should send 6 GB data by each cluster in active-active mode in the different GKE clusters [hz_wan_slow, slow]" classname="Operator Suite OS" status="skipped" time="0">
              <skipped message="skipped"></skipped>
          </testcase>
          <testcase name="[It] Resilience should be able to reconnect to Hazelcast cluster upon restart even when Hazelcast cluster is marked to be deleted [slow]" classname="Operator Suite OS" status="skipped" time="0">
              <skipped message="skipped"></skipped>
          </testcase>
          <testcase name="[AfterSuite]" classname="Operator Suite OS" status="passed" time="0.000236301">
              <system-out>&#xA;Report Entries:&#xA;By Step&#xA;/home/runner/work/hazelcast-platform-operator/hazelcast-platform-operator/test/e2e/e2e_suite_test.go:57&#xA;2023-02-24T09:53:20.879008005Z&#xA;&amp;{Text:tearing down the test environment Duration:0s}&#xA;</system-out>
              <system-err>[AfterSuite] TOP-LEVEL&#xA;  /home/runner/work/hazelcast-platform-operator/hazelcast-platform-operator/test/e2e/e2e_suite_test.go:56&#xA;�[1mSTEP:�[0m tearing down the test environment �[38;5;243m02/24/23 09:53:20.879�[0m&#xA;</system-err>
          </testcase>
          <testcase name="[SynchronizedBeforeSuite]" classname="Operator Suite OS" status="passed" time="2.940219898">
              <system-out>&#xA;Report Entries:&#xA;By Step&#xA;/home/runner/work/hazelcast-platform-operator/hazelcast-platform-operator/test/e2e/e2e_suite_test.go:65&#xA;2023-02-24T09:44:38.671885536Z&#xA;&amp;{Text:bootstrapping test environment Duration:0s}&#xA;</system-out>
              <system-err>[SynchronizedBeforeSuite] TOP-LEVEL&#xA;  /home/runner/work/hazelcast-platform-operator/hazelcast-platform-operator/test/e2e/e2e_suite_test.go:40&#xA;�[1mSTEP:�[0m bootstrapping test environment �[38;5;243m02/24/23 09:44:38.671�[0m&#xA;</system-err>
          </testcase>
          <testcase name="[It] Hazelcast ReplicatedMap Config should create ReplicatedMap Config with correct default values [replicatedmap, fast]" classname="Operator Suite OS" status="passed" time="81.397539867">
              <system-out>&#xA;Report Entries:&#xA;By Step&#xA;/home/runner/work/hazelcast-platform-operator/hazelcast-platform-operator/test/e2e/hazelcast_replicatedmap_test.go:28&#xA;2023-02-24T09:44:39.95166634Z&#xA;&amp;{Text:checking hazelcast-platform-controller-manager running Duration:10.979377ms}&#xA;--&#xA;By Step&#xA;/home/runner/work/hazelcast-platform-operator/hazelcast-platform-operator/test/e2e/custom_resource_test.go:55&#xA;2023-02-24T09:44:39.962656417Z&#xA;&amp;{Text:setting the label and CR with name &#39;hrm-2-mwaz9a&#39; Duration:0s}&#xA;--&#xA;CR_ID:hrm-2-mwaz9a&#xA;/home/runner/work/hazelcast-platform-operator/hazelcast-platform-operator/test/e2e/custom_resource_test.go:73&#xA;2023-02-24T09:44:39.962724717Z&#xA;--&#xA;By Step&#xA;/home/runner/work/hazelcast-platform-operator/hazelcast-platform-operator/test/e2e/helpers_test.go:106&#xA;2023-02-24T09:44:39.962726417Z&#xA;&amp;{Text:creating Hazelcast CR Duration:22.374758ms}&#xA;--&#xA;By Step&#xA;/home/runner/work/hazelcast-platform-operator/hazelcast-platform-operator/test/e2e/helpers_test.go:111&#xA;2023-02-24T09:44:39.985101675Z&#xA;&amp;{Text:checking Hazelcast CR running Duration:1m3.813384289s}&#xA;--&#xA;By Step&#xA;/home/runner/work/hazelcast-platform-operator/hazelcast-platform-operator/test/e2e/hazelcast_replicatedmap_test.go:63&#xA;2023-02-24T09:45:43.798486664Z&#xA;&amp;{Text:creating the default ReplicatedMap config Duration:0s}&#xA;--&#xA;By Step&#xA;/home/runner/work/hazelcast-platform-operator/hazelcast-platform-operator/test/e2e/helpers_test.go:738&#xA;2023-02-24T09:45:43.818501907Z&#xA;&amp;{Text:waiting for  CR status Duration:9.18304347s}&#xA;--&#xA;By Step&#xA;/home/runner/work/hazelcast-platform-operator/hazelcast-platform-operator/test/e2e/client_port_forward_test.go:73&#xA;2023-02-24T09:45:53.001548077Z&#xA;&amp;{Text:Getting the member config with lookup name &#39;hrm-2-mwaz9a&#39; Duration:1.607083867s}&#xA;--&#xA;By Step&#xA;/home/runner/work/hazelcast-platform-operator/hazelcast-platform-operator/test/e2e/helpers_test.go:525&#xA;2023-02-24T09:45:53.132255096Z&#xA;&amp;{Text:creating Hazelcast client using address &#39;localhost:8604&#39; Duration:75.358372ms}&#xA;</system-out>
              <system-err>[BeforeEach] Hazelcast ReplicatedMap Config&#xA;  /home/runner/work/hazelcast-platform-operator/hazelcast-platform-operator/test/e2e/hazelcast_replicatedmap_test.go:21&#xA;�[1mSTEP:�[0m checking hazelcast-platform-controller-manager running �[38;5;243m02/24/23 09:44:39.951�[0m&#xA;[It] should create ReplicatedMap Config with correct default values&#xA;  /home/runner/work/hazelcast-platform-operator/hazelcast-platform-operator/test/e2e/hazelcast_replicatedmap_test.go:58&#xA;�[1mSTEP:�[0m setting the label and CR with name &#39;hrm-2-mwaz9a&#39; �[38;5;243m02/24/23 09:44:39.962�[0m&#xA;�[1mSTEP:�[0m creating Hazelcast CR �[38;5;243m02/24/23 09:44:39.962�[0m&#xA;�[1mSTEP:�[0m checking Hazelcast CR running �[38;5;243m02/24/23 09:44:39.985�[0m&#xA;�[1mSTEP:�[0m creating the default ReplicatedMap config �[38;5;243m02/24/23 09:45:43.798�[0m&#xA;�[1mSTEP:�[0m waiting for  CR status �[38;5;243m02/24/23 09:45:43.818�[0m&#xA;�[1mSTEP:�[0m Getting the member config with lookup name &#39;hrm-2-mwaz9a&#39; �[38;5;243m02/24/23 09:45:53.001�[0m&#xA;�[1mSTEP:�[0m creating Hazelcast client using address &#39;localhost:8604&#39; �[38;5;243m02/24/23 09:45:53.132�[0m&#xA;[AfterEach] Hazelcast ReplicatedMap Config&#xA;  /home/runner/work/hazelcast-platform-operator/hazelcast-platform-operator/test/e2e/hazelcast_replicatedmap_test.go:36&#xA;Aftereach start time is 2023-02-24 09:45:54.610235654 +0000 UTC m=+121.840821415&#xA;Aftereach end time is 2023-02-24 09:46:01.349177507 +0000 UTC m=+128.579763268&#xA;</system-err>
          </testcase>
          <testcase name="[It] Hazelcast User Code Deployment should add entry listeners [custom_class, fast]" classname="Operator Suite OS" status="passed" time="34.997612071">
              <system-out>&#xA;Report Entries:&#xA;By Step&#xA;/home/runner/work/hazelcast-platform-operator/hazelcast-platform-operator/test/e2e/hazelcast_user_code_test.go:32&#xA;2023-02-24T09:46:01.349852612Z&#xA;&amp;{Text:checking hazelcast-platform-controller-manager running Duration:10.431268ms}&#xA;--&#xA;By Step&#xA;/home/runner/work/hazelcast-platform-operator/hazelcast-platform-operator/test/e2e/custom_resource_test.go:55&#xA;2023-02-24T09:46:01.36029968Z&#xA;&amp;{Text:setting the label and CR with name &#39;hel-1-vvgv3k&#39; Duration:0s}&#xA;--&#xA;CR_ID:hel-1-vvgv3k&#xA;/home/runner/work/hazelcast-platform-operator/hazelcast-platform-operator/test/e2e/custom_resource_test.go:73&#xA;2023-02-24T09:46:01.36036118Z&#xA;--&#xA;By Step&#xA;/home/runner/work/hazelcast-platform-operator/hazelcast-platform-operator/test/e2e/helpers_test.go:106&#xA;2023-02-24T09:46:01.36036418Z&#xA;&amp;{Text:creating Hazelcast CR Duration:18.605722ms}&#xA;--&#xA;By Step&#xA;/home/runner/work/hazelcast-platform-operator/hazelcast-platform-operator/test/e2e/helpers_test.go:111&#xA;2023-02-24T09:46:01.378970202Z&#xA;&amp;{Text:checking Hazelcast CR running Duration:31.192308118s}&#xA;--&#xA;By Step&#xA;/home/runner/work/hazelcast-platform-operator/hazelcast-platform-operator/test/e2e/hazelcast_user_code_test.go:194&#xA;2023-02-24T09:46:32.57127902Z&#xA;&amp;{Text:creating map with Map with entry listener Duration:0s}&#xA;--&#xA;By Step&#xA;/home/runner/work/hazelcast-platform-operator/hazelcast-platform-operator/test/e2e/helpers_test.go:424&#xA;2023-02-24T09:46:32.589984034Z&#xA;&amp;{Text:waiting for Map CR status Duration:240.041259ms}&#xA;--&#xA;By Step&#xA;/home/runner/work/hazelcast-platform-operator/hazelcast-platform-operator/test/e2e/hazelcast_user_code_test.go:210&#xA;2023-02-24T09:46:32.830026093Z&#xA;&amp;{Text:port-forwarding to Hazelcast master pod Duration:0s}&#xA;--&#xA;By Step&#xA;/home/runner/work/hazelcast-platform-operator/hazelcast-platform-operator/test/e2e/hazelcast_user_code_test.go:214&#xA;2023-02-24T09:46:32.925911676Z&#xA;&amp;{Text:filling the map with entries Duration:0s}&#xA;--&#xA;By Step&#xA;/home/runner/work/hazelcast-platform-operator/hazelcast-platform-operator/test/e2e/helpers_test.go:525&#xA;2023-02-24T09:46:32.925987677Z&#xA;&amp;{Text:creating Hazelcast client using address &#39;localhost:8804&#39; Duration:44.696172ms}&#xA;--&#xA;By Step&#xA;/home/runner/work/hazelcast-platform-operator/hazelcast-platform-operator/test/e2e/hazelcast_user_code_test.go:231&#xA;2023-02-24T09:46:33.27183678Z&#xA;&amp;{Text:checking the logs Duration:0s}&#xA;--&#xA;By Step&#xA;/home/runner/work/hazelcast-platform-operator/hazelcast-platform-operator/test/e2e/helpers_test.go:77&#xA;2023-02-24T09:46:33.27190668Z&#xA;&amp;{Text:getting Hazelcast logs Duration:42.393058ms}&#xA;</system-out>
              <system-err>[BeforeEach] Hazelcast User Code Deployment&#xA;  /home/runner/work/hazelcast-platform-operator/hazelcast-platform-operator/test/e2e/hazelcast_user_code_test.go:25&#xA;�[1mSTEP:�[0m checking hazelcast-platform-controller-manager running �[38;5;243m02/24/23 09:46:01.349�[0m&#xA;[It] should add entry listeners&#xA;  /home/runner/work/hazelcast-platform-operator/hazelcast-platform-operator/test/e2e/hazelcast_user_code_test.go:188&#xA;�[1mSTEP:�[0m setting the label and CR with name &#39;hel-1-vvgv3k&#39; �[38;5;243m02/24/23 09:46:01.36�[0m&#xA;�[1mSTEP:�[0m creating Hazelcast CR �[38;5;243m02/24/23 09:46:01.36�[0m&#xA;�[1mSTEP:�[0m checking Hazelcast CR running �[38;5;243m02/24/23 09:46:01.378�[0m&#xA;�[1mSTEP:�[0m creating map with Map with entry listener �[38;5;243m02/24/23 09:46:32.571�[0m&#xA;�[1mSTEP:�[0m waiting for Map CR status �[38;5;243m02/24/23 09:46:32.589�[0m&#xA;�[1mSTEP:�[0m port-forwarding to Hazelcast master pod �[38;5;243m02/24/23 09:46:32.83�[0m&#xA;�[1mSTEP:�[0m filling the map with entries �[38;5;243m02/24/23 09:46:32.925�[0m&#xA;�[1mSTEP:�[0m creating Hazelcast client using address &#39;localhost:8804&#39; �[38;5;243m02/24/23 09:46:32.925�[0m&#xA;�[1mSTEP:�[0m checking the logs �[38;5;243m02/24/23 09:46:33.271�[0m&#xA;�[1mSTEP:�[0m getting Hazelcast logs �[38;5;243m02/24/23 09:46:33.271�[0m&#xA;[AfterEach] Hazelcast User Code Deployment&#xA;  /home/runner/work/hazelcast-platform-operator/hazelcast-platform-operator/test/e2e/hazelcast_user_code_test.go:40&#xA;Aftereach start time is 2023-02-24 09:46:33.387460583 +0000 UTC m=+160.618046344&#xA;Aftereach end time is 2023-02-24 09:46:36.347432283 +0000 UTC m=+163.578018044&#xA;</system-err>
          </testcase>
          <testcase name="[It] Hazelcast Cache Config should fail to update Cache Config [cache, fast]" classname="Operator Suite OS" status="passed" time="54.254609031">
              <system-out>&#xA;Report Entries:&#xA;By Step&#xA;/home/runner/work/hazelcast-platform-operator/hazelcast-platform-operator/test/e2e/hazelcast_cache_test.go:28&#xA;2023-02-24T09:46:36.350901704Z&#xA;&amp;{Text:checking hazelcast-platform-controller-manager running Duration:10.904266ms}&#xA;--&#xA;By Step&#xA;/home/runner/work/hazelcast-platform-operator/hazelcast-platform-operator/test/e2e/custom_resource_test.go:55&#xA;2023-02-24T09:46:36.36182357Z&#xA;&amp;{Text:setting the label and CR with name &#39;hch-3-75rcdn&#39; Duration:0s}&#xA;--&#xA;CR_ID:hch-3-75rcdn&#xA;/home/runner/work/hazelcast-platform-operator/hazelcast-platform-operator/test/e2e/custom_resource_test.go:73&#xA;2023-02-24T09:46:36.361897771Z&#xA;--&#xA;By Step&#xA;/home/runner/work/hazelcast-platform-operator/hazelcast-platform-operator/test/e2e/helpers_test.go:106&#xA;2023-02-24T09:46:36.361900871Z&#xA;&amp;{Text:creating Hazelcast CR Duration:23.532643ms}&#xA;--&#xA;By Step&#xA;/home/runner/work/hazelcast-platform-operator/hazelcast-platform-operator/test/e2e/helpers_test.go:111&#xA;2023-02-24T09:46:36.385433914Z&#xA;&amp;{Text:checking Hazelcast CR running Duration:41.436050159s}&#xA;--&#xA;By Step&#xA;/home/runner/work/hazelcast-platform-operator/hazelcast-platform-operator/test/e2e/hazelcast_cache_test.go:83&#xA;2023-02-24T09:47:17.821484873Z&#xA;&amp;{Text:creating the cache config Duration:0s}&#xA;--&#xA;By Step&#xA;/home/runner/work/hazelcast-platform-operator/hazelcast-platform-operator/test/e2e/helpers_test.go:738&#xA;2023-02-24T09:47:17.83970468Z&#xA;&amp;{Text:waiting for  CR status Duration:9.044758605s}&#xA;--&#xA;By Step&#xA;/home/runner/work/hazelcast-platform-operator/hazelcast-platform-operator/test/e2e/hazelcast_cache_test.go:94&#xA;2023-02-24T09:47:26.884463985Z&#xA;&amp;{Text:failing to update cache config Duration:0s}&#xA;--&#xA;By Step&#xA;/home/runner/work/hazelcast-platform-operator/hazelcast-platform-operator/test/e2e/helpers_test.go:738&#xA;2023-02-24T09:47:26.900935978Z&#xA;&amp;{Text:waiting for  CR status Duration:10.328759ms}&#xA;</system-out>
              <system-err>[BeforeEach] Hazelcast Cache Config&#xA;  /home/runner/work/hazelcast-platform-operator/hazelcast-platform-operator/test/e2e/hazelcast_cache_test.go:21&#xA;�[1mSTEP:�[0m checking hazelcast-platform-controller-manager running �[38;5;243m02/24/23 09:46:36.35�[0m&#xA;[It] should fail to update Cache Config&#xA;  /home/runner/work/hazelcast-platform-operator/hazelcast-platform-operator/test/e2e/hazelcast_cache_test.go:78&#xA;�[1mSTEP:�[0m setting the label and CR with name &#39;hch-3-75rcdn&#39; �[38;5;243m02/24/23 09:46:36.361�[0m&#xA;�[1mSTEP:�[0m creating Hazelcast CR �[38;5;243m02/24/23 09:46:36.361�[0m&#xA;�[1mSTEP:�[0m checking Hazelcast CR running �[38;5;243m02/24/23 09:46:36.385�[0m&#xA;�[1mSTEP:�[0m creating the cache config �[38;5;243m02/24/23 09:47:17.821�[0m&#xA;�[1mSTEP:�[0m waiting for  CR status �[38;5;243m02/24/23 09:47:17.839�[0m&#xA;�[1mSTEP:�[0m failing to update cache config �[38;5;243m02/24/23 09:47:26.884�[0m&#xA;�[1mSTEP:�[0m waiting for  CR status �[38;5;243m02/24/23 09:47:26.9�[0m&#xA;[AfterEach] Hazelcast Cache Config&#xA;  /home/runner/work/hazelcast-platform-operator/hazelcast-platform-operator/test/e2e/hazelcast_cache_test.go:36&#xA;Aftereach start time is 2023-02-24 09:47:26.911285537 +0000 UTC m=+214.141871398&#xA;Aftereach end time is 2023-02-24 09:47:30.602617217 +0000 UTC m=+217.833203078&#xA;</system-err>
          </testcase>
          <testcase name="[It] Hazelcast Queue Config should create Queue Config with correct default values [queue, fast]" classname="Operator Suite OS" status="passed" time="44.914402482">
              <system-out>&#xA;Report Entries:&#xA;By Step&#xA;/home/runner/work/hazelcast-platform-operator/hazelcast-platform-operator/test/e2e/hazelcast_queue_test.go:28&#xA;2023-02-24T09:47:30.604427927Z&#xA;&amp;{Text:checking hazelcast-platform-controller-manager running Duration:10.374159ms}&#xA;--&#xA;By Step&#xA;/home/runner/work/hazelcast-platform-operator/hazelcast-platform-operator/test/e2e/custom_resource_test.go:55&#xA;2023-02-24T09:47:30.614817986Z&#xA;&amp;{Text:setting the label and CR with name &#39;hq-2-cuyvyu&#39; Duration:0s}&#xA;--&#xA;CR_ID:hq-2-cuyvyu&#xA;/home/runner/work/hazelcast-platform-operator/hazelcast-platform-operator/test/e2e/custom_resource_test.go:73&#xA;2023-02-24T09:47:30.614893787Z&#xA;--&#xA;By Step&#xA;/home/runner/work/hazelcast-platform-operator/hazelcast-platform-operator/test/e2e/helpers_test.go:106&#xA;2023-02-24T09:47:30.614895687Z&#xA;&amp;{Text:creating Hazelcast CR Duration:26.669952ms}&#xA;--&#xA;By Step&#xA;/home/runner/work/hazelcast-platform-operator/hazelcast-platform-operator/test/e2e/helpers_test.go:111&#xA;2023-02-24T09:47:30.641566139Z&#xA;&amp;{Text:checking Hazelcast CR running Duration:31.650568697s}&#xA;--&#xA;By Step&#xA;/home/runner/work/hazelcast-platform-operator/hazelcast-platform-operator/test/e2e/hazelcast_queue_test.go:63&#xA;2023-02-24T09:48:02.292135536Z&#xA;&amp;{Text:creating the default queue config Duration:0s}&#xA;--&#xA;By Step&#xA;/home/runner/work/hazelcast-platform-operator/hazelcast-platform-operator/test/e2e/helpers_test.go:738&#xA;2023-02-24T09:48:02.322084983Z&#xA;&amp;{Text:waiting for  CR status Duration:9.196109408s}&#xA;--&#xA;By Step&#xA;/home/runner/work/hazelcast-platform-operator/hazelcast-platform-operator/test/e2e/client_port_forward_test.go:73&#xA;2023-02-24T09:48:11.518196591Z&#xA;&amp;{Text:Getting the member config with lookup name &#39;hq-2-cuyvyu&#39; Duration:364.782566ms}&#xA;--&#xA;By Step&#xA;/home/runner/work/hazelcast-platform-operator/hazelcast-platform-operator/test/e2e/helpers_test.go:525&#xA;2023-02-24T09:48:11.619006279Z&#xA;&amp;{Text:creating Hazelcast client using address &#39;localhost:8504&#39; Duration:57.248977ms}&#xA;</system-out>
              <system-err>[BeforeEach] Hazelcast Queue Config&#xA;  /home/runner/work/hazelcast-platform-operator/hazelcast-platform-operator/test/e2e/hazelcast_queue_test.go:21&#xA;�[1mSTEP:�[0m checking hazelcast-platform-controller-manager running �[38;5;243m02/24/23 09:47:30.604�[0m&#xA;[It] should create Queue Config with correct default values&#xA;  /home/runner/work/hazelcast-platform-operator/hazelcast-platform-operator/test/e2e/hazelcast_queue_test.go:58&#xA;�[1mSTEP:�[0m setting the label and CR with name &#39;hq-2-cuyvyu&#39; �[38;5;243m02/24/23 09:47:30.614�[0m&#xA;�[1mSTEP:�[0m creating Hazelcast CR �[38;5;243m02/24/23 09:47:30.614�[0m&#xA;�[1mSTEP:�[0m checking Hazelcast CR running �[38;5;243m02/24/23 09:47:30.641�[0m&#xA;�[1mSTEP:�[0m creating the default queue config �[38;5;243m02/24/23 09:48:02.292�[0m&#xA;�[1mSTEP:�[0m waiting for  CR status �[38;5;243m02/24/23 09:48:02.322�[0m&#xA;�[1mSTEP:�[0m Getting the member config with lookup name &#39;hq-2-cuyvyu&#39; �[38;5;243m02/24/23 09:48:11.518�[0m&#xA;�[1mSTEP:�[0m creating Hazelcast client using address &#39;localhost:8504&#39; �[38;5;243m02/24/23 09:48:11.619�[0m&#xA;[AfterEach] Hazelcast Queue Config&#xA;  /home/runner/work/hazelcast-platform-operator/hazelcast-platform-operator/test/e2e/hazelcast_queue_test.go:36&#xA;Aftereach start time is 2023-02-24 09:48:11.88371106 +0000 UTC m=+259.114296821&#xA;Aftereach end time is 2023-02-24 09:48:15.518796709 +0000 UTC m=+262.749382470&#xA;</system-err>
          </testcase>
          <testcase name="[It] Management-Center External API errors should be reflected to Management CR status [mc, fast]" classname="Operator Suite OS" status="passed" time="50.377505515">
              <system-out>&#xA;Report Entries:&#xA;By Step&#xA;/home/runner/work/hazelcast-platform-operator/hazelcast-platform-operator/test/e2e/management_center_test.go:31&#xA;2023-02-24T09:48:15.522371228Z&#xA;&amp;{Text:checking hazelcast-platform-controller-manager running Duration:10.365256ms}&#xA;--&#xA;By Step&#xA;/home/runner/work/hazelcast-platform-operator/hazelcast-platform-operator/test/e2e/custom_resource_test.go:55&#xA;2023-02-24T09:48:15.532753284Z&#xA;&amp;{Text:setting the label and CR with name &#39;mc-3-0ve4vu&#39; Duration:0s}&#xA;--&#xA;CR_ID:mc-3-0ve4vu&#xA;/home/runner/work/hazelcast-platform-operator/hazelcast-platform-operator/test/e2e/custom_resource_test.go:73&#xA;2023-02-24T09:48:15.532829284Z&#xA;--&#xA;By Step&#xA;/home/runner/work/hazelcast-platform-operator/hazelcast-platform-operator/test/e2e/management_center_test.go:65&#xA;2023-02-24T09:48:15.532831184Z&#xA;&amp;{Text:creating ManagementCenter CR Duration:17.414894ms}&#xA;</system-out>
              <system-err>[BeforeEach] Management-Center&#xA;  /home/runner/work/hazelcast-platform-operator/hazelcast-platform-operator/test/e2e/management_center_test.go:23&#xA;�[1mSTEP:�[0m checking hazelcast-platform-controller-manager running �[38;5;243m02/24/23 09:48:15.522�[0m&#xA;[It] should be reflected to Management CR status&#xA;  /home/runner/work/hazelcast-platform-operator/hazelcast-platform-operator/test/e2e/management_center_test.go:129&#xA;�[1mSTEP:�[0m setting the label and CR with name &#39;mc-3-0ve4vu&#39; �[38;5;243m02/24/23 09:48:15.532�[0m&#xA;�[1mSTEP:�[0m creating ManagementCenter CR �[38;5;243m02/24/23 09:48:15.532�[0m&#xA;[AfterEach] Management-Center&#xA;  /home/runner/work/hazelcast-platform-operator/hazelcast-platform-operator/test/e2e/management_center_test.go:39&#xA;Aftereach start time is 2023-02-24 09:49:05.84819839 +0000 UTC m=+313.078784151&#xA;Aftereach end time is 2023-02-24 09:49:05.899850843 +0000 UTC m=+313.130436604&#xA;</system-err>
          </testcase>
          <testcase name="[It] Hazelcast Map Config should create Map Config [map, fast]" classname="Operator Suite OS" status="passed" time="34.232133131">
              <system-out>&#xA;Report Entries:&#xA;By Step&#xA;/home/runner/work/hazelcast-platform-operator/hazelcast-platform-operator/test/e2e/hazelcast_map_test.go:39&#xA;2023-02-24T09:49:05.900515746Z&#xA;&amp;{Text:checking hazelcast-platform-controller-manager running Duration:13.965168ms}&#xA;--&#xA;By Step&#xA;/home/runner/work/hazelcast-platform-operator/hazelcast-platform-operator/test/e2e/custom_resource_test.go:55&#xA;2023-02-24T09:49:05.914496914Z&#xA;&amp;{Text:setting the label and CR with name &#39;hm-1-dev9zz&#39; Duration:0s}&#xA;--&#xA;CR_ID:hm-1-dev9zz&#xA;/home/runner/work/hazelcast-platform-operator/hazelcast-platform-operator/test/e2e/custom_resource_test.go:73&#xA;2023-02-24T09:49:05.914562615Z&#xA;--&#xA;By Step&#xA;/home/runner/work/hazelcast-platform-operator/hazelcast-platform-operator/test/e2e/helpers_test.go:106&#xA;2023-02-24T09:49:05.914564615Z&#xA;&amp;{Text:creating Hazelcast CR Duration:18.281889ms}&#xA;--&#xA;By Step&#xA;/home/runner/work/hazelcast-platform-operator/hazelcast-platform-operator/test/e2e/helpers_test.go:111&#xA;2023-02-24T09:49:05.932847104Z&#xA;&amp;{Text:checking Hazelcast CR running Duration:31.193193591s}&#xA;--&#xA;By Step&#xA;/home/runner/work/hazelcast-platform-operator/hazelcast-platform-operator/test/e2e/helpers_test.go:424&#xA;2023-02-24T09:49:37.155485523Z&#xA;&amp;{Text:waiting for Map CR status Duration:497.922967ms}&#xA;</system-out>
              <system-err>[BeforeEach] Hazelcast Map Config&#xA;  /home/runner/work/hazelcast-platform-operator/hazelcast-platform-operator/test/e2e/hazelcast_map_test.go:32&#xA;�[1mSTEP:�[0m checking hazelcast-platform-controller-manager running �[38;5;243m02/24/23 09:49:05.9�[0m&#xA;[It] should create Map Config&#xA;  /home/runner/work/hazelcast-platform-operator/hazelcast-platform-operator/test/e2e/hazelcast_map_test.go:59&#xA;�[1mSTEP:�[0m setting the label and CR with name &#39;hm-1-dev9zz&#39; �[38;5;243m02/24/23 09:49:05.914�[0m&#xA;�[1mSTEP:�[0m creating Hazelcast CR �[38;5;243m02/24/23 09:49:05.914�[0m&#xA;�[1mSTEP:�[0m checking Hazelcast CR running �[38;5;243m02/24/23 09:49:05.932�[0m&#xA;�[1mSTEP:�[0m waiting for Map CR status �[38;5;243m02/24/23 09:49:37.155�[0m&#xA;[AfterEach] Hazelcast Map Config&#xA;  /home/runner/work/hazelcast-platform-operator/hazelcast-platform-operator/test/e2e/hazelcast_map_test.go:47&#xA;Aftereach start time is 2023-02-24 09:49:37.65343009 +0000 UTC m=+344.884015851&#xA;Aftereach end time is 2023-02-24 09:49:40.132611777 +0000 UTC m=+347.363197538&#xA;</system-err>
          </testcase>
          <testcase name="[It] Hazelcast Map Config should create Map Config with correct default values [map, fast]" classname="Operator Suite OS" status="passed" time="37.425679375">
              <system-out>&#xA;Report Entries:&#xA;By Step&#xA;/home/runner/work/hazelcast-platform-operator/hazelcast-platform-operator/test/e2e/hazelcast_map_test.go:39&#xA;2023-02-24T09:49:40.13321548Z&#xA;&amp;{Text:checking hazelcast-platform-controller-manager running Duration:9.788243ms}&#xA;--&#xA;By Step&#xA;/home/runner/work/hazelcast-platform-operator/hazelcast-platform-operator/test/e2e/custom_resource_test.go:55&#xA;2023-02-24T09:49:40.143026123Z&#xA;&amp;{Text:setting the label and CR with name &#39;hm-2-vmm54c&#39; Duration:0s}&#xA;--&#xA;CR_ID:hm-2-vmm54c&#xA;/home/runner/work/hazelcast-platform-operator/hazelcast-platform-operator/test/e2e/custom_resource_test.go:73&#xA;2023-02-24T09:49:40.143105823Z&#xA;--&#xA;By Step&#xA;/home/runner/work/hazelcast-platform-operator/hazelcast-platform-operator/test/e2e/helpers_test.go:106&#xA;2023-02-24T09:49:40.143108023Z&#xA;&amp;{Text:creating Hazelcast CR Duration:21.250392ms}&#xA;--&#xA;By Step&#xA;/home/runner/work/hazelcast-platform-operator/hazelcast-platform-operator/test/e2e/helpers_test.go:111&#xA;2023-02-24T09:49:40.164358815Z&#xA;&amp;{Text:checking Hazelcast CR running Duration:30.968298807s}&#xA;--&#xA;By Step&#xA;/home/runner/work/hazelcast-platform-operator/hazelcast-platform-operator/test/e2e/hazelcast_map_test.go:74&#xA;2023-02-24T09:50:11.132658322Z&#xA;&amp;{Text:creating the map config Duration:0s}&#xA;--&#xA;By Step&#xA;/home/runner/work/hazelcast-platform-operator/hazelcast-platform-operator/test/e2e/helpers_test.go:424&#xA;2023-02-24T09:50:11.156517733Z&#xA;&amp;{Text:waiting for Map CR status Duration:472.15159ms}&#xA;--&#xA;By Step&#xA;/home/runner/work/hazelcast-platform-operator/hazelcast-platform-operator/test/e2e/hazelcast_map_test.go:79&#xA;2023-02-24T09:50:11.628670423Z&#xA;&amp;{Text:checking if the map config is created correctly Duration:0s}&#xA;--&#xA;By Step&#xA;/home/runner/work/hazelcast-platform-operator/hazelcast-platform-operator/test/e2e/client_port_forward_test.go:90&#xA;2023-02-24T09:50:11.628732123Z&#xA;&amp;{Text:Getting the map config with lookup name &#39;hm-2-vmm54c&#39; Duration:161.378249ms}&#xA;--&#xA;By Step&#xA;/home/runner/work/hazelcast-platform-operator/hazelcast-platform-operator/test/e2e/helpers_test.go:525&#xA;2023-02-24T09:50:11.723606863Z&#xA;&amp;{Text:creating Hazelcast client using address &#39;localhost:8204&#39; Duration:42.9858ms}&#xA;</system-out>
              <system-err>[BeforeEach] Hazelcast Map Config&#xA;  /home/runner/work/hazelcast-platform-operator/hazelcast-platform-operator/test/e2e/hazelcast_map_test.go:32&#xA;�[1mSTEP:�[0m checking hazelcast-platform-controller-manager running �[38;5;243m02/24/23 09:49:40.133�[0m&#xA;[It] should create Map Config with correct default values&#xA;  /home/runner/work/hazelcast-platform-operator/hazelcast-platform-operator/test/e2e/hazelcast_map_test.go:69&#xA;�[1mSTEP:�[0m setting the label and CR with name &#39;hm-2-vmm54c&#39; �[38;5;243m02/24/23 09:49:40.143�[0m&#xA;�[1mSTEP:�[0m creating Hazelcast CR �[38;5;243m02/24/23 09:49:40.143�[0m&#xA;�[1mSTEP:�[0m checking Hazelcast CR running �[38;5;243m02/24/23 09:49:40.164�[0m&#xA;�[1mSTEP:�[0m creating the map config �[38;5;243m02/24/23 09:50:11.132�[0m&#xA;�[1mSTEP:�[0m waiting for Map CR status �[38;5;243m02/24/23 09:50:11.156�[0m&#xA;�[1mSTEP:�[0m checking if the map config is created correctly �[38;5;243m02/24/23 09:50:11.628�[0m&#xA;�[1mSTEP:�[0m Getting the map config with lookup name &#39;hm-2-vmm54c&#39; �[38;5;243m02/24/23 09:50:11.628�[0m&#xA;�[1mSTEP:�[0m creating Hazelcast client using address &#39;localhost:8204&#39; �[38;5;243m02/24/23 09:50:11.723�[0m&#xA;[AfterEach] Hazelcast Map Config&#xA;  /home/runner/work/hazelcast-platform-operator/hazelcast-platform-operator/test/e2e/hazelcast_map_test.go:47&#xA;Aftereach start time is 2023-02-24 09:50:11.790131772 +0000 UTC m=+379.020717533&#xA;Aftereach end time is 2023-02-24 09:50:17.558851955 +0000 UTC m=+384.789437716&#xA;</system-err>
          </testcase>
          <testcase name="[It] Hazelcast Map Config should fail to update backupCount [map, fast]" classname="Operator Suite OS" status="passed" time="34.617473148">
              <system-out>&#xA;Report Entries:&#xA;By Step&#xA;/home/runner/work/hazelcast-platform-operator/hazelcast-platform-operator/test/e2e/hazelcast_map_test.go:39&#xA;2023-02-24T09:50:17.559735659Z&#xA;&amp;{Text:checking hazelcast-platform-controller-manager running Duration:11.352054ms}&#xA;--&#xA;By Step&#xA;/home/runner/work/hazelcast-platform-operator/hazelcast-platform-operator/test/e2e/custom_resource_test.go:55&#xA;2023-02-24T09:50:17.571105613Z&#xA;&amp;{Text:setting the label and CR with name &#39;hm-5-wxggo8&#39; Duration:0s}&#xA;--&#xA;CR_ID:hm-5-wxggo8&#xA;/home/runner/work/hazelcast-platform-operator/hazelcast-platform-operator/test/e2e/custom_resource_test.go:73&#xA;2023-02-24T09:50:17.571180013Z&#xA;--&#xA;By Step&#xA;/home/runner/work/hazelcast-platform-operator/hazelcast-platform-operator/test/e2e/helpers_test.go:106&#xA;2023-02-24T09:50:17.571182713Z&#xA;&amp;{Text:creating Hazelcast CR Duration:18.439787ms}&#xA;--&#xA;By Step&#xA;/home/runner/work/hazelcast-platform-operator/hazelcast-platform-operator/test/e2e/helpers_test.go:111&#xA;2023-02-24T09:50:17.5896228Z&#xA;&amp;{Text:checking Hazelcast CR running Duration:31.431467052s}&#xA;--&#xA;By Step&#xA;/home/runner/work/hazelcast-platform-operator/hazelcast-platform-operator/test/e2e/hazelcast_map_test.go:191&#xA;2023-02-24T09:50:49.021090452Z&#xA;&amp;{Text:creating the map config Duration:0s}&#xA;--&#xA;By Step&#xA;/home/runner/work/hazelcast-platform-operator/hazelcast-platform-operator/test/e2e/helpers_test.go:424&#xA;2023-02-24T09:50:49.059352168Z&#xA;&amp;{Text:waiting for Map CR status Duration:697.782307ms}&#xA;--&#xA;By Step&#xA;/home/runner/work/hazelcast-platform-operator/hazelcast-platform-operator/test/e2e/hazelcast_map_test.go:196&#xA;2023-02-24T09:50:49.757135475Z&#xA;&amp;{Text:failing to update map config Duration:0s}&#xA;</system-out>
              <system-err>[BeforeEach] Hazelcast Map Config&#xA;  /home/runner/work/hazelcast-platform-operator/hazelcast-platform-operator/test/e2e/hazelcast_map_test.go:32&#xA;�[1mSTEP:�[0m checking hazelcast-platform-controller-manager running �[38;5;243m02/24/23 09:50:17.559�[0m&#xA;[It] should fail to update backupCount&#xA;  /home/runner/work/hazelcast-platform-operator/hazelcast-platform-operator/test/e2e/hazelcast_map_test.go:186&#xA;�[1mSTEP:�[0m setting the label and CR with name &#39;hm-5-wxggo8&#39; �[38;5;243m02/24/23 09:50:17.571�[0m&#xA;�[1mSTEP:�[0m creating Hazelcast CR �[38;5;243m02/24/23 09:50:17.571�[0m&#xA;�[1mSTEP:�[0m checking Hazelcast CR running �[38;5;243m02/24/23 09:50:17.589�[0m&#xA;�[1mSTEP:�[0m creating the map config �[38;5;243m02/24/23 09:50:49.021�[0m&#xA;�[1mSTEP:�[0m waiting for Map CR status �[38;5;243m02/24/23 09:50:49.059�[0m&#xA;�[1mSTEP:�[0m failing to update map config �[38;5;243m02/24/23 09:50:49.757�[0m&#xA;[AfterEach] Hazelcast Map Config&#xA;  /home/runner/work/hazelcast-platform-operator/hazelcast-platform-operator/test/e2e/hazelcast_map_test.go:47&#xA;Aftereach start time is 2023-02-24 09:50:49.779380442 +0000 UTC m=+417.009966203&#xA;Aftereach end time is 2023-02-24 09:50:52.177173607 +0000 UTC m=+419.407759368&#xA;</system-err>
          </testcase>
          <testcase name="[It] Hazelcast CR with expose externally feature should create Hazelcast cluster exposed with LoadBalancer services and allow connecting with Hazelcast smart client [hz_expose_externally, slow]" classname="Operator Suite OS" status="passed" time="118.098292844">
              <system-out>&#xA;Report Entries:&#xA;By Step&#xA;/home/runner/work/hazelcast-platform-operator/hazelcast-platform-operator/test/e2e/hazelcast_expose_externally_test.go:30&#xA;2023-02-24T09:50:52.178097611Z&#xA;&amp;{Text:checking hazelcast-platform-controller-manager running Duration:10.064247ms}&#xA;--&#xA;By Step&#xA;/home/runner/work/hazelcast-platform-operator/hazelcast-platform-operator/test/e2e/custom_resource_test.go:55&#xA;2023-02-24T09:50:52.188177658Z&#xA;&amp;{Text:setting the label and CR with name &#39;hee-3-kjvqzu&#39; Duration:0s}&#xA;--&#xA;CR_ID:hee-3-kjvqzu&#xA;/home/runner/work/hazelcast-platform-operator/hazelcast-platform-operator/test/e2e/custom_resource_test.go:73&#xA;2023-02-24T09:50:52.188240958Z&#xA;--&#xA;By Step&#xA;/home/runner/work/hazelcast-platform-operator/hazelcast-platform-operator/test/e2e/helpers_test.go:106&#xA;2023-02-24T09:50:52.188243858Z&#xA;&amp;{Text:creating Hazelcast CR Duration:27.579027ms}&#xA;--&#xA;By Step&#xA;/home/runner/work/hazelcast-platform-operator/hazelcast-platform-operator/test/e2e/helpers_test.go:111&#xA;2023-02-24T09:50:52.215823285Z&#xA;&amp;{Text:checking Hazelcast CR running Duration:1m44.995318288s}&#xA;--&#xA;By Step&#xA;/home/runner/work/hazelcast-platform-operator/hazelcast-platform-operator/test/e2e/helpers_test.go:394&#xA;2023-02-24T09:52:37.211144873Z&#xA;&amp;{Text:evaluate number of ready members for lookup name &#39;hee-3-kjvqzu&#39; and &#39;test-operator-os&#39; namespace Duration:10.038265621s}&#xA;--&#xA;By Step&#xA;/home/runner/work/hazelcast-platform-operator/hazelcast-platform-operator/test/e2e/helpers_test.go:187&#xA;2023-02-24T09:52:47.264867642Z&#xA;&amp;{Text:starting new Hazelcast client Duration:101.611221ms}&#xA;--&#xA;By Step&#xA;/home/runner/work/hazelcast-platform-operator/hazelcast-platform-operator/test/e2e/hazelcast_expose_externally_test.go:127&#xA;2023-02-24T09:52:47.366584664Z&#xA;&amp;{Text:matching HZ members with client members and comparing their public IPs Duration:0s}&#xA;--&#xA;By Step&#xA;/home/runner/work/hazelcast-platform-operator/hazelcast-platform-operator/test/e2e/helpers_test.go:250&#xA;2023-02-24T09:52:47.397378961Z&#xA;&amp;{Text:filling the &#39;map&#39; map with &#39;100&#39; entries using &#39;hee-3-kjvqzu&#39; lookup name and &#39;test-operator-os&#39; namespace Duration:2.713910072s}&#xA;--&#xA;By Step&#xA;/home/runner/work/hazelcast-platform-operator/hazelcast-platform-operator/test/e2e/helpers_test.go:187&#xA;2023-02-24T09:52:47.397437561Z&#xA;&amp;{Text:starting new Hazelcast client Duration:139.40324ms}&#xA;--&#xA;By Step&#xA;/home/runner/work/hazelcast-platform-operator/hazelcast-platform-operator/test/e2e/helpers_test.go:272&#xA;2023-02-24T09:52:50.111295933Z&#xA;&amp;{Text:waiting the &#39;map&#39; map to be of size &#39;100&#39; using lookup name &#39;hee-3-kjvqzu&#39; Duration:129.75821ms}&#xA;--&#xA;By Step&#xA;/home/runner/work/hazelcast-platform-operator/hazelcast-platform-operator/test/e2e/helpers_test.go:187&#xA;2023-02-24T09:52:50.111411734Z&#xA;&amp;{Text:starting new Hazelcast client Duration:52.661466ms}&#xA;--&#xA;By Step&#xA;/home/runner/work/hazelcast-platform-operator/hazelcast-platform-operator/test/e2e/hazelcast_expose_externally_test.go:49&#xA;2023-02-24T09:52:50.241055343Z&#xA;&amp;{Text:status external addresses should not be empty Duration:0s}&#xA;</system-out>
              <system-err>[BeforeEach] Hazelcast CR with expose externally feature&#xA;  /home/runner/work/hazelcast-platform-operator/hazelcast-platform-operator/test/e2e/hazelcast_expose_externally_test.go:23&#xA;�[1mSTEP:�[0m checking hazelcast-platform-controller-manager running �[38;5;243m02/24/23 09:50:52.178�[0m&#xA;[It] should create Hazelcast cluster exposed with LoadBalancer services and allow connecting with Hazelcast smart client&#xA;  /home/runner/work/hazelcast-platform-operator/hazelcast-platform-operator/test/e2e/hazelcast_expose_externally_test.go:116&#xA;�[1mSTEP:�[0m setting the label and CR with name &#39;hee-3-kjvqzu&#39; �[38;5;243m02/24/23 09:50:52.188�[0m&#xA;�[1mSTEP:�[0m creating Hazelcast CR �[38;5;243m02/24/23 09:50:52.188�[0m&#xA;�[1mSTEP:�[0m checking Hazelcast CR running �[38;5;243m02/24/23 09:50:52.215�[0m&#xA;�[1mSTEP:�[0m evaluate number of ready members for lookup name &#39;hee-3-kjvqzu&#39; and &#39;test-operator-os&#39; namespace �[38;5;243m02/24/23 09:52:37.211�[0m&#xA;�[1mSTEP:�[0m starting new Hazelcast client �[38;5;243m02/24/23 09:52:47.264�[0m&#xA;�[1mSTEP:�[0m matching HZ members with client members and comparing their public IPs �[38;5;243m02/24/23 09:52:47.366�[0m&#xA;�[1mSTEP:�[0m filling the &#39;map&#39; map with &#39;100&#39; entries using &#39;hee-3-kjvqzu&#39; lookup name and &#39;test-operator-os&#39; namespace �[38;5;243m02/24/23 09:52:47.397�[0m&#xA;�[1mSTEP:�[0m starting new Hazelcast client �[38;5;243m02/24/23 09:52:47.397�[0m&#xA;�[1mSTEP:�[0m waiting the &#39;map&#39; map to be of size &#39;100&#39; using lookup name &#39;hee-3-kjvqzu&#39; �[38;5;243m02/24/23 09:52:50.111�[0m&#xA;�[1mSTEP:�[0m starting new Hazelcast client �[38;5;243m02/24/23 09:52:50.111�[0m&#xA;�[1mSTEP:�[0m status external addresses should not be empty �[38;5;243m02/24/23 09:52:50.241�[0m&#xA;[AfterEach] Hazelcast CR with expose externally feature&#xA;  /home/runner/work/hazelcast-platform-operator/hazelcast-platform-operator/test/e2e/hazelcast_expose_externally_test.go:38&#xA;Aftereach start time is 2023-02-24 09:52:50.252480279 +0000 UTC m=+537.483066040&#xA;Aftereach end time is 2023-02-24 09:52:50.276355255 +0000 UTC m=+537.506941016&#xA;</system-err>
          </testcase>
          <testcase name="[It] Hazelcast External API errors should be reflected to Hazelcast CR status [hz, fast]" classname="Operator Suite OS" status="passed" time="6.418975347">
              <system-out>&#xA;Report Entries:&#xA;By Step&#xA;/home/runner/work/hazelcast-platform-operator/hazelcast-platform-operator/test/e2e/hazelcast_test.go:31&#xA;2023-02-24T09:52:50.277011657Z&#xA;&amp;{Text:checking hazelcast-platform-controller-manager running Duration:10.226732ms}&#xA;--&#xA;By Step&#xA;/home/runner/work/hazelcast-platform-operator/hazelcast-platform-operator/test/e2e/custom_resource_test.go:55&#xA;2023-02-24T09:52:50.287249589Z&#xA;&amp;{Text:setting the label and CR with name &#39;h-6-cljwz9&#39; Duration:0s}&#xA;--&#xA;CR_ID:h-6-cljwz9&#xA;/home/runner/work/hazelcast-platform-operator/hazelcast-platform-operator/test/e2e/custom_resource_test.go:73&#xA;2023-02-24T09:52:50.287315489Z&#xA;--&#xA;By Step&#xA;/home/runner/work/hazelcast-platform-operator/hazelcast-platform-operator/test/e2e/helpers_test.go:150&#xA;2023-02-24T09:52:50.287317289Z&#xA;&amp;{Text:creating Hazelcast CR Duration:20.358165ms}&#xA;</system-out>
              <system-err>[BeforeEach] Hazelcast&#xA;  /home/runner/work/hazelcast-platform-operator/hazelcast-platform-operator/test/e2e/hazelcast_test.go:24&#xA;�[1mSTEP:�[0m checking hazelcast-platform-controller-manager running �[38;5;243m02/24/23 09:52:50.277�[0m&#xA;[It] should be reflected to Hazelcast CR status&#xA;  /home/runner/work/hazelcast-platform-operator/hazelcast-platform-operator/test/e2e/hazelcast_test.go:135&#xA;�[1mSTEP:�[0m setting the label and CR with name &#39;h-6-cljwz9&#39; �[38;5;243m02/24/23 09:52:50.287�[0m&#xA;�[1mSTEP:�[0m creating Hazelcast CR �[38;5;243m02/24/23 09:52:50.287�[0m&#xA;[AfterEach] Hazelcast&#xA;  /home/runner/work/hazelcast-platform-operator/hazelcast-platform-operator/test/e2e/hazelcast_test.go:39&#xA;Aftereach start time is 2023-02-24 09:52:52.524084815 +0000 UTC m=+539.754670676&#xA;Aftereach end time is 2023-02-24 09:52:56.695950804 +0000 UTC m=+543.926536565&#xA;</system-err>
          </testcase>
          <testcase name="[It] Hazelcast Hazelcast CR dependent CRs when Hazelcast CR is deleted dependent Data Structures and HotBackup CRs should be deleted [hz, fast]" classname="Operator Suite OS" status="skipped" time="0.009688931">
              <skipped message="skipped - This test will only run in EE configuration"></skipped>
              <system-out>&#xA;Report Entries:&#xA;By Step&#xA;/home/runner/work/hazelcast-platform-operator/hazelcast-platform-operator/test/e2e/hazelcast_test.go:31&#xA;2023-02-24T09:52:56.697489709Z&#xA;&amp;{Text:checking hazelcast-platform-controller-manager running Duration:9.539931ms}&#xA;</system-out>
              <system-err>[BeforeEach] Hazelcast&#xA;  /home/runner/work/hazelcast-platform-operator/hazelcast-platform-operator/test/e2e/hazelcast_test.go:24&#xA;�[1mSTEP:�[0m checking hazelcast-platform-controller-manager running �[38;5;243m02/24/23 09:52:56.697�[0m&#xA;[It] dependent Data Structures and HotBackup CRs should be deleted&#xA;  /home/runner/work/hazelcast-platform-operator/hazelcast-platform-operator/test/e2e/hazelcast_test.go:144&#xA;[AfterEach] Hazelcast&#xA;  /home/runner/work/hazelcast-platform-operator/hazelcast-platform-operator/test/e2e/hazelcast_test.go:39&#xA;Aftereach start time is 2023-02-24 09:52:56.70714694 +0000 UTC m=+543.937732701&#xA;</system-err>
          </testcase>
          <testcase name="[It] Hazelcast High Availability should have no data lose after node outage [high_availability, slow]" classname="Operator Suite OS" status="skipped" time="0">
              <skipped message="skipped"></skipped>
          </testcase>
          <testcase name="[It] Hazelcast High Availability should have no data lose after zone outage [high_availability, slow]" classname="Operator Suite OS" status="skipped" time="0">
              <skipped message="skipped"></skipped>
          </testcase>
          <testcase name="[AfterSuite]" classname="Operator Suite OS" status="passed" time="0.0002755">
              <system-out>&#xA;Report Entries:&#xA;By Step&#xA;/home/runner/work/hazelcast-platform-operator/hazelcast-platform-operator/test/e2e/e2e_suite_test.go:57&#xA;2023-02-24T09:52:56.710656552Z&#xA;&amp;{Text:tearing down the test environment Duration:0s}&#xA;</system-out>
              <system-err>[AfterSuite] TOP-LEVEL&#xA;  /home/runner/work/hazelcast-platform-operator/hazelcast-platform-operator/test/e2e/e2e_suite_test.go:56&#xA;�[1mSTEP:�[0m tearing down the test environment �[38;5;243m02/24/23 09:52:56.71�[0m&#xA;</system-err>
          </testcase>
          <testcase name="[SynchronizedBeforeSuite]" classname="Operator Suite OS" status="passed" time="2.585857455">
              <system-out>&#xA;Report Entries:&#xA;By Step&#xA;/home/runner/work/hazelcast-platform-operator/hazelcast-platform-operator/test/e2e/e2e_suite_test.go:65&#xA;2023-02-24T09:44:38.694114892Z&#xA;&amp;{Text:bootstrapping test environment Duration:0s}&#xA;</system-out>
              <system-err>[SynchronizedBeforeSuite] TOP-LEVEL&#xA;  /home/runner/work/hazelcast-platform-operator/hazelcast-platform-operator/test/e2e/e2e_suite_test.go:40&#xA;�[1mSTEP:�[0m bootstrapping test environment �[38;5;243m02/24/23 09:44:38.694�[0m&#xA;</system-err>
          </testcase>
          <testcase name="[It] Hazelcast ReplicatedMap Config should fail to update ReplicatedMap Config [replicatedmap, fast]" classname="Operator Suite OS" status="passed" time="80.369709342">
              <system-out>&#xA;Report Entries:&#xA;By Step&#xA;/home/runner/work/hazelcast-platform-operator/hazelcast-platform-operator/test/e2e/hazelcast_replicatedmap_test.go:28&#xA;2023-02-24T09:44:39.972681687Z&#xA;&amp;{Text:checking hazelcast-platform-controller-manager running Duration:20.162942ms}&#xA;--&#xA;By Step&#xA;/home/runner/work/hazelcast-platform-operator/hazelcast-platform-operator/test/e2e/custom_resource_test.go:55&#xA;2023-02-24T09:44:39.992863729Z&#xA;&amp;{Text:setting the label and CR with name &#39;hrm-3-i0v5kp&#39; Duration:0s}&#xA;--&#xA;CR_ID:hrm-3-i0v5kp&#xA;/home/runner/work/hazelcast-platform-operator/hazelcast-platform-operator/test/e2e/custom_resource_test.go:73&#xA;2023-02-24T09:44:39.99293773Z&#xA;--&#xA;By Step&#xA;/home/runner/work/hazelcast-platform-operator/hazelcast-platform-operator/test/e2e/helpers_test.go:106&#xA;2023-02-24T09:44:39.99294063Z&#xA;&amp;{Text:creating Hazelcast CR Duration:39.522578ms}&#xA;--&#xA;By Step&#xA;/home/runner/work/hazelcast-platform-operator/hazelcast-platform-operator/test/e2e/helpers_test.go:111&#xA;2023-02-24T09:44:40.032463608Z&#xA;&amp;{Text:checking Hazelcast CR running Duration:1m6.215381636s}&#xA;--&#xA;By Step&#xA;/home/runner/work/hazelcast-platform-operator/hazelcast-platform-operator/test/e2e/hazelcast_replicatedmap_test.go:81&#xA;2023-02-24T09:45:46.247846044Z&#xA;&amp;{Text:creating the ReplicatedMap config Duration:0s}&#xA;--&#xA;By Step&#xA;/home/runner/work/hazelcast-platform-operator/hazelcast-platform-operator/test/e2e/helpers_test.go:738&#xA;2023-02-24T09:45:46.281851288Z&#xA;&amp;{Text:waiting for  CR status Duration:7.007829594s}&#xA;--&#xA;By Step&#xA;/home/runner/work/hazelcast-platform-operator/hazelcast-platform-operator/test/e2e/hazelcast_replicatedmap_test.go:91&#xA;2023-02-24T09:45:53.289682182Z&#xA;&amp;{Text:failing to update ReplicatedMap config Duration:0s}&#xA;--&#xA;By Step&#xA;/home/runner/work/hazelcast-platform-operator/hazelcast-platform-operator/test/e2e/helpers_test.go:738&#xA;2023-02-24T09:45:53.312573825Z&#xA;&amp;{Text:waiting for  CR status Duration:124.52688ms}&#xA;</system-out>
              <system-err>[BeforeEach] Hazelcast ReplicatedMap Config&#xA;  /home/runner/work/hazelcast-platform-operator/hazelcast-platform-operator/test/e2e/hazelcast_replicatedmap_test.go:21&#xA;�[1mSTEP:�[0m checking hazelcast-platform-controller-manager running �[38;5;243m02/24/23 09:44:39.972�[0m&#xA;[It] should fail to update ReplicatedMap Config&#xA;  /home/runner/work/hazelcast-platform-operator/hazelcast-platform-operator/test/e2e/hazelcast_replicatedmap_test.go:76&#xA;�[1mSTEP:�[0m setting the label and CR with name &#39;hrm-3-i0v5kp&#39; �[38;5;243m02/24/23 09:44:39.992�[0m&#xA;�[1mSTEP:�[0m creating Hazelcast CR �[38;5;243m02/24/23 09:44:39.992�[0m&#xA;�[1mSTEP:�[0m checking Hazelcast CR running �[38;5;243m02/24/23 09:44:40.032�[0m&#xA;�[1mSTEP:�[0m creating the ReplicatedMap config �[38;5;243m02/24/23 09:45:46.247�[0m&#xA;�[1mSTEP:�[0m waiting for  CR status �[38;5;243m02/24/23 09:45:46.281�[0m&#xA;�[1mSTEP:�[0m failing to update ReplicatedMap config �[38;5;243m02/24/23 09:45:53.289�[0m&#xA;�[1mSTEP:�[0m waiting for  CR status �[38;5;243m02/24/23 09:45:53.312�[0m&#xA;[AfterEach] Hazelcast ReplicatedMap Config&#xA;  /home/runner/work/hazelcast-platform-operator/hazelcast-platform-operator/test/e2e/hazelcast_replicatedmap_test.go:36&#xA;Aftereach start time is 2023-02-24 09:45:53.437126805 +0000 UTC m=+120.676121840&#xA;Aftereach end time is 2023-02-24 09:46:00.342358629 +0000 UTC m=+127.581353664&#xA;</system-err>
          </testcase>
          <testcase name="[It] Hazelcast User Code Deployment should add executor services both initially and dynamically [custom_class, fast]" classname="Operator Suite OS" status="passed" time="32.989844818">
              <system-out>&#xA;Report Entries:&#xA;By Step&#xA;/home/runner/work/hazelcast-platform-operator/hazelcast-platform-operator/test/e2e/hazelcast_user_code_test.go:32&#xA;2023-02-24T09:46:00.343014933Z&#xA;&amp;{Text:checking hazelcast-platform-controller-manager running Duration:11.915278ms}&#xA;--&#xA;By Step&#xA;/home/runner/work/hazelcast-platform-operator/hazelcast-platform-operator/test/e2e/custom_resource_test.go:55&#xA;2023-02-24T09:46:00.354949211Z&#xA;&amp;{Text:setting the label and CR with name &#39;hcc-1-0e84o5&#39; Duration:0s}&#xA;--&#xA;CR_ID:hcc-1-0e84o5&#xA;/home/runner/work/hazelcast-platform-operator/hazelcast-platform-operator/test/e2e/custom_resource_test.go:73&#xA;2023-02-24T09:46:00.355024812Z&#xA;--&#xA;By Step&#xA;/home/runner/work/hazelcast-platform-operator/hazelcast-platform-operator/test/e2e/hazelcast_user_code_test.go:147&#xA;2023-02-24T09:46:00.355026912Z&#xA;&amp;{Text:creating the Hazelcast CR Duration:0s}&#xA;--&#xA;By Step&#xA;/home/runner/work/hazelcast-platform-operator/hazelcast-platform-operator/test/e2e/helpers_test.go:106&#xA;2023-02-24T09:46:00.355064312Z&#xA;&amp;{Text:creating Hazelcast CR Duration:19.185026ms}&#xA;--&#xA;By Step&#xA;/home/runner/work/hazelcast-platform-operator/hazelcast-platform-operator/test/e2e/helpers_test.go:111&#xA;2023-02-24T09:46:00.374250038Z&#xA;&amp;{Text:checking Hazelcast CR running Duration:30.82026781s}&#xA;--&#xA;By Step&#xA;/home/runner/work/hazelcast-platform-operator/hazelcast-platform-operator/test/e2e/hazelcast_user_code_test.go:151&#xA;2023-02-24T09:46:31.194518548Z&#xA;&amp;{Text:port-forwarding to Hazelcast master pod Duration:0s}&#xA;--&#xA;By Step&#xA;/home/runner/work/hazelcast-platform-operator/hazelcast-platform-operator/test/e2e/hazelcast_user_code_test.go:155&#xA;2023-02-24T09:46:31.303750712Z&#xA;&amp;{Text:checking if the initially added executor service configs are created correctly Duration:0s}&#xA;--&#xA;By Step&#xA;/home/runner/work/hazelcast-platform-operator/hazelcast-platform-operator/test/e2e/helpers_test.go:525&#xA;2023-02-24T09:46:31.303820212Z&#xA;&amp;{Text:creating Hazelcast client using address &#39;localhost:8802&#39; Duration:37.002726ms}&#xA;--&#xA;By Step&#xA;/home/runner/work/hazelcast-platform-operator/hazelcast-platform-operator/test/e2e/hazelcast_user_code_test.go:165&#xA;2023-02-24T09:46:31.531625998Z&#xA;&amp;{Text:adding new executor services dynamically Duration:0s}&#xA;--&#xA;By Step&#xA;/home/runner/work/hazelcast-platform-operator/hazelcast-platform-operator/test/e2e/helpers_test.go:125&#xA;2023-02-24T09:46:31.531695298Z&#xA;&amp;{Text:updating the CR Duration:50.516107ms}&#xA;--&#xA;By Step&#xA;/home/runner/work/hazelcast-platform-operator/hazelcast-platform-operator/test/e2e/hazelcast_user_code_test.go:177&#xA;2023-02-24T09:46:31.582212105Z&#xA;&amp;{Text:checking if all the executor service configs are created correctly Duration:171.155741ms}&#xA;</system-out>
              <system-err>[BeforeEach] Hazelcast User Code Deployment&#xA;  /home/runner/work/hazelcast-platform-operator/hazelcast-platform-operator/test/e2e/hazelcast_user_code_test.go:25&#xA;�[1mSTEP:�[0m checking hazelcast-platform-controller-manager running �[38;5;243m02/24/23 09:46:00.343�[0m&#xA;[It] should add executor services both initially and dynamically&#xA;  /home/runner/work/hazelcast-platform-operator/hazelcast-platform-operator/test/e2e/hazelcast_user_code_test.go:118&#xA;�[1mSTEP:�[0m setting the label and CR with name &#39;hcc-1-0e84o5&#39; �[38;5;243m02/24/23 09:46:00.354�[0m&#xA;�[1mSTEP:�[0m creating the Hazelcast CR �[38;5;243m02/24/23 09:46:00.355�[0m&#xA;�[1mSTEP:�[0m creating Hazelcast CR �[38;5;243m02/24/23 09:46:00.355�[0m&#xA;�[1mSTEP:�[0m checking Hazelcast CR running �[38;5;243m02/24/23 09:46:00.374�[0m&#xA;�[1mSTEP:�[0m port-forwarding to Hazelcast master pod �[38;5;243m02/24/23 09:46:31.194�[0m&#xA;�[1mSTEP:�[0m checking if the initially added executor service configs are created correctly �[38;5;243m02/24/23 09:46:31.303�[0m&#xA;�[1mSTEP:�[0m creating Hazelcast client using address &#39;localhost:8802&#39; �[38;5;243m02/24/23 09:46:31.303�[0m&#xA;�[1mSTEP:�[0m adding new executor services dynamically �[38;5;243m02/24/23 09:46:31.531�[0m&#xA;�[1mSTEP:�[0m updating the CR �[38;5;243m02/24/23 09:46:31.531�[0m&#xA;�[1mSTEP:�[0m checking if all the executor service configs are created correctly �[38;5;243m02/24/23 09:46:31.582�[0m&#xA;[AfterEach] Hazelcast User Code Deployment&#xA;  /home/runner/work/hazelcast-platform-operator/hazelcast-platform-operator/test/e2e/hazelcast_user_code_test.go:40&#xA;Aftereach start time is 2023-02-24 09:46:31.753471247 +0000 UTC m=+158.992466282&#xA;Aftereach end time is 2023-02-24 09:46:33.332823651 +0000 UTC m=+160.571818686&#xA;</system-err>
          </testcase>
          <testcase name="[It] Hazelcast Cache Config should create Cache Config with correct default values [cache, fast]" classname="Operator Suite OS" status="passed" time="57.152013996">
              <system-out>&#xA;Report Entries:&#xA;By Step&#xA;/home/runner/work/hazelcast-platform-operator/hazelcast-platform-operator/test/e2e/hazelcast_cache_test.go:28&#xA;2023-02-24T09:46:33.333856457Z&#xA;&amp;{Text:checking hazelcast-platform-controller-manager running Duration:11.632371ms}&#xA;--&#xA;By Step&#xA;/home/runner/work/hazelcast-platform-operator/hazelcast-platform-operator/test/e2e/custom_resource_test.go:55&#xA;2023-02-24T09:46:33.345505528Z&#xA;&amp;{Text:setting the label and CR with name &#39;hch-2-hqaf0u&#39; Duration:0s}&#xA;--&#xA;CR_ID:hch-2-hqaf0u&#xA;/home/runner/work/hazelcast-platform-operator/hazelcast-platform-operator/test/e2e/custom_resource_test.go:73&#xA;2023-02-24T09:46:33.345585729Z&#xA;--&#xA;By Step&#xA;/home/runner/work/hazelcast-platform-operator/hazelcast-platform-operator/test/e2e/helpers_test.go:106&#xA;2023-02-24T09:46:33.345588829Z&#xA;&amp;{Text:creating Hazelcast CR Duration:23.691344ms}&#xA;--&#xA;By Step&#xA;/home/runner/work/hazelcast-platform-operator/hazelcast-platform-operator/test/e2e/helpers_test.go:111&#xA;2023-02-24T09:46:33.369280573Z&#xA;&amp;{Text:checking Hazelcast CR running Duration:41.36498144s}&#xA;--&#xA;By Step&#xA;/home/runner/work/hazelcast-platform-operator/hazelcast-platform-operator/test/e2e/hazelcast_cache_test.go:63&#xA;2023-02-24T09:47:14.734262713Z&#xA;&amp;{Text:creating the default cache config Duration:0s}&#xA;--&#xA;By Step&#xA;/home/runner/work/hazelcast-platform-operator/hazelcast-platform-operator/test/e2e/helpers_test.go:738&#xA;2023-02-24T09:47:14.785583814Z&#xA;&amp;{Text:waiting for  CR status Duration:9.449129009s}&#xA;--&#xA;By Step&#xA;/home/runner/work/hazelcast-platform-operator/hazelcast-platform-operator/test/e2e/hazelcast_cache_test.go:68&#xA;2023-02-24T09:47:24.234713623Z&#xA;&amp;{Text:checking if the cache config is created correctly Duration:0s}&#xA;--&#xA;By Step&#xA;/home/runner/work/hazelcast-platform-operator/hazelcast-platform-operator/test/e2e/client_port_forward_test.go:73&#xA;2023-02-24T09:47:24.234781724Z&#xA;&amp;{Text:Getting the member config with lookup name &#39;hch-2-hqaf0u&#39; Duration:702.415715ms}&#xA;--&#xA;By Step&#xA;/home/runner/work/hazelcast-platform-operator/hazelcast-platform-operator/test/e2e/helpers_test.go:525&#xA;2023-02-24T09:47:24.34240997Z&#xA;&amp;{Text:creating Hazelcast client using address &#39;localhost:8002&#39; Duration:53.086318ms}&#xA;</system-out>
              <system-err>[BeforeEach] Hazelcast Cache Config&#xA;  /home/runner/work/hazelcast-platform-operator/hazelcast-platform-operator/test/e2e/hazelcast_cache_test.go:21&#xA;�[1mSTEP:�[0m checking hazelcast-platform-controller-manager running �[38;5;243m02/24/23 09:46:33.333�[0m&#xA;[It] should create Cache Config with correct default values&#xA;  /home/runner/work/hazelcast-platform-operator/hazelcast-platform-operator/test/e2e/hazelcast_cache_test.go:58&#xA;�[1mSTEP:�[0m setting the label and CR with name &#39;hch-2-hqaf0u&#39; �[38;5;243m02/24/23 09:46:33.345�[0m&#xA;�[1mSTEP:�[0m creating Hazelcast CR �[38;5;243m02/24/23 09:46:33.345�[0m&#xA;�[1mSTEP:�[0m checking Hazelcast CR running �[38;5;243m02/24/23 09:46:33.369�[0m&#xA;�[1mSTEP:�[0m creating the default cache config �[38;5;243m02/24/23 09:47:14.734�[0m&#xA;�[1mSTEP:�[0m waiting for  CR status �[38;5;243m02/24/23 09:47:14.785�[0m&#xA;�[1mSTEP:�[0m checking if the cache config is created correctly �[38;5;243m02/24/23 09:47:24.234�[0m&#xA;�[1mSTEP:�[0m Getting the member config with lookup name &#39;hch-2-hqaf0u&#39; �[38;5;243m02/24/23 09:47:24.234�[0m&#xA;�[1mSTEP:�[0m creating Hazelcast client using address &#39;localhost:8002&#39; �[38;5;243m02/24/23 09:47:24.342�[0m&#xA;[AfterEach] Hazelcast Cache Config&#xA;  /home/runner/work/hazelcast-platform-operator/hazelcast-platform-operator/test/e2e/hazelcast_cache_test.go:36&#xA;Aftereach start time is 2023-02-24 09:47:24.937943444 +0000 UTC m=+212.176938479&#xA;Aftereach end time is 2023-02-24 09:47:30.485829253 +0000 UTC m=+217.724824388&#xA;</system-err>
          </testcase>
          <testcase name="[It] Hazelcast Queue Config should create Queue Config [queue, fast]" classname="Operator Suite OS" status="passed" time="43.84913537">
              <system-out>&#xA;Report Entries:&#xA;By Step&#xA;/home/runner/work/hazelcast-platform-operator/hazelcast-platform-operator/test/e2e/hazelcast_queue_test.go:28&#xA;2023-02-24T09:47:30.490215578Z&#xA;&amp;{Text:checking hazelcast-platform-controller-manager running Duration:13.077975ms}&#xA;--&#xA;By Step&#xA;/home/runner/work/hazelcast-platform-operator/hazelcast-platform-operator/test/e2e/custom_resource_test.go:55&#xA;2023-02-24T09:47:30.503311253Z&#xA;&amp;{Text:setting the label and CR with name &#39;hq-1-rghhzb&#39; Duration:0s}&#xA;--&#xA;CR_ID:hq-1-rghhzb&#xA;/home/runner/work/hazelcast-platform-operator/hazelcast-platform-operator/test/e2e/custom_resource_test.go:73&#xA;2023-02-24T09:47:30.503378553Z&#xA;--&#xA;By Step&#xA;/home/runner/work/hazelcast-platform-operator/hazelcast-platform-operator/test/e2e/helpers_test.go:106&#xA;2023-02-24T09:47:30.503380453Z&#xA;&amp;{Text:creating Hazelcast CR Duration:17.323199ms}&#xA;--&#xA;By Step&#xA;/home/runner/work/hazelcast-platform-operator/hazelcast-platform-operator/test/e2e/helpers_test.go:111&#xA;2023-02-24T09:47:30.520704152Z&#xA;&amp;{Text:checking Hazelcast CR running Duration:31.578680235s}&#xA;--&#xA;By Step&#xA;/home/runner/work/hazelcast-platform-operator/hazelcast-platform-operator/test/e2e/helpers_test.go:738&#xA;2023-02-24T09:48:02.137048172Z&#xA;&amp;{Text:waiting for  CR status Duration:8.933545751s}&#xA;</system-out>
              <system-err>[BeforeEach] Hazelcast Queue Config&#xA;  /home/runner/work/hazelcast-platform-operator/hazelcast-platform-operator/test/e2e/hazelcast_queue_test.go:21&#xA;�[1mSTEP:�[0m checking hazelcast-platform-controller-manager running �[38;5;243m02/24/23 09:47:30.49�[0m&#xA;[It] should create Queue Config&#xA;  /home/runner/work/hazelcast-platform-operator/hazelcast-platform-operator/test/e2e/hazelcast_queue_test.go:48&#xA;�[1mSTEP:�[0m setting the label and CR with name &#39;hq-1-rghhzb&#39; �[38;5;243m02/24/23 09:47:30.503�[0m&#xA;�[1mSTEP:�[0m creating Hazelcast CR �[38;5;243m02/24/23 09:47:30.503�[0m&#xA;�[1mSTEP:�[0m checking Hazelcast CR running �[38;5;243m02/24/23 09:47:30.52�[0m&#xA;�[1mSTEP:�[0m waiting for  CR status �[38;5;243m02/24/23 09:48:02.137�[0m&#xA;[AfterEach] Hazelcast Queue Config&#xA;  /home/runner/work/hazelcast-platform-operator/hazelcast-platform-operator/test/e2e/hazelcast_queue_test.go:36&#xA;Aftereach start time is 2023-02-24 09:48:11.070618123 +0000 UTC m=+258.309613158&#xA;Aftereach end time is 2023-02-24 09:48:14.339311848 +0000 UTC m=+261.578306883&#xA;</system-err>
          </testcase>
          <testcase name="[It] Management-Center ManagementCenter CR without Persistence Should create ManagementCenter resources and no PVC [mc, fast]" classname="Operator Suite OS" status="passed" time="50.695389457">
              <system-out>&#xA;Report Entries:&#xA;By Step&#xA;/home/runner/work/hazelcast-platform-operator/hazelcast-platform-operator/test/e2e/management_center_test.go:31&#xA;2023-02-24T09:48:14.339804151Z&#xA;&amp;{Text:checking hazelcast-platform-controller-manager running Duration:12.700668ms}&#xA;--&#xA;By Step&#xA;/home/runner/work/hazelcast-platform-operator/hazelcast-platform-operator/test/e2e/custom_resource_test.go:55&#xA;2023-02-24T09:48:14.352522119Z&#xA;&amp;{Text:setting the label and CR with name &#39;mc-2-rrb73f&#39; Duration:0s}&#xA;--&#xA;CR_ID:mc-2-rrb73f&#xA;/home/runner/work/hazelcast-platform-operator/hazelcast-platform-operator/test/e2e/custom_resource_test.go:73&#xA;2023-02-24T09:48:14.352594919Z&#xA;--&#xA;By Step&#xA;/home/runner/work/hazelcast-platform-operator/hazelcast-platform-operator/test/e2e/management_center_test.go:50&#xA;2023-02-24T09:48:14.352596719Z&#xA;&amp;{Text:creating ManagementCenter CR Duration:42.464329ms}&#xA;--&#xA;By Step&#xA;/home/runner/work/hazelcast-platform-operator/hazelcast-platform-operator/test/e2e/management_center_test.go:54&#xA;2023-02-24T09:48:14.395061548Z&#xA;&amp;{Text:checking ManagementCenter CR running Duration:50.587004199s}&#xA;--&#xA;By Step&#xA;/home/runner/work/hazelcast-platform-operator/hazelcast-platform-operator/test/e2e/management_center_test.go:107&#xA;2023-02-24T09:49:04.982066447Z&#xA;&amp;{Text:checking if PVC doesn&#39;t exist Duration:11.493857ms}&#xA;</system-out>
              <system-err>[BeforeEach] Management-Center&#xA;  /home/runner/work/hazelcast-platform-operator/hazelcast-platform-operator/test/e2e/management_center_test.go:23&#xA;�[1mSTEP:�[0m checking hazelcast-platform-controller-manager running �[38;5;243m02/24/23 09:48:14.339�[0m&#xA;[It] Should create ManagementCenter resources and no PVC&#xA;  /home/runner/work/hazelcast-platform-operator/hazelcast-platform-operator/test/e2e/management_center_test.go:102&#xA;�[1mSTEP:�[0m setting the label and CR with name &#39;mc-2-rrb73f&#39; �[38;5;243m02/24/23 09:48:14.352�[0m&#xA;�[1mSTEP:�[0m creating ManagementCenter CR �[38;5;243m02/24/23 09:48:14.352�[0m&#xA;�[1mSTEP:�[0m checking ManagementCenter CR running �[38;5;243m02/24/23 09:48:14.395�[0m&#xA;�[1mSTEP:�[0m checking if PVC doesn&#39;t exist �[38;5;243m02/24/23 09:49:04.982�[0m&#xA;[AfterEach] Management-Center&#xA;  /home/runner/work/hazelcast-platform-operator/hazelcast-platform-operator/test/e2e/management_center_test.go:39&#xA;Aftereach start time is 2023-02-24 09:49:04.993579804 +0000 UTC m=+312.232574839&#xA;Aftereach end time is 2023-02-24 09:49:05.035162808 +0000 UTC m=+312.274157843&#xA;</system-err>
          </testcase>
          <testcase name="[It] Hazelcast Topic Config should fail to update Topic Config [topic, fast]" classname="Operator Suite OS" status="passed" time="43.156962975">
              <system-out>&#xA;Report Entries:&#xA;By Step&#xA;/home/runner/work/hazelcast-platform-operator/hazelcast-platform-operator/test/e2e/hazelcast_topic_test.go:27&#xA;2023-02-24T09:49:05.03565011Z&#xA;&amp;{Text:checking hazelcast-platform-controller-manager running Duration:12.35296ms}&#xA;--&#xA;By Step&#xA;/home/runner/work/hazelcast-platform-operator/hazelcast-platform-operator/test/e2e/custom_resource_test.go:55&#xA;2023-02-24T09:49:05.04801927Z&#xA;&amp;{Text:setting the label and CR with name &#39;ht-3-3c56cr&#39; Duration:0s}&#xA;--&#xA;CR_ID:ht-3-3c56cr&#xA;/home/runner/work/hazelcast-platform-operator/hazelcast-platform-operator/test/e2e/custom_resource_test.go:73&#xA;2023-02-24T09:49:05.048091471Z&#xA;--&#xA;By Step&#xA;/home/runner/work/hazelcast-platform-operator/hazelcast-platform-operator/test/e2e/helpers_test.go:106&#xA;2023-02-24T09:49:05.048094571Z&#xA;&amp;{Text:creating Hazelcast CR Duration:32.372458ms}&#xA;--&#xA;By Step&#xA;/home/runner/work/hazelcast-platform-operator/hazelcast-platform-operator/test/e2e/helpers_test.go:111&#xA;2023-02-24T09:49:05.080467429Z&#xA;&amp;{Text:checking Hazelcast CR running Duration:31.070918225s}&#xA;--&#xA;By Step&#xA;/home/runner/work/hazelcast-platform-operator/hazelcast-platform-operator/test/e2e/hazelcast_topic_test.go:81&#xA;2023-02-24T09:49:36.151386454Z&#xA;&amp;{Text:creating the topic config Duration:0s}&#xA;--&#xA;By Step&#xA;/home/runner/work/hazelcast-platform-operator/hazelcast-platform-operator/test/e2e/helpers_test.go:738&#xA;2023-02-24T09:49:36.183756995Z&#xA;&amp;{Text:waiting for  CR status Duration:9.298508096s}&#xA;--&#xA;By Step&#xA;/home/runner/work/hazelcast-platform-operator/hazelcast-platform-operator/test/e2e/hazelcast_topic_test.go:91&#xA;2023-02-24T09:49:45.482266191Z&#xA;&amp;{Text:failing to update topic config Duration:0s}&#xA;--&#xA;By Step&#xA;/home/runner/work/hazelcast-platform-operator/hazelcast-platform-operator/test/e2e/helpers_test.go:738&#xA;2023-02-24T09:49:45.50279938Z&#xA;&amp;{Text:waiting for  CR status Duration:123.498738ms}&#xA;</system-out>
              <system-err>[BeforeEach] Hazelcast Topic Config&#xA;  /home/runner/work/hazelcast-platform-operator/hazelcast-platform-operator/test/e2e/hazelcast_topic_test.go:20&#xA;�[1mSTEP:�[0m checking hazelcast-platform-controller-manager running �[38;5;243m02/24/23 09:49:05.035�[0m&#xA;[It] should fail to update Topic Config&#xA;  /home/runner/work/hazelcast-platform-operator/hazelcast-platform-operator/test/e2e/hazelcast_topic_test.go:76&#xA;�[1mSTEP:�[0m setting the label and CR with name &#39;ht-3-3c56cr&#39; �[38;5;243m02/24/23 09:49:05.048�[0m&#xA;�[1mSTEP:�[0m creating Hazelcast CR �[38;5;243m02/24/23 09:49:05.048�[0m&#xA;�[1mSTEP:�[0m checking Hazelcast CR running �[38;5;243m02/24/23 09:49:05.08�[0m&#xA;�[1mSTEP:�[0m creating the topic config �[38;5;243m02/24/23 09:49:36.151�[0m&#xA;�[1mSTEP:�[0m waiting for  CR status �[38;5;243m02/24/23 09:49:36.183�[0m&#xA;�[1mSTEP:�[0m failing to update topic config �[38;5;243m02/24/23 09:49:45.482�[0m&#xA;�[1mSTEP:�[0m waiting for  CR status �[38;5;243m02/24/23 09:49:45.502�[0m&#xA;[AfterEach] Hazelcast Topic Config&#xA;  /home/runner/work/hazelcast-platform-operator/hazelcast-platform-operator/test/e2e/hazelcast_topic_test.go:35&#xA;Aftereach start time is 2023-02-24 09:49:45.626319818 +0000 UTC m=+352.865314953&#xA;Aftereach end time is 2023-02-24 09:49:48.192575485 +0000 UTC m=+355.431570520&#xA;</system-err>
          </testcase>
          <testcase name="[It] Hazelcast Map Config should update the map correctly [map, fast]" classname="Operator Suite OS" status="passed" time="36.572895045">
              <system-out>&#xA;Report Entries:&#xA;By Step&#xA;/home/runner/work/hazelcast-platform-operator/hazelcast-platform-operator/test/e2e/hazelcast_map_test.go:39&#xA;2023-02-24T09:49:48.193258088Z&#xA;&amp;{Text:checking hazelcast-platform-controller-manager running Duration:11.007548ms}&#xA;--&#xA;By Step&#xA;/home/runner/work/hazelcast-platform-operator/hazelcast-platform-operator/test/e2e/custom_resource_test.go:55&#xA;2023-02-24T09:49:48.204284036Z&#xA;&amp;{Text:setting the label and CR with name &#39;hm-4-v1zxq3&#39; Duration:0s}&#xA;--&#xA;CR_ID:hm-4-v1zxq3&#xA;/home/runner/work/hazelcast-platform-operator/hazelcast-platform-operator/test/e2e/custom_resource_test.go:73&#xA;2023-02-24T09:49:48.204352736Z&#xA;--&#xA;By Step&#xA;/home/runner/work/hazelcast-platform-operator/hazelcast-platform-operator/test/e2e/helpers_test.go:106&#xA;2023-02-24T09:49:48.204354736Z&#xA;&amp;{Text:creating Hazelcast CR Duration:18.452181ms}&#xA;--&#xA;By Step&#xA;/home/runner/work/hazelcast-platform-operator/hazelcast-platform-operator/test/e2e/helpers_test.go:111&#xA;2023-02-24T09:49:48.222807317Z&#xA;&amp;{Text:checking Hazelcast CR running Duration:31.056936353s}&#xA;--&#xA;By Step&#xA;/home/runner/work/hazelcast-platform-operator/hazelcast-platform-operator/test/e2e/hazelcast_map_test.go:153&#xA;2023-02-24T09:50:19.27974447Z&#xA;&amp;{Text:port-forwarding to Hazelcast master pod Duration:0s}&#xA;--&#xA;By Step&#xA;/home/runner/work/hazelcast-platform-operator/hazelcast-platform-operator/test/e2e/hazelcast_map_test.go:157&#xA;2023-02-24T09:50:19.390845494Z&#xA;&amp;{Text:creating the map config Duration:0s}&#xA;--&#xA;By Step&#xA;/home/runner/work/hazelcast-platform-operator/hazelcast-platform-operator/test/e2e/helpers_test.go:424&#xA;2023-02-24T09:50:19.434044297Z&#xA;&amp;{Text:waiting for Map CR status Duration:927.417473ms}&#xA;--&#xA;By Step&#xA;/home/runner/work/hazelcast-platform-operator/hazelcast-platform-operator/test/e2e/hazelcast_map_test.go:162&#xA;2023-02-24T09:50:20.361462871Z&#xA;&amp;{Text:updating the map config Duration:0s}&#xA;--&#xA;By Step&#xA;/home/runner/work/hazelcast-platform-operator/hazelcast-platform-operator/test/e2e/helpers_test.go:424&#xA;2023-02-24T09:50:20.387231792Z&#xA;&amp;{Text:waiting for Map CR status Duration:475.814344ms}&#xA;--&#xA;By Step&#xA;/home/runner/work/hazelcast-platform-operator/hazelcast-platform-operator/test/e2e/hazelcast_map_test.go:173&#xA;2023-02-24T09:50:20.863046936Z&#xA;&amp;{Text:checking if the map config is updated correctly Duration:0s}&#xA;--&#xA;By Step&#xA;/home/runner/work/hazelcast-platform-operator/hazelcast-platform-operator/test/e2e/helpers_test.go:525&#xA;2023-02-24T09:50:20.863114336Z&#xA;&amp;{Text:creating Hazelcast client using address &#39;localhost:8202&#39; Duration:125.398191ms}&#xA;</system-out>
              <system-err>[BeforeEach] Hazelcast Map Config&#xA;  /home/runner/work/hazelcast-platform-operator/hazelcast-platform-operator/test/e2e/hazelcast_map_test.go:32&#xA;�[1mSTEP:�[0m checking hazelcast-platform-controller-manager running �[38;5;243m02/24/23 09:49:48.193�[0m&#xA;[It] should update the map correctly&#xA;  /home/runner/work/hazelcast-platform-operator/hazelcast-platform-operator/test/e2e/hazelcast_map_test.go:148&#xA;�[1mSTEP:�[0m setting the label and CR with name &#39;hm-4-v1zxq3&#39; �[38;5;243m02/24/23 09:49:48.204�[0m&#xA;�[1mSTEP:�[0m creating Hazelcast CR �[38;5;243m02/24/23 09:49:48.204�[0m&#xA;�[1mSTEP:�[0m checking Hazelcast CR running �[38;5;243m02/24/23 09:49:48.222�[0m&#xA;�[1mSTEP:�[0m port-forwarding to Hazelcast master pod �[38;5;243m02/24/23 09:50:19.279�[0m&#xA;�[1mSTEP:�[0m creating the map config �[38;5;243m02/24/23 09:50:19.39�[0m&#xA;�[1mSTEP:�[0m waiting for Map CR status �[38;5;243m02/24/23 09:50:19.434�[0m&#xA;�[1mSTEP:�[0m updating the map config �[38;5;243m02/24/23 09:50:20.361�[0m&#xA;�[1mSTEP:�[0m waiting for Map CR status �[38;5;243m02/24/23 09:50:20.387�[0m&#xA;�[1mSTEP:�[0m checking if the map config is updated correctly �[38;5;243m02/24/23 09:50:20.863�[0m&#xA;�[1mSTEP:�[0m creating Hazelcast client using address &#39;localhost:8202&#39; �[38;5;243m02/24/23 09:50:20.863�[0m&#xA;[AfterEach] Hazelcast Map Config&#xA;  /home/runner/work/hazelcast-platform-operator/hazelcast-platform-operator/test/e2e/hazelcast_map_test.go:47&#xA;Aftereach start time is 2023-02-24 09:50:21.003569398 +0000 UTC m=+388.242564433&#xA;Aftereach end time is 2023-02-24 09:50:24.766115933 +0000 UTC m=+392.005111068&#xA;</system-err>
          </testcase>
          <testcase name="[It] Hazelcast CR with expose externally feature should create Hazelcast cluster and allow connecting with Hazelcast unisocket client [hz_expose_externally, slow]" classname="Operator Suite OS" status="passed" time="43.280527045">
              <system-out>&#xA;Report Entries:&#xA;By Step&#xA;/home/runner/work/hazelcast-platform-operator/hazelcast-platform-operator/test/e2e/hazelcast_expose_externally_test.go:30&#xA;2023-02-24T09:50:24.766897436Z&#xA;&amp;{Text:checking hazelcast-platform-controller-manager running Duration:11.476753ms}&#xA;--&#xA;By Step&#xA;/home/runner/work/hazelcast-platform-operator/hazelcast-platform-operator/test/e2e/custom_resource_test.go:55&#xA;2023-02-24T09:50:24.778391189Z&#xA;&amp;{Text:setting the label and CR with name &#39;hee-1-blx3fj&#39; Duration:0s}&#xA;--&#xA;CR_ID:hee-1-blx3fj&#xA;/home/runner/work/hazelcast-platform-operator/hazelcast-platform-operator/test/e2e/custom_resource_test.go:73&#xA;2023-02-24T09:50:24.778465289Z&#xA;--&#xA;By Step&#xA;/home/runner/work/hazelcast-platform-operator/hazelcast-platform-operator/test/e2e/helpers_test.go:106&#xA;2023-02-24T09:50:24.778468389Z&#xA;&amp;{Text:creating Hazelcast CR Duration:17.946382ms}&#xA;--&#xA;By Step&#xA;/home/runner/work/hazelcast-platform-operator/hazelcast-platform-operator/test/e2e/helpers_test.go:111&#xA;2023-02-24T09:50:24.796415071Z&#xA;&amp;{Text:checking Hazelcast CR running Duration:31.316978394s}&#xA;--&#xA;By Step&#xA;/home/runner/work/hazelcast-platform-operator/hazelcast-platform-operator/test/e2e/helpers_test.go:394&#xA;2023-02-24T09:50:56.113396665Z&#xA;&amp;{Text:evaluate number of ready members for lookup name &#39;hee-1-blx3fj&#39; and &#39;test-operator-os&#39; namespace Duration:10.046413839s}&#xA;--&#xA;By Step&#xA;/home/runner/work/hazelcast-platform-operator/hazelcast-platform-operator/test/e2e/helpers_test.go:250&#xA;2023-02-24T09:51:06.159813804Z&#xA;&amp;{Text:filling the &#39;map&#39; map with &#39;100&#39; entries using &#39;hee-1-blx3fj&#39; lookup name and &#39;test-operator-os&#39; namespace Duration:1.672128055s}&#xA;--&#xA;By Step&#xA;/home/runner/work/hazelcast-platform-operator/hazelcast-platform-operator/test/e2e/helpers_test.go:187&#xA;2023-02-24T09:51:06.159907805Z&#xA;&amp;{Text:starting new Hazelcast client Duration:50.514016ms}&#xA;--&#xA;By Step&#xA;/home/runner/work/hazelcast-platform-operator/hazelcast-platform-operator/test/e2e/helpers_test.go:272&#xA;2023-02-24T09:51:07.831946659Z&#xA;&amp;{Text:waiting the &#39;map&#39; map to be of size &#39;100&#39; using lookup name &#39;hee-1-blx3fj&#39; Duration:176.929057ms}&#xA;--&#xA;By Step&#xA;/home/runner/work/hazelcast-platform-operator/hazelcast-platform-operator/test/e2e/helpers_test.go:187&#xA;2023-02-24T09:51:07.83206406Z&#xA;&amp;{Text:starting new Hazelcast client Duration:56.628242ms}&#xA;--&#xA;By Step&#xA;/home/runner/work/hazelcast-platform-operator/hazelcast-platform-operator/test/e2e/hazelcast_expose_externally_test.go:49&#xA;2023-02-24T09:51:08.008876716Z&#xA;&amp;{Text:status external addresses should not be empty Duration:0s}&#xA;</system-out>
              <system-err>[BeforeEach] Hazelcast CR with expose externally feature&#xA;  /home/runner/work/hazelcast-platform-operator/hazelcast-platform-operator/test/e2e/hazelcast_expose_externally_test.go:23&#xA;�[1mSTEP:�[0m checking hazelcast-platform-controller-manager running �[38;5;243m02/24/23 09:50:24.766�[0m&#xA;[It] should create Hazelcast cluster and allow connecting with Hazelcast unisocket client&#xA;  /home/runner/work/hazelcast-platform-operator/hazelcast-platform-operator/test/e2e/hazelcast_expose_externally_test.go:58&#xA;�[1mSTEP:�[0m setting the label and CR with name &#39;hee-1-blx3fj&#39; �[38;5;243m02/24/23 09:50:24.778�[0m&#xA;�[1mSTEP:�[0m creating Hazelcast CR �[38;5;243m02/24/23 09:50:24.778�[0m&#xA;�[1mSTEP:�[0m checking Hazelcast CR running �[38;5;243m02/24/23 09:50:24.796�[0m&#xA;�[1mSTEP:�[0m evaluate number of ready members for lookup name &#39;hee-1-blx3fj&#39; and &#39;test-operator-os&#39; namespace �[38;5;243m02/24/23 09:50:56.113�[0m&#xA;�[1mSTEP:�[0m filling the &#39;map&#39; map with &#39;100&#39; entries using &#39;hee-1-blx3fj&#39; lookup name and &#39;test-operator-os&#39; namespace �[38;5;243m02/24/23 09:51:06.159�[0m&#xA;�[1mSTEP:�[0m starting new Hazelcast client �[38;5;243m02/24/23 09:51:06.159�[0m&#xA;�[1mSTEP:�[0m waiting the &#39;map&#39; map to be of size &#39;100&#39; using lookup name &#39;hee-1-blx3fj&#39; �[38;5;243m02/24/23 09:51:07.831�[0m&#xA;�[1mSTEP:�[0m starting new Hazelcast client �[38;5;243m02/24/23 09:51:07.832�[0m&#xA;�[1mSTEP:�[0m status external addresses should not be empty �[38;5;243m02/24/23 09:51:08.008�[0m&#xA;[AfterEach] Hazelcast CR with expose externally feature&#xA;  /home/runner/work/hazelcast-platform-operator/hazelcast-platform-operator/test/e2e/hazelcast_expose_externally_test.go:38&#xA;Aftereach start time is 2023-02-24 09:51:08.022294874 +0000 UTC m=+435.261289909&#xA;Aftereach end time is 2023-02-24 09:51:08.047395481 +0000 UTC m=+435.286390616&#xA;</system-err>
          </testcase>
          <testcase name="[It] Hazelcast MultiMap Config should create MultiMap Config with correct default values [multimap, fast]" classname="Operator Suite OS" status="passed" time="44.575024293">
              <system-out>&#xA;Report Entries:&#xA;By Step&#xA;/home/runner/work/hazelcast-platform-operator/hazelcast-platform-operator/test/e2e/hazelcast_multimap_test.go:28&#xA;2023-02-24T09:51:08.047948783Z&#xA;&amp;{Text:checking hazelcast-platform-controller-manager running Duration:11.420949ms}&#xA;--&#xA;By Step&#xA;/home/runner/work/hazelcast-platform-operator/hazelcast-platform-operator/test/e2e/custom_resource_test.go:55&#xA;2023-02-24T09:51:08.059381232Z&#xA;&amp;{Text:setting the label and CR with name &#39;hmm-2-czayc5&#39; Duration:0s}&#xA;--&#xA;CR_ID:hmm-2-czayc5&#xA;/home/runner/work/hazelcast-platform-operator/hazelcast-platform-operator/test/e2e/custom_resource_test.go:73&#xA;2023-02-24T09:51:08.059446133Z&#xA;--&#xA;By Step&#xA;/home/runner/work/hazelcast-platform-operator/hazelcast-platform-operator/test/e2e/helpers_test.go:106&#xA;2023-02-24T09:51:08.059448233Z&#xA;&amp;{Text:creating Hazelcast CR Duration:23.5609ms}&#xA;--&#xA;By Step&#xA;/home/runner/work/hazelcast-platform-operator/hazelcast-platform-operator/test/e2e/helpers_test.go:111&#xA;2023-02-24T09:51:08.083010233Z&#xA;&amp;{Text:checking Hazelcast CR running Duration:31.40455716s}&#xA;--&#xA;By Step&#xA;/home/runner/work/hazelcast-platform-operator/hazelcast-platform-operator/test/e2e/hazelcast_multimap_test.go:63&#xA;2023-02-24T09:51:39.487568393Z&#xA;&amp;{Text:creating the default multiMap config Duration:0s}&#xA;--&#xA;By Step&#xA;/home/runner/work/hazelcast-platform-operator/hazelcast-platform-operator/test/e2e/helpers_test.go:738&#xA;2023-02-24T09:51:39.517910423Z&#xA;&amp;{Text:waiting for  CR status Duration:9.455341395s}&#xA;--&#xA;By Step&#xA;/home/runner/work/hazelcast-platform-operator/hazelcast-platform-operator/test/e2e/client_port_forward_test.go:73&#xA;2023-02-24T09:51:48.973254518Z&#xA;&amp;{Text:Getting the member config with lookup name &#39;hmm-2-czayc5&#39; Duration:367.168566ms}&#xA;--&#xA;By Step&#xA;/home/runner/work/hazelcast-platform-operator/hazelcast-platform-operator/test/e2e/helpers_test.go:525&#xA;2023-02-24T09:51:49.078780968Z&#xA;&amp;{Text:creating Hazelcast client using address &#39;localhost:8302&#39; Duration:47.970304ms}&#xA;</system-out>
              <system-err>[BeforeEach] Hazelcast MultiMap Config&#xA;  /home/runner/work/hazelcast-platform-operator/hazelcast-platform-operator/test/e2e/hazelcast_multimap_test.go:21&#xA;�[1mSTEP:�[0m checking hazelcast-platform-controller-manager running �[38;5;243m02/24/23 09:51:08.047�[0m&#xA;[It] should create MultiMap Config with correct default values&#xA;  /home/runner/work/hazelcast-platform-operator/hazelcast-platform-operator/test/e2e/hazelcast_multimap_test.go:58&#xA;�[1mSTEP:�[0m setting the label and CR with name &#39;hmm-2-czayc5&#39; �[38;5;243m02/24/23 09:51:08.059�[0m&#xA;�[1mSTEP:�[0m creating Hazelcast CR �[38;5;243m02/24/23 09:51:08.059�[0m&#xA;�[1mSTEP:�[0m checking Hazelcast CR running �[38;5;243m02/24/23 09:51:08.083�[0m&#xA;�[1mSTEP:�[0m creating the default multiMap config �[38;5;243m02/24/23 09:51:39.487�[0m&#xA;�[1mSTEP:�[0m waiting for  CR status �[38;5;243m02/24/23 09:51:39.517�[0m&#xA;�[1mSTEP:�[0m Getting the member config with lookup name &#39;hmm-2-czayc5&#39; �[38;5;243m02/24/23 09:51:48.973�[0m&#xA;�[1mSTEP:�[0m creating Hazelcast client using address &#39;localhost:8302&#39; �[38;5;243m02/24/23 09:51:49.078�[0m&#xA;[AfterEach] Hazelcast MultiMap Config&#xA;  /home/runner/work/hazelcast-platform-operator/hazelcast-platform-operator/test/e2e/hazelcast_multimap_test.go:36&#xA;Aftereach start time is 2023-02-24 09:51:49.341105587 +0000 UTC m=+476.580100622&#xA;Aftereach end time is 2023-02-24 09:51:52.622934276 +0000 UTC m=+479.861929411&#xA;</system-err>
          </testcase>
          <testcase name="[It] Hazelcast Hazelcast cluster name should create a Hazelcast cluster with Cluster name: development [hz, fast]" classname="Operator Suite OS" status="passed" time="42.933894964">
              <system-out>&#xA;Report Entries:&#xA;By Step&#xA;/home/runner/work/hazelcast-platform-operator/hazelcast-platform-operator/test/e2e/hazelcast_test.go:31&#xA;2023-02-24T09:51:52.623502879Z&#xA;&amp;{Text:checking hazelcast-platform-controller-manager running Duration:13.981356ms}&#xA;--&#xA;By Step&#xA;/home/runner/work/hazelcast-platform-operator/hazelcast-platform-operator/test/e2e/custom_resource_test.go:55&#xA;2023-02-24T09:51:52.637502235Z&#xA;&amp;{Text:setting the label and CR with name &#39;h-2-vrhwo4&#39; Duration:0s}&#xA;--&#xA;CR_ID:h-2-vrhwo4&#xA;/home/runner/work/hazelcast-platform-operator/hazelcast-platform-operator/test/e2e/custom_resource_test.go:73&#xA;2023-02-24T09:51:52.637576436Z&#xA;--&#xA;By Step&#xA;/home/runner/work/hazelcast-platform-operator/hazelcast-platform-operator/test/e2e/helpers_test.go:106&#xA;2023-02-24T09:51:52.637578536Z&#xA;&amp;{Text:creating Hazelcast CR Duration:19.87948ms}&#xA;--&#xA;By Step&#xA;/home/runner/work/hazelcast-platform-operator/hazelcast-platform-operator/test/e2e/helpers_test.go:111&#xA;2023-02-24T09:51:52.657458416Z&#xA;&amp;{Text:checking Hazelcast CR running Duration:41.016720247s}&#xA;</system-out>
              <system-err>[BeforeEach] Hazelcast&#xA;  /home/runner/work/hazelcast-platform-operator/hazelcast-platform-operator/test/e2e/hazelcast_test.go:24&#xA;�[1mSTEP:�[0m checking hazelcast-platform-controller-manager running �[38;5;243m02/24/23 09:51:52.623�[0m&#xA;[It] should create a Hazelcast cluster with Cluster name: development&#xA;  /home/runner/work/hazelcast-platform-operator/hazelcast-platform-operator/test/e2e/hazelcast_test.go:59&#xA;�[1mSTEP:�[0m setting the label and CR with name &#39;h-2-vrhwo4&#39; �[38;5;243m02/24/23 09:51:52.637�[0m&#xA;�[1mSTEP:�[0m creating Hazelcast CR �[38;5;243m02/24/23 09:51:52.637�[0m&#xA;�[1mSTEP:�[0m checking Hazelcast CR running �[38;5;243m02/24/23 09:51:52.657�[0m&#xA;[AfterEach] Hazelcast&#xA;  /home/runner/work/hazelcast-platform-operator/hazelcast-platform-operator/test/e2e/hazelcast_test.go:39&#xA;Aftereach start time is 2023-02-24 09:52:33.706072594 +0000 UTC m=+520.945067629&#xA;Aftereach end time is 2023-02-24 09:52:35.557365642 +0000 UTC m=+522.796360677&#xA;</system-err>
          </testcase>
          <testcase name="[It] Hazelcast Hazelcast member status should have correct pod name [hz, fast]" classname="Operator Suite OS" status="passed" time="43.254155078">
              <system-out>&#xA;Report Entries:&#xA;By Step&#xA;/home/runner/work/hazelcast-platform-operator/hazelcast-platform-operator/test/e2e/hazelcast_test.go:31&#xA;2023-02-24T09:52:35.558313846Z&#xA;&amp;{Text:checking hazelcast-platform-controller-manager running Duration:12.414051ms}&#xA;--&#xA;By Step&#xA;/home/runner/work/hazelcast-platform-operator/hazelcast-platform-operator/test/e2e/custom_resource_test.go:55&#xA;2023-02-24T09:52:35.570745697Z&#xA;&amp;{Text:setting the label and CR with name &#39;h-5-9rzcov&#39; Duration:0s}&#xA;--&#xA;CR_ID:h-5-9rzcov&#xA;/home/runner/work/hazelcast-platform-operator/hazelcast-platform-operator/test/e2e/custom_resource_test.go:73&#xA;2023-02-24T09:52:35.570832197Z&#xA;--&#xA;By Step&#xA;/home/runner/work/hazelcast-platform-operator/hazelcast-platform-operator/test/e2e/helpers_test.go:106&#xA;2023-02-24T09:52:35.570834497Z&#xA;&amp;{Text:creating Hazelcast CR Duration:22.954495ms}&#xA;--&#xA;By Step&#xA;/home/runner/work/hazelcast-platform-operator/hazelcast-platform-operator/test/e2e/helpers_test.go:111&#xA;2023-02-24T09:52:35.593789492Z&#xA;&amp;{Text:checking Hazelcast CR running Duration:30.894663474s}&#xA;--&#xA;By Step&#xA;/home/runner/work/hazelcast-platform-operator/hazelcast-platform-operator/test/e2e/helpers_test.go:394&#xA;2023-02-24T09:53:06.488456066Z&#xA;&amp;{Text:evaluate number of ready members for lookup name &#39;h-5-9rzcov&#39; and &#39;test-operator-os&#39; namespace Duration:10.041183821s}&#xA;--&#xA;By Step&#xA;/home/runner/work/hazelcast-platform-operator/hazelcast-platform-operator/test/e2e/hazelcast_test.go:113&#xA;2023-02-24T09:53:16.547539458Z&#xA;&amp;{Text:checking hazelcast members pod name Duration:0s}&#xA;</system-out>
              <system-err>[BeforeEach] Hazelcast&#xA;  /home/runner/work/hazelcast-platform-operator/hazelcast-platform-operator/test/e2e/hazelcast_test.go:24&#xA;�[1mSTEP:�[0m checking hazelcast-platform-controller-manager running �[38;5;243m02/24/23 09:52:35.558�[0m&#xA;[It] should have correct pod name&#xA;  /home/runner/work/hazelcast-platform-operator/hazelcast-platform-operator/test/e2e/hazelcast_test.go:104&#xA;�[1mSTEP:�[0m setting the label and CR with name &#39;h-5-9rzcov&#39; �[38;5;243m02/24/23 09:52:35.57�[0m&#xA;�[1mSTEP:�[0m creating Hazelcast CR �[38;5;243m02/24/23 09:52:35.57�[0m&#xA;�[1mSTEP:�[0m checking Hazelcast CR running �[38;5;243m02/24/23 09:52:35.593�[0m&#xA;�[1mSTEP:�[0m evaluate number of ready members for lookup name &#39;h-5-9rzcov&#39; and &#39;test-operator-os&#39; namespace �[38;5;243m02/24/23 09:53:06.488�[0m&#xA;�[1mSTEP:�[0m checking hazelcast members pod name �[38;5;243m02/24/23 09:53:16.547�[0m&#xA;[AfterEach] Hazelcast&#xA;  /home/runner/work/hazelcast-platform-operator/hazelcast-platform-operator/test/e2e/hazelcast_test.go:39&#xA;Aftereach start time is 2023-02-24 09:53:16.582926296 +0000 UTC m=+563.821921331&#xA;Aftereach end time is 2023-02-24 09:53:18.812424024 +0000 UTC m=+566.051419059&#xA;</system-err>
          </testcase>
          <testcase name="[AfterSuite]" classname="Operator Suite OS" status="passed" time="0.000362101">
              <system-out>&#xA;Report Entries:&#xA;By Step&#xA;/home/runner/work/hazelcast-platform-operator/hazelcast-platform-operator/test/e2e/e2e_suite_test.go:57&#xA;2023-02-24T09:53:18.813310928Z&#xA;&amp;{Text:tearing down the test environment Duration:0s}&#xA;</system-out>
              <system-err>[AfterSuite] TOP-LEVEL&#xA;  /home/runner/work/hazelcast-platform-operator/hazelcast-platform-operator/test/e2e/e2e_suite_test.go:56&#xA;�[1mSTEP:�[0m tearing down the test environment �[38;5;243m02/24/23 09:53:18.813�[0m&#xA;</system-err>
          </testcase>
          <testcase name="[SynchronizedBeforeSuite]" classname="Operator Suite OS" status="passed" time="3.140857262">
              <system-out>&#xA;Report Entries:&#xA;By Step&#xA;/home/runner/work/hazelcast-platform-operator/hazelcast-platform-operator/test/e2e/e2e_suite_test.go:65&#xA;2023-02-24T09:44:38.701852346Z&#xA;&amp;{Text:bootstrapping test environment Duration:0s}&#xA;</system-out>
              <system-err>[SynchronizedBeforeSuite] TOP-LEVEL&#xA;  /home/runner/work/hazelcast-platform-operator/hazelcast-platform-operator/test/e2e/e2e_suite_test.go:40&#xA;�[1mSTEP:�[0m bootstrapping test environment �[38;5;243m02/24/23 09:44:38.701�[0m&#xA;</system-err>
          </testcase>
          <testcase name="[It] Hazelcast Cache Config with Persistence should fail when persistence of Cache CR and Hazelcast CR do not match [cache_persistence, fast]" classname="Operator Suite OS" status="passed" time="71.996249414">
              <system-out>&#xA;Report Entries:&#xA;By Step&#xA;/home/runner/work/hazelcast-platform-operator/hazelcast-platform-operator/test/e2e/hazelcast_cache_persistence_test.go:33&#xA;2023-02-24T09:44:39.981117247Z&#xA;&amp;{Text:checking hazelcast-platform-controller-manager running Duration:12.76199ms}&#xA;--&#xA;By Step&#xA;/home/runner/work/hazelcast-platform-operator/hazelcast-platform-operator/test/e2e/custom_resource_test.go:55&#xA;2023-02-24T09:44:39.993890337Z&#xA;&amp;{Text:setting the label and CR with name &#39;hchp-1-zhnuir&#39; Duration:0s}&#xA;--&#xA;CR_ID:hchp-1-zhnuir&#xA;/home/runner/work/hazelcast-platform-operator/hazelcast-platform-operator/test/e2e/custom_resource_test.go:73&#xA;2023-02-24T09:44:39.993955837Z&#xA;--&#xA;By Step&#xA;/home/runner/work/hazelcast-platform-operator/hazelcast-platform-operator/test/e2e/helpers_test.go:106&#xA;2023-02-24T09:44:39.993966537Z&#xA;&amp;{Text:creating Hazelcast CR Duration:21.009748ms}&#xA;--&#xA;By Step&#xA;/home/runner/work/hazelcast-platform-operator/hazelcast-platform-operator/test/e2e/helpers_test.go:111&#xA;2023-02-24T09:44:40.014976885Z&#xA;&amp;{Text:checking Hazelcast CR running Duration:1m5.193021896s}&#xA;--&#xA;By Step&#xA;/home/runner/work/hazelcast-platform-operator/hazelcast-platform-operator/test/e2e/helpers_test.go:738&#xA;2023-02-24T09:45:45.240095311Z&#xA;&amp;{Text:waiting for  CR status Duration:121.16147ms}&#xA;</system-out>
              <system-err>[BeforeEach] Hazelcast Cache Config with Persistence&#xA;  /home/runner/work/hazelcast-platform-operator/hazelcast-platform-operator/test/e2e/hazelcast_cache_persistence_test.go:26&#xA;�[1mSTEP:�[0m checking hazelcast-platform-controller-manager running �[38;5;243m02/24/23 09:44:39.981�[0m&#xA;test-operator-os/hp-os-4261116783-hazelcast-platform-operator&#xA;[It] should fail when persistence of Cache CR and Hazelcast CR do not match&#xA;  /home/runner/work/hazelcast-platform-operator/hazelcast-platform-operator/test/e2e/hazelcast_cache_persistence_test.go:55&#xA;�[1mSTEP:�[0m setting the label and CR with name &#39;hchp-1-zhnuir&#39; �[38;5;243m02/24/23 09:44:39.993�[0m&#xA;�[1mSTEP:�[0m creating Hazelcast CR �[38;5;243m02/24/23 09:44:39.993�[0m&#xA;�[1mSTEP:�[0m checking Hazelcast CR running �[38;5;243m02/24/23 09:44:40.014�[0m&#xA;�[1mSTEP:�[0m waiting for  CR status �[38;5;243m02/24/23 09:45:45.24�[0m&#xA;[AfterEach] Hazelcast Cache Config with Persistence&#xA;  /home/runner/work/hazelcast-platform-operator/hazelcast-platform-operator/test/e2e/hazelcast_cache_persistence_test.go:42&#xA;Aftereach start time is 2023-02-24 09:45:45.361282181 +0000 UTC m=+112.594673666&#xA;Aftereach end time is 2023-02-24 09:45:51.977336161 +0000 UTC m=+119.210727646&#xA;</system-err>
          </testcase>
          <testcase name="[It] Hazelcast Cache Config with Persistence should keep the entries after a Hot Backup [cache_persistence, slow]" classname="Operator Suite OS" status="skipped" time="0.012567779">
              <skipped message="skipped - This test will only run in EE configuration"></skipped>
              <system-out>&#xA;Report Entries:&#xA;By Step&#xA;/home/runner/work/hazelcast-platform-operator/hazelcast-platform-operator/test/e2e/hazelcast_cache_persistence_test.go:33&#xA;2023-02-24T09:45:51.978335667Z&#xA;&amp;{Text:checking hazelcast-platform-controller-manager running Duration:12.391078ms}&#xA;</system-out>
              <system-err>[BeforeEach] Hazelcast Cache Config with Persistence&#xA;  /home/runner/work/hazelcast-platform-operator/hazelcast-platform-operator/test/e2e/hazelcast_cache_persistence_test.go:26&#xA;�[1mSTEP:�[0m checking hazelcast-platform-controller-manager running �[38;5;243m02/24/23 09:45:51.978�[0m&#xA;test-operator-os/hp-os-4261116783-hazelcast-platform-operator&#xA;[It] should keep the entries after a Hot Backup&#xA;  /home/runner/work/hazelcast-platform-operator/hazelcast-platform-operator/test/e2e/hazelcast_cache_persistence_test.go:68&#xA;[AfterEach] Hazelcast Cache Config with Persistence&#xA;  /home/runner/work/hazelcast-platform-operator/hazelcast-platform-operator/test/e2e/hazelcast_cache_persistence_test.go:42&#xA;Aftereach start time is 2023-02-24 09:45:51.990853346 +0000 UTC m=+119.224244831&#xA;</system-err>
          </testcase>
          <testcase name="[It] Hazelcast Cache Config with Persistence should persist the cache successfully created configs into the configmap [cache_persistence, fast]" classname="Operator Suite OS" status="skipped" time="0.030235689">
              <skipped message="skipped - This test will only run in EE configuration"></skipped>
              <system-out>&#xA;Report Entries:&#xA;By Step&#xA;/home/runner/work/hazelcast-platform-operator/hazelcast-platform-operator/test/e2e/hazelcast_cache_persistence_test.go:33&#xA;2023-02-24T09:45:51.991366649Z&#xA;&amp;{Text:checking hazelcast-platform-controller-manager running Duration:30.087488ms}&#xA;</system-out>
              <system-err>[BeforeEach] Hazelcast Cache Config with Persistence&#xA;  /home/runner/work/hazelcast-platform-operator/hazelcast-platform-operator/test/e2e/hazelcast_cache_persistence_test.go:26&#xA;�[1mSTEP:�[0m checking hazelcast-platform-controller-manager running �[38;5;243m02/24/23 09:45:51.991�[0m&#xA;test-operator-os/hp-os-4261116783-hazelcast-platform-operator&#xA;[It] should persist the cache successfully created configs into the configmap&#xA;  /home/runner/work/hazelcast-platform-operator/hazelcast-platform-operator/test/e2e/hazelcast_cache_persistence_test.go:114&#xA;[AfterEach] Hazelcast Cache Config with Persistence&#xA;  /home/runner/work/hazelcast-platform-operator/hazelcast-platform-operator/test/e2e/hazelcast_cache_persistence_test.go:42&#xA;Aftereach start time is 2023-02-24 09:45:52.021578838 +0000 UTC m=+119.254970323&#xA;</system-err>
          </testcase>
          <testcase name="[It] Hazelcast Cache Config with Persistence should continue persisting last applied Cache Config in case of failure [cache_persistence, fast]" classname="Operator Suite OS" status="passed" time="67.53590633499999">
              <system-out>&#xA;Report Entries:&#xA;By Step&#xA;/home/runner/work/hazelcast-platform-operator/hazelcast-platform-operator/test/e2e/hazelcast_cache_persistence_test.go:33&#xA;2023-02-24T09:45:52.02194024Z&#xA;&amp;{Text:checking hazelcast-platform-controller-manager running Duration:11.15437ms}&#xA;--&#xA;By Step&#xA;/home/runner/work/hazelcast-platform-operator/hazelcast-platform-operator/test/e2e/custom_resource_test.go:55&#xA;2023-02-24T09:45:52.03311251Z&#xA;&amp;{Text:setting the label and CR with name &#39;hchp-4-xwypkr&#39; Duration:0s}&#xA;--&#xA;CR_ID:hchp-4-xwypkr&#xA;/home/runner/work/hazelcast-platform-operator/hazelcast-platform-operator/test/e2e/custom_resource_test.go:73&#xA;2023-02-24T09:45:52.033177611Z&#xA;--&#xA;By Step&#xA;/home/runner/work/hazelcast-platform-operator/hazelcast-platform-operator/test/e2e/helpers_test.go:106&#xA;2023-02-24T09:45:52.033180111Z&#xA;&amp;{Text:creating Hazelcast CR Duration:31.578498ms}&#xA;--&#xA;By Step&#xA;/home/runner/work/hazelcast-platform-operator/hazelcast-platform-operator/test/e2e/helpers_test.go:111&#xA;2023-02-24T09:45:52.064759409Z&#xA;&amp;{Text:checking Hazelcast CR running Duration:52.495630185s}&#xA;--&#xA;By Step&#xA;/home/runner/work/hazelcast-platform-operator/hazelcast-platform-operator/test/e2e/helpers_test.go:738&#xA;2023-02-24T09:46:44.575426291Z&#xA;&amp;{Text:waiting for  CR status Duration:8.002312799s}&#xA;--&#xA;By Step&#xA;/home/runner/work/hazelcast-platform-operator/hazelcast-platform-operator/test/e2e/hazelcast_cache_persistence_test.go:162&#xA;2023-02-24T09:46:52.57773989Z&#xA;&amp;{Text:checking if the cache config is persisted Duration:0s}&#xA;--&#xA;By Step&#xA;/home/runner/work/hazelcast-platform-operator/hazelcast-platform-operator/test/e2e/hazelcast_cache_persistence_test.go:166&#xA;2023-02-24T09:46:52.589806465Z&#xA;&amp;{Text:failing to update the cache config Duration:0s}&#xA;--&#xA;By Step&#xA;/home/runner/work/hazelcast-platform-operator/hazelcast-platform-operator/test/e2e/helpers_test.go:738&#xA;2023-02-24T09:46:52.607906079Z&#xA;&amp;{Text:waiting for  CR status Duration:16.453303ms}&#xA;--&#xA;By Step&#xA;/home/runner/work/hazelcast-platform-operator/hazelcast-platform-operator/test/e2e/hazelcast_cache_persistence_test.go:171&#xA;2023-02-24T09:46:52.624359782Z&#xA;&amp;{Text:checking if the same cache config is still there Duration:0s}&#xA;</system-out>
              <system-err>[BeforeEach] Hazelcast Cache Config with Persistence&#xA;  /home/runner/work/hazelcast-platform-operator/hazelcast-platform-operator/test/e2e/hazelcast_cache_persistence_test.go:26&#xA;�[1mSTEP:�[0m checking hazelcast-platform-controller-manager running �[38;5;243m02/24/23 09:45:52.021�[0m&#xA;test-operator-os/hp-os-4261116783-hazelcast-platform-operator&#xA;[It] should continue persisting last applied Cache Config in case of failure&#xA;  /home/runner/work/hazelcast-platform-operator/hazelcast-platform-operator/test/e2e/hazelcast_cache_persistence_test.go:153&#xA;�[1mSTEP:�[0m setting the label and CR with name &#39;hchp-4-xwypkr&#39; �[38;5;243m02/24/23 09:45:52.033�[0m&#xA;�[1mSTEP:�[0m creating Hazelcast CR �[38;5;243m02/24/23 09:45:52.033�[0m&#xA;�[1mSTEP:�[0m checking Hazelcast CR running �[38;5;243m02/24/23 09:45:52.064�[0m&#xA;�[1mSTEP:�[0m waiting for  CR status �[38;5;243m02/24/23 09:46:44.575�[0m&#xA;�[1mSTEP:�[0m checking if the cache config is persisted �[38;5;243m02/24/23 09:46:52.577�[0m&#xA;�[1mSTEP:�[0m failing to update the cache config �[38;5;243m02/24/23 09:46:52.589�[0m&#xA;�[1mSTEP:�[0m waiting for  CR status �[38;5;243m02/24/23 09:46:52.607�[0m&#xA;�[1mSTEP:�[0m checking if the same cache config is still there �[38;5;243m02/24/23 09:46:52.624�[0m&#xA;[AfterEach] Hazelcast Cache Config with Persistence&#xA;  /home/runner/work/hazelcast-platform-operator/hazelcast-platform-operator/test/e2e/hazelcast_cache_persistence_test.go:42&#xA;Aftereach start time is 2023-02-24 09:46:57.635687644 +0000 UTC m=+184.869079129&#xA;Aftereach end time is 2023-02-24 09:46:59.557814675 +0000 UTC m=+186.791206260&#xA;</system-err>
          </testcase>
          <testcase name="[It] Hazelcast Map Config with Persistence should fail when persistence of Map CR and Hazelcast CR do not match [map_persistence, fast]" classname="Operator Suite OS" status="passed" time="23.089634123">
              <system-out>&#xA;Report Entries:&#xA;By Step&#xA;/home/runner/work/hazelcast-platform-operator/hazelcast-platform-operator/test/e2e/hazelcast_map_persistence_test.go:30&#xA;2023-02-24T09:46:59.558378378Z&#xA;&amp;{Text:checking hazelcast-platform-controller-manager running Duration:9.935261ms}&#xA;--&#xA;By Step&#xA;/home/runner/work/hazelcast-platform-operator/hazelcast-platform-operator/test/e2e/custom_resource_test.go:55&#xA;2023-02-24T09:46:59.568326439Z&#xA;&amp;{Text:setting the label and CR with name &#39;hmp-1-x2nr3r&#39; Duration:0s}&#xA;--&#xA;CR_ID:hmp-1-x2nr3r&#xA;/home/runner/work/hazelcast-platform-operator/hazelcast-platform-operator/test/e2e/custom_resource_test.go:73&#xA;2023-02-24T09:46:59.56840154Z&#xA;--&#xA;By Step&#xA;/home/runner/work/hazelcast-platform-operator/hazelcast-platform-operator/test/e2e/helpers_test.go:106&#xA;2023-02-24T09:46:59.56840424Z&#xA;&amp;{Text:creating Hazelcast CR Duration:25.380456ms}&#xA;--&#xA;By Step&#xA;/home/runner/work/hazelcast-platform-operator/hazelcast-platform-operator/test/e2e/helpers_test.go:111&#xA;2023-02-24T09:46:59.593785196Z&#xA;&amp;{Text:checking Hazelcast CR running Duration:21.065523059s}&#xA;--&#xA;By Step&#xA;/home/runner/work/hazelcast-platform-operator/hazelcast-platform-operator/test/e2e/helpers_test.go:424&#xA;2023-02-24T09:47:20.677521438Z&#xA;&amp;{Text:waiting for Map CR status Duration:124.932166ms}&#xA;</system-out>
              <system-err>[BeforeEach] Hazelcast Map Config with Persistence&#xA;  /home/runner/work/hazelcast-platform-operator/hazelcast-platform-operator/test/e2e/hazelcast_map_persistence_test.go:23&#xA;�[1mSTEP:�[0m checking hazelcast-platform-controller-manager running �[38;5;243m02/24/23 09:46:59.558�[0m&#xA;test-operator-os/hp-os-4261116783-hazelcast-platform-operator&#xA;[It] should fail when persistence of Map CR and Hazelcast CR do not match&#xA;  /home/runner/work/hazelcast-platform-operator/hazelcast-platform-operator/test/e2e/hazelcast_map_persistence_test.go:52&#xA;�[1mSTEP:�[0m setting the label and CR with name &#39;hmp-1-x2nr3r&#39; �[38;5;243m02/24/23 09:46:59.568�[0m&#xA;�[1mSTEP:�[0m creating Hazelcast CR �[38;5;243m02/24/23 09:46:59.568�[0m&#xA;�[1mSTEP:�[0m checking Hazelcast CR running �[38;5;243m02/24/23 09:46:59.593�[0m&#xA;�[1mSTEP:�[0m waiting for Map CR status �[38;5;243m02/24/23 09:47:20.677�[0m&#xA;[AfterEach] Hazelcast Map Config with Persistence&#xA;  /home/runner/work/hazelcast-platform-operator/hazelcast-platform-operator/test/e2e/hazelcast_map_persistence_test.go:39&#xA;Aftereach start time is 2023-02-24 09:47:20.802481104 +0000 UTC m=+208.035872589&#xA;Aftereach end time is 2023-02-24 09:47:22.647981401 +0000 UTC m=+209.881372886&#xA;</system-err>
          </testcase>
          <testcase name="[It] Hazelcast Map Config with Persistence should keep the entries after a Hot Backup [map_persistence, slow]" classname="Operator Suite OS" status="skipped" time="0.011044866">
              <skipped message="skipped - This test will only run in EE configuration"></skipped>
              <system-out>&#xA;Report Entries:&#xA;By Step&#xA;/home/runner/work/hazelcast-platform-operator/hazelcast-platform-operator/test/e2e/hazelcast_map_persistence_test.go:30&#xA;2023-02-24T09:47:22.648870706Z&#xA;&amp;{Text:checking hazelcast-platform-controller-manager running Duration:10.880865ms}&#xA;</system-out>
              <system-err>[BeforeEach] Hazelcast Map Config with Persistence&#xA;  /home/runner/work/hazelcast-platform-operator/hazelcast-platform-operator/test/e2e/hazelcast_map_persistence_test.go:23&#xA;�[1mSTEP:�[0m checking hazelcast-platform-controller-manager running �[38;5;243m02/24/23 09:47:22.648�[0m&#xA;test-operator-os/hp-os-4261116783-hazelcast-platform-operator&#xA;[It] should keep the entries after a Hot Backup&#xA;  /home/runner/work/hazelcast-platform-operator/hazelcast-platform-operator/test/e2e/hazelcast_map_persistence_test.go:64&#xA;[AfterEach] Hazelcast Map Config with Persistence&#xA;  /home/runner/work/hazelcast-platform-operator/hazelcast-platform-operator/test/e2e/hazelcast_map_persistence_test.go:39&#xA;Aftereach start time is 2023-02-24 09:47:22.659879272 +0000 UTC m=+209.893270857&#xA;</system-err>
          </testcase>
          <testcase name="[It] Hazelcast Map Config with Persistence should persist the map successfully created configs into the configmap [map_persistence, fast]" classname="Operator Suite OS" status="skipped" time="0.010303162">
              <skipped message="skipped - This test will only run in EE configuration"></skipped>
              <system-out>&#xA;Report Entries:&#xA;By Step&#xA;/home/runner/work/hazelcast-platform-operator/hazelcast-platform-operator/test/e2e/hazelcast_map_persistence_test.go:30&#xA;2023-02-24T09:47:22.660308775Z&#xA;&amp;{Text:checking hazelcast-platform-controller-manager running Duration:10.175461ms}&#xA;</system-out>
              <system-err>[BeforeEach] Hazelcast Map Config with Persistence&#xA;  /home/runner/work/hazelcast-platform-operator/hazelcast-platform-operator/test/e2e/hazelcast_map_persistence_test.go:23&#xA;�[1mSTEP:�[0m checking hazelcast-platform-controller-manager running �[38;5;243m02/24/23 09:47:22.66�[0m&#xA;test-operator-os/hp-os-4261116783-hazelcast-platform-operator&#xA;[It] should persist the map successfully created configs into the configmap&#xA;  /home/runner/work/hazelcast-platform-operator/hazelcast-platform-operator/test/e2e/hazelcast_map_persistence_test.go:108&#xA;[AfterEach] Hazelcast Map Config with Persistence&#xA;  /home/runner/work/hazelcast-platform-operator/hazelcast-platform-operator/test/e2e/hazelcast_map_persistence_test.go:39&#xA;Aftereach start time is 2023-02-24 09:47:22.670589537 +0000 UTC m=+209.903981022&#xA;</system-err>
          </testcase>
          <testcase name="[It] Hazelcast Map Config with Persistence should persist Map Config with Indexes [map_persistence, fast]" classname="Operator Suite OS" status="passed" time="33.272744156">
              <system-out>&#xA;Report Entries:&#xA;By Step&#xA;/home/runner/work/hazelcast-platform-operator/hazelcast-platform-operator/test/e2e/hazelcast_map_persistence_test.go:30&#xA;2023-02-24T09:47:22.670969739Z&#xA;&amp;{Text:checking hazelcast-platform-controller-manager running Duration:10.468463ms}&#xA;--&#xA;By Step&#xA;/home/runner/work/hazelcast-platform-operator/hazelcast-platform-operator/test/e2e/custom_resource_test.go:55&#xA;2023-02-24T09:47:22.681455002Z&#xA;&amp;{Text:setting the label and CR with name &#39;hmp-4-nczpaj&#39; Duration:0s}&#xA;--&#xA;CR_ID:hmp-4-nczpaj&#xA;/home/runner/work/hazelcast-platform-operator/hazelcast-platform-operator/test/e2e/custom_resource_test.go:73&#xA;2023-02-24T09:47:22.681521502Z&#xA;--&#xA;By Step&#xA;/home/runner/work/hazelcast-platform-operator/hazelcast-platform-operator/test/e2e/helpers_test.go:106&#xA;2023-02-24T09:47:22.681524302Z&#xA;&amp;{Text:creating Hazelcast CR Duration:17.506405ms}&#xA;--&#xA;By Step&#xA;/home/runner/work/hazelcast-platform-operator/hazelcast-platform-operator/test/e2e/helpers_test.go:111&#xA;2023-02-24T09:47:22.699031207Z&#xA;&amp;{Text:checking Hazelcast CR running Duration:30.905916847s}&#xA;--&#xA;By Step&#xA;/home/runner/work/hazelcast-platform-operator/hazelcast-platform-operator/test/e2e/helpers_test.go:424&#xA;2023-02-24T09:47:53.623168041Z&#xA;&amp;{Text:waiting for Map CR status Duration:588.217578ms}&#xA;--&#xA;By Step&#xA;/home/runner/work/hazelcast-platform-operator/hazelcast-platform-operator/test/e2e/hazelcast_map_persistence_test.go:173&#xA;2023-02-24T09:47:54.211386419Z&#xA;&amp;{Text:checking if the map is in the configmap Duration:0s}&#xA;--&#xA;By Step&#xA;/home/runner/work/hazelcast-platform-operator/hazelcast-platform-operator/test/e2e/hazelcast_map_persistence_test.go:176&#xA;2023-02-24T09:47:54.220820864Z&#xA;&amp;{Text:checking if the indexes are persisted Duration:0s}&#xA;</system-out>
              <system-err>[BeforeEach] Hazelcast Map Config with Persistence&#xA;  /home/runner/work/hazelcast-platform-operator/hazelcast-platform-operator/test/e2e/hazelcast_map_persistence_test.go:23&#xA;�[1mSTEP:�[0m checking hazelcast-platform-controller-manager running �[38;5;243m02/24/23 09:47:22.67�[0m&#xA;test-operator-os/hp-os-4261116783-hazelcast-platform-operator&#xA;[It] should persist Map Config with Indexes&#xA;  /home/runner/work/hazelcast-platform-operator/hazelcast-platform-operator/test/e2e/hazelcast_map_persistence_test.go:153&#xA;�[1mSTEP:�[0m setting the label and CR with name &#39;hmp-4-nczpaj&#39; �[38;5;243m02/24/23 09:47:22.681�[0m&#xA;�[1mSTEP:�[0m creating Hazelcast CR �[38;5;243m02/24/23 09:47:22.681�[0m&#xA;�[1mSTEP:�[0m checking Hazelcast CR running �[38;5;243m02/24/23 09:47:22.699�[0m&#xA;�[1mSTEP:�[0m waiting for Map CR status �[38;5;243m02/24/23 09:47:53.623�[0m&#xA;�[1mSTEP:�[0m checking if the map is in the configmap �[38;5;243m02/24/23 09:47:54.211�[0m&#xA;�[1mSTEP:�[0m checking if the indexes are persisted �[38;5;243m02/24/23 09:47:54.22�[0m&#xA;[AfterEach] Hazelcast Map Config with Persistence&#xA;  /home/runner/work/hazelcast-platform-operator/hazelcast-platform-operator/test/e2e/hazelcast_map_persistence_test.go:39&#xA;Aftereach start time is 2023-02-24 09:47:54.220904264 +0000 UTC m=+241.454295749&#xA;Aftereach end time is 2023-02-24 09:47:55.943686294 +0000 UTC m=+243.177077879&#xA;</system-err>
          </testcase>
          <testcase name="[It] Hazelcast Queue Config should fail to update Queue Config [queue, fast]" classname="Operator Suite OS" status="passed" time="34.075035471">
              <system-out>&#xA;Report Entries:&#xA;By Step&#xA;/home/runner/work/hazelcast-platform-operator/hazelcast-platform-operator/test/e2e/hazelcast_queue_test.go:28&#xA;2023-02-24T09:47:55.944911201Z&#xA;&amp;{Text:checking hazelcast-platform-controller-manager running Duration:10.697161ms}&#xA;--&#xA;By Step&#xA;/home/runner/work/hazelcast-platform-operator/hazelcast-platform-operator/test/e2e/custom_resource_test.go:55&#xA;2023-02-24T09:47:55.955623762Z&#xA;&amp;{Text:setting the label and CR with name &#39;hq-3-4izzta&#39; Duration:0s}&#xA;--&#xA;CR_ID:hq-3-4izzta&#xA;/home/runner/work/hazelcast-platform-operator/hazelcast-platform-operator/test/e2e/custom_resource_test.go:73&#xA;2023-02-24T09:47:55.955700263Z&#xA;--&#xA;By Step&#xA;/home/runner/work/hazelcast-platform-operator/hazelcast-platform-operator/test/e2e/helpers_test.go:106&#xA;2023-02-24T09:47:55.955702263Z&#xA;&amp;{Text:creating Hazelcast CR Duration:17.365698ms}&#xA;--&#xA;By Step&#xA;/home/runner/work/hazelcast-platform-operator/hazelcast-platform-operator/test/e2e/helpers_test.go:111&#xA;2023-02-24T09:47:55.973068261Z&#xA;&amp;{Text:checking Hazelcast CR running Duration:21.217007262s}&#xA;--&#xA;By Step&#xA;/home/runner/work/hazelcast-platform-operator/hazelcast-platform-operator/test/e2e/hazelcast_queue_test.go:82&#xA;2023-02-24T09:48:17.190076523Z&#xA;&amp;{Text:creating the queue config Duration:0s}&#xA;--&#xA;By Step&#xA;/home/runner/work/hazelcast-platform-operator/hazelcast-platform-operator/test/e2e/helpers_test.go:738&#xA;2023-02-24T09:48:17.207598518Z&#xA;&amp;{Text:waiting for  CR status Duration:9.274765545s}&#xA;--&#xA;By Step&#xA;/home/runner/work/hazelcast-platform-operator/hazelcast-platform-operator/test/e2e/hazelcast_queue_test.go:95&#xA;2023-02-24T09:48:26.482365063Z&#xA;&amp;{Text:failing to update queue config Duration:0s}&#xA;--&#xA;By Step&#xA;/home/runner/work/hazelcast-platform-operator/hazelcast-platform-operator/test/e2e/helpers_test.go:738&#xA;2023-02-24T09:48:26.511864622Z&#xA;&amp;{Text:waiting for  CR status Duration:125.712275ms}&#xA;</system-out>
              <system-err>[BeforeEach] Hazelcast Queue Config&#xA;  /home/runner/work/hazelcast-platform-operator/hazelcast-platform-operator/test/e2e/hazelcast_queue_test.go:21&#xA;�[1mSTEP:�[0m checking hazelcast-platform-controller-manager running �[38;5;243m02/24/23 09:47:55.944�[0m&#xA;[It] should fail to update Queue Config&#xA;  /home/runner/work/hazelcast-platform-operator/hazelcast-platform-operator/test/e2e/hazelcast_queue_test.go:77&#xA;�[1mSTEP:�[0m setting the label and CR with name &#39;hq-3-4izzta&#39; �[38;5;243m02/24/23 09:47:55.955�[0m&#xA;�[1mSTEP:�[0m creating Hazelcast CR �[38;5;243m02/24/23 09:47:55.955�[0m&#xA;�[1mSTEP:�[0m checking Hazelcast CR running �[38;5;243m02/24/23 09:47:55.973�[0m&#xA;�[1mSTEP:�[0m creating the queue config �[38;5;243m02/24/23 09:48:17.19�[0m&#xA;�[1mSTEP:�[0m waiting for  CR status �[38;5;243m02/24/23 09:48:17.207�[0m&#xA;�[1mSTEP:�[0m failing to update queue config �[38;5;243m02/24/23 09:48:26.482�[0m&#xA;�[1mSTEP:�[0m waiting for  CR status �[38;5;243m02/24/23 09:48:26.511�[0m&#xA;[AfterEach] Hazelcast Queue Config&#xA;  /home/runner/work/hazelcast-platform-operator/hazelcast-platform-operator/test/e2e/hazelcast_queue_test.go:36&#xA;Aftereach start time is 2023-02-24 09:48:26.637598997 +0000 UTC m=+273.870990482&#xA;Aftereach end time is 2023-02-24 09:48:30.019911772 +0000 UTC m=+277.253303257&#xA;</system-err>
          </testcase>
          <testcase name="[It] Management-Center ManagementCenter CR with Route Should be able to access route [mc, fast]" classname="Operator Suite OS" status="skipped" time="0.009987454">
              <skipped message="skipped - This test will only run in OpenShift environments"></skipped>
              <system-out>&#xA;Report Entries:&#xA;By Step&#xA;/home/runner/work/hazelcast-platform-operator/hazelcast-platform-operator/test/e2e/management_center_test.go:31&#xA;2023-02-24T09:48:30.022991888Z&#xA;&amp;{Text:checking hazelcast-platform-controller-manager running Duration:9.842953ms}&#xA;</system-out>
              <system-err>[BeforeEach] Management-Center&#xA;  /home/runner/work/hazelcast-platform-operator/hazelcast-platform-operator/test/e2e/management_center_test.go:23&#xA;�[1mSTEP:�[0m checking hazelcast-platform-controller-manager running �[38;5;243m02/24/23 09:48:30.022�[0m&#xA;[It] Should be able to access route&#xA;  /home/runner/work/hazelcast-platform-operator/hazelcast-platform-operator/test/e2e/management_center_test.go:137&#xA;[AfterEach] Management-Center&#xA;  /home/runner/work/hazelcast-platform-operator/hazelcast-platform-operator/test/e2e/management_center_test.go:39&#xA;Aftereach start time is 2023-02-24 09:48:30.032947142 +0000 UTC m=+277.266338627&#xA;</system-err>
          </testcase>
          <testcase name="[It] Hazelcast Backup should successfully start after one member restart [backup_slow, slow]" classname="Operator Suite OS" status="skipped" time="0">
              <skipped message="skipped"></skipped>
          </testcase>
          <testcase name="[It] Hazelcast Backup should restore 3 GB data after planned shutdown [backup_slow, slow]" classname="Operator Suite OS" status="skipped" time="0">
              <skipped message="skipped"></skipped>
          </testcase>
          <testcase name="[It] Hazelcast Backup Should successfully restore 3 Gb data from external backup using GCP bucket [backup_slow, slow]" classname="Operator Suite OS" status="skipped" time="0">
              <skipped message="skipped"></skipped>
          </testcase>
          <testcase name="[It] Hazelcast Backup should interrupt external backup process when the hotbackup is deleted [backup_slow, slow]" classname="Operator Suite OS" status="skipped" time="0">
              <skipped message="skipped"></skipped>
          </testcase>
          <testcase name="[It] Hazelcast Backup Should successfully restore multiple times from HotBackupResourceName [backup_slow, slow]" classname="Operator Suite OS" status="skipped" time="0">
              <skipped message="skipped"></skipped>
          </testcase>
          <testcase name="[It] Hazelcast Backup should not start repartitioning after one member restart [backup_slow, slow]" classname="Operator Suite OS" status="skipped" time="0">
              <skipped message="skipped"></skipped>
          </testcase>
          <testcase name="[It] Hazelcast Backup should not start repartitioning after planned shutdown [backup_slow, slow]" classname="Operator Suite OS" status="skipped" time="0">
              <skipped message="skipped"></skipped>
          </testcase>
          <testcase name="[It] Hazelcast WAN should send 3 GB data by each cluster in active-passive mode in the different namespaces [hz_wan_slow, slow]" classname="Operator Suite OS" status="skipped" time="0">
              <skipped message="skipped"></skipped>
          </testcase>
          <testcase name="[It] Hazelcast WAN should send 6 GB data by each cluster in active-active mode in the different namespaces [hz_wan_slow, slow]" classname="Operator Suite OS" status="skipped" time="0">
              <skipped message="skipped"></skipped>
          </testcase>
          <testcase name="[It] Hazelcast Topic Config should create Topic Config [topic, fast]" classname="Operator Suite OS" status="passed" time="32.887168505">
              <system-out>&#xA;Report Entries:&#xA;By Step&#xA;/home/runner/work/hazelcast-platform-operator/hazelcast-platform-operator/test/e2e/hazelcast_topic_test.go:27&#xA;2023-02-24T09:48:30.035031153Z&#xA;&amp;{Text:checking hazelcast-platform-controller-manager running Duration:10.373456ms}&#xA;--&#xA;By Step&#xA;/home/runner/work/hazelcast-platform-operator/hazelcast-platform-operator/test/e2e/custom_resource_test.go:55&#xA;2023-02-24T09:48:30.045421909Z&#xA;&amp;{Text:setting the label and CR with name &#39;ht-1-v4q5bj&#39; Duration:0s}&#xA;--&#xA;CR_ID:ht-1-v4q5bj&#xA;/home/runner/work/hazelcast-platform-operator/hazelcast-platform-operator/test/e2e/custom_resource_test.go:73&#xA;2023-02-24T09:48:30.045487509Z&#xA;--&#xA;By Step&#xA;/home/runner/work/hazelcast-platform-operator/hazelcast-platform-operator/test/e2e/helpers_test.go:106&#xA;2023-02-24T09:48:30.045489909Z&#xA;&amp;{Text:creating Hazelcast CR Duration:20.111008ms}&#xA;--&#xA;By Step&#xA;/home/runner/work/hazelcast-platform-operator/hazelcast-platform-operator/test/e2e/helpers_test.go:111&#xA;2023-02-24T09:48:30.065601317Z&#xA;&amp;{Text:checking Hazelcast CR running Duration:20.992515857s}&#xA;--&#xA;By Step&#xA;/home/runner/work/hazelcast-platform-operator/hazelcast-platform-operator/test/e2e/helpers_test.go:738&#xA;2023-02-24T09:48:51.089942921Z&#xA;&amp;{Text:waiting for  CR status Duration:9.406549247s}&#xA;</system-out>
              <system-err>[BeforeEach] Hazelcast Topic Config&#xA;  /home/runner/work/hazelcast-platform-operator/hazelcast-platform-operator/test/e2e/hazelcast_topic_test.go:20&#xA;�[1mSTEP:�[0m checking hazelcast-platform-controller-manager running �[38;5;243m02/24/23 09:48:30.035�[0m&#xA;[It] should create Topic Config&#xA;  /home/runner/work/hazelcast-platform-operator/hazelcast-platform-operator/test/e2e/hazelcast_topic_test.go:47&#xA;�[1mSTEP:�[0m setting the label and CR with name &#39;ht-1-v4q5bj&#39; �[38;5;243m02/24/23 09:48:30.045�[0m&#xA;�[1mSTEP:�[0m creating Hazelcast CR �[38;5;243m02/24/23 09:48:30.045�[0m&#xA;�[1mSTEP:�[0m checking Hazelcast CR running �[38;5;243m02/24/23 09:48:30.065�[0m&#xA;�[1mSTEP:�[0m waiting for  CR status �[38;5;243m02/24/23 09:48:51.089�[0m&#xA;[AfterEach] Hazelcast Topic Config&#xA;  /home/runner/work/hazelcast-platform-operator/hazelcast-platform-operator/test/e2e/hazelcast_topic_test.go:35&#xA;Aftereach start time is 2023-02-24 09:49:00.496514869 +0000 UTC m=+307.729906454&#xA;Aftereach end time is 2023-02-24 09:49:02.922160058 +0000 UTC m=+310.155551643&#xA;</system-err>
          </testcase>
          <testcase name="[It] Hazelcast Topic Config should create Topic Config with correct default values [topic, fast]" classname="Operator Suite OS" status="passed" time="44.106416961">
              <system-out>&#xA;Report Entries:&#xA;By Step&#xA;/home/runner/work/hazelcast-platform-operator/hazelcast-platform-operator/test/e2e/hazelcast_topic_test.go:27&#xA;2023-02-24T09:49:02.923379764Z&#xA;&amp;{Text:checking hazelcast-platform-controller-manager running Duration:9.803548ms}&#xA;--&#xA;By Step&#xA;/home/runner/work/hazelcast-platform-operator/hazelcast-platform-operator/test/e2e/custom_resource_test.go:55&#xA;2023-02-24T09:49:02.933199812Z&#xA;&amp;{Text:setting the label and CR with name &#39;ht-2-uypjek&#39; Duration:0s}&#xA;--&#xA;CR_ID:ht-2-uypjek&#xA;/home/runner/work/hazelcast-platform-operator/hazelcast-platform-operator/test/e2e/custom_resource_test.go:73&#xA;2023-02-24T09:49:02.933306113Z&#xA;--&#xA;By Step&#xA;/home/runner/work/hazelcast-platform-operator/hazelcast-platform-operator/test/e2e/helpers_test.go:106&#xA;2023-02-24T09:49:02.933309213Z&#xA;&amp;{Text:creating Hazelcast CR Duration:16.861283ms}&#xA;--&#xA;By Step&#xA;/home/runner/work/hazelcast-platform-operator/hazelcast-platform-operator/test/e2e/helpers_test.go:111&#xA;2023-02-24T09:49:02.950170896Z&#xA;&amp;{Text:checking Hazelcast CR running Duration:30.889541038s}&#xA;--&#xA;By Step&#xA;/home/runner/work/hazelcast-platform-operator/hazelcast-platform-operator/test/e2e/hazelcast_topic_test.go:62&#xA;2023-02-24T09:49:33.839712734Z&#xA;&amp;{Text:creating the default topic config Duration:0s}&#xA;--&#xA;By Step&#xA;/home/runner/work/hazelcast-platform-operator/hazelcast-platform-operator/test/e2e/helpers_test.go:738&#xA;2023-02-24T09:49:33.859038832Z&#xA;&amp;{Text:waiting for  CR status Duration:9.582254977s}&#xA;--&#xA;By Step&#xA;/home/runner/work/hazelcast-platform-operator/hazelcast-platform-operator/test/e2e/client_port_forward_test.go:73&#xA;2023-02-24T09:49:43.441296609Z&#xA;&amp;{Text:Getting the member config with lookup name &#39;ht-2-uypjek&#39; Duration:550.574696ms}&#xA;--&#xA;By Step&#xA;/home/runner/work/hazelcast-platform-operator/hazelcast-platform-operator/test/e2e/helpers_test.go:525&#xA;2023-02-24T09:49:43.550955886Z&#xA;&amp;{Text:creating Hazelcast client using address &#39;localhost:8703&#39; Duration:42.565786ms}&#xA;</system-out>
              <system-err>[BeforeEach] Hazelcast Topic Config&#xA;  /home/runner/work/hazelcast-platform-operator/hazelcast-platform-operator/test/e2e/hazelcast_topic_test.go:20&#xA;�[1mSTEP:�[0m checking hazelcast-platform-controller-manager running �[38;5;243m02/24/23 09:49:02.923�[0m&#xA;[It] should create Topic Config with correct default values&#xA;  /home/runner/work/hazelcast-platform-operator/hazelcast-platform-operator/test/e2e/hazelcast_topic_test.go:57&#xA;�[1mSTEP:�[0m setting the label and CR with name &#39;ht-2-uypjek&#39; �[38;5;243m02/24/23 09:49:02.933�[0m&#xA;�[1mSTEP:�[0m creating Hazelcast CR �[38;5;243m02/24/23 09:49:02.933�[0m&#xA;�[1mSTEP:�[0m checking Hazelcast CR running �[38;5;243m02/24/23 09:49:02.95�[0m&#xA;�[1mSTEP:�[0m creating the default topic config �[38;5;243m02/24/23 09:49:33.839�[0m&#xA;�[1mSTEP:�[0m waiting for  CR status �[38;5;243m02/24/23 09:49:33.859�[0m&#xA;�[1mSTEP:�[0m Getting the member config with lookup name &#39;ht-2-uypjek&#39; �[38;5;243m02/24/23 09:49:43.441�[0m&#xA;�[1mSTEP:�[0m creating Hazelcast client using address &#39;localhost:8703&#39; �[38;5;243m02/24/23 09:49:43.55�[0m&#xA;[AfterEach] Hazelcast Topic Config&#xA;  /home/runner/work/hazelcast-platform-operator/hazelcast-platform-operator/test/e2e/hazelcast_topic_test.go:35&#xA;Aftereach start time is 2023-02-24 09:49:43.992536708 +0000 UTC m=+351.225928293&#xA;Aftereach end time is 2023-02-24 09:49:47.029761225 +0000 UTC m=+354.263152810&#xA;</system-err>
          </testcase>
          <testcase name="[It] Hazelcast Map Config should create Map Config with Indexes [map, fast]" classname="Operator Suite OS" status="passed" time="37.78291312">
              <system-out>&#xA;Report Entries:&#xA;By Step&#xA;/home/runner/work/hazelcast-platform-operator/hazelcast-platform-operator/test/e2e/hazelcast_map_test.go:39&#xA;2023-02-24T09:49:47.030672129Z&#xA;&amp;{Text:checking hazelcast-platform-controller-manager running Duration:13.062457ms}&#xA;--&#xA;By Step&#xA;/home/runner/work/hazelcast-platform-operator/hazelcast-platform-operator/test/e2e/custom_resource_test.go:55&#xA;2023-02-24T09:49:47.043751886Z&#xA;&amp;{Text:setting the label and CR with name &#39;hm-3-2l99k9&#39; Duration:0s}&#xA;--&#xA;CR_ID:hm-3-2l99k9&#xA;/home/runner/work/hazelcast-platform-operator/hazelcast-platform-operator/test/e2e/custom_resource_test.go:73&#xA;2023-02-24T09:49:47.043821786Z&#xA;--&#xA;By Step&#xA;/home/runner/work/hazelcast-platform-operator/hazelcast-platform-operator/test/e2e/helpers_test.go:106&#xA;2023-02-24T09:49:47.043824786Z&#xA;&amp;{Text:creating Hazelcast CR Duration:27.167718ms}&#xA;--&#xA;By Step&#xA;/home/runner/work/hazelcast-platform-operator/hazelcast-platform-operator/test/e2e/helpers_test.go:111&#xA;2023-02-24T09:49:47.070993204Z&#xA;&amp;{Text:checking Hazelcast CR running Duration:31.112218395s}&#xA;--&#xA;By Step&#xA;/home/runner/work/hazelcast-platform-operator/hazelcast-platform-operator/test/e2e/helpers_test.go:424&#xA;2023-02-24T09:50:18.204066697Z&#xA;&amp;{Text:waiting for Map CR status Duration:1.38683744s}&#xA;--&#xA;By Step&#xA;/home/runner/work/hazelcast-platform-operator/hazelcast-platform-operator/test/e2e/hazelcast_map_test.go:121&#xA;2023-02-24T09:50:19.590904837Z&#xA;&amp;{Text:port-forwarding to Hazelcast master pod Duration:0s}&#xA;--&#xA;By Step&#xA;/home/runner/work/hazelcast-platform-operator/hazelcast-platform-operator/test/e2e/helpers_test.go:525&#xA;2023-02-24T09:50:19.705538478Z&#xA;&amp;{Text:creating Hazelcast client using address &#39;localhost:8203&#39; Duration:56.141964ms}&#xA;--&#xA;By Step&#xA;/home/runner/work/hazelcast-platform-operator/hazelcast-platform-operator/test/e2e/hazelcast_map_test.go:131&#xA;2023-02-24T09:50:19.761681542Z&#xA;&amp;{Text:checking if the map config is created correctly Duration:0s}&#xA;</system-out>
              <system-err>[BeforeEach] Hazelcast Map Config&#xA;  /home/runner/work/hazelcast-platform-operator/hazelcast-platform-operator/test/e2e/hazelcast_map_test.go:32&#xA;�[1mSTEP:�[0m checking hazelcast-platform-controller-manager running �[38;5;243m02/24/23 09:49:47.03�[0m&#xA;[It] should create Map Config with Indexes&#xA;  /home/runner/work/hazelcast-platform-operator/hazelcast-platform-operator/test/e2e/hazelcast_map_test.go:94&#xA;�[1mSTEP:�[0m setting the label and CR with name &#39;hm-3-2l99k9&#39; �[38;5;243m02/24/23 09:49:47.043�[0m&#xA;�[1mSTEP:�[0m creating Hazelcast CR �[38;5;243m02/24/23 09:49:47.043�[0m&#xA;�[1mSTEP:�[0m checking Hazelcast CR running �[38;5;243m02/24/23 09:49:47.07�[0m&#xA;�[1mSTEP:�[0m waiting for Map CR status �[38;5;243m02/24/23 09:50:18.204�[0m&#xA;�[1mSTEP:�[0m port-forwarding to Hazelcast master pod �[38;5;243m02/24/23 09:50:19.59�[0m&#xA;�[1mSTEP:�[0m creating Hazelcast client using address &#39;localhost:8203&#39; �[38;5;243m02/24/23 09:50:19.705�[0m&#xA;�[1mSTEP:�[0m checking if the map config is created correctly �[38;5;243m02/24/23 09:50:19.761�[0m&#xA;[AfterEach] Hazelcast Map Config&#xA;  /home/runner/work/hazelcast-platform-operator/hazelcast-platform-operator/test/e2e/hazelcast_map_test.go:47&#xA;Aftereach start time is 2023-02-24 09:50:19.821146423 +0000 UTC m=+387.054538008&#xA;Aftereach end time is 2023-02-24 09:50:24.813546349 +0000 UTC m=+392.046937834&#xA;</system-err>
          </testcase>
          <testcase name="[It] Hazelcast CR with expose externally feature should create Hazelcast cluster exposed with NodePort services and allow connecting with Hazelcast smart client [hz_expose_externally, slow]" classname="Operator Suite OS" status="passed" time="46.641590989">
              <system-out>&#xA;Report Entries:&#xA;By Step&#xA;/home/runner/work/hazelcast-platform-operator/hazelcast-platform-operator/test/e2e/hazelcast_expose_externally_test.go:30&#xA;2023-02-24T09:50:24.814110152Z&#xA;&amp;{Text:checking hazelcast-platform-controller-manager running Duration:12.907859ms}&#xA;--&#xA;By Step&#xA;/home/runner/work/hazelcast-platform-operator/hazelcast-platform-operator/test/e2e/custom_resource_test.go:55&#xA;2023-02-24T09:50:24.827038711Z&#xA;&amp;{Text:setting the label and CR with name &#39;hee-2-t00nq2&#39; Duration:0s}&#xA;--&#xA;CR_ID:hee-2-t00nq2&#xA;/home/runner/work/hazelcast-platform-operator/hazelcast-platform-operator/test/e2e/custom_resource_test.go:73&#xA;2023-02-24T09:50:24.827133611Z&#xA;--&#xA;By Step&#xA;/home/runner/work/hazelcast-platform-operator/hazelcast-platform-operator/test/e2e/helpers_test.go:106&#xA;2023-02-24T09:50:24.827137111Z&#xA;&amp;{Text:creating Hazelcast CR Duration:22.229602ms}&#xA;--&#xA;By Step&#xA;/home/runner/work/hazelcast-platform-operator/hazelcast-platform-operator/test/e2e/helpers_test.go:111&#xA;2023-02-24T09:50:24.849367213Z&#xA;&amp;{Text:checking Hazelcast CR running Duration:33.018292016s}&#xA;--&#xA;By Step&#xA;/home/runner/work/hazelcast-platform-operator/hazelcast-platform-operator/test/e2e/helpers_test.go:394&#xA;2023-02-24T09:50:57.867662029Z&#xA;&amp;{Text:evaluate number of ready members for lookup name &#39;hee-2-t00nq2&#39; and &#39;test-operator-os&#39; namespace Duration:10.047320985s}&#xA;--&#xA;By Step&#xA;/home/runner/work/hazelcast-platform-operator/hazelcast-platform-operator/test/e2e/helpers_test.go:187&#xA;2023-02-24T09:51:07.929263775Z&#xA;&amp;{Text:starting new Hazelcast client Duration:54.661634ms}&#xA;--&#xA;By Step&#xA;/home/runner/work/hazelcast-platform-operator/hazelcast-platform-operator/test/e2e/hazelcast_expose_externally_test.go:81&#xA;2023-02-24T09:51:07.98397771Z&#xA;&amp;{Text:matching HZ members with client members and comparing their public IPs Duration:0s}&#xA;--&#xA;By Step&#xA;/home/runner/work/hazelcast-platform-operator/hazelcast-platform-operator/test/e2e/helpers_test.go:250&#xA;2023-02-24T09:51:08.07990942Z&#xA;&amp;{Text:filling the &#39;map&#39; map with &#39;100&#39; entries using &#39;hee-2-t00nq2&#39; lookup name and &#39;test-operator-os&#39; namespace Duration:3.106422812s}&#xA;--&#xA;By Step&#xA;/home/runner/work/hazelcast-platform-operator/hazelcast-platform-operator/test/e2e/helpers_test.go:187&#xA;2023-02-24T09:51:08.07996692Z&#xA;&amp;{Text:starting new Hazelcast client Duration:56.243941ms}&#xA;--&#xA;By Step&#xA;/home/runner/work/hazelcast-platform-operator/hazelcast-platform-operator/test/e2e/helpers_test.go:272&#xA;2023-02-24T09:51:11.186337132Z&#xA;&amp;{Text:waiting the &#39;map&#39; map to be of size &#39;100&#39; using lookup name &#39;hee-2-t00nq2&#39; Duration:230.72805ms}&#xA;--&#xA;By Step&#xA;/home/runner/work/hazelcast-platform-operator/hazelcast-platform-operator/test/e2e/helpers_test.go:187&#xA;2023-02-24T09:51:11.186406633Z&#xA;&amp;{Text:starting new Hazelcast client Duration:81.864236ms}&#xA;--&#xA;By Step&#xA;/home/runner/work/hazelcast-platform-operator/hazelcast-platform-operator/test/e2e/hazelcast_expose_externally_test.go:49&#xA;2023-02-24T09:51:11.417066482Z&#xA;&amp;{Text:status external addresses should not be empty Duration:0s}&#xA;</system-out>
              <system-err>[BeforeEach] Hazelcast CR with expose externally feature&#xA;  /home/runner/work/hazelcast-platform-operator/hazelcast-platform-operator/test/e2e/hazelcast_expose_externally_test.go:23&#xA;�[1mSTEP:�[0m checking hazelcast-platform-controller-manager running �[38;5;243m02/24/23 09:50:24.814�[0m&#xA;[It] should create Hazelcast cluster exposed with NodePort services and allow connecting with Hazelcast smart client&#xA;  /home/runner/work/hazelcast-platform-operator/hazelcast-platform-operator/test/e2e/hazelcast_expose_externally_test.go:70&#xA;�[1mSTEP:�[0m setting the label and CR with name &#39;hee-2-t00nq2&#39; �[38;5;243m02/24/23 09:50:24.827�[0m&#xA;�[1mSTEP:�[0m creating Hazelcast CR �[38;5;243m02/24/23 09:50:24.827�[0m&#xA;�[1mSTEP:�[0m checking Hazelcast CR running �[38;5;243m02/24/23 09:50:24.849�[0m&#xA;�[1mSTEP:�[0m evaluate number of ready members for lookup name &#39;hee-2-t00nq2&#39; and &#39;test-operator-os&#39; namespace �[38;5;243m02/24/23 09:50:57.867�[0m&#xA;�[1mSTEP:�[0m starting new Hazelcast client �[38;5;243m02/24/23 09:51:07.929�[0m&#xA;�[1mSTEP:�[0m matching HZ members with client members and comparing their public IPs �[38;5;243m02/24/23 09:51:07.983�[0m&#xA;�[1mSTEP:�[0m filling the &#39;map&#39; map with &#39;100&#39; entries using &#39;hee-2-t00nq2&#39; lookup name and &#39;test-operator-os&#39; namespace �[38;5;243m02/24/23 09:51:08.079�[0m&#xA;�[1mSTEP:�[0m starting new Hazelcast client �[38;5;243m02/24/23 09:51:08.079�[0m&#xA;�[1mSTEP:�[0m waiting the &#39;map&#39; map to be of size &#39;100&#39; using lookup name &#39;hee-2-t00nq2&#39; �[38;5;243m02/24/23 09:51:11.186�[0m&#xA;�[1mSTEP:�[0m starting new Hazelcast client �[38;5;243m02/24/23 09:51:11.186�[0m&#xA;�[1mSTEP:�[0m status external addresses should not be empty �[38;5;243m02/24/23 09:51:11.417�[0m&#xA;[AfterEach] Hazelcast CR with expose externally feature&#xA;  /home/runner/work/hazelcast-platform-operator/hazelcast-platform-operator/test/e2e/hazelcast_expose_externally_test.go:38&#xA;Aftereach start time is 2023-02-24 09:51:11.429081031 +0000 UTC m=+438.662472616&#xA;Aftereach end time is 2023-02-24 09:51:11.45567104 +0000 UTC m=+438.689062525&#xA;</system-err>
          </testcase>
          <testcase name="[It] Hazelcast MultiMap Config should fail to update MultiMap Config [multimap, fast]" classname="Operator Suite OS" status="passed" time="43.874993794">
              <system-out>&#xA;Report Entries:&#xA;By Step&#xA;/home/runner/work/hazelcast-platform-operator/hazelcast-platform-operator/test/e2e/hazelcast_multimap_test.go:28&#xA;2023-02-24T09:51:11.457018346Z&#xA;&amp;{Text:checking hazelcast-platform-controller-manager running Duration:17.12517ms}&#xA;--&#xA;By Step&#xA;/home/runner/work/hazelcast-platform-operator/hazelcast-platform-operator/test/e2e/custom_resource_test.go:55&#xA;2023-02-24T09:51:11.474160017Z&#xA;&amp;{Text:setting the label and CR with name &#39;hmm-3-fi8b8t&#39; Duration:0s}&#xA;--&#xA;CR_ID:hmm-3-fi8b8t&#xA;/home/runner/work/hazelcast-platform-operator/hazelcast-platform-operator/test/e2e/custom_resource_test.go:73&#xA;2023-02-24T09:51:11.474232017Z&#xA;--&#xA;By Step&#xA;/home/runner/work/hazelcast-platform-operator/hazelcast-platform-operator/test/e2e/helpers_test.go:106&#xA;2023-02-24T09:51:11.474234317Z&#xA;&amp;{Text:creating Hazelcast CR Duration:22.082791ms}&#xA;--&#xA;By Step&#xA;/home/runner/work/hazelcast-platform-operator/hazelcast-platform-operator/test/e2e/helpers_test.go:111&#xA;2023-02-24T09:51:11.496317408Z&#xA;&amp;{Text:checking Hazelcast CR running Duration:31.915141287s}&#xA;--&#xA;By Step&#xA;/home/runner/work/hazelcast-platform-operator/hazelcast-platform-operator/test/e2e/hazelcast_multimap_test.go:82&#xA;2023-02-24T09:51:43.411459695Z&#xA;&amp;{Text:creating the multiMap config Duration:0s}&#xA;--&#xA;By Step&#xA;/home/runner/work/hazelcast-platform-operator/hazelcast-platform-operator/test/e2e/helpers_test.go:738&#xA;2023-02-24T09:51:43.44075042Z&#xA;&amp;{Text:waiting for  CR status Duration:8.871093597s}&#xA;--&#xA;By Step&#xA;/home/runner/work/hazelcast-platform-operator/hazelcast-platform-operator/test/e2e/hazelcast_multimap_test.go:95&#xA;2023-02-24T09:51:52.311844717Z&#xA;&amp;{Text:failing to update multiMap config Duration:0s}&#xA;--&#xA;By Step&#xA;/home/runner/work/hazelcast-platform-operator/hazelcast-platform-operator/test/e2e/helpers_test.go:738&#xA;2023-02-24T09:51:52.329081687Z&#xA;&amp;{Text:waiting for  CR status Duration:123.5676ms}&#xA;</system-out>
              <system-err>[BeforeEach] Hazelcast MultiMap Config&#xA;  /home/runner/work/hazelcast-platform-operator/hazelcast-platform-operator/test/e2e/hazelcast_multimap_test.go:21&#xA;�[1mSTEP:�[0m checking hazelcast-platform-controller-manager running �[38;5;243m02/24/23 09:51:11.457�[0m&#xA;[It] should fail to update MultiMap Config&#xA;  /home/runner/work/hazelcast-platform-operator/hazelcast-platform-operator/test/e2e/hazelcast_multimap_test.go:77&#xA;�[1mSTEP:�[0m setting the label and CR with name &#39;hmm-3-fi8b8t&#39; �[38;5;243m02/24/23 09:51:11.474�[0m&#xA;�[1mSTEP:�[0m creating Hazelcast CR �[38;5;243m02/24/23 09:51:11.474�[0m&#xA;�[1mSTEP:�[0m checking Hazelcast CR running �[38;5;243m02/24/23 09:51:11.496�[0m&#xA;�[1mSTEP:�[0m creating the multiMap config �[38;5;243m02/24/23 09:51:43.411�[0m&#xA;�[1mSTEP:�[0m waiting for  CR status �[38;5;243m02/24/23 09:51:43.44�[0m&#xA;�[1mSTEP:�[0m failing to update multiMap config �[38;5;243m02/24/23 09:51:52.311�[0m&#xA;�[1mSTEP:�[0m waiting for  CR status �[38;5;243m02/24/23 09:51:52.329�[0m&#xA;[AfterEach] Hazelcast MultiMap Config&#xA;  /home/runner/work/hazelcast-platform-operator/hazelcast-platform-operator/test/e2e/hazelcast_multimap_test.go:36&#xA;Aftereach start time is 2023-02-24 09:51:52.452671887 +0000 UTC m=+479.686063472&#xA;Aftereach end time is 2023-02-24 09:51:55.33197934 +0000 UTC m=+482.565370825&#xA;</system-err>
          </testcase>
          <testcase name="[It] Hazelcast Hazelcast member status should update HZ ready members status [hz, slow]" classname="Operator Suite OS" status="passed" time="85.508920915">
              <system-out>&#xA;Report Entries:&#xA;By Step&#xA;/home/runner/work/hazelcast-platform-operator/hazelcast-platform-operator/test/e2e/hazelcast_test.go:31&#xA;2023-02-24T09:51:55.332864744Z&#xA;&amp;{Text:checking hazelcast-platform-controller-manager running Duration:12.954652ms}&#xA;--&#xA;By Step&#xA;/home/runner/work/hazelcast-platform-operator/hazelcast-platform-operator/test/e2e/custom_resource_test.go:55&#xA;2023-02-24T09:51:55.345835696Z&#xA;&amp;{Text:setting the label and CR with name &#39;h-3-5i6f3c&#39; Duration:0s}&#xA;--&#xA;CR_ID:h-3-5i6f3c&#xA;/home/runner/work/hazelcast-platform-operator/hazelcast-platform-operator/test/e2e/custom_resource_test.go:73&#xA;2023-02-24T09:51:55.345908397Z&#xA;--&#xA;By Step&#xA;/home/runner/work/hazelcast-platform-operator/hazelcast-platform-operator/test/e2e/helpers_test.go:106&#xA;2023-02-24T09:51:55.345911497Z&#xA;&amp;{Text:creating Hazelcast CR Duration:24.9219ms}&#xA;--&#xA;By Step&#xA;/home/runner/work/hazelcast-platform-operator/hazelcast-platform-operator/test/e2e/helpers_test.go:111&#xA;2023-02-24T09:51:55.370833697Z&#xA;&amp;{Text:checking Hazelcast CR running Duration:31.139877388s}&#xA;--&#xA;By Step&#xA;/home/runner/work/hazelcast-platform-operator/hazelcast-platform-operator/test/e2e/helpers_test.go:394&#xA;2023-02-24T09:52:26.510714385Z&#xA;&amp;{Text:evaluate number of ready members for lookup name &#39;h-3-5i6f3c&#39; and &#39;test-operator-os&#39; namespace Duration:10.029676417s}&#xA;--&#xA;By Step&#xA;/home/runner/work/hazelcast-platform-operator/hazelcast-platform-operator/test/e2e/hazelcast_test.go:75&#xA;2023-02-24T09:52:36.57856196Z&#xA;&amp;{Text:removing pods so that cluster gets recreated Duration:42.220632612s}&#xA;--&#xA;By Step&#xA;/home/runner/work/hazelcast-platform-operator/hazelcast-platform-operator/test/e2e/util_test.go:87&#xA;2023-02-24T09:52:36.57861746Z&#xA;&amp;{Text:deleting pods Duration:83.335145ms}&#xA;--&#xA;By Step&#xA;/home/runner/work/hazelcast-platform-operator/hazelcast-platform-operator/test/e2e/helpers_test.go:394&#xA;2023-02-24T09:52:36.661955705Z&#xA;&amp;{Text:evaluate number of ready members for lookup name &#39;h-3-5i6f3c&#39; and &#39;test-operator-os&#39; namespace Duration:42.137238467s}&#xA;</system-out>
              <system-err>[BeforeEach] Hazelcast&#xA;  /home/runner/work/hazelcast-platform-operator/hazelcast-platform-operator/test/e2e/hazelcast_test.go:24&#xA;�[1mSTEP:�[0m checking hazelcast-platform-controller-manager running �[38;5;243m02/24/23 09:51:55.332�[0m&#xA;[It] should update HZ ready members status&#xA;  /home/runner/work/hazelcast-platform-operator/hazelcast-platform-operator/test/e2e/hazelcast_test.go:68&#xA;�[1mSTEP:�[0m setting the label and CR with name &#39;h-3-5i6f3c&#39; �[38;5;243m02/24/23 09:51:55.345�[0m&#xA;�[1mSTEP:�[0m creating Hazelcast CR �[38;5;243m02/24/23 09:51:55.345�[0m&#xA;�[1mSTEP:�[0m checking Hazelcast CR running �[38;5;243m02/24/23 09:51:55.37�[0m&#xA;�[1mSTEP:�[0m evaluate number of ready members for lookup name &#39;h-3-5i6f3c&#39; and &#39;test-operator-os&#39; namespace �[38;5;243m02/24/23 09:52:26.51�[0m&#xA;�[1mSTEP:�[0m removing pods so that cluster gets recreated �[38;5;243m02/24/23 09:52:36.578�[0m&#xA;�[1mSTEP:�[0m deleting pods �[38;5;243m02/24/23 09:52:36.578�[0m&#xA;�[1mSTEP:�[0m evaluate number of ready members for lookup name &#39;h-3-5i6f3c&#39; and &#39;test-operator-os&#39; namespace �[38;5;243m02/24/23 09:52:36.661�[0m&#xA;[AfterEach] Hazelcast&#xA;  /home/runner/work/hazelcast-platform-operator/hazelcast-platform-operator/test/e2e/hazelcast_test.go:39&#xA;Aftereach start time is 2023-02-24 09:53:18.799215372 +0000 UTC m=+566.032606957&#xA;Aftereach end time is 2023-02-24 09:53:20.841752359 +0000 UTC m=+568.075143944&#xA;</system-err>
          </testcase>
          <testcase name="[AfterSuite]" classname="Operator Suite OS" status="passed" time="0.000266401">
              <system-out>&#xA;Report Entries:&#xA;By Step&#xA;/home/runner/work/hazelcast-platform-operator/hazelcast-platform-operator/test/e2e/e2e_suite_test.go:57&#xA;2023-02-24T09:53:20.842348261Z&#xA;&amp;{Text:tearing down the test environment Duration:0s}&#xA;</system-out>
              <system-err>[AfterSuite] TOP-LEVEL&#xA;  /home/runner/work/hazelcast-platform-operator/hazelcast-platform-operator/test/e2e/e2e_suite_test.go:56&#xA;�[1mSTEP:�[0m tearing down the test environment �[38;5;243m02/24/23 09:53:20.842�[0m&#xA;</system-err>
          </testcase>
      </testsuite>
  </testsuites>